DEFINITION  seqnum=1;seqlen=2520;seqhdr="k141_402539";version=Prodigal.v2.6.3;run_type=Single;model="Ab initio";gc_cont=39.31;transl_table=11;uses_sd=0
FEATURES             Location/Qualifiers
     CDS             complement(353..718)
                     /note="ID=1_1;partial=00;start_type=ATG;rbs_motif=None;rbs_spacer=None;gc_cont=0.415;conf=99.94;score=32.32;cscore=28.11;sscore=4.21;rscore=0.00;uscore=2.11;tscore=2.76;"
     CDS             complement(1018..1278)
                     /note="ID=1_2;partial=00;start_type=ATG;rbs_motif=None;rbs_spacer=None;gc_cont=0.444;conf=97.09;score=15.25;cscore=12.30;sscore=2.95;rscore=0.00;uscore=0.19;tscore=2.76;"
     CDS             complement(1364..1777)
                     /note="ID=1_3;partial=00;start_type=ATG;rbs_motif=None;rbs_spacer=None;gc_cont=0.370;conf=99.98;score=37.86;cscore=34.64;sscore=3.22;rscore=0.00;uscore=1.12;tscore=2.76;"
     CDS             2037..2495
                     /note="ID=1_4;partial=00;start_type=GTG;rbs_motif=None;rbs_spacer=None;gc_cont=0.379;conf=98.75;score=19.00;cscore=21.99;sscore=-2.99;rscore=0.00;uscore=-1.95;tscore=-1.04;"
//
DEFINITION  seqnum=2;seqlen=3238;seqhdr="k141_269052";version=Prodigal.v2.6.3;run_type=Single;model="Ab initio";gc_cont=39.31;transl_table=11;uses_sd=0
FEATURES             Location/Qualifiers
     CDS             complement(<1..237)
                     /note="ID=2_1;partial=10;start_type=ATG;rbs_motif=None;rbs_spacer=None;gc_cont=0.401;conf=91.10;score=10.12;cscore=12.08;sscore=-1.96;rscore=0.00;uscore=-4.07;tscore=2.76;"
     CDS             579..995
                     /note="ID=2_2;partial=00;start_type=ATG;rbs_motif=None;rbs_spacer=None;gc_cont=0.446;conf=99.99;score=39.82;cscore=37.90;sscore=1.92;rscore=0.00;uscore=-0.83;tscore=2.76;"
     CDS             1056..1505
                     /note="ID=2_3;partial=00;start_type=ATG;rbs_motif=None;rbs_spacer=None;gc_cont=0.369;conf=99.88;score=29.40;cscore=25.39;sscore=4.01;rscore=0.00;uscore=1.25;tscore=2.76;"
     CDS             1526..>3238
                     /note="ID=2_4;partial=01;start_type=TTG;rbs_motif=None;rbs_spacer=None;gc_cont=0.421;conf=100.00;score=150.12;cscore=154.88;sscore=-4.76;rscore=0.00;uscore=0.51;tscore=-6.32;"
//
DEFINITION  seqnum=3;seqlen=2883;seqhdr="k141_370794";version=Prodigal.v2.6.3;run_type=Single;model="Ab initio";gc_cont=39.31;transl_table=11;uses_sd=0
FEATURES             Location/Qualifiers
     CDS             complement(<1..249)
                     /note="ID=3_1;partial=10;start_type=ATG;rbs_motif=None;rbs_spacer=None;gc_cont=0.369;conf=94.07;score=12.02;cscore=13.33;sscore=-1.30;rscore=0.00;uscore=-3.41;tscore=2.76;"
     CDS             1194..2210
                     /note="ID=3_2;partial=00;start_type=ATG;rbs_motif=None;rbs_spacer=None;gc_cont=0.417;conf=100.00;score=74.26;cscore=69.55;sscore=4.71;rscore=0.00;uscore=1.96;tscore=2.76;"
     CDS             2254..2418
                     /note="ID=3_3;partial=00;start_type=ATG;rbs_motif=None;rbs_spacer=None;gc_cont=0.291;conf=55.60;score=0.98;cscore=-0.35;sscore=1.33;rscore=0.00;uscore=-0.76;tscore=1.79;"
     CDS             2476..>2883
                     /note="ID=3_4;partial=01;start_type=TTG;rbs_motif=None;rbs_spacer=None;gc_cont=0.451;conf=96.03;score=13.86;cscore=19.65;sscore=-5.79;rscore=0.00;uscore=-0.11;tscore=-6.32;"
//
DEFINITION  seqnum=4;seqlen=2766;seqhdr="k141_170657";version=Prodigal.v2.6.3;run_type=Single;model="Ab initio";gc_cont=39.31;transl_table=11;uses_sd=0
FEATURES             Location/Qualifiers
     CDS             243..545
                     /note="ID=4_1;partial=00;start_type=ATG;rbs_motif=None;rbs_spacer=None;gc_cont=0.429;conf=95.26;score=13.05;cscore=13.83;sscore=-0.78;rscore=0.00;uscore=-3.53;tscore=2.76;"
     CDS             808..1209
                     /note="ID=4_2;partial=00;start_type=TTG;rbs_motif=None;rbs_spacer=None;gc_cont=0.410;conf=99.89;score=29.54;cscore=35.53;sscore=-6.00;rscore=0.00;uscore=0.98;tscore=-6.32;"
     CDS             1300..1638
                     /note="ID=4_3;partial=00;start_type=ATG;rbs_motif=None;rbs_spacer=None;gc_cont=0.386;conf=99.93;score=31.44;cscore=30.22;sscore=1.21;rscore=0.00;uscore=-1.54;tscore=2.76;"
     CDS             2482..>2766
                     /note="ID=4_4;partial=01;start_type=GTG;rbs_motif=None;rbs_spacer=None;gc_cont=0.340;conf=99.24;score=21.21;cscore=22.87;sscore=-1.66;rscore=0.00;uscore=0.04;tscore=-1.04;"
//
DEFINITION  seqnum=5;seqlen=2566;seqhdr="k141_405519";version=Prodigal.v2.6.3;run_type=Single;model="Ab initio";gc_cont=39.31;transl_table=11;uses_sd=0
FEATURES             Location/Qualifiers
     CDS             complement(<1..225)
                     /note="ID=5_1;partial=10;start_type=ATG;rbs_motif=None;rbs_spacer=None;gc_cont=0.418;conf=95.37;score=13.16;cscore=13.27;sscore=-0.11;rscore=0.00;uscore=-2.22;tscore=2.76;"
     CDS             693..932
                     /note="ID=5_2;partial=00;start_type=ATG;rbs_motif=None;rbs_spacer=None;gc_cont=0.367;conf=91.94;score=10.59;cscore=6.13;sscore=4.45;rscore=0.00;uscore=1.84;tscore=2.61;"
     CDS             complement(1182..1646)
                     /note="ID=5_3;partial=00;start_type=ATG;rbs_motif=None;rbs_spacer=None;gc_cont=0.372;conf=99.98;score=37.12;cscore=35.37;sscore=1.75;rscore=0.00;uscore=-1.00;tscore=2.76;"
     CDS             complement(1728..1919)
                     /note="ID=5_4;partial=00;start_type=TTG;rbs_motif=None;rbs_spacer=None;gc_cont=0.401;conf=53.81;score=0.66;cscore=7.44;sscore=-6.77;rscore=0.00;uscore=2.25;tscore=-8.37;"
     CDS             complement(2123..>2566)
                     /note="ID=5_5;partial=01;start_type=Edge;rbs_motif=None;rbs_spacer=None;gc_cont=0.430;conf=99.74;score=25.93;cscore=22.71;sscore=3.22;rscore=0.00;uscore=3.22;tscore=0.00;"
//
DEFINITION  seqnum=6;seqlen=3088;seqhdr="k141_439375";version=Prodigal.v2.6.3;run_type=Single;model="Ab initio";gc_cont=39.31;transl_table=11;uses_sd=0
FEATURES             Location/Qualifiers
     CDS             107..394
                     /note="ID=6_1;partial=00;start_type=ATG;rbs_motif=None;rbs_spacer=None;gc_cont=0.375;conf=99.14;score=20.67;cscore=15.73;sscore=4.94;rscore=0.00;uscore=2.18;tscore=2.76;"
     CDS             562..822
                     /note="ID=6_2;partial=00;start_type=ATG;rbs_motif=None;rbs_spacer=None;gc_cont=0.421;conf=91.43;score=10.30;cscore=5.39;sscore=4.91;rscore=0.00;uscore=2.15;tscore=2.76;"
     CDS             complement(819..929)
                     /note="ID=6_3;partial=00;start_type=GTG;rbs_motif=None;rbs_spacer=None;gc_cont=0.396;conf=55.04;score=0.88;cscore=2.85;sscore=-1.97;rscore=0.00;uscore=1.10;tscore=-2.42;"
     CDS             1042..1527
                     /note="ID=6_4;partial=00;start_type=TTG;rbs_motif=None;rbs_spacer=None;gc_cont=0.366;conf=99.44;score=22.55;cscore=30.05;sscore=-7.50;rscore=0.00;uscore=-1.17;tscore=-6.32;"
     CDS             1530..1847
                     /note="ID=6_5;partial=00;start_type=ATG;rbs_motif=None;rbs_spacer=None;gc_cont=0.333;conf=99.90;score=30.27;cscore=28.32;sscore=1.94;rscore=0.00;uscore=-2.06;tscore=2.76;"
     CDS             complement(2014..2526)
                     /note="ID=6_6;partial=00;start_type=ATG;rbs_motif=None;rbs_spacer=None;gc_cont=0.493;conf=93.11;score=11.33;cscore=9.06;sscore=2.27;rscore=0.00;uscore=-0.49;tscore=2.76;"
     CDS             complement(2686..2853)
                     /note="ID=6_7;partial=00;start_type=GTG;rbs_motif=None;rbs_spacer=None;gc_cont=0.446;conf=53.24;score=0.57;cscore=1.08;sscore=-0.52;rscore=0.00;uscore=0.19;tscore=-1.58;"
     CDS             complement(2891..>3088)
                     /note="ID=6_8;partial=01;start_type=Edge;rbs_motif=None;rbs_spacer=None;gc_cont=0.419;conf=95.92;score=13.73;cscore=10.51;sscore=3.22;rscore=0.00;uscore=0.00;tscore=3.22;"
//
DEFINITION  seqnum=7;seqlen=5299;seqhdr="k141_205127";version=Prodigal.v2.6.3;run_type=Single;model="Ab initio";gc_cont=39.31;transl_table=11;uses_sd=0
FEATURES             Location/Qualifiers
     CDS             <1..300
                     /note="ID=7_1;partial=10;start_type=Edge;rbs_motif=None;rbs_spacer=None;gc_cont=0.430;conf=99.71;score=25.34;cscore=22.12;sscore=3.22;rscore=0.00;uscore=0.00;tscore=3.22;"
     CDS             388..525
                     /note="ID=7_2;partial=00;start_type=ATG;rbs_motif=None;rbs_spacer=None;gc_cont=0.384;conf=64.90;score=2.67;cscore=0.49;sscore=2.18;rscore=0.00;uscore=0.69;tscore=1.49;"
     CDS             complement(546..743)
                     /note="ID=7_3;partial=00;start_type=ATG;rbs_motif=None;rbs_spacer=None;gc_cont=0.480;conf=84.34;score=7.33;cscore=7.58;sscore=-0.25;rscore=0.00;uscore=-1.75;tscore=2.15;"
     CDS             1428..1694
                     /note="ID=7_4;partial=00;start_type=GTG;rbs_motif=None;rbs_spacer=None;gc_cont=0.479;conf=76.15;score=5.05;cscore=10.48;sscore=-5.43;rscore=0.00;uscore=-4.38;tscore=-1.04;"
     CDS             1725..2285
                     /note="ID=7_5;partial=00;start_type=ATG;rbs_motif=None;rbs_spacer=None;gc_cont=0.417;conf=100.00;score=50.40;cscore=45.00;sscore=5.40;rscore=0.00;uscore=1.69;tscore=2.76;"
     CDS             complement(2450..2944)
                     /note="ID=7_6;partial=00;start_type=ATG;rbs_motif=None;rbs_spacer=None;gc_cont=0.501;conf=99.97;score=35.20;cscore=32.75;sscore=2.44;rscore=0.00;uscore=0.34;tscore=2.76;"
     CDS             3302..3892
                     /note="ID=7_7;partial=00;start_type=TTG;rbs_motif=None;rbs_spacer=None;gc_cont=0.391;conf=99.90;score=29.98;cscore=38.14;sscore=-8.16;rscore=0.00;uscore=-1.84;tscore=-6.32;"
     CDS             3907..4104
                     /note="ID=7_8;partial=00;start_type=ATG;rbs_motif=None;rbs_spacer=None;gc_cont=0.439;conf=86.66;score=8.14;cscore=3.95;sscore=4.19;rscore=0.00;uscore=0.92;tscore=2.15;"
     CDS             4126..4920
                     /note="ID=7_9;partial=00;start_type=ATG;rbs_motif=None;rbs_spacer=None;gc_cont=0.392;conf=100.00;score=74.81;cscore=68.53;sscore=6.28;rscore=0.00;uscore=2.48;tscore=2.76;"
//
DEFINITION  seqnum=8;seqlen=3279;seqhdr="k141_205304";version=Prodigal.v2.6.3;run_type=Single;model="Ab initio";gc_cont=39.31;transl_table=11;uses_sd=0
FEATURES             Location/Qualifiers
     CDS             <3..224
                     /note="ID=8_1;partial=10;start_type=Edge;rbs_motif=None;rbs_spacer=None;gc_cont=0.419;conf=74.04;score=4.56;cscore=1.34;sscore=3.22;rscore=0.00;uscore=0.00;tscore=3.22;"
     CDS             596..703
                     /note="ID=8_2;partial=00;start_type=ATG;rbs_motif=None;rbs_spacer=None;gc_cont=0.361;conf=66.25;score=2.93;cscore=1.39;sscore=1.54;rscore=0.00;uscore=1.04;tscore=1.16;"
     CDS             684..1715
                     /note="ID=8_3;partial=00;start_type=GTG;rbs_motif=None;rbs_spacer=None;gc_cont=0.398;conf=100.00;score=79.47;cscore=77.30;sscore=2.18;rscore=0.00;uscore=3.22;tscore=-1.04;"
     CDS             complement(1814..2776)
                     /note="ID=8_4;partial=00;start_type=ATG;rbs_motif=None;rbs_spacer=None;gc_cont=0.439;conf=100.00;score=93.89;cscore=88.64;sscore=5.25;rscore=0.00;uscore=2.50;tscore=2.76;"
     CDS             complement(2850..>3278)
                     /note="ID=8_5;partial=01;start_type=Edge;rbs_motif=None;rbs_spacer=None;gc_cont=0.408;conf=99.89;score=29.75;cscore=26.53;sscore=3.22;rscore=0.00;uscore=3.22;tscore=0.00;"
//
DEFINITION  seqnum=9;seqlen=4274;seqhdr="k141_440715";version=Prodigal.v2.6.3;run_type=Single;model="Ab initio";gc_cont=39.31;transl_table=11;uses_sd=0
FEATURES             Location/Qualifiers
     CDS             complement(<3..221)
                     /note="ID=9_1;partial=10;start_type=ATG;rbs_motif=None;rbs_spacer=None;gc_cont=0.370;conf=99.35;score=21.90;cscore=24.58;sscore=-2.68;rscore=0.00;uscore=-4.78;tscore=2.76;"
     CDS             584..1099
                     /note="ID=9_2;partial=00;start_type=TTG;rbs_motif=None;rbs_spacer=None;gc_cont=0.374;conf=99.95;score=32.90;cscore=38.95;sscore=-6.05;rscore=0.00;uscore=0.27;tscore=-6.32;"
     CDS             1272..2117
                     /note="ID=9_3;partial=00;start_type=ATG;rbs_motif=None;rbs_spacer=None;gc_cont=0.446;conf=100.00;score=72.31;cscore=68.84;sscore=3.47;rscore=0.00;uscore=0.71;tscore=2.76;"
     CDS             2462..3337
                     /note="ID=9_4;partial=00;start_type=ATG;rbs_motif=None;rbs_spacer=None;gc_cont=0.411;conf=100.00;score=81.53;cscore=75.46;sscore=6.06;rscore=0.00;uscore=3.96;tscore=2.76;"
     CDS             complement(3354..3893)
                     /note="ID=9_5;partial=00;start_type=ATG;rbs_motif=None;rbs_spacer=None;gc_cont=0.415;conf=99.96;score=34.16;cscore=30.22;sscore=3.95;rscore=0.00;uscore=1.84;tscore=2.76;"
     CDS             4091..>4273
                     /note="ID=9_6;partial=01;start_type=GTG;rbs_motif=None;rbs_spacer=None;gc_cont=0.459;conf=94.46;score=12.34;cscore=12.99;sscore=-0.66;rscore=0.00;uscore=0.39;tscore=-1.04;"
//
DEFINITION  seqnum=10;seqlen=5696;seqhdr="k141_440745";version=Prodigal.v2.6.3;run_type=Single;model="Ab initio";gc_cont=39.31;transl_table=11;uses_sd=0
FEATURES             Location/Qualifiers
     CDS             complement(<1..117)
                     /note="ID=10_1;partial=10;start_type=ATG;rbs_motif=None;rbs_spacer=None;gc_cont=0.350;conf=86.00;score=7.90;cscore=4.90;sscore=3.00;rscore=0.00;uscore=0.89;tscore=2.76;"
     CDS             complement(402..545)
                     /note="ID=10_2;partial=00;start_type=ATG;rbs_motif=None;rbs_spacer=None;gc_cont=0.340;conf=88.70;score=8.96;cscore=6.92;sscore=2.04;rscore=0.00;uscore=1.14;tscore=1.55;"
     CDS             743..2704
                     /note="ID=10_3;partial=00;start_type=ATG;rbs_motif=None;rbs_spacer=None;gc_cont=0.387;conf=99.99;score=202.67;cscore=196.02;sscore=6.65;rscore=0.00;uscore=3.89;tscore=2.76;"
     CDS             complement(2836..2979)
                     /note="ID=10_4;partial=00;start_type=GTG;rbs_motif=None;rbs_spacer=None;gc_cont=0.465;conf=61.47;score=2.03;cscore=3.95;sscore=-1.92;rscore=0.00;uscore=-1.19;tscore=-1.85;"
     CDS             complement(2993..3262)
                     /note="ID=10_5;partial=00;start_type=GTG;rbs_motif=None;rbs_spacer=None;gc_cont=0.430;conf=76.72;score=5.19;cscore=4.94;sscore=0.25;rscore=0.00;uscore=-1.23;tscore=-1.04;"
     CDS             complement(3259..4113)
                     /note="ID=10_6;partial=00;start_type=ATG;rbs_motif=None;rbs_spacer=None;gc_cont=0.389;conf=100.00;score=57.69;cscore=52.84;sscore=4.85;rscore=0.00;uscore=2.74;tscore=2.76;"
     CDS             4392..4565
                     /note="ID=10_7;partial=00;start_type=ATG;rbs_motif=None;rbs_spacer=None;gc_cont=0.414;conf=89.85;score=9.49;cscore=7.16;sscore=2.33;rscore=0.00;uscore=0.44;tscore=1.89;"
     CDS             5098..>5694
                     /note="ID=10_8;partial=01;start_type=ATG;rbs_motif=None;rbs_spacer=None;gc_cont=0.404;conf=100.00;score=88.94;cscore=87.10;sscore=1.84;rscore=0.00;uscore=-0.26;tscore=2.76;"
//
DEFINITION  seqnum=11;seqlen=2516;seqhdr="k141_274758";version=Prodigal.v2.6.3;run_type=Single;model="Ab initio";gc_cont=39.31;transl_table=11;uses_sd=0
FEATURES             Location/Qualifiers
     CDS             complement(<3..152)
                     /note="ID=11_1;partial=10;start_type=ATG;rbs_motif=None;rbs_spacer=None;gc_cont=0.400;conf=91.74;score=10.47;cscore=8.67;sscore=1.80;rscore=0.00;uscore=-0.95;tscore=2.76;"
     CDS             complement(286..642)
                     /note="ID=11_2;partial=00;start_type=ATG;rbs_motif=None;rbs_spacer=None;gc_cont=0.423;conf=99.75;score=26.00;cscore=20.33;sscore=5.67;rscore=0.00;uscore=3.57;tscore=2.76;"
     CDS             797..1573
                     /note="ID=11_3;partial=00;start_type=ATG;rbs_motif=None;rbs_spacer=None;gc_cont=0.381;conf=100.00;score=68.66;cscore=65.36;sscore=3.30;rscore=0.00;uscore=0.55;tscore=2.76;"
     CDS             complement(2303..>2515)
                     /note="ID=11_4;partial=01;start_type=Edge;rbs_motif=None;rbs_spacer=None;gc_cont=0.333;conf=86.29;score=8.00;cscore=4.78;sscore=3.22;rscore=0.00;uscore=0.00;tscore=3.22;"
//
DEFINITION  seqnum=12;seqlen=5730;seqhdr="k141_208315";version=Prodigal.v2.6.3;run_type=Single;model="Ab initio";gc_cont=39.31;transl_table=11;uses_sd=0
FEATURES             Location/Qualifiers
     CDS             215..3262
                     /note="ID=12_1;partial=00;start_type=ATG;rbs_motif=None;rbs_spacer=None;gc_cont=0.419;conf=99.99;score=251.88;cscore=250.85;sscore=1.03;rscore=0.00;uscore=-1.73;tscore=2.76;"
     CDS             complement(3600..4643)
                     /note="ID=12_2;partial=00;start_type=ATG;rbs_motif=None;rbs_spacer=None;gc_cont=0.354;conf=100.00;score=119.69;cscore=113.95;sscore=5.74;rscore=0.00;uscore=2.99;tscore=2.76;"
     CDS             complement(4740..5282)
                     /note="ID=12_3;partial=00;start_type=ATG;rbs_motif=None;rbs_spacer=None;gc_cont=0.405;conf=100.00;score=53.91;cscore=50.06;sscore=3.85;rscore=0.00;uscore=1.10;tscore=2.76;"
     CDS             complement(5421..5579)
                     /note="ID=12_4;partial=00;start_type=ATG;rbs_motif=None;rbs_spacer=None;gc_cont=0.308;conf=56.84;score=1.20;cscore=1.26;sscore=-0.06;rscore=0.00;uscore=-1.78;tscore=1.72;"
     CDS             complement(5636..>5728)
                     /note="ID=12_5;partial=01;start_type=Edge;rbs_motif=None;rbs_spacer=None;gc_cont=0.430;conf=52.83;score=0.49;cscore=-2.23;sscore=2.72;rscore=0.00;uscore=0.00;tscore=3.22;"
//
DEFINITION  seqnum=13;seqlen=2566;seqhdr="k141_174951";version=Prodigal.v2.6.3;run_type=Single;model="Ab initio";gc_cont=39.31;transl_table=11;uses_sd=0
FEATURES             Location/Qualifiers
     CDS             <3..254
                     /note="ID=13_1;partial=10;start_type=Edge;rbs_motif=None;rbs_spacer=None;gc_cont=0.381;conf=95.24;score=13.03;cscore=9.81;sscore=3.22;rscore=0.00;uscore=0.00;tscore=3.22;"
     CDS             complement(238..567)
                     /note="ID=13_2;partial=00;start_type=TTG;rbs_motif=None;rbs_spacer=None;gc_cont=0.364;conf=54.72;score=0.82;cscore=5.70;sscore=-4.88;rscore=0.00;uscore=1.45;tscore=-6.32;"
     CDS             complement(715..1668)
                     /note="ID=13_3;partial=00;start_type=ATG;rbs_motif=None;rbs_spacer=None;gc_cont=0.407;conf=100.00;score=91.55;cscore=89.00;sscore=2.55;rscore=0.00;uscore=0.44;tscore=2.76;"
     CDS             1899..>2564
                     /note="ID=13_4;partial=01;start_type=GTG;rbs_motif=None;rbs_spacer=None;gc_cont=0.492;conf=100.00;score=44.80;cscore=48.27;sscore=-3.47;rscore=0.00;uscore=-2.43;tscore=-1.04;"
//
DEFINITION  seqnum=14;seqlen=3126;seqhdr="k141_476775";version=Prodigal.v2.6.3;run_type=Single;model="Ab initio";gc_cont=39.31;transl_table=11;uses_sd=0
FEATURES             Location/Qualifiers
     CDS             120..296
                     /note="ID=14_1;partial=00;start_type=ATG;rbs_motif=None;rbs_spacer=None;gc_cont=0.390;conf=83.10;score=6.93;cscore=5.26;sscore=1.67;rscore=0.00;uscore=-0.25;tscore=1.92;"
     CDS             complement(476..1429)
                     /note="ID=14_2;partial=00;start_type=GTG;rbs_motif=None;rbs_spacer=None;gc_cont=0.410;conf=100.00;score=111.78;cscore=106.94;sscore=4.85;rscore=0.00;uscore=5.14;tscore=-1.04;"
     CDS             complement(1478..2095)
                     /note="ID=14_3;partial=00;start_type=ATG;rbs_motif=None;rbs_spacer=None;gc_cont=0.377;conf=100.00;score=53.49;cscore=50.75;sscore=2.75;rscore=0.00;uscore=0.64;tscore=2.76;"
     CDS             2555..>3124
                     /note="ID=14_4;partial=01;start_type=ATG;rbs_motif=None;rbs_spacer=None;gc_cont=0.404;conf=100.00;score=54.84;cscore=54.21;sscore=0.64;rscore=0.00;uscore=-2.12;tscore=2.76;"
//
DEFINITION  seqnum=15;seqlen=4218;seqhdr="k141_376361";version=Prodigal.v2.6.3;run_type=Single;model="Ab initio";gc_cont=39.31;transl_table=11;uses_sd=0
FEATURES             Location/Qualifiers
     CDS             <1..252
                     /note="ID=15_1;partial=10;start_type=Edge;rbs_motif=None;rbs_spacer=None;gc_cont=0.337;conf=93.39;score=11.52;cscore=8.30;sscore=3.22;rscore=0.00;uscore=0.00;tscore=3.22;"
     CDS             complement(394..1095)
                     /note="ID=15_2;partial=00;start_type=TTG;rbs_motif=None;rbs_spacer=None;gc_cont=0.437;conf=100.00;score=44.76;cscore=49.44;sscore=-4.68;rscore=0.00;uscore=0.38;tscore=-6.32;"
     CDS             complement(1097..1348)
                     /note="ID=15_3;partial=00;start_type=ATG;rbs_motif=None;rbs_spacer=None;gc_cont=0.381;conf=96.56;score=14.50;cscore=9.25;sscore=5.25;rscore=0.00;uscore=2.50;tscore=2.75;"
     CDS             complement(1493..2041)
                     /note="ID=15_4;partial=00;start_type=ATG;rbs_motif=None;rbs_spacer=None;gc_cont=0.372;conf=99.90;score=29.95;cscore=26.16;sscore=3.79;rscore=0.00;uscore=1.68;tscore=2.76;"
     CDS             2298..3143
                     /note="ID=15_5;partial=00;start_type=ATG;rbs_motif=None;rbs_spacer=None;gc_cont=0.357;conf=100.00;score=65.56;cscore=58.93;sscore=6.63;rscore=0.00;uscore=3.87;tscore=2.76;"
     CDS             3147..3752
                     /note="ID=15_6;partial=00;start_type=ATG;rbs_motif=None;rbs_spacer=None;gc_cont=0.356;conf=100.00;score=53.94;cscore=47.50;sscore=6.44;rscore=0.00;uscore=2.44;tscore=2.76;"
     CDS             3923..>4216
                     /note="ID=15_7;partial=01;start_type=ATG;rbs_motif=None;rbs_spacer=None;gc_cont=0.371;conf=99.52;score=23.20;cscore=19.61;sscore=3.59;rscore=0.00;uscore=0.83;tscore=2.76;"
//
DEFINITION  seqnum=16;seqlen=2657;seqhdr="k141_41868";version=Prodigal.v2.6.3;run_type=Single;model="Ab initio";gc_cont=39.31;transl_table=11;uses_sd=0
FEATURES             Location/Qualifiers
     CDS             complement(<1..645)
                     /note="ID=16_1;partial=10;start_type=ATG;rbs_motif=None;rbs_spacer=None;gc_cont=0.481;conf=100.00;score=68.88;cscore=67.76;sscore=1.12;rscore=0.00;uscore=-0.99;tscore=2.76;"
     CDS             707..1654
                     /note="ID=16_2;partial=00;start_type=ATG;rbs_motif=None;rbs_spacer=None;gc_cont=0.458;conf=99.99;score=39.39;cscore=35.74;sscore=3.64;rscore=0.00;uscore=0.89;tscore=2.76;"
     CDS             complement(1758..2261)
                     /note="ID=16_3;partial=00;start_type=TTG;rbs_motif=None;rbs_spacer=None;gc_cont=0.327;conf=100.00;score=51.49;cscore=54.80;sscore=-3.31;rscore=0.00;uscore=3.01;tscore=-6.32;"
     CDS             complement(2398..>2655)
                     /note="ID=16_4;partial=01;start_type=Edge;rbs_motif=None;rbs_spacer=None;gc_cont=0.349;conf=96.11;score=13.95;cscore=10.74;sscore=3.22;rscore=0.00;uscore=0.00;tscore=3.22;"
//
DEFINITION  seqnum=17;seqlen=2565;seqhdr="k141_142035";version=Prodigal.v2.6.3;run_type=Single;model="Ab initio";gc_cont=39.31;transl_table=11;uses_sd=0
FEATURES             Location/Qualifiers
     CDS             <3..164
                     /note="ID=17_1;partial=10;start_type=Edge;rbs_motif=None;rbs_spacer=None;gc_cont=0.457;conf=74.97;score=4.77;cscore=1.55;sscore=3.22;rscore=0.00;uscore=0.00;tscore=3.22;"
     CDS             complement(384..983)
                     /note="ID=17_2;partial=00;start_type=ATG;rbs_motif=None;rbs_spacer=None;gc_cont=0.405;conf=100.00;score=58.80;cscore=55.85;sscore=2.94;rscore=0.00;uscore=0.19;tscore=2.76;"
     CDS             complement(1110..1910)
                     /note="ID=17_3;partial=00;start_type=ATG;rbs_motif=None;rbs_spacer=None;gc_cont=0.368;conf=100.00;score=80.20;cscore=74.70;sscore=5.49;rscore=0.00;uscore=2.74;tscore=2.76;"
     CDS             complement(2061..>2564)
                     /note="ID=17_4;partial=01;start_type=Edge;rbs_motif=None;rbs_spacer=None;gc_cont=0.454;conf=99.99;score=40.26;cscore=37.04;sscore=3.22;rscore=0.00;uscore=0.00;tscore=3.22;"
//
DEFINITION  seqnum=18;seqlen=3887;seqhdr="k141_444034";version=Prodigal.v2.6.3;run_type=Single;model="Ab initio";gc_cont=39.31;transl_table=11;uses_sd=0
FEATURES             Location/Qualifiers
     CDS             complement(<2..421)
                     /note="ID=18_1;partial=10;start_type=GTG;rbs_motif=None;rbs_spacer=None;gc_cont=0.421;conf=99.95;score=33.18;cscore=32.87;sscore=0.31;rscore=0.00;uscore=2.01;tscore=-1.04;"
     CDS             1046..2470
                     /note="ID=18_2;partial=00;start_type=ATG;rbs_motif=None;rbs_spacer=None;gc_cont=0.420;conf=100.00;score=151.28;cscore=147.48;sscore=3.80;rscore=0.00;uscore=1.04;tscore=2.76;"
     CDS             complement(3027..>3887)
                     /note="ID=18_3;partial=01;start_type=Edge;rbs_motif=None;rbs_spacer=None;gc_cont=0.376;conf=100.00;score=73.45;cscore=70.23;sscore=3.22;rscore=0.00;uscore=0.00;tscore=3.22;"
//
DEFINITION  seqnum=19;seqlen=5716;seqhdr="k141_511139";version=Prodigal.v2.6.3;run_type=Single;model="Ab initio";gc_cont=39.31;transl_table=11;uses_sd=0
FEATURES             Location/Qualifiers
     CDS             complement(<1..465)
                     /note="ID=19_1;partial=10;start_type=ATG;rbs_motif=None;rbs_spacer=None;gc_cont=0.376;conf=100.00;score=50.29;cscore=50.86;sscore=-0.57;rscore=0.00;uscore=-2.67;tscore=2.76;"
     CDS             complement(777..1166)
                     /note="ID=19_2;partial=00;start_type=ATG;rbs_motif=None;rbs_spacer=None;gc_cont=0.462;conf=99.31;score=21.62;cscore=17.60;sscore=4.02;rscore=0.00;uscore=0.61;tscore=2.76;"
     CDS             complement(1224..1613)
                     /note="ID=19_3;partial=00;start_type=GTG;rbs_motif=None;rbs_spacer=None;gc_cont=0.446;conf=99.69;score=25.08;cscore=26.75;sscore=-1.67;rscore=0.00;uscore=-0.62;tscore=-1.04;"
     CDS             complement(1787..3214)
                     /note="ID=19_4;partial=00;start_type=GTG;rbs_motif=None;rbs_spacer=None;gc_cont=0.381;conf=100.00;score=105.57;cscore=105.91;sscore=-0.34;rscore=0.00;uscore=-0.01;tscore=-1.04;"
     CDS             complement(3266..3901)
                     /note="ID=19_5;partial=00;start_type=ATG;rbs_motif=None;rbs_spacer=None;gc_cont=0.358;conf=100.00;score=67.95;cscore=65.03;sscore=2.93;rscore=0.00;uscore=0.82;tscore=2.76;"
     CDS             complement(4364..4792)
                     /note="ID=19_6;partial=00;start_type=ATG;rbs_motif=None;rbs_spacer=None;gc_cont=0.373;conf=100.00;score=43.13;cscore=38.66;sscore=4.47;rscore=0.00;uscore=1.00;tscore=2.76;"
     CDS             complement(4844..5380)
                     /note="ID=19_7;partial=00;start_type=ATG;rbs_motif=None;rbs_spacer=None;gc_cont=0.382;conf=99.82;score=27.43;cscore=24.65;sscore=2.78;rscore=0.00;uscore=0.67;tscore=2.76;"
     CDS             5489..>5716
                     /note="ID=19_8;partial=01;start_type=ATG;rbs_motif=None;rbs_spacer=None;gc_cont=0.417;conf=99.64;score=24.48;cscore=22.24;sscore=2.24;rscore=0.00;uscore=-0.51;tscore=2.76;"
//
DEFINITION  seqnum=20;seqlen=2549;seqhdr="k141_444565";version=Prodigal.v2.6.3;run_type=Single;model="Ab initio";gc_cont=39.31;transl_table=11;uses_sd=0
FEATURES             Location/Qualifiers
     CDS             <2..202
                     /note="ID=20_1;partial=10;start_type=Edge;rbs_motif=None;rbs_spacer=None;gc_cont=0.493;conf=96.30;score=14.18;cscore=10.96;sscore=3.22;rscore=0.00;uscore=0.00;tscore=3.22;"
     CDS             294..713
                     /note="ID=20_2;partial=00;start_type=ATG;rbs_motif=None;rbs_spacer=None;gc_cont=0.390;conf=99.99;score=40.94;cscore=35.03;sscore=5.91;rscore=0.00;uscore=3.15;tscore=2.76;"
     CDS             1140..1292
                     /note="ID=20_3;partial=00;start_type=ATG;rbs_motif=None;rbs_spacer=None;gc_cont=0.327;conf=63.91;score=2.49;cscore=1.10;sscore=1.39;rscore=0.00;uscore=0.39;tscore=1.65;"
     CDS             1328..1432
                     /note="ID=20_4;partial=00;start_type=ATG;rbs_motif=None;rbs_spacer=None;gc_cont=0.476;conf=64.56;score=2.61;cscore=0.04;sscore=2.57;rscore=0.00;uscore=0.55;tscore=1.12;"
     CDS             complement(1583..1930)
                     /note="ID=20_5;partial=00;start_type=ATG;rbs_motif=None;rbs_spacer=None;gc_cont=0.385;conf=99.92;score=31.25;cscore=28.93;sscore=2.32;rscore=0.00;uscore=-0.44;tscore=2.76;"
     CDS             complement(2020..2421)
                     /note="ID=20_6;partial=00;start_type=ATG;rbs_motif=None;rbs_spacer=None;gc_cont=0.410;conf=99.99;score=40.08;cscore=33.31;sscore=6.77;rscore=0.00;uscore=3.09;tscore=2.76;"
     CDS             complement(2454..>2549)
                     /note="ID=20_7;partial=01;start_type=Edge;rbs_motif=None;rbs_spacer=None;gc_cont=0.344;conf=56.02;score=1.05;cscore=-1.67;sscore=2.72;rscore=0.00;uscore=0.00;tscore=3.22;"
//
DEFINITION  seqnum=21;seqlen=2901;seqhdr="k141_378442";version=Prodigal.v2.6.3;run_type=Single;model="Ab initio";gc_cont=39.31;transl_table=11;uses_sd=0
FEATURES             Location/Qualifiers
     CDS             complement(<2..181)
                     /note="ID=21_1;partial=10;start_type=ATG;rbs_motif=None;rbs_spacer=None;gc_cont=0.394;conf=98.20;score=17.40;cscore=18.23;sscore=-0.83;rscore=0.00;uscore=-2.93;tscore=2.76;"
     CDS             complement(684..884)
                     /note="ID=21_2;partial=00;start_type=ATG;rbs_motif=None;rbs_spacer=None;gc_cont=0.333;conf=74.70;score=4.71;cscore=4.36;sscore=0.35;rscore=0.00;uscore=-1.18;tscore=2.18;"
     CDS             complement(1222..1902)
                     /note="ID=21_3;partial=00;start_type=ATG;rbs_motif=None;rbs_spacer=None;gc_cont=0.410;conf=100.00;score=65.94;cscore=61.57;sscore=4.37;rscore=0.00;uscore=0.41;tscore=2.76;"
     CDS             complement(1909..>2901)
                     /note="ID=21_4;partial=01;start_type=Edge;rbs_motif=None;rbs_spacer=None;gc_cont=0.402;conf=100.00;score=97.39;cscore=94.18;sscore=3.22;rscore=0.00;uscore=0.00;tscore=3.22;"
//
DEFINITION  seqnum=22;seqlen=2699;seqhdr="k141_9530";version=Prodigal.v2.6.3;run_type=Single;model="Ab initio";gc_cont=39.31;transl_table=11;uses_sd=0
FEATURES             Location/Qualifiers
     CDS             <1..195
                     /note="ID=22_1;partial=10;start_type=Edge;rbs_motif=None;rbs_spacer=None;gc_cont=0.456;conf=85.97;score=7.89;cscore=4.67;sscore=3.22;rscore=0.00;uscore=0.00;tscore=3.22;"
     CDS             complement(316..648)
                     /note="ID=22_2;partial=00;start_type=GTG;rbs_motif=None;rbs_spacer=None;gc_cont=0.429;conf=99.49;score=22.95;cscore=21.54;sscore=1.41;rscore=0.00;uscore=3.10;tscore=-1.04;"
     CDS             748..933
                     /note="ID=22_3;partial=00;start_type=ATG;rbs_motif=None;rbs_spacer=None;gc_cont=0.376;conf=89.97;score=9.54;cscore=9.47;sscore=0.07;rscore=0.00;uscore=-1.95;tscore=2.02;"
     CDS             958..2280
                     /note="ID=22_4;partial=00;start_type=GTG;rbs_motif=None;rbs_spacer=None;gc_cont=0.384;conf=100.00;score=113.49;cscore=111.16;sscore=2.33;rscore=0.00;uscore=2.36;tscore=-1.04;"
     CDS             2362..>2697
                     /note="ID=22_5;partial=01;start_type=ATG;rbs_motif=None;rbs_spacer=None;gc_cont=0.384;conf=98.00;score=16.94;cscore=15.45;sscore=1.48;rscore=0.00;uscore=-1.27;tscore=2.76;"
//
DEFINITION  seqnum=23;seqlen=2857;seqhdr="k141_447619";version=Prodigal.v2.6.3;run_type=Single;model="Ab initio";gc_cont=39.31;transl_table=11;uses_sd=0
FEATURES             Location/Qualifiers
     CDS             complement(379..492)
                     /note="ID=23_1;partial=00;start_type=ATG;rbs_motif=None;rbs_spacer=None;gc_cont=0.377;conf=50.93;score=0.16;cscore=2.75;sscore=-2.59;rscore=0.00;uscore=-3.81;tscore=1.22;"
     CDS             complement(554..1270)
                     /note="ID=23_2;partial=00;start_type=ATG;rbs_motif=None;rbs_spacer=None;gc_cont=0.456;conf=100.00;score=67.06;cscore=66.06;sscore=1.00;rscore=0.00;uscore=-1.10;tscore=2.76;"
     CDS             1448..2008
                     /note="ID=23_3;partial=00;start_type=TTG;rbs_motif=None;rbs_spacer=None;gc_cont=0.369;conf=99.86;score=28.50;cscore=34.94;sscore=-6.44;rscore=0.00;uscore=-0.11;tscore=-6.32;"
     CDS             2026..2343
                     /note="ID=23_4;partial=00;start_type=ATG;rbs_motif=None;rbs_spacer=None;gc_cont=0.346;conf=99.66;score=24.73;cscore=22.75;sscore=1.99;rscore=0.00;uscore=-1.86;tscore=2.76;"
     CDS             2484..>2855
                     /note="ID=23_5;partial=01;start_type=TTG;rbs_motif=None;rbs_spacer=None;gc_cont=0.406;conf=99.33;score=21.73;cscore=31.03;sscore=-9.31;rscore=0.00;uscore=-2.98;tscore=-6.32;"
//
DEFINITION  seqnum=24;seqlen=5091;seqhdr="k141_112951";version=Prodigal.v2.6.3;run_type=Single;model="Ab initio";gc_cont=39.31;transl_table=11;uses_sd=0
FEATURES             Location/Qualifiers
     CDS             complement(<1..357)
                     /note="ID=24_1;partial=10;start_type=ATG;rbs_motif=None;rbs_spacer=None;gc_cont=0.367;conf=99.66;score=24.74;cscore=24.61;sscore=0.13;rscore=0.00;uscore=-1.98;tscore=2.76;"
     CDS             complement(670..1173)
                     /note="ID=24_2;partial=00;start_type=GTG;rbs_motif=None;rbs_spacer=None;gc_cont=0.345;conf=99.76;score=26.24;cscore=29.32;sscore=-3.08;rscore=0.00;uscore=-1.39;tscore=-1.04;"
     CDS             1576..3204
                     /note="ID=24_3;partial=00;start_type=ATG;rbs_motif=None;rbs_spacer=None;gc_cont=0.428;conf=100.00;score=170.68;cscore=168.94;sscore=1.74;rscore=0.00;uscore=-1.01;tscore=2.76;"
     CDS             3201..3686
                     /note="ID=24_4;partial=00;start_type=ATG;rbs_motif=None;rbs_spacer=None;gc_cont=0.364;conf=99.99;score=38.84;cscore=34.79;sscore=4.05;rscore=0.00;uscore=-4.40;tscore=2.76;"
     CDS             complement(3865..>5091)
                     /note="ID=24_5;partial=01;start_type=Edge;rbs_motif=None;rbs_spacer=None;gc_cont=0.390;conf=100.00;score=128.37;cscore=125.15;sscore=3.22;rscore=0.00;uscore=0.00;tscore=3.22;"
//
DEFINITION  seqnum=25;seqlen=3625;seqhdr="k141_481579";version=Prodigal.v2.6.3;run_type=Single;model="Ab initio";gc_cont=39.31;transl_table=11;uses_sd=0
FEATURES             Location/Qualifiers
     CDS             87..1382
                     /note="ID=25_1;partial=00;start_type=ATG;rbs_motif=None;rbs_spacer=None;gc_cont=0.359;conf=100.00;score=114.84;cscore=111.36;sscore=3.49;rscore=0.00;uscore=0.73;tscore=2.76;"
     CDS             complement(1509..2957)
                     /note="ID=25_2;partial=00;start_type=ATG;rbs_motif=None;rbs_spacer=None;gc_cont=0.345;conf=100.00;score=146.28;cscore=142.35;sscore=3.93;rscore=0.00;uscore=1.83;tscore=2.76;"
     CDS             3016..3192
                     /note="ID=25_3;partial=00;start_type=TTG;rbs_motif=None;rbs_spacer=None;gc_cont=0.345;conf=73.04;score=4.33;cscore=12.55;sscore=-8.22;rscore=0.00;uscore=0.87;tscore=-9.09;"
     CDS             3239..3463
                     /note="ID=25_4;partial=00;start_type=ATG;rbs_motif=None;rbs_spacer=None;gc_cont=0.378;conf=98.30;score=17.66;cscore=13.61;sscore=4.05;rscore=0.00;uscore=0.83;tscore=2.45;"
     CDS             3485..>3625
                     /note="ID=25_5;partial=01;start_type=GTG;rbs_motif=None;rbs_spacer=None;gc_cont=0.426;conf=51.22;score=0.21;cscore=2.56;sscore=-2.35;rscore=0.00;uscore=-2.35;tscore=-1.04;"
//
DEFINITION  seqnum=26;seqlen=5542;seqhdr="k141_448204";version=Prodigal.v2.6.3;run_type=Single;model="Ab initio";gc_cont=39.31;transl_table=11;uses_sd=0
FEATURES             Location/Qualifiers
     CDS             complement(<2..952)
                     /note="ID=26_1;partial=10;start_type=ATG;rbs_motif=None;rbs_spacer=None;gc_cont=0.344;conf=100.00;score=75.73;cscore=73.51;sscore=2.22;rscore=0.00;uscore=0.12;tscore=2.76;"
     CDS             complement(1139..1279)
                     /note="ID=26_2;partial=00;start_type=ATG;rbs_motif=None;rbs_spacer=None;gc_cont=0.426;conf=58.86;score=1.56;cscore=4.43;sscore=-2.87;rscore=0.00;uscore=-3.74;tscore=1.52;"
     CDS             1481..2398
                     /note="ID=26_3;partial=00;start_type=GTG;rbs_motif=None;rbs_spacer=None;gc_cont=0.364;conf=100.00;score=94.27;cscore=91.70;sscore=2.57;rscore=0.00;uscore=3.62;tscore=-1.04;"
     CDS             3102..4238
                     /note="ID=26_4;partial=00;start_type=ATG;rbs_motif=None;rbs_spacer=None;gc_cont=0.397;conf=100.00;score=130.75;cscore=124.86;sscore=5.89;rscore=0.00;uscore=1.84;tscore=2.76;"
     CDS             4791..5003
                     /note="ID=26_5;partial=00;start_type=ATG;rbs_motif=None;rbs_spacer=None;gc_cont=0.432;conf=90.03;score=9.57;cscore=8.03;sscore=1.54;rscore=0.00;uscore=-0.13;tscore=2.32;"
     CDS             5033..5428
                     /note="ID=26_6;partial=00;start_type=GTG;rbs_motif=None;rbs_spacer=None;gc_cont=0.444;conf=95.79;score=13.59;cscore=14.09;sscore=-0.50;rscore=0.00;uscore=-0.41;tscore=-1.04;"
     CDS             5419..>5541
                     /note="ID=26_7;partial=01;start_type=GTG;rbs_motif=None;rbs_spacer=None;gc_cont=0.472;conf=63.48;score=2.40;cscore=5.35;sscore=-2.94;rscore=0.00;uscore=-3.13;tscore=-1.04;"
//
DEFINITION  seqnum=27;seqlen=3408;seqhdr="k141_314472";version=Prodigal.v2.6.3;run_type=Single;model="Ab initio";gc_cont=39.31;transl_table=11;uses_sd=0
FEATURES             Location/Qualifiers
     CDS             complement(<1..819)
                     /note="ID=27_1;partial=10;start_type=TTG;rbs_motif=None;rbs_spacer=None;gc_cont=0.409;conf=100.00;score=70.39;cscore=78.16;sscore=-7.77;rscore=0.00;uscore=-0.79;tscore=-6.32;"
     CDS             1296..2777
                     /note="ID=27_2;partial=00;start_type=TTG;rbs_motif=None;rbs_spacer=None;gc_cont=0.407;conf=100.00;score=110.28;cscore=113.36;sscore=-3.08;rscore=0.00;uscore=3.24;tscore=-6.32;"
//
DEFINITION  seqnum=28;seqlen=4083;seqhdr="k141_147834";version=Prodigal.v2.6.3;run_type=Single;model="Ab initio";gc_cont=39.31;transl_table=11;uses_sd=0
FEATURES             Location/Qualifiers
     CDS             complement(327..875)
                     /note="ID=28_1;partial=00;start_type=ATG;rbs_motif=None;rbs_spacer=None;gc_cont=0.344;conf=100.00;score=56.19;cscore=54.57;sscore=1.61;rscore=0.00;uscore=-1.15;tscore=2.76;"
     CDS             complement(1050..1481)
                     /note="ID=28_2;partial=00;start_type=ATG;rbs_motif=None;rbs_spacer=None;gc_cont=0.380;conf=99.91;score=30.43;cscore=29.90;sscore=0.53;rscore=0.00;uscore=-1.57;tscore=2.76;"
     CDS             1653..2087
                     /note="ID=28_3;partial=00;start_type=ATG;rbs_motif=None;rbs_spacer=None;gc_cont=0.361;conf=100.00;score=45.73;cscore=41.88;sscore=3.84;rscore=0.00;uscore=1.09;tscore=2.76;"
     CDS             complement(2234..3340)
                     /note="ID=28_4;partial=00;start_type=ATG;rbs_motif=None;rbs_spacer=None;gc_cont=0.395;conf=100.00;score=88.33;cscore=86.13;sscore=2.20;rscore=0.00;uscore=0.09;tscore=2.76;"
     CDS             complement(3920..>4081)
                     /note="ID=28_5;partial=01;start_type=Edge;rbs_motif=None;rbs_spacer=None;gc_cont=0.401;conf=85.98;score=7.89;cscore=4.67;sscore=3.22;rscore=0.00;uscore=0.00;tscore=3.22;"
//
DEFINITION  seqnum=29;seqlen=2504;seqhdr="k141_282424";version=Prodigal.v2.6.3;run_type=Single;model="Ab initio";gc_cont=39.31;transl_table=11;uses_sd=0
FEATURES             Location/Qualifiers
     CDS             complement(212..418)
                     /note="ID=29_1;partial=00;start_type=ATG;rbs_motif=None;rbs_spacer=None;gc_cont=0.382;conf=86.30;score=8.01;cscore=6.51;sscore=1.49;rscore=0.00;uscore=-0.75;tscore=2.25;"
     CDS             complement(513..1115)
                     /note="ID=29_2;partial=00;start_type=ATG;rbs_motif=None;rbs_spacer=None;gc_cont=0.420;conf=100.00;score=60.49;cscore=56.37;sscore=4.13;rscore=0.00;uscore=1.37;tscore=2.76;"
     CDS             complement(1182..>2504)
                     /note="ID=29_3;partial=01;start_type=Edge;rbs_motif=None;rbs_spacer=None;gc_cont=0.404;conf=100.00;score=123.80;cscore=120.58;sscore=3.22;rscore=0.00;uscore=0.00;tscore=3.22;"
//
DEFINITION  seqnum=30;seqlen=2638;seqhdr="k141_148342";version=Prodigal.v2.6.3;run_type=Single;model="Ab initio";gc_cont=39.31;transl_table=11;uses_sd=0
FEATURES             Location/Qualifiers
     CDS             complement(87..524)
                     /note="ID=30_1;partial=00;start_type=GTG;rbs_motif=None;rbs_spacer=None;gc_cont=0.413;conf=99.94;score=32.09;cscore=36.06;sscore=-3.97;rscore=0.00;uscore=-2.92;tscore=-1.04;"
     CDS             complement(612..845)
                     /note="ID=30_2;partial=00;start_type=ATG;rbs_motif=None;rbs_spacer=None;gc_cont=0.380;conf=97.62;score=16.15;cscore=13.95;sscore=2.19;rscore=0.00;uscore=0.30;tscore=2.55;"
     CDS             914..2065
                     /note="ID=30_3;partial=00;start_type=ATG;rbs_motif=None;rbs_spacer=None;gc_cont=0.400;conf=100.00;score=122.34;cscore=119.25;sscore=3.09;rscore=0.00;uscore=0.33;tscore=2.76;"
     CDS             2253..2441
                     /note="ID=30_4;partial=00;start_type=ATG;rbs_motif=None;rbs_spacer=None;gc_cont=0.333;conf=50.61;score=0.11;cscore=2.65;sscore=-2.54;rscore=0.00;uscore=-3.94;tscore=2.05;"
     CDS             complement(2492..>2638)
                     /note="ID=30_5;partial=01;start_type=Edge;rbs_motif=None;rbs_spacer=None;gc_cont=0.320;conf=76.22;score=5.07;cscore=1.85;sscore=3.22;rscore=0.00;uscore=0.00;tscore=3.22;"
//
DEFINITION  seqnum=31;seqlen=2667;seqhdr="k141_14980";version=Prodigal.v2.6.3;run_type=Single;model="Ab initio";gc_cont=39.31;transl_table=11;uses_sd=0
FEATURES             Location/Qualifiers
     CDS             complement(<3..263)
                     /note="ID=31_1;partial=10;start_type=ATG;rbs_motif=None;rbs_spacer=None;gc_cont=0.421;conf=99.18;score=20.88;cscore=21.29;sscore=-0.41;rscore=0.00;uscore=-2.51;tscore=2.76;"
     CDS             640..921
                     /note="ID=31_2;partial=00;start_type=GTG;rbs_motif=None;rbs_spacer=None;gc_cont=0.461;conf=97.38;score=15.73;cscore=16.90;sscore=-1.16;rscore=0.00;uscore=-0.12;tscore=-1.04;"
     CDS             1077..1214
                     /note="ID=31_3;partial=00;start_type=ATG;rbs_motif=None;rbs_spacer=None;gc_cont=0.471;conf=79.20;score=5.82;cscore=3.77;sscore=2.05;rscore=0.00;uscore=0.56;tscore=1.49;"
     CDS             complement(1252..1665)
                     /note="ID=31_4;partial=00;start_type=ATG;rbs_motif=None;rbs_spacer=None;gc_cont=0.428;conf=98.99;score=19.95;cscore=14.87;sscore=5.08;rscore=0.00;uscore=2.32;tscore=2.76;"
     CDS             1960..>2667
                     /note="ID=31_5;partial=01;start_type=GTG;rbs_motif=None;rbs_spacer=None;gc_cont=0.387;conf=100.00;score=63.84;cscore=62.62;sscore=1.21;rscore=0.00;uscore=2.26;tscore=-1.04;"
//
DEFINITION  seqnum=32;seqlen=5857;seqhdr="k141_450766";version=Prodigal.v2.6.3;run_type=Single;model="Ab initio";gc_cont=39.31;transl_table=11;uses_sd=0
FEATURES             Location/Qualifiers
     CDS             complement(<1..81)
                     /note="ID=32_1;partial=10;start_type=ATG;rbs_motif=None;rbs_spacer=None;gc_cont=0.247;conf=88.51;score=8.88;cscore=4.58;sscore=4.31;rscore=0.00;uscore=2.20;tscore=2.76;"
     CDS             complement(929..1465)
                     /note="ID=32_2;partial=00;start_type=ATG;rbs_motif=None;rbs_spacer=None;gc_cont=0.399;conf=100.00;score=46.43;cscore=42.17;sscore=4.26;rscore=0.00;uscore=1.50;tscore=2.76;"
     CDS             1685..2023
                     /note="ID=32_3;partial=00;start_type=ATG;rbs_motif=None;rbs_spacer=None;gc_cont=0.381;conf=99.48;score=22.83;cscore=22.50;sscore=0.34;rscore=0.00;uscore=-2.42;tscore=2.76;"
     CDS             2172..2402
                     /note="ID=32_4;partial=00;start_type=ATG;rbs_motif=None;rbs_spacer=None;gc_cont=0.359;conf=98.30;score=17.66;cscore=14.92;sscore=2.75;rscore=0.00;uscore=0.23;tscore=2.51;"
     CDS             2806..2952
                     /note="ID=32_5;partial=00;start_type=ATG;rbs_motif=None;rbs_spacer=None;gc_cont=0.442;conf=80.75;score=6.24;cscore=9.39;sscore=-3.15;rscore=0.00;uscore=-4.09;tscore=1.59;"
     CDS             2949..3452
                     /note="ID=32_6;partial=00;start_type=ATG;rbs_motif=None;rbs_spacer=None;gc_cont=0.425;conf=100.00;score=51.38;cscore=43.17;sscore=8.21;rscore=0.00;uscore=4.16;tscore=2.76;"
     CDS             3404..3742
                     /note="ID=32_7;partial=00;start_type=ATG;rbs_motif=None;rbs_spacer=None;gc_cont=0.345;conf=98.86;score=19.42;cscore=17.34;sscore=2.08;rscore=0.00;uscore=-0.67;tscore=2.76;"
     CDS             complement(3781..4920)
                     /note="ID=32_8;partial=00;start_type=TTG;rbs_motif=None;rbs_spacer=None;gc_cont=0.415;conf=100.00;score=123.15;cscore=128.44;sscore=-5.29;rscore=0.00;uscore=1.69;tscore=-6.32;"
     CDS             complement(5318..5524)
                     /note="ID=32_9;partial=00;start_type=GTG;rbs_motif=None;rbs_spacer=None;gc_cont=0.449;conf=98.97;score=19.85;cscore=19.19;sscore=0.66;rscore=0.00;uscore=1.94;tscore=-1.28;"
//
DEFINITION  seqnum=33;seqlen=3116;seqhdr="k141_485658";version=Prodigal.v2.6.3;run_type=Single;model="Ab initio";gc_cont=39.31;transl_table=11;uses_sd=0
FEATURES             Location/Qualifiers
     CDS             complement(<2..112)
                     /note="ID=33_1;partial=10;start_type=ATG;rbs_motif=None;rbs_spacer=None;gc_cont=0.378;conf=72.91;score=4.31;cscore=3.41;sscore=0.89;rscore=0.00;uscore=-1.21;tscore=2.76;"
     CDS             complement(1717..2532)
                     /note="ID=33_2;partial=00;start_type=ATG;rbs_motif=None;rbs_spacer=None;gc_cont=0.417;conf=100.00;score=84.54;cscore=77.30;sscore=7.24;rscore=0.00;uscore=3.44;tscore=2.76;"
     CDS             complement(2554..2937)
                     /note="ID=33_3;partial=00;start_type=GTG;rbs_motif=None;rbs_spacer=None;gc_cont=0.435;conf=89.57;score=9.35;cscore=12.63;sscore=-3.27;rscore=0.00;uscore=-2.23;tscore=-1.04;"
     CDS             complement(2876..>3115)
                     /note="ID=33_4;partial=01;start_type=Edge;rbs_motif=None;rbs_spacer=None;gc_cont=0.350;conf=98.98;score=19.92;cscore=16.70;sscore=3.22;rscore=0.00;uscore=0.00;tscore=3.22;"
//
DEFINITION  seqnum=34;seqlen=3419;seqhdr="k141_385226";version=Prodigal.v2.6.3;run_type=Single;model="Ab initio";gc_cont=39.31;transl_table=11;uses_sd=0
FEATURES             Location/Qualifiers
     CDS             <3..1010
                     /note="ID=34_1;partial=10;start_type=Edge;rbs_motif=None;rbs_spacer=None;gc_cont=0.470;conf=100.00;score=90.82;cscore=87.60;sscore=3.22;rscore=0.00;uscore=0.00;tscore=3.22;"
     CDS             complement(943..1092)
                     /note="ID=34_2;partial=00;start_type=ATG;rbs_motif=None;rbs_spacer=None;gc_cont=0.480;conf=63.09;score=2.33;cscore=0.12;sscore=2.21;rscore=0.00;uscore=-0.64;tscore=1.62;"
     CDS             complement(1083..1487)
                     /note="ID=34_3;partial=00;start_type=ATG;rbs_motif=None;rbs_spacer=None;gc_cont=0.444;conf=100.00;score=44.00;cscore=39.75;sscore=4.24;rscore=0.00;uscore=2.14;tscore=2.76;"
     CDS             1690..2799
                     /note="ID=34_4;partial=00;start_type=ATG;rbs_motif=None;rbs_spacer=None;gc_cont=0.430;conf=100.00;score=100.60;cscore=95.91;sscore=4.69;rscore=0.00;uscore=0.67;tscore=2.76;"
     CDS             2938..3342
                     /note="ID=34_5;partial=00;start_type=ATG;rbs_motif=None;rbs_spacer=None;gc_cont=0.398;conf=73.44;score=4.42;cscore=5.48;sscore=-1.05;rscore=0.00;uscore=-3.81;tscore=2.76;"
//
DEFINITION  seqnum=35;seqlen=5422;seqhdr="k141_50187";version=Prodigal.v2.6.3;run_type=Single;model="Ab initio";gc_cont=39.31;transl_table=11;uses_sd=0
FEATURES             Location/Qualifiers
     CDS             <3..164
                     /note="ID=35_1;partial=10;start_type=Edge;rbs_motif=None;rbs_spacer=None;gc_cont=0.451;conf=78.04;score=5.51;cscore=2.30;sscore=3.22;rscore=0.00;uscore=0.00;tscore=3.22;"
     CDS             complement(376..960)
                     /note="ID=35_2;partial=00;start_type=GTG;rbs_motif=None;rbs_spacer=None;gc_cont=0.400;conf=100.00;score=53.49;cscore=55.87;sscore=-2.37;rscore=0.00;uscore=-1.33;tscore=-1.04;"
     CDS             complement(1109..1909)
                     /note="ID=35_3;partial=00;start_type=ATG;rbs_motif=None;rbs_spacer=None;gc_cont=0.352;conf=100.00;score=82.53;cscore=75.31;sscore=7.22;rscore=0.00;uscore=4.46;tscore=2.76;"
     CDS             complement(2059..3459)
                     /note="ID=35_4;partial=00;start_type=ATG;rbs_motif=None;rbs_spacer=None;gc_cont=0.421;conf=100.00;score=121.55;cscore=119.74;sscore=1.81;rscore=0.00;uscore=-2.14;tscore=2.76;"
     CDS             complement(3447..3779)
                     /note="ID=35_5;partial=00;start_type=ATG;rbs_motif=None;rbs_spacer=None;gc_cont=0.387;conf=91.84;score=10.53;cscore=9.93;sscore=0.60;rscore=0.00;uscore=-3.40;tscore=2.76;"
     CDS             complement(3783..4919)
                     /note="ID=35_6;partial=00;start_type=ATG;rbs_motif=None;rbs_spacer=None;gc_cont=0.421;conf=100.00;score=87.65;cscore=81.65;sscore=6.00;rscore=0.00;uscore=3.24;tscore=2.76;"
//
DEFINITION  seqnum=36;seqlen=3814;seqhdr="k141_84605";version=Prodigal.v2.6.3;run_type=Single;model="Ab initio";gc_cont=39.31;transl_table=11;uses_sd=0
FEATURES             Location/Qualifiers
     CDS             complement(<2..88)
                     /note="ID=36_1;partial=10;start_type=GTG;rbs_motif=None;rbs_spacer=None;gc_cont=0.402;conf=73.02;score=4.33;cscore=5.04;sscore=-0.70;rscore=0.00;uscore=0.34;tscore=-1.04;"
     CDS             complement(225..467)
                     /note="ID=36_2;partial=00;start_type=GTG;rbs_motif=None;rbs_spacer=None;gc_cont=0.383;conf=66.18;score=2.92;cscore=5.44;sscore=-2.52;rscore=0.00;uscore=-0.77;tscore=-1.09;"
     CDS             539..2437
                     /note="ID=36_3;partial=00;start_type=ATG;rbs_motif=None;rbs_spacer=None;gc_cont=0.407;conf=99.99;score=184.13;cscore=180.92;sscore=3.21;rscore=0.00;uscore=0.46;tscore=2.76;"
     CDS             2437..>3813
                     /note="ID=36_4;partial=01;start_type=ATG;rbs_motif=None;rbs_spacer=None;gc_cont=0.389;conf=100.00;score=157.91;cscore=153.79;sscore=4.12;rscore=0.00;uscore=0.08;tscore=2.76;"
//
DEFINITION  seqnum=37;seqlen=3559;seqhdr="k141_487689";version=Prodigal.v2.6.3;run_type=Single;model="Ab initio";gc_cont=39.31;transl_table=11;uses_sd=0
FEATURES             Location/Qualifiers
     CDS             <1..159
                     /note="ID=37_1;partial=10;start_type=Edge;rbs_motif=None;rbs_spacer=None;gc_cont=0.390;conf=87.96;score=8.65;cscore=5.43;sscore=3.22;rscore=0.00;uscore=0.00;tscore=3.22;"
     CDS             264..623
                     /note="ID=37_2;partial=00;start_type=GTG;rbs_motif=None;rbs_spacer=None;gc_cont=0.444;conf=99.92;score=30.92;cscore=30.39;sscore=0.52;rscore=0.00;uscore=1.57;tscore=-1.04;"
     CDS             complement(1118..1402)
                     /note="ID=37_3;partial=00;start_type=ATG;rbs_motif=None;rbs_spacer=None;gc_cont=0.379;conf=97.53;score=15.98;cscore=18.06;sscore=-2.08;rscore=0.00;uscore=-4.18;tscore=2.76;"
     CDS             complement(1885..2523)
                     /note="ID=37_4;partial=00;start_type=GTG;rbs_motif=None;rbs_spacer=None;gc_cont=0.382;conf=100.00;score=60.18;cscore=59.43;sscore=0.75;rscore=0.00;uscore=2.45;tscore=-1.04;"
     CDS             2701..2910
                     /note="ID=37_5;partial=00;start_type=ATG;rbs_motif=None;rbs_spacer=None;gc_cont=0.476;conf=51.03;score=0.18;cscore=0.63;sscore=-0.45;rscore=0.00;uscore=-2.73;tscore=2.28;"
     CDS             complement(2898..>3557)
                     /note="ID=37_6;partial=01;start_type=Edge;rbs_motif=None;rbs_spacer=None;gc_cont=0.423;conf=100.00;score=67.69;cscore=64.48;sscore=3.22;rscore=0.00;uscore=0.00;tscore=3.22;"
//
DEFINITION  seqnum=38;seqlen=2907;seqhdr="k141_353758";version=Prodigal.v2.6.3;run_type=Single;model="Ab initio";gc_cont=39.31;transl_table=11;uses_sd=0
FEATURES             Location/Qualifiers
     CDS             <2..697
                     /note="ID=38_1;partial=10;start_type=Edge;rbs_motif=None;rbs_spacer=None;gc_cont=0.451;conf=99.92;score=31.05;cscore=27.84;sscore=3.22;rscore=0.00;uscore=0.00;tscore=3.22;"
     CDS             complement(811..1194)
                     /note="ID=38_2;partial=00;start_type=ATG;rbs_motif=None;rbs_spacer=None;gc_cont=0.341;conf=99.99;score=41.01;cscore=36.97;sscore=4.03;rscore=0.00;uscore=1.93;tscore=2.76;"
     CDS             1268..1678
                     /note="ID=38_3;partial=00;start_type=ATG;rbs_motif=None;rbs_spacer=None;gc_cont=0.333;conf=99.99;score=41.88;cscore=35.85;sscore=6.03;rscore=0.00;uscore=3.27;tscore=2.76;"
     CDS             1983..2285
                     /note="ID=38_4;partial=00;start_type=ATG;rbs_motif=None;rbs_spacer=None;gc_cont=0.396;conf=68.30;score=3.34;cscore=-0.84;sscore=4.18;rscore=0.00;uscore=2.57;tscore=2.76;"
     CDS             complement(2269..>2907)
                     /note="ID=38_5;partial=01;start_type=Edge;rbs_motif=None;rbs_spacer=None;gc_cont=0.387;conf=100.00;score=47.51;cscore=44.29;sscore=3.22;rscore=0.00;uscore=0.00;tscore=3.22;"
//
DEFINITION  seqnum=39;seqlen=3078;seqhdr="k141_86601";version=Prodigal.v2.6.3;run_type=Single;model="Ab initio";gc_cont=39.31;transl_table=11;uses_sd=0
FEATURES             Location/Qualifiers
     CDS             <1..213
                     /note="ID=39_1;partial=10;start_type=Edge;rbs_motif=None;rbs_spacer=None;gc_cont=0.455;conf=94.56;score=12.42;cscore=9.20;sscore=3.22;rscore=0.00;uscore=0.00;tscore=3.22;"
     CDS             269..601
                     /note="ID=39_2;partial=00;start_type=ATG;rbs_motif=None;rbs_spacer=None;gc_cont=0.372;conf=71.30;score=3.96;cscore=3.70;sscore=0.26;rscore=0.00;uscore=-3.17;tscore=2.76;"
     CDS             715..903
                     /note="ID=39_3;partial=00;start_type=ATG;rbs_motif=None;rbs_spacer=None;gc_cont=0.460;conf=60.20;score=1.80;cscore=0.36;sscore=1.44;rscore=0.00;uscore=-0.61;tscore=2.05;"
     CDS             928..1458
                     /note="ID=39_4;partial=00;start_type=ATG;rbs_motif=None;rbs_spacer=None;gc_cont=0.414;conf=100.00;score=52.23;cscore=46.53;sscore=5.70;rscore=0.00;uscore=1.93;tscore=2.76;"
     CDS             1562..2470
                     /note="ID=39_5;partial=00;start_type=ATG;rbs_motif=None;rbs_spacer=None;gc_cont=0.436;conf=100.00;score=82.13;cscore=74.92;sscore=7.22;rscore=0.00;uscore=4.46;tscore=2.76;"
     CDS             complement(2405..2674)
                     /note="ID=39_6;partial=00;start_type=ATG;rbs_motif=None;rbs_spacer=None;gc_cont=0.396;conf=84.96;score=7.53;cscore=6.82;sscore=0.72;rscore=0.00;uscore=-2.04;tscore=2.76;"
//
DEFINITION  seqnum=40;seqlen=2850;seqhdr="k141_389937";version=Prodigal.v2.6.3;run_type=Single;model="Ab initio";gc_cont=39.31;transl_table=11;uses_sd=0
FEATURES             Location/Qualifiers
     CDS             <1..393
                     /note="ID=40_1;partial=10;start_type=Edge;rbs_motif=None;rbs_spacer=None;gc_cont=0.397;conf=99.99;score=38.38;cscore=35.16;sscore=3.22;rscore=0.00;uscore=0.00;tscore=3.22;"
     CDS             415..699
                     /note="ID=40_2;partial=00;start_type=ATG;rbs_motif=None;rbs_spacer=None;gc_cont=0.449;conf=94.87;score=12.69;cscore=7.61;sscore=5.08;rscore=0.00;uscore=1.28;tscore=2.76;"
     CDS             complement(632..1888)
                     /note="ID=40_3;partial=00;start_type=GTG;rbs_motif=None;rbs_spacer=None;gc_cont=0.397;conf=100.00;score=89.38;cscore=89.04;sscore=0.34;rscore=0.00;uscore=1.39;tscore=-1.04;"
//
DEFINITION  seqnum=41;seqlen=4397;seqhdr="k141_20926";version=Prodigal.v2.6.3;run_type=Single;model="Ab initio";gc_cont=39.31;transl_table=11;uses_sd=0
FEATURES             Location/Qualifiers
     CDS             complement(<2..100)
                     /note="ID=41_1;partial=10;start_type=ATG;rbs_motif=None;rbs_spacer=None;gc_cont=0.414;conf=70.79;score=3.85;cscore=4.11;sscore=-0.26;rscore=0.00;uscore=-2.37;tscore=2.76;"
     CDS             166..405
                     /note="ID=41_2;partial=00;start_type=ATG;rbs_motif=None;rbs_spacer=None;gc_cont=0.429;conf=89.11;score=9.15;cscore=6.00;sscore=3.15;rscore=0.00;uscore=0.53;tscore=2.61;"
     CDS             633..3695
                     /note="ID=41_3;partial=00;start_type=ATG;rbs_motif=None;rbs_spacer=None;gc_cont=0.352;conf=99.99;score=326.58;cscore=320.71;sscore=5.87;rscore=0.00;uscore=3.76;tscore=2.76;"
     CDS             3967..4194
                     /note="ID=41_4;partial=00;start_type=ATG;rbs_motif=None;rbs_spacer=None;gc_cont=0.443;conf=66.04;score=2.89;cscore=1.47;sscore=1.43;rscore=0.00;uscore=-1.06;tscore=2.48;"
     CDS             complement(4270..>4395)
                     /note="ID=41_5;partial=01;start_type=Edge;rbs_motif=None;rbs_spacer=None;gc_cont=0.405;conf=54.42;score=0.77;cscore=-1.95;sscore=2.72;rscore=0.00;uscore=0.00;tscore=3.22;"
//
DEFINITION  seqnum=42;seqlen=2678;seqhdr="k141_290868";version=Prodigal.v2.6.3;run_type=Single;model="Ab initio";gc_cont=39.31;transl_table=11;uses_sd=0
FEATURES             Location/Qualifiers
     CDS             complement(<3..485)
                     /note="ID=42_1;partial=10;start_type=GTG;rbs_motif=None;rbs_spacer=None;gc_cont=0.412;conf=99.97;score=35.25;cscore=37.25;sscore=-2.00;rscore=0.00;uscore=-0.31;tscore=-1.04;"
     CDS             604..861
                     /note="ID=42_2;partial=00;start_type=GTG;rbs_motif=None;rbs_spacer=None;gc_cont=0.380;conf=82.27;score=6.68;cscore=9.12;sscore=-2.44;rscore=0.00;uscore=-1.40;tscore=-1.04;"
     CDS             957..1079
                     /note="ID=42_3;partial=00;start_type=GTG;rbs_motif=None;rbs_spacer=None;gc_cont=0.439;conf=58.63;score=1.52;cscore=2.97;sscore=-1.45;rscore=0.00;uscore=0.72;tscore=-2.18;"
     CDS             complement(1076..2029)
                     /note="ID=42_4;partial=00;start_type=ATG;rbs_motif=None;rbs_spacer=None;gc_cont=0.398;conf=100.00;score=113.37;cscore=106.71;sscore=6.66;rscore=0.00;uscore=3.14;tscore=2.76;"
     CDS             complement(2077..>2676)
                     /note="ID=42_5;partial=01;start_type=Edge;rbs_motif=None;rbs_spacer=None;gc_cont=0.375;conf=100.00;score=55.30;cscore=52.08;sscore=3.22;rscore=0.00;uscore=0.00;tscore=3.22;"
//
DEFINITION  seqnum=43;seqlen=3363;seqhdr="k141_358271";version=Prodigal.v2.6.3;run_type=Single;model="Ab initio";gc_cont=39.31;transl_table=11;uses_sd=0
FEATURES             Location/Qualifiers
     CDS             complement(<3..203)
                     /note="ID=43_1;partial=10;start_type=ATG;rbs_motif=None;rbs_spacer=None;gc_cont=0.403;conf=82.57;score=6.77;cscore=3.61;sscore=3.16;rscore=0.00;uscore=1.05;tscore=2.76;"
     CDS             285..2051
                     /note="ID=43_2;partial=00;start_type=ATG;rbs_motif=None;rbs_spacer=None;gc_cont=0.405;conf=99.99;score=194.09;cscore=189.20;sscore=4.89;rscore=0.00;uscore=2.14;tscore=2.76;"
     CDS             2008..2187
                     /note="ID=43_3;partial=00;start_type=ATG;rbs_motif=None;rbs_spacer=None;gc_cont=0.311;conf=80.21;score=6.09;cscore=5.97;sscore=0.11;rscore=0.00;uscore=-1.84;tscore=1.95;"
     CDS             2553..3293
                     /note="ID=43_4;partial=00;start_type=TTG;rbs_motif=None;rbs_spacer=None;gc_cont=0.418;conf=100.00;score=56.49;cscore=63.00;sscore=-6.50;rscore=0.00;uscore=0.47;tscore=-6.32;"
//
DEFINITION  seqnum=44;seqlen=2787;seqhdr="k141_56813";version=Prodigal.v2.6.3;run_type=Single;model="Ab initio";gc_cont=39.31;transl_table=11;uses_sd=0
FEATURES             Location/Qualifiers
     CDS             complement(<3..257)
                     /note="ID=44_1;partial=10;start_type=TTG;rbs_motif=None;rbs_spacer=None;gc_cont=0.400;conf=76.72;score=5.19;cscore=14.27;sscore=-9.09;rscore=0.00;uscore=-2.11;tscore=-6.32;"
     CDS             559..744
                     /note="ID=44_2;partial=00;start_type=ATG;rbs_motif=None;rbs_spacer=None;gc_cont=0.446;conf=76.64;score=5.17;cscore=4.42;sscore=0.75;rscore=0.00;uscore=-1.27;tscore=2.02;"
     CDS             complement(962..1873)
                     /note="ID=44_3;partial=00;start_type=ATG;rbs_motif=None;rbs_spacer=None;gc_cont=0.361;conf=100.00;score=78.60;cscore=77.00;sscore=1.60;rscore=0.00;uscore=-0.50;tscore=2.76;"
     CDS             2093..2692
                     /note="ID=44_4;partial=00;start_type=ATG;rbs_motif=None;rbs_spacer=None;gc_cont=0.433;conf=100.00;score=54.59;cscore=52.02;sscore=2.57;rscore=0.00;uscore=-0.19;tscore=2.76;"
//
DEFINITION  seqnum=45;seqlen=4180;seqhdr="k141_493517";version=Prodigal.v2.6.3;run_type=Single;model="Ab initio";gc_cont=39.31;transl_table=11;uses_sd=0
FEATURES             Location/Qualifiers
     CDS             <3..170
                     /note="ID=45_1;partial=10;start_type=Edge;rbs_motif=None;rbs_spacer=None;gc_cont=0.506;conf=85.13;score=7.59;cscore=4.37;sscore=3.22;rscore=0.00;uscore=0.00;tscore=3.22;"
     CDS             complement(306..680)
                     /note="ID=45_2;partial=00;start_type=ATG;rbs_motif=None;rbs_spacer=None;gc_cont=0.325;conf=98.44;score=18.03;cscore=13.12;sscore=4.92;rscore=0.00;uscore=2.81;tscore=2.76;"
     CDS             729..905
                     /note="ID=45_3;partial=00;start_type=GTG;rbs_motif=None;rbs_spacer=None;gc_cont=0.367;conf=74.59;score=4.68;cscore=6.15;sscore=-1.46;rscore=0.00;uscore=0.04;tscore=-1.50;"
     CDS             complement(921..1295)
                     /note="ID=45_4;partial=00;start_type=ATG;rbs_motif=None;rbs_spacer=None;gc_cont=0.357;conf=99.90;score=30.15;cscore=28.15;sscore=1.99;rscore=0.00;uscore=-0.11;tscore=2.76;"
     CDS             1594..2088
                     /note="ID=45_5;partial=00;start_type=ATG;rbs_motif=None;rbs_spacer=None;gc_cont=0.442;conf=99.95;score=33.27;cscore=29.85;sscore=3.42;rscore=0.00;uscore=0.66;tscore=2.76;"
     CDS             2094..2243
                     /note="ID=45_6;partial=00;start_type=ATG;rbs_motif=None;rbs_spacer=None;gc_cont=0.447;conf=73.03;score=4.33;cscore=3.43;sscore=0.91;rscore=0.00;uscore=-1.93;tscore=1.62;"
     CDS             complement(2630..2923)
                     /note="ID=45_7;partial=00;start_type=ATG;rbs_motif=None;rbs_spacer=None;gc_cont=0.364;conf=99.23;score=21.15;cscore=19.16;sscore=2.00;rscore=0.00;uscore=-0.76;tscore=2.76;"
     CDS             complement(2886..3011)
                     /note="ID=45_8;partial=00;start_type=GTG;rbs_motif=None;rbs_spacer=None;gc_cont=0.381;conf=79.24;score=5.83;cscore=5.34;sscore=0.48;rscore=0.00;uscore=1.94;tscore=-2.12;"
     CDS             complement(3068..3508)
                     /note="ID=45_9;partial=00;start_type=ATG;rbs_motif=None;rbs_spacer=None;gc_cont=0.410;conf=100.00;score=45.05;cscore=44.06;sscore=0.99;rscore=0.00;uscore=-1.12;tscore=2.76;"
     CDS             3633..3860
                     /note="ID=45_10;partial=00;start_type=GTG;rbs_motif=None;rbs_spacer=None;gc_cont=0.417;conf=67.63;score=3.20;cscore=7.39;sscore=-4.18;rscore=0.00;uscore=-3.02;tscore=-1.16;"
     CDS             4022..>4180
                     /note="ID=45_11;partial=01;start_type=ATG;rbs_motif=None;rbs_spacer=None;gc_cont=0.409;conf=98.20;score=17.39;cscore=15.56;sscore=1.83;rscore=0.00;uscore=-0.93;tscore=2.76;"
//
DEFINITION  seqnum=46;seqlen=4783;seqhdr="k141_460063";version=Prodigal.v2.6.3;run_type=Single;model="Ab initio";gc_cont=39.31;transl_table=11;uses_sd=0
FEATURES             Location/Qualifiers
     CDS             <1..321
                     /note="ID=46_1;partial=10;start_type=Edge;rbs_motif=None;rbs_spacer=None;gc_cont=0.424;conf=98.01;score=16.95;cscore=13.73;sscore=3.22;rscore=0.00;uscore=0.00;tscore=3.22;"
     CDS             356..1000
                     /note="ID=46_2;partial=00;start_type=TTG;rbs_motif=None;rbs_spacer=None;gc_cont=0.398;conf=99.98;score=37.00;cscore=41.03;sscore=-4.02;rscore=0.00;uscore=1.40;tscore=-6.32;"
     CDS             complement(1399..3300)
                     /note="ID=46_3;partial=00;start_type=ATG;rbs_motif=None;rbs_spacer=None;gc_cont=0.394;conf=99.99;score=182.10;cscore=178.65;sscore=3.45;rscore=0.00;uscore=1.35;tscore=2.76;"
     CDS             3652..4488
                     /note="ID=46_4;partial=00;start_type=TTG;rbs_motif=None;rbs_spacer=None;gc_cont=0.399;conf=99.99;score=41.27;cscore=48.01;sscore=-6.74;rscore=0.00;uscore=-0.41;tscore=-6.32;"
     CDS             4610..4765
                     /note="ID=46_5;partial=00;start_type=ATG;rbs_motif=None;rbs_spacer=None;gc_cont=0.397;conf=64.90;score=2.67;cscore=0.06;sscore=2.61;rscore=0.00;uscore=0.92;tscore=1.69;"
//
DEFINITION  seqnum=47;seqlen=3767;seqhdr="k141_394480";version=Prodigal.v2.6.3;run_type=Single;model="Ab initio";gc_cont=39.31;transl_table=11;uses_sd=0
FEATURES             Location/Qualifiers
     CDS             387..536
                     /note="ID=47_1;partial=00;start_type=ATG;rbs_motif=None;rbs_spacer=None;gc_cont=0.367;conf=59.60;score=1.69;cscore=2.94;sscore=-1.25;rscore=0.00;uscore=-2.87;tscore=1.62;"
     CDS             842..1111
                     /note="ID=47_2;partial=00;start_type=ATG;rbs_motif=None;rbs_spacer=None;gc_cont=0.385;conf=99.22;score=21.07;cscore=19.63;sscore=1.44;rscore=0.00;uscore=-0.67;tscore=2.76;"
     CDS             1879..2136
                     /note="ID=47_3;partial=00;start_type=ATG;rbs_motif=None;rbs_spacer=None;gc_cont=0.422;conf=98.95;score=19.76;cscore=19.36;sscore=0.40;rscore=0.00;uscore=-1.70;tscore=2.76;"
     CDS             2724..2840
                     /note="ID=47_4;partial=00;start_type=ATG;rbs_motif=None;rbs_spacer=None;gc_cont=0.376;conf=57.90;score=1.39;cscore=3.09;sscore=-1.70;rscore=0.00;uscore=-2.31;tscore=1.26;"
     CDS             complement(2880..3422)
                     /note="ID=47_5;partial=00;start_type=ATG;rbs_motif=None;rbs_spacer=None;gc_cont=0.385;conf=99.96;score=34.60;cscore=30.77;sscore=3.83;rscore=0.00;uscore=1.73;tscore=2.76;"
     CDS             complement(3614..>3766)
                     /note="ID=47_6;partial=01;start_type=Edge;rbs_motif=None;rbs_spacer=None;gc_cont=0.399;conf=58.00;score=1.40;cscore=-1.32;sscore=2.72;rscore=0.00;uscore=0.00;tscore=3.22;"
//
DEFINITION  seqnum=48;seqlen=6863;seqhdr="k141_496450";version=Prodigal.v2.6.3;run_type=Single;model="Ab initio";gc_cont=39.31;transl_table=11;uses_sd=0
FEATURES             Location/Qualifiers
     CDS             complement(179..505)
                     /note="ID=48_1;partial=00;start_type=GTG;rbs_motif=None;rbs_spacer=None;gc_cont=0.379;conf=99.65;score=24.53;cscore=26.72;sscore=-2.19;rscore=0.00;uscore=-0.49;tscore=-1.04;"
     CDS             complement(1079..1663)
                     /note="ID=48_2;partial=00;start_type=ATG;rbs_motif=None;rbs_spacer=None;gc_cont=0.374;conf=99.99;score=39.81;cscore=37.37;sscore=2.43;rscore=0.00;uscore=-0.32;tscore=2.76;"
     CDS             complement(1804..2151)
                     /note="ID=48_3;partial=00;start_type=TTG;rbs_motif=None;rbs_spacer=None;gc_cont=0.445;conf=99.93;score=31.56;cscore=37.08;sscore=-5.52;rscore=0.00;uscore=0.81;tscore=-6.32;"
     CDS             complement(2310..2525)
                     /note="ID=48_4;partial=00;start_type=ATG;rbs_motif=None;rbs_spacer=None;gc_cont=0.394;conf=96.58;score=14.53;cscore=13.73;sscore=0.80;rscore=0.00;uscore=-1.55;tscore=2.35;"
     CDS             complement(2530..3285)
                     /note="ID=48_5;partial=00;start_type=ATG;rbs_motif=None;rbs_spacer=None;gc_cont=0.417;conf=100.00;score=54.10;cscore=55.08;sscore=-0.98;rscore=0.00;uscore=-3.08;tscore=2.76;"
     CDS             3450..3584
                     /note="ID=48_6;partial=00;start_type=ATG;rbs_motif=None;rbs_spacer=None;gc_cont=0.333;conf=78.58;score=5.65;cscore=6.62;sscore=-0.97;rscore=0.00;uscore=-2.43;tscore=1.46;"
     CDS             3920..5158
                     /note="ID=48_7;partial=00;start_type=ATG;rbs_motif=None;rbs_spacer=None;gc_cont=0.446;conf=100.00;score=130.03;cscore=128.40;sscore=1.63;rscore=0.00;uscore=-0.47;tscore=2.76;"
     CDS             complement(5430..5681)
                     /note="ID=48_8;partial=00;start_type=GTG;rbs_motif=None;rbs_spacer=None;gc_cont=0.417;conf=89.71;score=9.42;cscore=8.04;sscore=1.38;rscore=0.00;uscore=3.08;tscore=-1.05;"
     CDS             complement(5912..6121)
                     /note="ID=48_9;partial=00;start_type=ATG;rbs_motif=None;rbs_spacer=None;gc_cont=0.457;conf=97.15;score=15.35;cscore=10.75;sscore=4.60;rscore=0.00;uscore=1.21;tscore=2.28;"
     CDS             complement(6137..6418)
                     /note="ID=48_10;partial=00;start_type=ATG;rbs_motif=None;rbs_spacer=None;gc_cont=0.376;conf=93.56;score=11.64;cscore=6.85;sscore=4.79;rscore=0.00;uscore=2.69;tscore=2.76;"
     CDS             6451..>6861
                     /note="ID=48_11;partial=01;start_type=ATG;rbs_motif=None;rbs_spacer=None;gc_cont=0.406;conf=100.00;score=45.23;cscore=38.71;sscore=6.52;rscore=0.00;uscore=3.76;tscore=2.76;"
//
DEFINITION  seqnum=49;seqlen=4619;seqhdr="k141_429343";version=Prodigal.v2.6.3;run_type=Single;model="Ab initio";gc_cont=39.31;transl_table=11;uses_sd=0
FEATURES             Location/Qualifiers
     CDS             complement(<1..690)
                     /note="ID=49_1;partial=10;start_type=ATG;rbs_motif=None;rbs_spacer=None;gc_cont=0.413;conf=100.00;score=74.77;cscore=74.51;sscore=0.26;rscore=0.00;uscore=-3.64;tscore=2.76;"
     CDS             complement(702..908)
                     /note="ID=49_2;partial=00;start_type=ATG;rbs_motif=None;rbs_spacer=None;gc_cont=0.430;conf=54.49;score=0.78;cscore=1.93;sscore=-1.15;rscore=0.00;uscore=-4.53;tscore=2.25;"
     CDS             complement(922..1152)
                     /note="ID=49_3;partial=00;start_type=GTG;rbs_motif=None;rbs_spacer=None;gc_cont=0.394;conf=83.97;score=7.20;cscore=8.44;sscore=-1.24;rscore=0.00;uscore=0.56;tscore=-1.15;"
     CDS             1166..2158
                     /note="ID=49_4;partial=00;start_type=ATG;rbs_motif=None;rbs_spacer=None;gc_cont=0.341;conf=100.00;score=99.40;cscore=94.22;sscore=5.19;rscore=0.00;uscore=2.43;tscore=2.76;"
     CDS             complement(2182..3471)
                     /note="ID=49_5;partial=00;start_type=GTG;rbs_motif=None;rbs_spacer=None;gc_cont=0.373;conf=100.00;score=119.29;cscore=121.58;sscore=-2.29;rscore=0.00;uscore=-0.59;tscore=-1.04;"
     CDS             3583..4119
                     /note="ID=49_6;partial=00;start_type=ATG;rbs_motif=None;rbs_spacer=None;gc_cont=0.384;conf=99.97;score=36.01;cscore=31.71;sscore=4.30;rscore=0.00;uscore=1.54;tscore=2.76;"
     CDS             complement(4393..>4617)
                     /note="ID=49_7;partial=01;start_type=Edge;rbs_motif=None;rbs_spacer=None;gc_cont=0.369;conf=86.05;score=7.91;cscore=4.69;sscore=3.22;rscore=0.00;uscore=0.00;tscore=3.22;"
//
DEFINITION  seqnum=50;seqlen=3255;seqhdr="k141_362615";version=Prodigal.v2.6.3;run_type=Single;model="Ab initio";gc_cont=39.31;transl_table=11;uses_sd=0
FEATURES             Location/Qualifiers
     CDS             <3..599
                     /note="ID=50_1;partial=10;start_type=Edge;rbs_motif=None;rbs_spacer=None;gc_cont=0.384;conf=100.00;score=49.39;cscore=46.18;sscore=3.22;rscore=0.00;uscore=0.00;tscore=3.22;"
     CDS             1137..1505
                     /note="ID=50_2;partial=00;start_type=ATG;rbs_motif=None;rbs_spacer=None;gc_cont=0.450;conf=94.97;score=12.78;cscore=9.85;sscore=2.92;rscore=0.00;uscore=0.82;tscore=2.76;"
     CDS             1527..2681
                     /note="ID=50_3;partial=00;start_type=ATG;rbs_motif=None;rbs_spacer=None;gc_cont=0.435;conf=100.00;score=81.89;cscore=78.31;sscore=3.58;rscore=0.00;uscore=-0.22;tscore=2.76;"
     CDS             2699..3061
                     /note="ID=50_4;partial=00;start_type=ATG;rbs_motif=None;rbs_spacer=None;gc_cont=0.446;conf=99.82;score=27.39;cscore=22.10;sscore=5.29;rscore=0.00;uscore=1.45;tscore=2.76;"
//
DEFINITION  seqnum=51;seqlen=3727;seqhdr="k141_295772";version=Prodigal.v2.6.3;run_type=Single;model="Ab initio";gc_cont=39.31;transl_table=11;uses_sd=0
FEATURES             Location/Qualifiers
     CDS             331..612
                     /note="ID=51_1;partial=00;start_type=GTG;rbs_motif=None;rbs_spacer=None;gc_cont=0.479;conf=98.06;score=17.06;cscore=15.94;sscore=1.12;rscore=0.00;uscore=2.16;tscore=-1.04;"
     CDS             complement(746..1678)
                     /note="ID=51_2;partial=00;start_type=ATG;rbs_motif=None;rbs_spacer=None;gc_cont=0.403;conf=100.00;score=77.76;cscore=76.62;sscore=1.14;rscore=0.00;uscore=-0.97;tscore=2.76;"
     CDS             1736..2206
                     /note="ID=51_3;partial=00;start_type=ATG;rbs_motif=None;rbs_spacer=None;gc_cont=0.391;conf=99.99;score=40.43;cscore=38.21;sscore=2.22;rscore=0.00;uscore=-0.54;tscore=2.76;"
     CDS             2284..2706
                     /note="ID=51_4;partial=00;start_type=ATG;rbs_motif=None;rbs_spacer=None;gc_cont=0.392;conf=98.51;score=18.24;cscore=17.30;sscore=0.94;rscore=0.00;uscore=-1.81;tscore=2.76;"
     CDS             complement(2846..3298)
                     /note="ID=51_5;partial=00;start_type=GTG;rbs_motif=None;rbs_spacer=None;gc_cont=0.404;conf=99.99;score=41.84;cscore=42.69;sscore=-0.85;rscore=0.00;uscore=0.85;tscore=-1.04;"
     CDS             3633..>3725
                     /note="ID=51_6;partial=01;start_type=ATG;rbs_motif=None;rbs_spacer=None;gc_cont=0.409;conf=69.68;score=3.62;cscore=3.41;sscore=0.21;rscore=0.00;uscore=-2.55;tscore=2.76;"
//
DEFINITION  seqnum=52;seqlen=8094;seqhdr="k141_429700";version=Prodigal.v2.6.3;run_type=Single;model="Ab initio";gc_cont=39.31;transl_table=11;uses_sd=0
FEATURES             Location/Qualifiers
     CDS             complement(540..1208)
                     /note="ID=52_1;partial=00;start_type=TTG;rbs_motif=None;rbs_spacer=None;gc_cont=0.416;conf=100.00;score=44.06;cscore=48.65;sscore=-4.59;rscore=0.00;uscore=2.39;tscore=-6.32;"
     CDS             complement(1685..2068)
                     /note="ID=52_2;partial=00;start_type=ATG;rbs_motif=None;rbs_spacer=None;gc_cont=0.451;conf=100.00;score=43.95;cscore=39.21;sscore=4.73;rscore=0.00;uscore=2.63;tscore=2.76;"
     CDS             2247..2660
                     /note="ID=52_3;partial=00;start_type=ATG;rbs_motif=None;rbs_spacer=None;gc_cont=0.348;conf=99.98;score=36.17;cscore=31.61;sscore=4.57;rscore=0.00;uscore=1.81;tscore=2.76;"
     CDS             complement(2790..3248)
                     /note="ID=52_4;partial=00;start_type=TTG;rbs_motif=None;rbs_spacer=None;gc_cont=0.368;conf=97.01;score=15.14;cscore=18.63;sscore=-3.49;rscore=0.00;uscore=2.84;tscore=-6.32;"
     CDS             complement(3364..3540)
                     /note="ID=52_5;partial=00;start_type=ATG;rbs_motif=None;rbs_spacer=None;gc_cont=0.446;conf=64.59;score=2.61;cscore=-1.78;sscore=4.40;rscore=0.00;uscore=1.73;tscore=1.92;"
     CDS             complement(3533..3727)
                     /note="ID=52_6;partial=00;start_type=ATG;rbs_motif=None;rbs_spacer=None;gc_cont=0.374;conf=98.20;score=17.39;cscore=14.13;sscore=3.26;rscore=0.00;uscore=0.17;tscore=2.12;"
     CDS             complement(3756..3959)
                     /note="ID=52_7;partial=00;start_type=ATG;rbs_motif=None;rbs_spacer=None;gc_cont=0.422;conf=83.82;score=7.15;cscore=1.11;sscore=6.04;rscore=0.00;uscore=2.53;tscore=2.22;"
     CDS             complement(3956..4159)
                     /note="ID=52_8;partial=00;start_type=ATG;rbs_motif=None;rbs_spacer=None;gc_cont=0.333;conf=90.29;score=9.70;cscore=6.19;sscore=3.51;rscore=0.00;uscore=-0.81;tscore=2.22;"
     CDS             complement(4156..4806)
                     /note="ID=52_9;partial=00;start_type=ATG;rbs_motif=None;rbs_spacer=None;gc_cont=0.401;conf=100.00;score=52.35;cscore=48.28;sscore=4.07;rscore=0.00;uscore=0.07;tscore=2.76;"
     CDS             complement(4799..5968)
                     /note="ID=52_10;partial=00;start_type=ATG;rbs_motif=None;rbs_spacer=None;gc_cont=0.391;conf=100.00;score=122.59;cscore=117.64;sscore=4.95;rscore=0.00;uscore=2.19;tscore=2.76;"
     CDS             complement(6106..6789)
                     /note="ID=52_11;partial=00;start_type=ATG;rbs_motif=None;rbs_spacer=None;gc_cont=0.365;conf=100.00;score=71.88;cscore=68.74;sscore=3.14;rscore=0.00;uscore=1.04;tscore=2.76;"
     CDS             complement(7130..>8092)
                     /note="ID=52_12;partial=01;start_type=Edge;rbs_motif=None;rbs_spacer=None;gc_cont=0.363;conf=100.00;score=100.52;cscore=97.30;sscore=3.22;rscore=0.00;uscore=0.00;tscore=3.22;"
//
DEFINITION  seqnum=53;seqlen=2545;seqhdr="k141_328865";version=Prodigal.v2.6.3;run_type=Single;model="Ab initio";gc_cont=39.31;transl_table=11;uses_sd=0
FEATURES             Location/Qualifiers
     CDS             <1..1323
                     /note="ID=53_1;partial=10;start_type=Edge;rbs_motif=None;rbs_spacer=None;gc_cont=0.414;conf=100.00;score=111.55;cscore=108.33;sscore=3.22;rscore=0.00;uscore=0.00;tscore=3.22;"
     CDS             complement(1372..>2544)
                     /note="ID=53_2;partial=01;start_type=Edge;rbs_motif=None;rbs_spacer=None;gc_cont=0.366;conf=100.00;score=115.42;cscore=112.20;sscore=3.22;rscore=0.00;uscore=0.00;tscore=3.22;"
//
DEFINITION  seqnum=54;seqlen=3162;seqhdr="k141_298390";version=Prodigal.v2.6.3;run_type=Single;model="Ab initio";gc_cont=39.31;transl_table=11;uses_sd=0
FEATURES             Location/Qualifiers
     CDS             <3..692
                     /note="ID=54_1;partial=10;start_type=Edge;rbs_motif=None;rbs_spacer=None;gc_cont=0.361;conf=100.00;score=60.02;cscore=56.80;sscore=3.22;rscore=0.00;uscore=0.00;tscore=3.22;"
     CDS             1257..1415
                     /note="ID=54_2;partial=00;start_type=ATG;rbs_motif=None;rbs_spacer=None;gc_cont=0.358;conf=51.65;score=0.29;cscore=-0.57;sscore=0.86;rscore=0.00;uscore=0.29;tscore=1.72;"
     CDS             1754..2413
                     /note="ID=54_3;partial=00;start_type=GTG;rbs_motif=None;rbs_spacer=None;gc_cont=0.473;conf=99.98;score=36.99;cscore=36.74;sscore=0.25;rscore=0.00;uscore=-3.01;tscore=-1.04;"
     CDS             complement(2734..2898)
                     /note="ID=54_4;partial=00;start_type=ATG;rbs_motif=None;rbs_spacer=None;gc_cont=0.400;conf=62.43;score=2.21;cscore=3.71;sscore=-1.51;rscore=0.00;uscore=-2.64;tscore=1.79;"
     CDS             complement(3086..>3160)
                     /note="ID=54_5;partial=01;start_type=Edge;rbs_motif=None;rbs_spacer=None;gc_cont=0.400;conf=55.54;score=0.97;cscore=-1.75;sscore=2.72;rscore=0.00;uscore=0.00;tscore=3.22;"
//
DEFINITION  seqnum=55;seqlen=2804;seqhdr="k141_131260";version=Prodigal.v2.6.3;run_type=Single;model="Ab initio";gc_cont=39.31;transl_table=11;uses_sd=0
FEATURES             Location/Qualifiers
     CDS             complement(55..675)
                     /note="ID=55_1;partial=00;start_type=GTG;rbs_motif=None;rbs_spacer=None;gc_cont=0.419;conf=100.00;score=55.36;cscore=56.82;sscore=-1.45;rscore=0.00;uscore=-0.41;tscore=-1.04;"
     CDS             complement(734..1060)
                     /note="ID=55_2;partial=00;start_type=ATG;rbs_motif=None;rbs_spacer=None;gc_cont=0.370;conf=98.92;score=19.66;cscore=16.72;sscore=2.94;rscore=0.00;uscore=-1.03;tscore=2.76;"
     CDS             complement(1066..1581)
                     /note="ID=55_3;partial=00;start_type=ATG;rbs_motif=None;rbs_spacer=None;gc_cont=0.417;conf=100.00;score=44.01;cscore=42.36;sscore=1.65;rscore=0.00;uscore=-0.46;tscore=2.76;"
     CDS             complement(1785..2735)
                     /note="ID=55_4;partial=00;start_type=ATG;rbs_motif=None;rbs_spacer=None;gc_cont=0.416;conf=100.00;score=79.85;cscore=75.56;sscore=4.29;rscore=0.00;uscore=1.54;tscore=2.76;"
//
DEFINITION  seqnum=56;seqlen=2731;seqhdr="k141_30577";version=Prodigal.v2.6.3;run_type=Single;model="Ab initio";gc_cont=39.31;transl_table=11;uses_sd=0
FEATURES             Location/Qualifiers
     CDS             <1..165
                     /note="ID=56_1;partial=10;start_type=Edge;rbs_motif=None;rbs_spacer=None;gc_cont=0.442;conf=96.21;score=14.07;cscore=10.85;sscore=3.22;rscore=0.00;uscore=0.00;tscore=3.22;"
     CDS             complement(546..848)
                     /note="ID=56_2;partial=00;start_type=ATG;rbs_motif=None;rbs_spacer=None;gc_cont=0.347;conf=99.77;score=26.50;cscore=21.60;sscore=4.90;rscore=0.00;uscore=2.79;tscore=2.76;"
     CDS             1109..1417
                     /note="ID=56_3;partial=00;start_type=TTG;rbs_motif=None;rbs_spacer=None;gc_cont=0.359;conf=92.07;score=10.66;cscore=16.81;sscore=-6.14;rscore=0.00;uscore=0.18;tscore=-6.32;"
     CDS             1467..1919
                     /note="ID=56_4;partial=00;start_type=ATG;rbs_motif=None;rbs_spacer=None;gc_cont=0.424;conf=99.92;score=31.25;cscore=26.90;sscore=4.35;rscore=0.00;uscore=0.86;tscore=2.76;"
     CDS             2145..>2729
                     /note="ID=56_5;partial=01;start_type=ATG;rbs_motif=None;rbs_spacer=None;gc_cont=0.381;conf=100.00;score=54.83;cscore=52.39;sscore=2.44;rscore=0.00;uscore=0.34;tscore=2.76;"
//
DEFINITION  seqnum=57;seqlen=3184;seqhdr="k141_265999";version=Prodigal.v2.6.3;run_type=Single;model="Ab initio";gc_cont=39.31;transl_table=11;uses_sd=0
FEATURES             Location/Qualifiers
     CDS             <2..181
                     /note="ID=57_1;partial=10;start_type=Edge;rbs_motif=None;rbs_spacer=None;gc_cont=0.417;conf=72.88;score=4.30;cscore=1.08;sscore=3.22;rscore=0.00;uscore=0.00;tscore=3.22;"
     CDS             1054..1236
                     /note="ID=57_2;partial=00;start_type=ATG;rbs_motif=None;rbs_spacer=None;gc_cont=0.399;conf=79.06;score=5.78;cscore=9.35;sscore=-3.57;rscore=0.00;uscore=-4.90;tscore=1.98;"
     CDS             complement(1233..1796)
                     /note="ID=57_3;partial=00;start_type=ATG;rbs_motif=None;rbs_spacer=None;gc_cont=0.371;conf=99.99;score=40.59;cscore=36.90;sscore=3.70;rscore=0.00;uscore=1.59;tscore=2.76;"
     CDS             complement(2056..2625)
                     /note="ID=57_4;partial=00;start_type=ATG;rbs_motif=None;rbs_spacer=None;gc_cont=0.358;conf=100.00;score=53.68;cscore=50.38;sscore=3.29;rscore=0.00;uscore=1.19;tscore=2.76;"
     CDS             2652..2834
                     /note="ID=57_5;partial=00;start_type=TTG;rbs_motif=None;rbs_spacer=None;gc_cont=0.377;conf=78.15;score=5.54;cscore=18.70;sscore=-13.15;rscore=0.00;uscore=-4.37;tscore=-8.78;"
     CDS             complement(2827..3105)
                     /note="ID=57_6;partial=00;start_type=ATG;rbs_motif=None;rbs_spacer=None;gc_cont=0.384;conf=98.52;score=18.26;cscore=17.39;sscore=0.87;rscore=0.00;uscore=-1.89;tscore=2.76;"
//
DEFINITION  seqnum=58;seqlen=4218;seqhdr="k141_400035";version=Prodigal.v2.6.3;run_type=Single;model="Ab initio";gc_cont=39.31;transl_table=11;uses_sd=0
FEATURES             Location/Qualifiers
     CDS             <2..274
                     /note="ID=58_1;partial=10;start_type=Edge;rbs_motif=None;rbs_spacer=None;gc_cont=0.407;conf=99.58;score=23.79;cscore=20.57;sscore=3.22;rscore=0.00;uscore=0.00;tscore=3.22;"
     CDS             complement(387..650)
                     /note="ID=58_2;partial=00;start_type=ATG;rbs_motif=None;rbs_spacer=None;gc_cont=0.360;conf=85.82;score=7.83;cscore=3.30;sscore=4.54;rscore=0.00;uscore=2.43;tscore=2.76;"
     CDS             1847..3136
                     /note="ID=58_3;partial=00;start_type=GTG;rbs_motif=None;rbs_spacer=None;gc_cont=0.402;conf=100.00;score=97.47;cscore=101.23;sscore=-3.76;rscore=0.00;uscore=-2.72;tscore=-1.04;"
     CDS             3208..3984
                     /note="ID=58_4;partial=00;start_type=GTG;rbs_motif=None;rbs_spacer=None;gc_cont=0.456;conf=100.00;score=51.66;cscore=50.93;sscore=0.73;rscore=0.00;uscore=1.78;tscore=-1.04;"
//
DEFINITION  seqnum=59;seqlen=2534;seqhdr="k141_501699";version=Prodigal.v2.6.3;run_type=Single;model="Ab initio";gc_cont=39.31;transl_table=11;uses_sd=0
FEATURES             Location/Qualifiers
     CDS             <2..343
                     /note="ID=59_1;partial=10;start_type=Edge;rbs_motif=None;rbs_spacer=None;gc_cont=0.368;conf=99.53;score=23.31;cscore=20.09;sscore=3.22;rscore=0.00;uscore=0.00;tscore=3.22;"
     CDS             complement(573..1310)
                     /note="ID=59_2;partial=00;start_type=ATG;rbs_motif=None;rbs_spacer=None;gc_cont=0.466;conf=100.00;score=81.64;cscore=81.24;sscore=0.41;rscore=0.00;uscore=-1.70;tscore=2.76;"
     CDS             complement(1881..>2534)
                     /note="ID=59_3;partial=01;start_type=Edge;rbs_motif=None;rbs_spacer=None;gc_cont=0.416;conf=99.94;score=31.97;cscore=28.75;sscore=3.22;rscore=0.00;uscore=0.00;tscore=3.22;"
//
DEFINITION  seqnum=60;seqlen=3502;seqhdr="k141_334847";version=Prodigal.v2.6.3;run_type=Single;model="Ab initio";gc_cont=39.31;transl_table=11;uses_sd=0
FEATURES             Location/Qualifiers
     CDS             complement(<1..249)
                     /note="ID=60_1;partial=10;start_type=ATG;rbs_motif=None;rbs_spacer=None;gc_cont=0.345;conf=97.26;score=15.53;cscore=13.56;sscore=1.97;rscore=0.00;uscore=-0.14;tscore=2.76;"
     CDS             471..668
                     /note="ID=60_2;partial=00;start_type=ATG;rbs_motif=None;rbs_spacer=None;gc_cont=0.419;conf=87.13;score=8.32;cscore=5.82;sscore=2.50;rscore=0.00;uscore=0.35;tscore=2.15;"
     CDS             complement(804..1025)
                     /note="ID=60_3;partial=00;start_type=GTG;rbs_motif=None;rbs_spacer=None;gc_cont=0.351;conf=86.70;score=8.16;cscore=13.02;sscore=-4.86;rscore=0.00;uscore=-3.01;tscore=-1.19;"
     CDS             complement(1407..1919)
                     /note="ID=60_4;partial=00;start_type=ATG;rbs_motif=None;rbs_spacer=None;gc_cont=0.329;conf=99.98;score=38.18;cscore=34.73;sscore=3.45;rscore=0.00;uscore=1.35;tscore=2.76;"
     CDS             complement(2353..>3501)
                     /note="ID=60_5;partial=01;start_type=Edge;rbs_motif=None;rbs_spacer=None;gc_cont=0.380;conf=100.00;score=73.53;cscore=70.31;sscore=3.22;rscore=0.00;uscore=0.00;tscore=3.22;"
//
