DEFINITION  seqnum=1;seqlen=3128;seqhdr="k141_369684";version=Prodigal.v2.6.3;run_type=Single;model="Ab initio";gc_cont=36.79;transl_table=11;uses_sd=0
FEATURES             Location/Qualifiers
     CDS             complement(2..559)
                     /note="ID=1_1;partial=00;start_type=ATG;rbs_motif=None;rbs_spacer=None;gc_cont=0.326;conf=100.00;score=55.45;cscore=51.24;sscore=4.21;rscore=0.04;uscore=2.26;tscore=2.56;"
     CDS             834..1544
                     /note="ID=1_2;partial=00;start_type=TTG;rbs_motif=None;rbs_spacer=None;gc_cont=0.345;conf=100.00;score=70.12;cscore=67.82;sscore=2.30;rscore=0.04;uscore=4.71;tscore=-2.45;"
     CDS             complement(1537..1719)
                     /note="ID=1_3;partial=00;start_type=TTG;rbs_motif=None;rbs_spacer=None;gc_cont=0.306;conf=91.21;score=10.17;cscore=12.41;sscore=-2.23;rscore=0.03;uscore=1.14;tscore=-3.40;"
     CDS             complement(1834..2523)
                     /note="ID=1_4;partial=00;start_type=ATG;rbs_motif=None;rbs_spacer=None;gc_cont=0.361;conf=100.00;score=83.33;cscore=80.69;sscore=2.64;rscore=0.04;uscore=0.69;tscore=2.56;"
     CDS             2639..>3127
                     /note="ID=1_5;partial=01;start_type=ATG;rbs_motif=None;rbs_spacer=None;gc_cont=0.415;conf=100.00;score=54.03;cscore=49.13;sscore=4.90;rscore=0.04;uscore=2.30;tscore=2.56;"
//
DEFINITION  seqnum=2;seqlen=3095;seqhdr="k141_50104";version=Prodigal.v2.6.3;run_type=Single;model="Ab initio";gc_cont=36.79;transl_table=11;uses_sd=0
FEATURES             Location/Qualifiers
     CDS             36..716
                     /note="ID=2_1;partial=00;start_type=ATG;rbs_motif=None;rbs_spacer=None;gc_cont=0.372;conf=99.99;score=41.00;cscore=38.36;sscore=2.64;rscore=0.04;uscore=0.04;tscore=2.56;"
     CDS             1044..1451
                     /note="ID=2_2;partial=00;start_type=TTG;rbs_motif=None;rbs_spacer=None;gc_cont=0.387;conf=99.87;score=28.95;cscore=31.98;sscore=-3.03;rscore=0.04;uscore=0.03;tscore=-2.45;"
     CDS             complement(2504..2803)
                     /note="ID=2_3;partial=00;start_type=TTG;rbs_motif=AATT;rbs_spacer=14bp;gc_cont=0.363;conf=81.07;score=6.33;cscore=4.14;sscore=2.18;rscore=3.63;uscore=1.00;tscore=-2.45;"
//
DEFINITION  seqnum=3;seqlen=4304;seqhdr="k141_1440";version=Prodigal.v2.6.3;run_type=Single;model="Ab initio";gc_cont=36.79;transl_table=11;uses_sd=0
FEATURES             Location/Qualifiers
     CDS             <2..1900
                     /note="ID=3_1;partial=10;start_type=Edge;rbs_motif=None;rbs_spacer=None;gc_cont=0.357;conf=99.99;score=228.28;cscore=225.06;sscore=3.22;rscore=0.00;uscore=0.00;tscore=3.22;"
     CDS             complement(2677..3147)
                     /note="ID=3_2;partial=00;start_type=ATG;rbs_motif=None;rbs_spacer=None;gc_cont=0.376;conf=100.00;score=44.94;cscore=43.37;sscore=1.57;rscore=0.04;uscore=-0.37;tscore=2.56;"
     CDS             3561..3830
                     /note="ID=3_3;partial=00;start_type=ATG;rbs_motif=None;rbs_spacer=None;gc_cont=0.396;conf=99.73;score=25.69;cscore=25.59;sscore=0.10;rscore=0.04;uscore=-2.50;tscore=2.56;"
//
DEFINITION  seqnum=4;seqlen=2571;seqhdr="k141_26160";version=Prodigal.v2.6.3;run_type=Single;model="Ab initio";gc_cont=36.79;transl_table=11;uses_sd=0
FEATURES             Location/Qualifiers
     CDS             <3..1529
                     /note="ID=4_1;partial=10;start_type=Edge;rbs_motif=None;rbs_spacer=None;gc_cont=0.358;conf=100.00;score=168.24;cscore=165.02;sscore=3.22;rscore=0.00;uscore=0.00;tscore=3.22;"
     CDS             1617..>2570
                     /note="ID=4_2;partial=01;start_type=ATG;rbs_motif=None;rbs_spacer=None;gc_cont=0.378;conf=100.00;score=116.02;cscore=111.05;sscore=4.97;rscore=0.04;uscore=2.37;tscore=2.56;"
//
DEFINITION  seqnum=5;seqlen=3303;seqhdr="k141_2029";version=Prodigal.v2.6.3;run_type=Single;model="Ab initio";gc_cont=36.79;transl_table=11;uses_sd=0
FEATURES             Location/Qualifiers
     CDS             complement(159..1808)
                     /note="ID=5_1;partial=00;start_type=ATG;rbs_motif=None;rbs_spacer=None;gc_cont=0.336;conf=99.99;score=179.82;cscore=172.30;sscore=7.52;rscore=0.04;uscore=3.72;tscore=2.56;"
     CDS             complement(1796..>3301)
                     /note="ID=5_2;partial=01;start_type=Edge;rbs_motif=None;rbs_spacer=None;gc_cont=0.345;conf=100.00;score=153.20;cscore=149.98;sscore=3.22;rscore=0.00;uscore=0.00;tscore=3.22;"
//
DEFINITION  seqnum=6;seqlen=2806;seqhdr="k141_297561";version=Prodigal.v2.6.3;run_type=Single;model="Ab initio";gc_cont=36.79;transl_table=11;uses_sd=0
FEATURES             Location/Qualifiers
     CDS             82..537
                     /note="ID=6_1;partial=00;start_type=GTG;rbs_motif=None;rbs_spacer=None;gc_cont=0.404;conf=100.00;score=53.84;cscore=56.22;sscore=-2.38;rscore=0.04;uscore=4.39;tscore=-6.80;"
     CDS             699..1667
                     /note="ID=6_2;partial=00;start_type=ATG;rbs_motif=None;rbs_spacer=None;gc_cont=0.373;conf=100.00;score=130.39;cscore=122.06;sscore=8.33;rscore=0.04;uscore=5.73;tscore=2.56;"
     CDS             2027..>2806
                     /note="ID=6_3;partial=01;start_type=TTG;rbs_motif=None;rbs_spacer=None;gc_cont=0.436;conf=100.00;score=70.96;cscore=73.77;sscore=-2.81;rscore=0.04;uscore=0.25;tscore=-2.45;"
//
DEFINITION  seqnum=7;seqlen=2551;seqhdr="k141_175485";version=Prodigal.v2.6.3;run_type=Single;model="Ab initio";gc_cont=36.79;transl_table=11;uses_sd=0
FEATURES             Location/Qualifiers
     CDS             complement(<3..86)
                     /note="ID=7_1;partial=10;start_type=ATG;rbs_motif=None;rbs_spacer=None;gc_cont=0.512;conf=75.73;score=4.95;cscore=4.40;sscore=0.55;rscore=0.04;uscore=-1.39;tscore=2.56;"
     CDS             152..490
                     /note="ID=7_2;partial=00;start_type=ATG;rbs_motif=None;rbs_spacer=None;gc_cont=0.375;conf=99.39;score=22.17;cscore=18.33;sscore=3.84;rscore=0.04;uscore=1.24;tscore=2.56;"
     CDS             complement(515..823)
                     /note="ID=7_3;partial=00;start_type=ATG;rbs_motif=None;rbs_spacer=None;gc_cont=0.414;conf=98.83;score=19.29;cscore=19.02;sscore=0.27;rscore=0.04;uscore=-1.68;tscore=2.56;"
     CDS             complement(1671..2480)
                     /note="ID=7_4;partial=00;start_type=ATG;rbs_motif=None;rbs_spacer=None;gc_cont=0.380;conf=100.00;score=58.30;cscore=55.57;sscore=2.73;rscore=0.04;uscore=0.13;tscore=2.56;"
//
DEFINITION  seqnum=8;seqlen=2854;seqhdr="k141_52821";version=Prodigal.v2.6.3;run_type=Single;model="Ab initio";gc_cont=36.79;transl_table=11;uses_sd=0
FEATURES             Location/Qualifiers
     CDS             537..1415
                     /note="ID=8_1;partial=00;start_type=TTG;rbs_motif=AATT;rbs_spacer=14bp;gc_cont=0.400;conf=100.00;score=76.05;cscore=71.11;sscore=4.93;rscore=3.63;uscore=3.75;tscore=-2.45;"
     CDS             complement(1508..2035)
                     /note="ID=8_2;partial=00;start_type=ATG;rbs_motif=AATT;rbs_spacer=13bp;gc_cont=0.439;conf=99.97;score=35.81;cscore=26.72;sscore=9.09;rscore=3.63;uscore=3.55;tscore=2.56;"
     CDS             2319..>2852
                     /note="ID=8_3;partial=01;start_type=ATG;rbs_motif=None;rbs_spacer=None;gc_cont=0.423;conf=100.00;score=46.42;cscore=45.93;sscore=0.49;rscore=0.04;uscore=-2.11;tscore=2.56;"
//
DEFINITION  seqnum=9;seqlen=3520;seqhdr="k141_250041";version=Prodigal.v2.6.3;run_type=Single;model="Ab initio";gc_cont=36.79;transl_table=11;uses_sd=0
FEATURES             Location/Qualifiers
     CDS             <2..400
                     /note="ID=9_1;partial=10;start_type=Edge;rbs_motif=None;rbs_spacer=None;gc_cont=0.406;conf=99.93;score=31.45;cscore=28.23;sscore=3.22;rscore=0.00;uscore=0.00;tscore=3.22;"
     CDS             397..1371
                     /note="ID=9_2;partial=00;start_type=TTG;rbs_motif=None;rbs_spacer=None;gc_cont=0.360;conf=100.00;score=61.70;cscore=62.81;sscore=-1.11;rscore=0.04;uscore=-0.54;tscore=-2.45;"
     CDS             1361..2107
                     /note="ID=9_3;partial=00;start_type=TTG;rbs_motif=None;rbs_spacer=None;gc_cont=0.391;conf=100.00;score=69.12;cscore=66.85;sscore=2.27;rscore=0.04;uscore=3.46;tscore=-2.45;"
     CDS             2107..2736
                     /note="ID=9_4;partial=00;start_type=ATG;rbs_motif=None;rbs_spacer=None;gc_cont=0.383;conf=100.00;score=53.96;cscore=50.08;sscore=3.88;rscore=0.04;uscore=-3.53;tscore=2.56;"
     CDS             complement(2733..2930)
                     /note="ID=9_5;partial=00;start_type=ATG;rbs_motif=None;rbs_spacer=None;gc_cont=0.384;conf=70.36;score=3.76;cscore=-0.69;sscore=4.46;rscore=0.03;uscore=1.82;tscore=2.00;"
     CDS             complement(2946..3224)
                     /note="ID=9_6;partial=00;start_type=ATG;rbs_motif=None;rbs_spacer=None;gc_cont=0.416;conf=93.01;score=11.26;cscore=9.97;sscore=1.29;rscore=0.04;uscore=-0.66;tscore=2.56;"
     CDS             3411..>3518
                     /note="ID=9_7;partial=01;start_type=ATG;rbs_motif=None;rbs_spacer=None;gc_cont=0.444;conf=70.65;score=3.82;cscore=1.69;sscore=2.13;rscore=0.04;uscore=-0.47;tscore=2.56;"
//
DEFINITION  seqnum=10;seqlen=2645;seqhdr="k141_78182";version=Prodigal.v2.6.3;run_type=Single;model="Ab initio";gc_cont=36.79;transl_table=11;uses_sd=0
FEATURES             Location/Qualifiers
     CDS             complement(<3..224)
                     /note="ID=10_1;partial=10;start_type=ATG;rbs_motif=None;rbs_spacer=None;gc_cont=0.356;conf=97.92;score=16.75;cscore=14.18;sscore=2.57;rscore=0.04;uscore=0.62;tscore=2.56;"
     CDS             336..551
                     /note="ID=10_2;partial=00;start_type=ATG;rbs_motif=None;rbs_spacer=None;gc_cont=0.384;conf=96.14;score=13.98;cscore=10.22;sscore=3.76;rscore=0.03;uscore=1.55;tscore=2.18;"
     CDS             502..1308
                     /note="ID=10_3;partial=00;start_type=ATG;rbs_motif=None;rbs_spacer=None;gc_cont=0.400;conf=100.00;score=57.62;cscore=56.55;sscore=1.07;rscore=0.04;uscore=-1.53;tscore=2.56;"
     CDS             1585..2145
                     /note="ID=10_4;partial=00;start_type=ATG;rbs_motif=None;rbs_spacer=None;gc_cont=0.348;conf=100.00;score=57.05;cscore=52.15;sscore=4.90;rscore=0.04;uscore=2.96;tscore=2.56;"
     CDS             2234..2422
                     /note="ID=10_5;partial=00;start_type=ATG;rbs_motif=None;rbs_spacer=None;gc_cont=0.434;conf=96.21;score=14.07;cscore=10.99;sscore=3.08;rscore=0.03;uscore=1.14;tscore=1.91;"
     CDS             complement(2465..>2644)
                     /note="ID=10_6;partial=01;start_type=Edge;rbs_motif=None;rbs_spacer=None;gc_cont=0.400;conf=85.80;score=7.82;cscore=4.60;sscore=3.22;rscore=0.00;uscore=0.00;tscore=3.22;"
//
DEFINITION  seqnum=11;seqlen=4015;seqhdr="k141_54085";version=Prodigal.v2.6.3;run_type=Single;model="Ab initio";gc_cont=36.79;transl_table=11;uses_sd=0
FEATURES             Location/Qualifiers
     CDS             complement(<2..637)
                     /note="ID=11_1;partial=10;start_type=ATG;rbs_motif=None;rbs_spacer=None;gc_cont=0.341;conf=100.00;score=61.09;cscore=59.04;sscore=2.05;rscore=0.04;uscore=0.11;tscore=2.56;"
     CDS             1091..2176
                     /note="ID=11_2;partial=00;start_type=ATG;rbs_motif=None;rbs_spacer=None;gc_cont=0.420;conf=100.00;score=105.76;cscore=99.81;sscore=5.95;rscore=0.04;uscore=3.35;tscore=2.56;"
     CDS             3118..3645
                     /note="ID=11_3;partial=00;start_type=ATG;rbs_motif=None;rbs_spacer=None;gc_cont=0.350;conf=99.99;score=41.97;cscore=37.11;sscore=4.85;rscore=0.04;uscore=2.91;tscore=2.56;"
     CDS             complement(3742..>4014)
                     /note="ID=11_4;partial=01;start_type=Edge;rbs_motif=None;rbs_spacer=None;gc_cont=0.359;conf=99.71;score=25.36;cscore=22.14;sscore=3.22;rscore=0.00;uscore=0.00;tscore=3.22;"
//
DEFINITION  seqnum=12;seqlen=2766;seqhdr="k141_251204";version=Prodigal.v2.6.3;run_type=Single;model="Ab initio";gc_cont=36.79;transl_table=11;uses_sd=0
FEATURES             Location/Qualifiers
     CDS             complement(<2..148)
                     /note="ID=12_1;partial=10;start_type=ATG;rbs_motif=None;rbs_spacer=None;gc_cont=0.401;conf=97.46;score=15.87;cscore=14.59;sscore=1.28;rscore=0.04;uscore=-0.67;tscore=2.56;"
     CDS             236..1558
                     /note="ID=12_2;partial=00;start_type=TTG;rbs_motif=None;rbs_spacer=None;gc_cont=0.365;conf=100.00;score=156.03;cscore=152.47;sscore=3.56;rscore=0.04;uscore=5.97;tscore=-2.45;"
     CDS             complement(1589..1996)
                     /note="ID=12_3;partial=00;start_type=ATG;rbs_motif=None;rbs_spacer=None;gc_cont=0.375;conf=100.00;score=43.59;cscore=36.47;sscore=7.13;rscore=0.04;uscore=5.18;tscore=2.56;"
     CDS             2257..2709
                     /note="ID=12_4;partial=00;start_type=TTG;rbs_motif=None;rbs_spacer=None;gc_cont=0.329;conf=99.99;score=40.40;cscore=37.47;sscore=2.93;rscore=0.04;uscore=5.34;tscore=-2.45;"
//
DEFINITION  seqnum=13;seqlen=3499;seqhdr="k141_325513";version=Prodigal.v2.6.3;run_type=Single;model="Ab initio";gc_cont=36.79;transl_table=11;uses_sd=0
FEATURES             Location/Qualifiers
     CDS             <3..962
                     /note="ID=13_1;partial=10;start_type=Edge;rbs_motif=None;rbs_spacer=None;gc_cont=0.406;conf=100.00;score=102.48;cscore=99.26;sscore=3.22;rscore=0.00;uscore=0.00;tscore=3.22;"
     CDS             1170..2225
                     /note="ID=13_2;partial=00;start_type=TTG;rbs_motif=None;rbs_spacer=None;gc_cont=0.411;conf=100.00;score=120.97;cscore=121.44;sscore=-0.46;rscore=0.04;uscore=2.60;tscore=-2.45;"
     CDS             2742..>3497
                     /note="ID=13_3;partial=01;start_type=ATG;rbs_motif=None;rbs_spacer=None;gc_cont=0.351;conf=100.00;score=54.80;cscore=53.87;sscore=0.93;rscore=0.04;uscore=-1.01;tscore=2.56;"
//
DEFINITION  seqnum=14;seqlen=2940;seqhdr="k141_6314";version=Prodigal.v2.6.3;run_type=Single;model="Ab initio";gc_cont=36.79;transl_table=11;uses_sd=0
FEATURES             Location/Qualifiers
     CDS             complement(<2..1339)
                     /note="ID=14_1;partial=10;start_type=ATG;rbs_motif=None;rbs_spacer=None;gc_cont=0.430;conf=100.00;score=122.07;cscore=121.96;sscore=0.11;rscore=0.04;uscore=-1.84;tscore=2.56;"
     CDS             1563..1925
                     /note="ID=14_2;partial=00;start_type=ATG;rbs_motif=None;rbs_spacer=None;gc_cont=0.444;conf=99.78;score=26.59;cscore=21.80;sscore=4.79;rscore=0.04;uscore=2.19;tscore=2.56;"
     CDS             1967..2098
                     /note="ID=14_3;partial=00;start_type=ATG;rbs_motif=None;rbs_spacer=None;gc_cont=0.311;conf=72.79;score=4.28;cscore=0.73;sscore=3.55;rscore=0.02;uscore=1.38;tscore=1.32;"
     CDS             2077..2919
                     /note="ID=14_4;partial=00;start_type=ATG;rbs_motif=None;rbs_spacer=None;gc_cont=0.438;conf=100.00;score=98.76;cscore=96.90;sscore=1.86;rscore=0.04;uscore=-0.74;tscore=2.56;"
//
DEFINITION  seqnum=15;seqlen=3265;seqhdr="k141_31164";version=Prodigal.v2.6.3;run_type=Single;model="Ab initio";gc_cont=36.79;transl_table=11;uses_sd=0
FEATURES             Location/Qualifiers
     CDS             complement(<3..797)
                     /note="ID=15_1;partial=10;start_type=ATG;rbs_motif=AATT;rbs_spacer=13bp;gc_cont=0.418;conf=100.00;score=89.32;cscore=86.01;sscore=3.31;rscore=3.63;uscore=-2.23;tscore=2.56;"
     CDS             complement(982..1134)
                     /note="ID=15_2;partial=00;start_type=ATG;rbs_motif=None;rbs_spacer=None;gc_cont=0.458;conf=62.07;score=2.14;cscore=3.81;sscore=-1.66;rscore=0.02;uscore=-2.57;tscore=1.54;"
     CDS             1212..1370
                     /note="ID=15_3;partial=00;start_type=ATG;rbs_motif=AATT;rbs_spacer=15bp;gc_cont=0.465;conf=93.69;score=11.74;cscore=8.68;sscore=3.06;rscore=2.26;uscore=-0.81;tscore=1.60;"
     CDS             1412..2896
                     /note="ID=15_4;partial=00;start_type=ATG;rbs_motif=None;rbs_spacer=None;gc_cont=0.409;conf=100.00;score=145.24;cscore=141.71;sscore=3.53;rscore=0.04;uscore=0.11;tscore=2.56;"
     CDS             2908..>3264
                     /note="ID=15_5;partial=01;start_type=ATG;rbs_motif=None;rbs_spacer=None;gc_cont=0.401;conf=99.96;score=33.90;cscore=34.99;sscore=-1.09;rscore=0.04;uscore=-4.84;tscore=2.56;"
//
DEFINITION  seqnum=16;seqlen=2711;seqhdr="k141_80209";version=Prodigal.v2.6.3;run_type=Single;model="Ab initio";gc_cont=36.79;transl_table=11;uses_sd=0
FEATURES             Location/Qualifiers
     CDS             191..1594
                     /note="ID=16_1;partial=00;start_type=ATG;rbs_motif=None;rbs_spacer=None;gc_cont=0.404;conf=100.00;score=156.26;cscore=151.98;sscore=4.28;rscore=0.04;uscore=1.68;tscore=2.56;"
     CDS             1640..2539
                     /note="ID=16_2;partial=00;start_type=ATG;rbs_motif=None;rbs_spacer=None;gc_cont=0.382;conf=100.00;score=70.64;cscore=67.91;sscore=2.73;rscore=0.04;uscore=-0.65;tscore=2.56;"
//
DEFINITION  seqnum=17;seqlen=4764;seqhdr="k141_203638";version=Prodigal.v2.6.3;run_type=Single;model="Ab initio";gc_cont=36.79;transl_table=11;uses_sd=0
FEATURES             Location/Qualifiers
     CDS             complement(<2..235)
                     /note="ID=17_1;partial=10;start_type=GTG;rbs_motif=None;rbs_spacer=None;gc_cont=0.359;conf=58.82;score=1.55;cscore=9.19;sscore=-7.64;rscore=0.04;uscore=-0.22;tscore=-6.80;"
     CDS             complement(473..706)
                     /note="ID=17_2;partial=00;start_type=ATG;rbs_motif=None;rbs_spacer=None;gc_cont=0.316;conf=99.66;score=24.67;cscore=23.42;sscore=1.25;rscore=0.03;uscore=-2.26;tscore=2.37;"
     CDS             complement(722..1075)
                     /note="ID=17_3;partial=00;start_type=ATG;rbs_motif=None;rbs_spacer=None;gc_cont=0.401;conf=99.99;score=38.85;cscore=33.24;sscore=5.61;rscore=0.04;uscore=3.67;tscore=2.56;"
     CDS             complement(1290..2027)
                     /note="ID=17_4;partial=00;start_type=ATG;rbs_motif=None;rbs_spacer=None;gc_cont=0.385;conf=100.00;score=97.01;cscore=94.05;sscore=2.97;rscore=0.04;uscore=1.02;tscore=2.56;"
     CDS             complement(2369..2758)
                     /note="ID=17_5;partial=00;start_type=TTG;rbs_motif=None;rbs_spacer=None;gc_cont=0.374;conf=99.50;score=23.06;cscore=24.27;sscore=-1.21;rscore=0.04;uscore=1.85;tscore=-2.45;"
     CDS             complement(3115..4086)
                     /note="ID=17_6;partial=00;start_type=ATG;rbs_motif=None;rbs_spacer=None;gc_cont=0.402;conf=100.00;score=93.28;cscore=86.88;sscore=6.40;rscore=0.04;uscore=4.45;tscore=2.56;"
     CDS             4216..4341
                     /note="ID=17_7;partial=00;start_type=ATG;rbs_motif=None;rbs_spacer=None;gc_cont=0.381;conf=72.78;score=4.28;cscore=3.62;sscore=0.66;rscore=0.02;uscore=-0.62;tscore=1.26;"
//
DEFINITION  seqnum=18;seqlen=2849;seqhdr="k141_302406";version=Prodigal.v2.6.3;run_type=Single;model="Ab initio";gc_cont=36.79;transl_table=11;uses_sd=0
FEATURES             Location/Qualifiers
     CDS             complement(<1..186)
                     /note="ID=18_1;partial=10;start_type=ATG;rbs_motif=None;rbs_spacer=None;gc_cont=0.403;conf=95.05;score=12.85;cscore=13.08;sscore=-0.23;rscore=0.04;uscore=-2.18;tscore=2.56;"
     CDS             complement(592..2103)
                     /note="ID=18_2;partial=00;start_type=ATG;rbs_motif=None;rbs_spacer=None;gc_cont=0.426;conf=100.00;score=170.55;cscore=166.68;sscore=3.86;rscore=0.04;uscore=1.91;tscore=2.56;"
     CDS             2212..2829
                     /note="ID=18_3;partial=00;start_type=ATG;rbs_motif=None;rbs_spacer=None;gc_cont=0.392;conf=100.00;score=53.86;cscore=49.00;sscore=4.86;rscore=0.04;uscore=2.26;tscore=2.56;"
//
DEFINITION  seqnum=19;seqlen=2590;seqhdr="k141_32307";version=Prodigal.v2.6.3;run_type=Single;model="Ab initio";gc_cont=36.79;transl_table=11;uses_sd=0
FEATURES             Location/Qualifiers
     CDS             <1..354
                     /note="ID=19_1;partial=10;start_type=Edge;rbs_motif=None;rbs_spacer=None;gc_cont=0.390;conf=99.92;score=31.25;cscore=28.03;sscore=3.22;rscore=0.00;uscore=0.00;tscore=3.22;"
     CDS             542..832
                     /note="ID=19_2;partial=00;start_type=ATG;rbs_motif=None;rbs_spacer=None;gc_cont=0.419;conf=98.44;score=18.02;cscore=16.73;sscore=1.29;rscore=0.04;uscore=-0.65;tscore=2.56;"
     CDS             832..1641
                     /note="ID=19_3;partial=00;start_type=ATG;rbs_motif=None;rbs_spacer=None;gc_cont=0.457;conf=100.00;score=90.88;cscore=83.96;sscore=6.92;rscore=0.04;uscore=3.03;tscore=2.56;"
     CDS             2084..>2590
                     /note="ID=19_4;partial=01;start_type=ATG;rbs_motif=None;rbs_spacer=None;gc_cont=0.426;conf=99.99;score=41.97;cscore=42.35;sscore=-0.38;rscore=0.04;uscore=-2.33;tscore=2.56;"
//
DEFINITION  seqnum=20;seqlen=3456;seqhdr="k141_352321";version=Prodigal.v2.6.3;run_type=Single;model="Ab initio";gc_cont=36.79;transl_table=11;uses_sd=0
FEATURES             Location/Qualifiers
     CDS             130..837
                     /note="ID=20_1;partial=00;start_type=ATG;rbs_motif=AATT;rbs_spacer=15bp;gc_cont=0.360;conf=100.00;score=81.26;cscore=72.84;sscore=8.42;rscore=3.63;uscore=2.23;tscore=2.56;"
     CDS             841..2088
                     /note="ID=20_2;partial=00;start_type=ATG;rbs_motif=None;rbs_spacer=None;gc_cont=0.327;conf=100.00;score=131.64;cscore=124.48;sscore=7.16;rscore=0.04;uscore=3.32;tscore=2.56;"
     CDS             complement(2092..>3456)
                     /note="ID=20_3;partial=01;start_type=Edge;rbs_motif=None;rbs_spacer=None;gc_cont=0.361;conf=100.00;score=144.61;cscore=141.39;sscore=3.22;rscore=0.00;uscore=0.00;tscore=3.22;"
//
DEFINITION  seqnum=21;seqlen=3079;seqhdr="k141_82432";version=Prodigal.v2.6.3;run_type=Single;model="Ab initio";gc_cont=36.79;transl_table=11;uses_sd=0
FEATURES             Location/Qualifiers
     CDS             complement(<1..705)
                     /note="ID=21_1;partial=10;start_type=ATG;rbs_motif=None;rbs_spacer=None;gc_cont=0.355;conf=100.00;score=73.60;cscore=68.20;sscore=5.41;rscore=0.04;uscore=2.81;tscore=2.56;"
     CDS             complement(810..1472)
                     /note="ID=21_2;partial=00;start_type=TTG;rbs_motif=None;rbs_spacer=None;gc_cont=0.345;conf=100.00;score=65.36;cscore=65.77;sscore=-0.41;rscore=0.04;uscore=2.00;tscore=-2.45;"
     CDS             complement(1435..1761)
                     /note="ID=21_3;partial=00;start_type=ATG;rbs_motif=AATT;rbs_spacer=13bp;gc_cont=0.327;conf=99.04;score=20.17;cscore=13.65;sscore=6.52;rscore=3.63;uscore=0.98;tscore=2.56;"
     CDS             1838..>3079
                     /note="ID=21_4;partial=01;start_type=ATG;rbs_motif=None;rbs_spacer=None;gc_cont=0.340;conf=100.00;score=137.88;cscore=133.06;sscore=4.82;rscore=0.04;uscore=2.22;tscore=2.56;"
//
DEFINITION  seqnum=22;seqlen=3081;seqhdr="k141_230705";version=Prodigal.v2.6.3;run_type=Single;model="Ab initio";gc_cont=36.79;transl_table=11;uses_sd=0
FEATURES             Location/Qualifiers
     CDS             180..1292
                     /note="ID=22_1;partial=00;start_type=ATG;rbs_motif=None;rbs_spacer=None;gc_cont=0.377;conf=100.00;score=127.34;cscore=123.54;sscore=3.80;rscore=0.04;uscore=1.20;tscore=2.56;"
     CDS             1443..1979
                     /note="ID=22_2;partial=00;start_type=ATG;rbs_motif=None;rbs_spacer=None;gc_cont=0.469;conf=100.00;score=66.07;cscore=59.38;sscore=6.69;rscore=0.04;uscore=4.09;tscore=2.56;"
     CDS             2061..2660
                     /note="ID=22_3;partial=00;start_type=TTG;rbs_motif=None;rbs_spacer=None;gc_cont=0.342;conf=100.00;score=45.36;cscore=44.92;sscore=0.44;rscore=0.04;uscore=2.85;tscore=-2.45;"
     CDS             2751..>3080
                     /note="ID=22_4;partial=01;start_type=ATG;rbs_motif=None;rbs_spacer=None;gc_cont=0.364;conf=99.83;score=27.71;cscore=28.62;sscore=-0.92;rscore=0.04;uscore=-3.52;tscore=2.56;"
//
DEFINITION  seqnum=23;seqlen=3328;seqhdr="k141_275492";version=Prodigal.v2.6.3;run_type=Single;model="Ab initio";gc_cont=36.79;transl_table=11;uses_sd=0
FEATURES             Location/Qualifiers
     CDS             <1..81
                     /note="ID=23_1;partial=10;start_type=Edge;rbs_motif=None;rbs_spacer=None;gc_cont=0.395;conf=58.43;score=1.48;cscore=-1.24;sscore=2.72;rscore=0.00;uscore=0.00;tscore=3.22;"
     CDS             150..1019
                     /note="ID=23_2;partial=00;start_type=ATG;rbs_motif=None;rbs_spacer=None;gc_cont=0.356;conf=100.00;score=60.98;cscore=61.29;sscore=-0.30;rscore=0.04;uscore=-2.90;tscore=2.56;"
     CDS             1090..2265
                     /note="ID=23_3;partial=00;start_type=ATG;rbs_motif=None;rbs_spacer=None;gc_cont=0.338;conf=100.00;score=107.92;cscore=103.13;sscore=4.79;rscore=0.04;uscore=2.19;tscore=2.56;"
     CDS             complement(2295..2537)
                     /note="ID=23_4;partial=00;start_type=ATG;rbs_motif=None;rbs_spacer=None;gc_cont=0.329;conf=97.61;score=16.14;cscore=13.22;sscore=2.92;rscore=0.04;uscore=0.42;tscore=2.46;"
     CDS             2819..>3328
                     /note="ID=23_5;partial=01;start_type=ATG;rbs_motif=None;rbs_spacer=None;gc_cont=0.402;conf=100.00;score=65.54;cscore=62.33;sscore=3.21;rscore=0.04;uscore=0.61;tscore=2.56;"
//
DEFINITION  seqnum=24;seqlen=2544;seqhdr="k141_9704";version=Prodigal.v2.6.3;run_type=Single;model="Ab initio";gc_cont=36.79;transl_table=11;uses_sd=0
FEATURES             Location/Qualifiers
     CDS             complement(<1..60)
                     /note="ID=24_1;partial=10;start_type=ATG;rbs_motif=None;rbs_spacer=None;gc_cont=0.483;conf=58.39;score=1.47;cscore=2.18;sscore=-0.70;rscore=0.04;uscore=-4.52;tscore=2.56;"
     CDS             complement(66..284)
                     /note="ID=24_2;partial=00;start_type=ATG;rbs_motif=AATT;rbs_spacer=15bp;gc_cont=0.374;conf=63.56;score=2.42;cscore=-2.50;sscore=4.92;rscore=3.13;uscore=0.73;tscore=2.21;"
     CDS             810..1487
                     /note="ID=24_3;partial=00;start_type=ATG;rbs_motif=None;rbs_spacer=None;gc_cont=0.395;conf=100.00;score=65.36;cscore=63.31;sscore=2.05;rscore=0.04;uscore=-0.55;tscore=2.56;"
     CDS             1705..2544
                     /note="ID=24_4;partial=00;start_type=ATG;rbs_motif=None;rbs_spacer=None;gc_cont=0.389;conf=100.00;score=76.17;cscore=74.32;sscore=1.84;rscore=0.04;uscore=-0.10;tscore=2.56;"
//
DEFINITION  seqnum=25;seqlen=4720;seqhdr="k141_83635";version=Prodigal.v2.6.3;run_type=Single;model="Ab initio";gc_cont=36.79;transl_table=11;uses_sd=0
FEATURES             Location/Qualifiers
     CDS             <1..594
                     /note="ID=25_1;partial=10;start_type=Edge;rbs_motif=None;rbs_spacer=None;gc_cont=0.364;conf=100.00;score=52.03;cscore=48.81;sscore=3.22;rscore=0.00;uscore=0.00;tscore=3.22;"
     CDS             933..1316
                     /note="ID=25_2;partial=00;start_type=TTG;rbs_motif=None;rbs_spacer=None;gc_cont=0.396;conf=90.56;score=9.83;cscore=15.72;sscore=-5.88;rscore=0.04;uscore=-2.82;tscore=-2.45;"
     CDS             1879..2040
                     /note="ID=25_3;partial=00;start_type=ATG;rbs_motif=None;rbs_spacer=None;gc_cont=0.358;conf=71.25;score=3.95;cscore=5.18;sscore=-1.24;rscore=0.02;uscore=-2.24;tscore=1.63;"
     CDS             1979..2632
                     /note="ID=25_4;partial=00;start_type=ATG;rbs_motif=None;rbs_spacer=None;gc_cont=0.394;conf=99.85;score=28.20;cscore=25.55;sscore=2.65;rscore=0.04;uscore=0.05;tscore=2.56;"
     CDS             2833..3324
                     /note="ID=25_5;partial=00;start_type=ATG;rbs_motif=None;rbs_spacer=None;gc_cont=0.435;conf=100.00;score=49.51;cscore=42.34;sscore=7.17;rscore=0.04;uscore=5.23;tscore=2.56;"
     CDS             complement(3266..3538)
                     /note="ID=25_6;partial=00;start_type=ATG;rbs_motif=None;rbs_spacer=None;gc_cont=0.381;conf=78.36;score=5.60;cscore=1.31;sscore=4.29;rscore=0.04;uscore=2.34;tscore=2.56;"
     CDS             3821..>4720
                     /note="ID=25_7;partial=01;start_type=ATG;rbs_motif=None;rbs_spacer=None;gc_cont=0.391;conf=100.00;score=90.24;cscore=90.64;sscore=-0.40;rscore=0.04;uscore=-3.00;tscore=2.56;"
//
DEFINITION  seqnum=26;seqlen=3763;seqhdr="k141_133617";version=Prodigal.v2.6.3;run_type=Single;model="Ab initio";gc_cont=36.79;transl_table=11;uses_sd=0
FEATURES             Location/Qualifiers
     CDS             <2..496
                     /note="ID=26_1;partial=10;start_type=Edge;rbs_motif=None;rbs_spacer=None;gc_cont=0.301;conf=99.99;score=41.13;cscore=37.92;sscore=3.22;rscore=0.00;uscore=0.00;tscore=3.22;"
     CDS             607..2037
                     /note="ID=26_2;partial=00;start_type=ATG;rbs_motif=None;rbs_spacer=None;gc_cont=0.333;conf=100.00;score=162.65;cscore=161.49;sscore=1.16;rscore=0.04;uscore=-1.44;tscore=2.56;"
     CDS             complement(2079..2894)
                     /note="ID=26_3;partial=00;start_type=ATG;rbs_motif=None;rbs_spacer=None;gc_cont=0.310;conf=100.00;score=84.65;cscore=79.10;sscore=5.55;rscore=0.04;uscore=2.95;tscore=2.56;"
     CDS             complement(3005..3634)
                     /note="ID=26_4;partial=00;start_type=TTG;rbs_motif=None;rbs_spacer=None;gc_cont=0.344;conf=99.83;score=27.80;cscore=28.31;sscore=-0.51;rscore=0.04;uscore=1.90;tscore=-2.45;"
//
DEFINITION  seqnum=27;seqlen=2858;seqhdr="k141_276944";version=Prodigal.v2.6.3;run_type=Single;model="Ab initio";gc_cont=36.79;transl_table=11;uses_sd=0
FEATURES             Location/Qualifiers
     CDS             <1..222
                     /note="ID=27_1;partial=10;start_type=Edge;rbs_motif=None;rbs_spacer=None;gc_cont=0.356;conf=99.07;score=20.30;cscore=17.09;sscore=3.22;rscore=0.00;uscore=0.00;tscore=3.22;"
     CDS             319..984
                     /note="ID=27_2;partial=00;start_type=ATG;rbs_motif=None;rbs_spacer=None;gc_cont=0.350;conf=100.00;score=80.12;cscore=77.97;sscore=2.14;rscore=0.04;uscore=-1.41;tscore=2.56;"
     CDS             981..1982
                     /note="ID=27_3;partial=00;start_type=ATG;rbs_motif=None;rbs_spacer=None;gc_cont=0.364;conf=100.00;score=100.60;cscore=95.87;sscore=4.73;rscore=0.04;uscore=0.84;tscore=2.56;"
     CDS             1975..>2856
                     /note="ID=27_4;partial=01;start_type=ATG;rbs_motif=None;rbs_spacer=None;gc_cont=0.383;conf=100.00;score=83.16;cscore=79.16;sscore=4.00;rscore=0.04;uscore=0.15;tscore=2.56;"
//
DEFINITION  seqnum=28;seqlen=2883;seqhdr="k141_11752";version=Prodigal.v2.6.3;run_type=Single;model="Ab initio";gc_cont=36.79;transl_table=11;uses_sd=0
FEATURES             Location/Qualifiers
     CDS             complement(<3..1754)
                     /note="ID=28_1;partial=10;start_type=ATG;rbs_motif=None;rbs_spacer=None;gc_cont=0.366;conf=100.00;score=160.65;cscore=159.11;sscore=1.54;rscore=0.04;uscore=-1.06;tscore=2.56;"
     CDS             complement(1819..2823)
                     /note="ID=28_2;partial=00;start_type=ATG;rbs_motif=None;rbs_spacer=None;gc_cont=0.434;conf=100.00;score=95.91;cscore=92.61;sscore=3.31;rscore=0.04;uscore=0.71;tscore=2.56;"
//
DEFINITION  seqnum=29;seqlen=3707;seqhdr="k141_381261";version=Prodigal.v2.6.3;run_type=Single;model="Ab initio";gc_cont=36.79;transl_table=11;uses_sd=0
FEATURES             Location/Qualifiers
     CDS             <3..743
                     /note="ID=29_1;partial=10;start_type=Edge;rbs_motif=None;rbs_spacer=None;gc_cont=0.354;conf=100.00;score=77.72;cscore=74.50;sscore=3.22;rscore=0.00;uscore=0.00;tscore=3.22;"
     CDS             complement(1050..1196)
                     /note="ID=29_2;partial=00;start_type=ATG;rbs_motif=None;rbs_spacer=None;gc_cont=0.279;conf=74.43;score=4.65;cscore=6.26;sscore=-1.61;rscore=0.02;uscore=-3.11;tscore=1.48;"
     CDS             complement(1162..1263)
                     /note="ID=29_3;partial=00;start_type=ATG;rbs_motif=None;rbs_spacer=None;gc_cont=0.294;conf=54.75;score=0.83;cscore=-1.12;sscore=1.95;rscore=0.01;uscore=1.43;tscore=1.01;"
     CDS             complement(1384..1635)
                     /note="ID=29_4;partial=00;start_type=TTG;rbs_motif=None;rbs_spacer=None;gc_cont=0.373;conf=98.39;score=17.89;cscore=17.25;sscore=0.64;rscore=0.04;uscore=2.10;tscore=-2.46;"
     CDS             complement(1665..3074)
                     /note="ID=29_5;partial=00;start_type=ATG;rbs_motif=None;rbs_spacer=None;gc_cont=0.391;conf=100.00;score=141.11;cscore=137.07;sscore=4.04;rscore=0.04;uscore=1.44;tscore=2.56;"
     CDS             complement(3232..>3705)
                     /note="ID=29_6;partial=01;start_type=Edge;rbs_motif=None;rbs_spacer=None;gc_cont=0.420;conf=99.99;score=38.68;cscore=35.46;sscore=3.22;rscore=0.00;uscore=0.00;tscore=3.22;"
//
DEFINITION  seqnum=30;seqlen=3176;seqhdr="k141_185370";version=Prodigal.v2.6.3;run_type=Single;model="Ab initio";gc_cont=36.79;transl_table=11;uses_sd=0
FEATURES             Location/Qualifiers
     CDS             1860..>3176
                     /note="ID=30_1;partial=01;start_type=ATG;rbs_motif=None;rbs_spacer=None;gc_cont=0.362;conf=100.00;score=102.72;cscore=100.59;sscore=2.13;rscore=0.04;uscore=-0.47;tscore=2.56;"
//
DEFINITION  seqnum=31;seqlen=2688;seqhdr="k141_62095";version=Prodigal.v2.6.3;run_type=Single;model="Ab initio";gc_cont=36.79;transl_table=11;uses_sd=0
FEATURES             Location/Qualifiers
     CDS             682..1065
                     /note="ID=31_1;partial=00;start_type=TTG;rbs_motif=None;rbs_spacer=None;gc_cont=0.391;conf=99.93;score=31.80;cscore=31.48;sscore=0.32;rscore=0.04;uscore=2.73;tscore=-2.45;"
     CDS             complement(1137..1385)
                     /note="ID=31_2;partial=00;start_type=ATG;rbs_motif=None;rbs_spacer=None;gc_cont=0.357;conf=98.16;score=17.31;cscore=15.60;sscore=1.70;rscore=0.04;uscore=-0.20;tscore=2.52;"
     CDS             1532..2575
                     /note="ID=31_3;partial=00;start_type=TTG;rbs_motif=None;rbs_spacer=None;gc_cont=0.307;conf=100.00;score=73.73;cscore=74.12;sscore=-0.38;rscore=0.04;uscore=2.02;tscore=-2.45;"
//
DEFINITION  seqnum=32;seqlen=2805;seqhdr="k141_38125";version=Prodigal.v2.6.3;run_type=Single;model="Ab initio";gc_cont=36.79;transl_table=11;uses_sd=0
FEATURES             Location/Qualifiers
     CDS             complement(<3..398)
                     /note="ID=32_1;partial=10;start_type=ATG;rbs_motif=None;rbs_spacer=None;gc_cont=0.407;conf=99.72;score=25.61;cscore=25.30;sscore=0.30;rscore=0.04;uscore=-1.64;tscore=2.56;"
     CDS             complement(777..881)
                     /note="ID=32_2;partial=00;start_type=ATG;rbs_motif=None;rbs_spacer=None;gc_cont=0.410;conf=64.81;score=2.66;cscore=1.63;sscore=1.03;rscore=0.02;uscore=0.62;tscore=1.05;"
     CDS             958..>2805
                     /note="ID=32_3;partial=01;start_type=TTG;rbs_motif=None;rbs_spacer=None;gc_cont=0.443;conf=100.00;score=169.43;cscore=170.19;sscore=-0.76;rscore=0.04;uscore=1.65;tscore=-2.45;"
//
DEFINITION  seqnum=33;seqlen=2901;seqhdr="k141_383070";version=Prodigal.v2.6.3;run_type=Single;model="Ab initio";gc_cont=36.79;transl_table=11;uses_sd=0
FEATURES             Location/Qualifiers
     CDS             complement(<1..249)
                     /note="ID=33_1;partial=10;start_type=ATG;rbs_motif=None;rbs_spacer=None;gc_cont=0.361;conf=95.85;score=13.65;cscore=12.73;sscore=0.92;rscore=0.04;uscore=-1.02;tscore=2.56;"
     CDS             743..1810
                     /note="ID=33_2;partial=00;start_type=ATG;rbs_motif=AATT;rbs_spacer=15bp;gc_cont=0.392;conf=100.00;score=139.77;cscore=130.86;sscore=8.91;rscore=3.63;uscore=2.72;tscore=2.56;"
     CDS             1855..2457
                     /note="ID=33_3;partial=00;start_type=ATG;rbs_motif=None;rbs_spacer=None;gc_cont=0.378;conf=100.00;score=67.04;cscore=61.78;sscore=5.26;rscore=0.04;uscore=1.86;tscore=2.56;"
     CDS             2469..>2900
                     /note="ID=33_4;partial=01;start_type=TTG;rbs_motif=None;rbs_spacer=None;gc_cont=0.299;conf=99.94;score=32.07;cscore=33.54;sscore=-1.47;rscore=0.04;uscore=-0.22;tscore=-2.45;"
//
DEFINITION  seqnum=34;seqlen=2575;seqhdr="k141_333834";version=Prodigal.v2.6.3;run_type=Single;model="Ab initio";gc_cont=36.79;transl_table=11;uses_sd=0
FEATURES             Location/Qualifiers
     CDS             <2..250
                     /note="ID=34_1;partial=10;start_type=Edge;rbs_motif=None;rbs_spacer=None;gc_cont=0.369;conf=99.95;score=32.99;cscore=29.78;sscore=3.22;rscore=0.00;uscore=0.00;tscore=3.22;"
     CDS             complement(554..736)
                     /note="ID=34_2;partial=00;start_type=ATG;rbs_motif=None;rbs_spacer=None;gc_cont=0.284;conf=86.62;score=8.13;cscore=4.53;sscore=3.60;rscore=0.03;uscore=2.38;tscore=1.85;"
     CDS             1049..1366
                     /note="ID=34_3;partial=00;start_type=ATG;rbs_motif=None;rbs_spacer=None;gc_cont=0.387;conf=99.72;score=25.62;cscore=20.68;sscore=4.94;rscore=0.04;uscore=2.34;tscore=2.56;"
     CDS             1674..1952
                     /note="ID=34_4;partial=00;start_type=ATG;rbs_motif=None;rbs_spacer=None;gc_cont=0.276;conf=98.24;score=17.49;cscore=17.94;sscore=-0.45;rscore=0.04;uscore=-2.40;tscore=2.56;"
     CDS             2480..>2575
                     /note="ID=34_5;partial=01;start_type=ATG;rbs_motif=None;rbs_spacer=None;gc_cont=0.312;conf=72.85;score=4.29;cscore=0.67;sscore=3.62;rscore=0.04;uscore=1.68;tscore=2.56;"
//
DEFINITION  seqnum=35;seqlen=3754;seqhdr="k141_63502";version=Prodigal.v2.6.3;run_type=Single;model="Ab initio";gc_cont=36.79;transl_table=11;uses_sd=0
FEATURES             Location/Qualifiers
     CDS             complement(<3..551)
                     /note="ID=35_1;partial=10;start_type=TTG;rbs_motif=None;rbs_spacer=None;gc_cont=0.424;conf=100.00;score=52.45;cscore=55.26;sscore=-2.81;rscore=0.04;uscore=-1.14;tscore=-2.45;"
     CDS             complement(601..933)
                     /note="ID=35_2;partial=00;start_type=GTG;rbs_motif=None;rbs_spacer=None;gc_cont=0.390;conf=98.75;score=19.02;cscore=28.14;sscore=-9.11;rscore=0.04;uscore=-3.59;tscore=-6.80;"
     CDS             complement(937..1233)
                     /note="ID=35_3;partial=00;start_type=ATG;rbs_motif=None;rbs_spacer=None;gc_cont=0.448;conf=99.58;score=23.81;cscore=19.77;sscore=4.04;rscore=0.04;uscore=0.66;tscore=2.56;"
     CDS             complement(1279..2271)
                     /note="ID=35_4;partial=00;start_type=TTG;rbs_motif=None;rbs_spacer=None;gc_cont=0.452;conf=100.00;score=83.44;cscore=87.59;sscore=-4.16;rscore=0.04;uscore=-1.09;tscore=-2.45;"
     CDS             2689..3360
                     /note="ID=35_5;partial=00;start_type=TTG;rbs_motif=None;rbs_spacer=None;gc_cont=0.406;conf=100.00;score=55.77;cscore=59.57;sscore=-3.80;rscore=0.04;uscore=-1.39;tscore=-2.45;"
     CDS             3357..>3752
                     /note="ID=35_6;partial=01;start_type=ATG;rbs_motif=None;rbs_spacer=None;gc_cont=0.452;conf=99.99;score=38.85;cscore=34.95;sscore=3.89;rscore=0.04;uscore=-2.43;tscore=2.56;"
//
DEFINITION  seqnum=36;seqlen=3149;seqhdr="k141_359202";version=Prodigal.v2.6.3;run_type=Single;model="Ab initio";gc_cont=36.79;transl_table=11;uses_sd=0
FEATURES             Location/Qualifiers
     CDS             <2..1852
                     /note="ID=36_1;partial=10;start_type=Edge;rbs_motif=None;rbs_spacer=None;gc_cont=0.368;conf=99.99;score=208.20;cscore=204.98;sscore=3.22;rscore=0.00;uscore=0.00;tscore=3.22;"
     CDS             1970..2662
                     /note="ID=36_2;partial=00;start_type=TTG;rbs_motif=None;rbs_spacer=None;gc_cont=0.317;conf=100.00;score=76.81;cscore=79.81;sscore=-3.00;rscore=0.04;uscore=-0.59;tscore=-2.45;"
     CDS             complement(2832..>3149)
                     /note="ID=36_3;partial=01;start_type=Edge;rbs_motif=None;rbs_spacer=None;gc_cont=0.318;conf=98.46;score=18.08;cscore=14.86;sscore=3.22;rscore=0.00;uscore=0.00;tscore=3.22;"
//
DEFINITION  seqnum=37;seqlen=5524;seqhdr="k141_334943";version=Prodigal.v2.6.3;run_type=Single;model="Ab initio";gc_cont=36.79;transl_table=11;uses_sd=0
FEATURES             Location/Qualifiers
     CDS             complement(<2..550)
                     /note="ID=37_1;partial=10;start_type=TTG;rbs_motif=None;rbs_spacer=None;gc_cont=0.413;conf=100.00;score=48.53;cscore=53.55;sscore=-5.03;rscore=0.04;uscore=-1.96;tscore=-2.45;"
     CDS             739..1032
                     /note="ID=37_2;partial=00;start_type=ATG;rbs_motif=None;rbs_spacer=None;gc_cont=0.446;conf=99.30;score=21.53;cscore=16.16;sscore=5.37;rscore=0.04;uscore=2.77;tscore=2.56;"
     CDS             1239..1889
                     /note="ID=37_3;partial=00;start_type=ATG;rbs_motif=None;rbs_spacer=None;gc_cont=0.433;conf=100.00;score=53.53;cscore=46.40;sscore=7.13;rscore=0.04;uscore=5.18;tscore=2.56;"
     CDS             2247..3278
                     /note="ID=37_4;partial=00;start_type=TTG;rbs_motif=None;rbs_spacer=None;gc_cont=0.377;conf=100.00;score=119.27;cscore=118.88;sscore=0.39;rscore=0.04;uscore=3.46;tscore=-2.45;"
     CDS             3279..4205
                     /note="ID=37_5;partial=00;start_type=ATG;rbs_motif=None;rbs_spacer=None;gc_cont=0.371;conf=100.00;score=109.48;cscore=110.25;sscore=-0.77;rscore=0.04;uscore=-4.65;tscore=2.56;"
     CDS             4192..5157
                     /note="ID=37_6;partial=00;start_type=ATG;rbs_motif=None;rbs_spacer=None;gc_cont=0.382;conf=100.00;score=114.75;cscore=109.88;sscore=4.88;rscore=0.04;uscore=1.09;tscore=2.56;"
     CDS             5212..5319
                     /note="ID=37_7;partial=00;start_type=ATG;rbs_motif=None;rbs_spacer=None;gc_cont=0.306;conf=53.98;score=0.69;cscore=-1.98;sscore=2.68;rscore=0.02;uscore=1.40;tscore=1.08;"
//
DEFINITION  seqnum=38;seqlen=2958;seqhdr="k141_138581";version=Prodigal.v2.6.3;run_type=Single;model="Ab initio";gc_cont=36.79;transl_table=11;uses_sd=0
FEATURES             Location/Qualifiers
     CDS             <1..150
                     /note="ID=38_1;partial=10;start_type=Edge;rbs_motif=None;rbs_spacer=None;gc_cont=0.287;conf=92.70;score=11.06;cscore=7.84;sscore=3.22;rscore=0.00;uscore=0.00;tscore=3.22;"
     CDS             580..921
                     /note="ID=38_2;partial=00;start_type=GTG;rbs_motif=None;rbs_spacer=None;gc_cont=0.380;conf=99.44;score=22.49;cscore=23.52;sscore=-1.03;rscore=0.04;uscore=6.39;tscore=-6.80;"
     CDS             1054..2370
                     /note="ID=38_3;partial=00;start_type=ATG;rbs_motif=None;rbs_spacer=None;gc_cont=0.393;conf=99.99;score=202.06;cscore=195.08;sscore=6.98;rscore=0.04;uscore=4.38;tscore=2.56;"
     CDS             2380..2688
                     /note="ID=38_4;partial=00;start_type=ATG;rbs_motif=None;rbs_spacer=None;gc_cont=0.379;conf=99.76;score=26.27;cscore=23.82;sscore=2.45;rscore=0.04;uscore=-1.32;tscore=2.56;"
     CDS             complement(2714..>2956)
                     /note="ID=38_5;partial=01;start_type=Edge;rbs_motif=None;rbs_spacer=None;gc_cont=0.354;conf=97.25;score=15.50;cscore=12.28;sscore=3.22;rscore=0.00;uscore=0.00;tscore=3.22;"
//
DEFINITION  seqnum=39;seqlen=2649;seqhdr="k141_64660";version=Prodigal.v2.6.3;run_type=Single;model="Ab initio";gc_cont=36.79;transl_table=11;uses_sd=0
FEATURES             Location/Qualifiers
     CDS             47..307
                     /note="ID=39_1;partial=00;start_type=ATG;rbs_motif=None;rbs_spacer=None;gc_cont=0.391;conf=99.76;score=26.16;cscore=21.19;sscore=4.97;rscore=0.04;uscore=2.37;tscore=2.56;"
     CDS             complement(363..713)
                     /note="ID=39_2;partial=00;start_type=ATG;rbs_motif=None;rbs_spacer=None;gc_cont=0.387;conf=92.52;score=10.94;cscore=12.61;sscore=-1.67;rscore=0.04;uscore=-3.61;tscore=2.56;"
     CDS             complement(1487..2488)
                     /note="ID=39_3;partial=00;start_type=ATG;rbs_motif=None;rbs_spacer=None;gc_cont=0.390;conf=100.00;score=100.12;cscore=94.96;sscore=5.16;rscore=0.04;uscore=2.56;tscore=2.56;"
//
DEFINITION  seqnum=40;seqlen=3090;seqhdr="k141_385270";version=Prodigal.v2.6.3;run_type=Single;model="Ab initio";gc_cont=36.79;transl_table=11;uses_sd=0
FEATURES             Location/Qualifiers
     CDS             29..1000
                     /note="ID=40_1;partial=00;start_type=TTG;rbs_motif=None;rbs_spacer=None;gc_cont=0.350;conf=100.00;score=109.87;cscore=110.68;sscore=-0.81;rscore=0.04;uscore=1.60;tscore=-2.45;"
     CDS             complement(1102..2277)
                     /note="ID=40_2;partial=00;start_type=ATG;rbs_motif=None;rbs_spacer=None;gc_cont=0.363;conf=100.00;score=133.79;cscore=127.08;sscore=6.71;rscore=0.04;uscore=4.11;tscore=2.56;"
     CDS             complement(2390..3022)
                     /note="ID=40_3;partial=00;start_type=ATG;rbs_motif=None;rbs_spacer=None;gc_cont=0.363;conf=100.00;score=50.33;cscore=49.66;sscore=0.67;rscore=0.04;uscore=-1.93;tscore=2.56;"
//
DEFINITION  seqnum=41;seqlen=2576;seqhdr="k141_65360";version=Prodigal.v2.6.3;run_type=Single;model="Ab initio";gc_cont=36.79;transl_table=11;uses_sd=0
FEATURES             Location/Qualifiers
     CDS             <1..924
                     /note="ID=41_1;partial=10;start_type=Edge;rbs_motif=None;rbs_spacer=None;gc_cont=0.386;conf=100.00;score=87.72;cscore=84.50;sscore=3.22;rscore=0.00;uscore=0.00;tscore=3.22;"
     CDS             complement(1108..1350)
                     /note="ID=41_2;partial=00;start_type=ATG;rbs_motif=None;rbs_spacer=None;gc_cont=0.387;conf=99.08;score=20.34;cscore=16.26;sscore=4.08;rscore=0.04;uscore=2.24;tscore=2.46;"
     CDS             1489..>2574
                     /note="ID=41_3;partial=01;start_type=TTG;rbs_motif=None;rbs_spacer=None;gc_cont=0.345;conf=100.00;score=82.39;cscore=85.26;sscore=-2.87;rscore=0.04;uscore=-0.46;tscore=-2.45;"
//
DEFINITION  seqnum=42;seqlen=2849;seqhdr="k141_41535";version=Prodigal.v2.6.3;run_type=Single;model="Ab initio";gc_cont=36.79;transl_table=11;uses_sd=0
FEATURES             Location/Qualifiers
     CDS             complement(79..1113)
                     /note="ID=42_1;partial=00;start_type=TTG;rbs_motif=None;rbs_spacer=None;gc_cont=0.352;conf=100.00;score=80.01;cscore=81.48;sscore=-1.47;rscore=0.04;uscore=1.59;tscore=-2.45;"
     CDS             1242..1553
                     /note="ID=42_2;partial=00;start_type=ATG;rbs_motif=None;rbs_spacer=None;gc_cont=0.385;conf=97.56;score=16.04;cscore=11.68;sscore=4.36;rscore=0.04;uscore=1.76;tscore=2.56;"
     CDS             1666..2274
                     /note="ID=42_3;partial=00;start_type=ATG;rbs_motif=None;rbs_spacer=None;gc_cont=0.346;conf=100.00;score=68.66;cscore=60.94;sscore=7.72;rscore=0.04;uscore=5.12;tscore=2.56;"
     CDS             2459..>2848
                     /note="ID=42_4;partial=01;start_type=ATG;rbs_motif=None;rbs_spacer=None;gc_cont=0.403;conf=99.83;score=27.69;cscore=27.03;sscore=0.66;rscore=0.04;uscore=-1.28;tscore=2.56;"
//
DEFINITION  seqnum=43;seqlen=3850;seqhdr="k141_90415";version=Prodigal.v2.6.3;run_type=Single;model="Ab initio";gc_cont=36.79;transl_table=11;uses_sd=0
FEATURES             Location/Qualifiers
     CDS             complement(<3..2033)
                     /note="ID=43_1;partial=10;start_type=ATG;rbs_motif=None;rbs_spacer=None;gc_cont=0.364;conf=99.99;score=198.30;cscore=197.56;sscore=0.74;rscore=0.04;uscore=-1.21;tscore=2.56;"
     CDS             complement(2323..2976)
                     /note="ID=43_2;partial=00;start_type=ATG;rbs_motif=None;rbs_spacer=None;gc_cont=0.347;conf=100.00;score=71.71;cscore=68.71;sscore=3.00;rscore=0.04;uscore=-0.53;tscore=2.56;"
     CDS             complement(3008..3403)
                     /note="ID=43_3;partial=00;start_type=ATG;rbs_motif=None;rbs_spacer=None;gc_cont=0.323;conf=99.99;score=43.05;cscore=39.98;sscore=3.08;rscore=0.04;uscore=-0.30;tscore=2.56;"
     CDS             complement(3449..3586)
                     /note="ID=43_4;partial=00;start_type=ATG;rbs_motif=None;rbs_spacer=None;gc_cont=0.333;conf=67.54;score=3.19;cscore=2.27;sscore=0.92;rscore=0.02;uscore=0.17;tscore=1.38;"
     CDS             3619..>3849
                     /note="ID=43_5;partial=01;start_type=TTG;rbs_motif=None;rbs_spacer=None;gc_cont=0.312;conf=99.24;score=21.17;cscore=22.08;sscore=-0.91;rscore=0.04;uscore=1.50;tscore=-2.45;"
//
DEFINITION  seqnum=44;seqlen=3098;seqhdr="k141_238474";version=Prodigal.v2.6.3;run_type=Single;model="Ab initio";gc_cont=36.79;transl_table=11;uses_sd=0
FEATURES             Location/Qualifiers
     CDS             <2..526
                     /note="ID=44_1;partial=10;start_type=Edge;rbs_motif=None;rbs_spacer=None;gc_cont=0.438;conf=100.00;score=51.81;cscore=48.59;sscore=3.22;rscore=0.00;uscore=0.00;tscore=3.22;"
     CDS             complement(620..>3097)
                     /note="ID=44_2;partial=01;start_type=Edge;rbs_motif=None;rbs_spacer=None;gc_cont=0.370;conf=99.99;score=270.01;cscore=266.79;sscore=3.22;rscore=0.00;uscore=0.00;tscore=3.22;"
//
DEFINITION  seqnum=45;seqlen=3721;seqhdr="k141_238523";version=Prodigal.v2.6.3;run_type=Single;model="Ab initio";gc_cont=36.79;transl_table=11;uses_sd=0
FEATURES             Location/Qualifiers
     CDS             <3..1322
                     /note="ID=45_1;partial=10;start_type=Edge;rbs_motif=None;rbs_spacer=None;gc_cont=0.413;conf=100.00;score=161.89;cscore=158.67;sscore=3.22;rscore=0.00;uscore=0.00;tscore=3.22;"
     CDS             complement(1342..1680)
                     /note="ID=45_2;partial=00;start_type=ATG;rbs_motif=None;rbs_spacer=None;gc_cont=0.410;conf=99.99;score=41.07;cscore=34.51;sscore=6.57;rscore=0.04;uscore=2.82;tscore=2.56;"
     CDS             complement(1693..1821)
                     /note="ID=45_3;partial=00;start_type=ATG;rbs_motif=None;rbs_spacer=None;gc_cont=0.349;conf=65.33;score=2.76;cscore=0.15;sscore=2.60;rscore=0.02;uscore=-0.96;tscore=1.29;"
     CDS             complement(1818..2243)
                     /note="ID=45_4;partial=00;start_type=GTG;rbs_motif=None;rbs_spacer=None;gc_cont=0.373;conf=99.90;score=30.05;cscore=37.58;sscore=-7.53;rscore=0.04;uscore=-0.11;tscore=-6.80;"
     CDS             2340..3581
                     /note="ID=45_5;partial=00;start_type=ATG;rbs_motif=None;rbs_spacer=None;gc_cont=0.396;conf=100.00;score=125.07;cscore=127.38;sscore=-2.30;rscore=0.04;uscore=-4.90;tscore=2.56;"
//
DEFINITION  seqnum=46;seqlen=2599;seqhdr="k141_263706";version=Prodigal.v2.6.3;run_type=Single;model="Ab initio";gc_cont=36.79;transl_table=11;uses_sd=0
FEATURES             Location/Qualifiers
     CDS             307..1344
                     /note="ID=46_1;partial=00;start_type=TTG;rbs_motif=None;rbs_spacer=None;gc_cont=0.308;conf=100.00;score=112.55;cscore=109.98;sscore=2.57;rscore=0.04;uscore=4.98;tscore=-2.45;"
     CDS             complement(1375..1659)
                     /note="ID=46_2;partial=00;start_type=TTG;rbs_motif=None;rbs_spacer=None;gc_cont=0.358;conf=98.80;score=19.20;cscore=16.67;sscore=2.53;rscore=0.04;uscore=4.05;tscore=-2.45;"
     CDS             complement(1695..2153)
                     /note="ID=46_3;partial=00;start_type=TTG;rbs_motif=None;rbs_spacer=None;gc_cont=0.312;conf=99.99;score=39.22;cscore=44.43;sscore=-5.21;rscore=0.04;uscore=-2.81;tscore=-2.45;"
     CDS             complement(2126..>2599)
                     /note="ID=46_4;partial=01;start_type=Edge;rbs_motif=None;rbs_spacer=None;gc_cont=0.517;conf=96.04;score=13.87;cscore=10.65;sscore=3.22;rscore=0.00;uscore=0.00;tscore=3.22;"
//
DEFINITION  seqnum=47;seqlen=2619;seqhdr="k141_263718";version=Prodigal.v2.6.3;run_type=Single;model="Ab initio";gc_cont=36.79;transl_table=11;uses_sd=0
FEATURES             Location/Qualifiers
     CDS             complement(<2..1771)
                     /note="ID=47_1;partial=10;start_type=TTG;rbs_motif=AATT;rbs_spacer=15bp;gc_cont=0.411;conf=99.99;score=188.73;cscore=185.88;sscore=2.86;rscore=3.63;uscore=2.33;tscore=-2.45;"
     CDS             2210..>2617
                     /note="ID=47_2;partial=01;start_type=ATG;rbs_motif=None;rbs_spacer=None;gc_cont=0.441;conf=100.00;score=44.96;cscore=43.89;sscore=1.07;rscore=0.04;uscore=-1.53;tscore=2.56;"
//
DEFINITION  seqnum=48;seqlen=2607;seqhdr="k141_42544";version=Prodigal.v2.6.3;run_type=Single;model="Ab initio";gc_cont=36.79;transl_table=11;uses_sd=0
FEATURES             Location/Qualifiers
     CDS             301..1764
                     /note="ID=48_1;partial=00;start_type=ATG;rbs_motif=None;rbs_spacer=None;gc_cont=0.387;conf=99.99;score=183.69;cscore=179.44;sscore=4.25;rscore=0.04;uscore=1.65;tscore=2.56;"
     CDS             complement(1774..2412)
                     /note="ID=48_2;partial=00;start_type=ATG;rbs_motif=None;rbs_spacer=None;gc_cont=0.327;conf=100.00;score=69.43;cscore=63.28;sscore=6.16;rscore=0.04;uscore=3.56;tscore=2.56;"
//
DEFINITION  seqnum=49;seqlen=2588;seqhdr="k141_42693";version=Prodigal.v2.6.3;run_type=Single;model="Ab initio";gc_cont=36.79;transl_table=11;uses_sd=0
FEATURES             Location/Qualifiers
     CDS             complement(<3..803)
                     /note="ID=49_1;partial=10;start_type=ATG;rbs_motif=None;rbs_spacer=None;gc_cont=0.375;conf=100.00;score=80.24;cscore=78.69;sscore=1.55;rscore=0.04;uscore=-1.05;tscore=2.56;"
     CDS             complement(981..1586)
                     /note="ID=49_2;partial=00;start_type=ATG;rbs_motif=None;rbs_spacer=None;gc_cont=0.399;conf=100.00;score=70.90;cscore=67.92;sscore=2.97;rscore=0.04;uscore=-0.78;tscore=2.56;"
     CDS             complement(1598..2035)
                     /note="ID=49_3;partial=00;start_type=TTG;rbs_motif=None;rbs_spacer=None;gc_cont=0.445;conf=99.99;score=41.46;cscore=41.72;sscore=-0.27;rscore=0.04;uscore=0.97;tscore=-2.45;"
     CDS             complement(2045..2515)
                     /note="ID=49_4;partial=00;start_type=ATG;rbs_motif=None;rbs_spacer=None;gc_cont=0.386;conf=100.00;score=50.16;cscore=52.21;sscore=-2.05;rscore=0.04;uscore=-4.65;tscore=2.56;"
//
DEFINITION  seqnum=50;seqlen=2541;seqhdr="k141_338518";version=Prodigal.v2.6.3;run_type=Single;model="Ab initio";gc_cont=36.79;transl_table=11;uses_sd=0
FEATURES             Location/Qualifiers
     CDS             228..>2540
                     /note="ID=50_1;partial=01;start_type=ATG;rbs_motif=None;rbs_spacer=None;gc_cont=0.362;conf=99.99;score=209.20;cscore=209.52;sscore=-0.31;rscore=0.04;uscore=-2.91;tscore=2.56;"
//
DEFINITION  seqnum=51;seqlen=2855;seqhdr="k141_112173";version=Prodigal.v2.6.3;run_type=Single;model="Ab initio";gc_cont=36.79;transl_table=11;uses_sd=0
FEATURES             Location/Qualifiers
     CDS             complement(<3..194)
                     /note="ID=51_1;partial=10;start_type=TTG;rbs_motif=None;rbs_spacer=None;gc_cont=0.401;conf=97.14;score=15.34;cscore=18.12;sscore=-2.79;rscore=0.04;uscore=-1.65;tscore=-2.45;"
     CDS             complement(195..644)
                     /note="ID=51_2;partial=00;start_type=ATG;rbs_motif=None;rbs_spacer=None;gc_cont=0.409;conf=100.00;score=43.30;cscore=36.96;sscore=6.34;rscore=0.04;uscore=4.39;tscore=2.56;"
     CDS             931..1563
                     /note="ID=51_3;partial=00;start_type=ATG;rbs_motif=None;rbs_spacer=None;gc_cont=0.453;conf=100.00;score=66.46;cscore=62.26;sscore=4.20;rscore=0.04;uscore=1.60;tscore=2.56;"
     CDS             complement(1614..2354)
                     /note="ID=51_4;partial=00;start_type=GTG;rbs_motif=None;rbs_spacer=None;gc_cont=0.405;conf=100.00;score=43.24;cscore=51.76;sscore=-8.52;rscore=0.04;uscore=-1.10;tscore=-6.80;"
     CDS             2432..2797
                     /note="ID=51_5;partial=00;start_type=ATG;rbs_motif=None;rbs_spacer=None;gc_cont=0.372;conf=96.97;score=15.07;cscore=15.86;sscore=-0.79;rscore=0.04;uscore=-3.39;tscore=2.56;"
//
DEFINITION  seqnum=52;seqlen=4263;seqhdr="k141_217099";version=Prodigal.v2.6.3;run_type=Single;model="Ab initio";gc_cont=36.79;transl_table=11;uses_sd=0
FEATURES             Location/Qualifiers
     CDS             complement(255..1022)
                     /note="ID=52_1;partial=00;start_type=ATG;rbs_motif=None;rbs_spacer=None;gc_cont=0.391;conf=100.00;score=82.24;cscore=78.71;sscore=3.53;rscore=0.04;uscore=1.58;tscore=2.56;"
     CDS             1273..2892
                     /note="ID=52_2;partial=00;start_type=ATG;rbs_motif=None;rbs_spacer=None;gc_cont=0.394;conf=100.00;score=164.40;cscore=161.83;sscore=2.57;rscore=0.04;uscore=-0.03;tscore=2.56;"
     CDS             3021..3881
                     /note="ID=52_3;partial=00;start_type=ATG;rbs_motif=None;rbs_spacer=None;gc_cont=0.386;conf=100.00;score=115.61;cscore=107.67;sscore=7.94;rscore=0.04;uscore=5.34;tscore=2.56;"
     CDS             complement(3914..>4261)
                     /note="ID=52_4;partial=01;start_type=Edge;rbs_motif=None;rbs_spacer=None;gc_cont=0.385;conf=99.97;score=35.14;cscore=31.92;sscore=3.22;rscore=0.00;uscore=0.00;tscore=3.22;"
//
DEFINITION  seqnum=53;seqlen=3067;seqhdr="k141_339561";version=Prodigal.v2.6.3;run_type=Single;model="Ab initio";gc_cont=36.79;transl_table=11;uses_sd=0
FEATURES             Location/Qualifiers
     CDS             <2..334
                     /note="ID=53_1;partial=10;start_type=Edge;rbs_motif=None;rbs_spacer=None;gc_cont=0.423;conf=97.84;score=16.58;cscore=13.37;sscore=3.22;rscore=0.00;uscore=0.00;tscore=3.22;"
     CDS             482..610
                     /note="ID=53_2;partial=00;start_type=TTG;rbs_motif=None;rbs_spacer=None;gc_cont=0.395;conf=65.08;score=2.71;cscore=4.31;sscore=-1.60;rscore=0.02;uscore=3.24;tscore=-4.85;"
     CDS             728..1231
                     /note="ID=53_3;partial=00;start_type=ATG;rbs_motif=None;rbs_spacer=None;gc_cont=0.377;conf=100.00;score=55.01;cscore=51.45;sscore=3.56;rscore=0.04;uscore=0.96;tscore=2.56;"
     CDS             1270..1626
                     /note="ID=53_4;partial=00;start_type=ATG;rbs_motif=None;rbs_spacer=None;gc_cont=0.353;conf=99.99;score=41.79;cscore=33.37;sscore=8.42;rscore=0.04;uscore=4.96;tscore=2.56;"
     CDS             1730..2902
                     /note="ID=53_5;partial=00;start_type=ATG;rbs_motif=None;rbs_spacer=None;gc_cont=0.367;conf=100.00;score=100.50;cscore=102.83;sscore=-2.33;rscore=0.04;uscore=-4.93;tscore=2.56;"
//
DEFINITION  seqnum=54;seqlen=2613;seqhdr="k141_364285";version=Prodigal.v2.6.3;run_type=Single;model="Ab initio";gc_cont=36.79;transl_table=11;uses_sd=0
FEATURES             Location/Qualifiers
     CDS             443..1324
                     /note="ID=54_1;partial=00;start_type=ATG;rbs_motif=None;rbs_spacer=None;gc_cont=0.372;conf=100.00;score=68.43;cscore=64.38;sscore=4.06;rscore=0.04;uscore=1.46;tscore=2.56;"
     CDS             complement(1456..>2613)
                     /note="ID=54_2;partial=01;start_type=Edge;rbs_motif=None;rbs_spacer=None;gc_cont=0.390;conf=100.00;score=116.35;cscore=113.13;sscore=3.22;rscore=0.00;uscore=0.00;tscore=3.22;"
//
DEFINITION  seqnum=55;seqlen=2712;seqhdr="k141_389434";version=Prodigal.v2.6.3;run_type=Single;model="Ab initio";gc_cont=36.79;transl_table=11;uses_sd=0
FEATURES             Location/Qualifiers
     CDS             <3..854
                     /note="ID=55_1;partial=10;start_type=Edge;rbs_motif=None;rbs_spacer=None;gc_cont=0.408;conf=100.00;score=77.43;cscore=74.21;sscore=3.22;rscore=0.00;uscore=3.22;tscore=0.00;"
     CDS             877..>2712
                     /note="ID=55_2;partial=01;start_type=ATG;rbs_motif=None;rbs_spacer=None;gc_cont=0.411;conf=99.99;score=241.13;cscore=238.22;sscore=2.91;rscore=0.04;uscore=-0.72;tscore=2.56;"
//
DEFINITION  seqnum=56;seqlen=4169;seqhdr="k141_113540";version=Prodigal.v2.6.3;run_type=Single;model="Ab initio";gc_cont=36.79;transl_table=11;uses_sd=0
FEATURES             Location/Qualifiers
     CDS             <3..170
                     /note="ID=56_1;partial=10;start_type=Edge;rbs_motif=None;rbs_spacer=None;gc_cont=0.411;conf=54.65;score=0.81;cscore=-1.91;sscore=2.72;rscore=0.00;uscore=0.00;tscore=3.22;"
     CDS             174..488
                     /note="ID=56_2;partial=00;start_type=ATG;rbs_motif=None;rbs_spacer=None;gc_cont=0.378;conf=100.00;score=45.63;cscore=40.99;sscore=4.64;rscore=0.04;uscore=0.80;tscore=2.56;"
     CDS             614..1711
                     /note="ID=56_3;partial=00;start_type=ATG;rbs_motif=None;rbs_spacer=None;gc_cont=0.372;conf=100.00;score=123.21;cscore=115.33;sscore=7.87;rscore=0.04;uscore=5.28;tscore=2.56;"
     CDS             complement(1716..2144)
                     /note="ID=56_4;partial=00;start_type=ATG;rbs_motif=None;rbs_spacer=None;gc_cont=0.392;conf=99.99;score=41.68;cscore=40.38;sscore=1.30;rscore=0.04;uscore=-0.65;tscore=2.56;"
     CDS             2253..3089
                     /note="ID=56_5;partial=00;start_type=ATG;rbs_motif=None;rbs_spacer=None;gc_cont=0.375;conf=99.53;score=23.29;cscore=21.02;sscore=2.27;rscore=0.04;uscore=-0.33;tscore=2.56;"
     CDS             complement(3183..>4169)
                     /note="ID=56_6;partial=01;start_type=Edge;rbs_motif=None;rbs_spacer=None;gc_cont=0.389;conf=100.00;score=113.89;cscore=110.67;sscore=3.22;rscore=0.00;uscore=0.00;tscore=3.22;"
//
DEFINITION  seqnum=57;seqlen=3614;seqhdr="k141_46159";version=Prodigal.v2.6.3;run_type=Single;model="Ab initio";gc_cont=36.79;transl_table=11;uses_sd=0
FEATURES             Location/Qualifiers
     CDS             complement(424..993)
                     /note="ID=57_1;partial=00;start_type=ATG;rbs_motif=AATT;rbs_spacer=15bp;gc_cont=0.396;conf=100.00;score=70.69;cscore=61.86;sscore=8.83;rscore=3.63;uscore=3.29;tscore=2.56;"
     CDS             1785..2642
                     /note="ID=57_2;partial=00;start_type=ATG;rbs_motif=None;rbs_spacer=None;gc_cont=0.345;conf=100.00;score=103.15;cscore=101.10;sscore=2.05;rscore=0.04;uscore=-0.55;tscore=2.56;"
     CDS             complement(3171..>3614)
                     /note="ID=57_3;partial=01;start_type=Edge;rbs_motif=None;rbs_spacer=None;gc_cont=0.356;conf=98.90;score=19.57;cscore=16.35;sscore=3.22;rscore=0.00;uscore=0.00;tscore=3.22;"
//
DEFINITION  seqnum=58;seqlen=2511;seqhdr="k141_267495";version=Prodigal.v2.6.3;run_type=Single;model="Ab initio";gc_cont=36.79;transl_table=11;uses_sd=0
FEATURES             Location/Qualifiers
     CDS             complement(<2..124)
                     /note="ID=58_1;partial=10;start_type=ATG;rbs_motif=None;rbs_spacer=None;gc_cont=0.398;conf=74.97;score=4.77;cscore=3.19;sscore=1.58;rscore=0.04;uscore=-0.36;tscore=2.56;"
     CDS             647..1114
                     /note="ID=58_2;partial=00;start_type=ATG;rbs_motif=None;rbs_spacer=None;gc_cont=0.417;conf=100.00;score=60.26;cscore=54.79;sscore=5.47;rscore=0.04;uscore=2.87;tscore=2.56;"
     CDS             1313..1741
                     /note="ID=58_3;partial=00;start_type=ATG;rbs_motif=None;rbs_spacer=None;gc_cont=0.357;conf=100.00;score=43.24;cscore=39.12;sscore=4.12;rscore=0.04;uscore=2.18;tscore=2.56;"
     CDS             complement(1864..>2511)
                     /note="ID=58_4;partial=01;start_type=Edge;rbs_motif=None;rbs_spacer=None;gc_cont=0.369;conf=100.00;score=43.73;cscore=40.51;sscore=3.22;rscore=0.00;uscore=0.00;tscore=3.22;"
//
DEFINITION  seqnum=59;seqlen=2639;seqhdr="k141_341056";version=Prodigal.v2.6.3;run_type=Single;model="Ab initio";gc_cont=36.79;transl_table=11;uses_sd=0
FEATURES             Location/Qualifiers
     CDS             <2..229
                     /note="ID=59_1;partial=10;start_type=Edge;rbs_motif=None;rbs_spacer=None;gc_cont=0.373;conf=81.62;score=6.49;cscore=3.27;sscore=3.22;rscore=0.00;uscore=0.00;tscore=3.22;"
     CDS             complement(157..1248)
                     /note="ID=59_2;partial=00;start_type=ATG;rbs_motif=None;rbs_spacer=None;gc_cont=0.467;conf=100.00;score=96.17;cscore=91.29;sscore=4.88;rscore=0.04;uscore=2.94;tscore=2.56;"
     CDS             1608..>2639
                     /note="ID=59_3;partial=01;start_type=ATG;rbs_motif=None;rbs_spacer=None;gc_cont=0.385;conf=100.00;score=95.48;cscore=93.42;sscore=2.06;rscore=0.04;uscore=-0.54;tscore=2.56;"
//
DEFINITION  seqnum=60;seqlen=3017;seqhdr="k141_21430";version=Prodigal.v2.6.3;run_type=Single;model="Ab initio";gc_cont=36.79;transl_table=11;uses_sd=0
FEATURES             Location/Qualifiers
     CDS             complement(65..370)
                     /note="ID=60_1;partial=00;start_type=ATG;rbs_motif=None;rbs_spacer=None;gc_cont=0.307;conf=96.71;score=14.71;cscore=15.05;sscore=-0.34;rscore=0.04;uscore=-2.29;tscore=2.56;"
     CDS             480..1166
                     /note="ID=60_2;partial=00;start_type=ATG;rbs_motif=None;rbs_spacer=None;gc_cont=0.326;conf=100.00;score=62.17;cscore=57.49;sscore=4.68;rscore=0.04;uscore=2.08;tscore=2.56;"
     CDS             complement(1160..2095)
                     /note="ID=60_3;partial=00;start_type=TTG;rbs_motif=AATT;rbs_spacer=13bp;gc_cont=0.389;conf=100.00;score=74.00;cscore=69.10;sscore=4.90;rscore=3.63;uscore=4.37;tscore=-2.45;"
     CDS             2158..2280
                     /note="ID=60_4;partial=00;start_type=ATG;rbs_motif=None;rbs_spacer=None;gc_cont=0.341;conf=71.01;score=3.90;cscore=1.40;sscore=2.50;rscore=0.02;uscore=1.25;tscore=1.23;"
     CDS             2351..>3016
                     /note="ID=60_5;partial=01;start_type=TTG;rbs_motif=None;rbs_spacer=None;gc_cont=0.374;conf=100.00;score=110.10;cscore=111.60;sscore=-1.50;rscore=0.04;uscore=0.91;tscore=-2.45;"
//
DEFINITION  seqnum=61;seqlen=2883;seqhdr="k141_268030";version=Prodigal.v2.6.3;run_type=Single;model="Ab initio";gc_cont=36.79;transl_table=11;uses_sd=0
FEATURES             Location/Qualifiers
     CDS             complement(92..211)
                     /note="ID=61_1;partial=00;start_type=ATG;rbs_motif=None;rbs_spacer=None;gc_cont=0.375;conf=51.00;score=0.17;cscore=-0.28;sscore=0.46;rscore=0.02;uscore=0.39;tscore=1.20;"
     CDS             293..385
                     /note="ID=61_2;partial=00;start_type=ATG;rbs_motif=None;rbs_spacer=None;gc_cont=0.419;conf=61.53;score=2.04;cscore=0.86;sscore=1.18;rscore=0.01;uscore=0.25;tscore=0.92;"
     CDS             775..1977
                     /note="ID=61_3;partial=00;start_type=TTG;rbs_motif=None;rbs_spacer=None;gc_cont=0.392;conf=100.00;score=109.64;cscore=109.29;sscore=0.35;rscore=0.04;uscore=3.41;tscore=-2.45;"
     CDS             2012..2185
                     /note="ID=61_4;partial=00;start_type=ATG;rbs_motif=None;rbs_spacer=None;gc_cont=0.305;conf=84.82;score=7.48;cscore=4.72;sscore=2.77;rscore=0.03;uscore=0.09;tscore=1.75;"
     CDS             complement(2640..>2882)
                     /note="ID=61_5;partial=01;start_type=Edge;rbs_motif=None;rbs_spacer=None;gc_cont=0.350;conf=97.51;score=15.96;cscore=12.74;sscore=3.22;rscore=0.00;uscore=0.00;tscore=3.22;"
//
DEFINITION  seqnum=62;seqlen=5738;seqhdr="k141_114852";version=Prodigal.v2.6.3;run_type=Single;model="Ab initio";gc_cont=36.79;transl_table=11;uses_sd=0
FEATURES             Location/Qualifiers
     CDS             <2..877
                     /note="ID=62_1;partial=10;start_type=Edge;rbs_motif=None;rbs_spacer=None;gc_cont=0.337;conf=100.00;score=92.93;cscore=89.71;sscore=3.22;rscore=0.00;uscore=0.00;tscore=3.22;"
     CDS             complement(921..2567)
                     /note="ID=62_2;partial=00;start_type=ATG;rbs_motif=None;rbs_spacer=None;gc_cont=0.338;conf=99.99;score=186.46;cscore=182.38;sscore=4.08;rscore=0.04;uscore=2.13;tscore=2.56;"
     CDS             2747..3577
                     /note="ID=62_3;partial=00;start_type=ATG;rbs_motif=None;rbs_spacer=None;gc_cont=0.344;conf=100.00;score=114.49;cscore=112.10;sscore=2.40;rscore=0.04;uscore=-0.20;tscore=2.56;"
     CDS             complement(3704..3967)
                     /note="ID=62_4;partial=00;start_type=GTG;rbs_motif=None;rbs_spacer=None;gc_cont=0.383;conf=98.78;score=19.11;cscore=22.01;sscore=-2.89;rscore=0.04;uscore=4.52;tscore=-6.80;"
     CDS             complement(4197..4490)
                     /note="ID=62_5;partial=00;start_type=ATG;rbs_motif=None;rbs_spacer=None;gc_cont=0.449;conf=98.75;score=19.01;cscore=17.30;sscore=1.70;rscore=0.04;uscore=-0.24;tscore=2.56;"
     CDS             4624..5115
                     /note="ID=62_6;partial=00;start_type=GTG;rbs_motif=None;rbs_spacer=None;gc_cont=0.346;conf=99.99;score=40.19;cscore=46.24;sscore=-6.05;rscore=0.04;uscore=0.72;tscore=-6.80;"
     CDS             complement(5170..>5736)
                     /note="ID=62_7;partial=01;start_type=Edge;rbs_motif=None;rbs_spacer=None;gc_cont=0.386;conf=100.00;score=65.99;cscore=62.77;sscore=3.22;rscore=0.00;uscore=0.00;tscore=3.22;"
//
DEFINITION  seqnum=63;seqlen=3158;seqhdr="k141_268282";version=Prodigal.v2.6.3;run_type=Single;model="Ab initio";gc_cont=36.79;transl_table=11;uses_sd=0
FEATURES             Location/Qualifiers
     CDS             <2..379
                     /note="ID=63_1;partial=10;start_type=Edge;rbs_motif=None;rbs_spacer=None;gc_cont=0.333;conf=99.97;score=34.71;cscore=31.49;sscore=3.22;rscore=0.00;uscore=0.00;tscore=3.22;"
     CDS             584..1135
                     /note="ID=63_2;partial=00;start_type=TTG;rbs_motif=None;rbs_spacer=None;gc_cont=0.328;conf=99.96;score=34.44;cscore=34.69;sscore=-0.25;rscore=0.04;uscore=2.81;tscore=-2.45;"
     CDS             1494..2342
                     /note="ID=63_3;partial=00;start_type=ATG;rbs_motif=AATT;rbs_spacer=13bp;gc_cont=0.373;conf=100.00;score=122.35;cscore=113.75;sscore=8.61;rscore=3.63;uscore=3.07;tscore=2.56;"
     CDS             2354..2875
                     /note="ID=63_4;partial=00;start_type=ATG;rbs_motif=None;rbs_spacer=None;gc_cont=0.318;conf=100.00;score=52.78;cscore=49.45;sscore=3.32;rscore=0.04;uscore=-0.43;tscore=2.56;"
//
DEFINITION  seqnum=64;seqlen=3967;seqhdr="k141_391149";version=Prodigal.v2.6.3;run_type=Single;model="Ab initio";gc_cont=36.79;transl_table=11;uses_sd=0
FEATURES             Location/Qualifiers
     CDS             <3..1031
                     /note="ID=64_1;partial=10;start_type=Edge;rbs_motif=None;rbs_spacer=None;gc_cont=0.420;conf=100.00;score=129.27;cscore=126.05;sscore=3.22;rscore=0.00;uscore=0.00;tscore=3.22;"
     CDS             1049..1435
                     /note="ID=64_2;partial=00;start_type=TTG;rbs_motif=None;rbs_spacer=None;gc_cont=0.408;conf=99.88;score=29.12;cscore=30.71;sscore=-1.59;rscore=0.04;uscore=-0.27;tscore=-2.45;"
     CDS             1612..2211
                     /note="ID=64_3;partial=00;start_type=ATG;rbs_motif=None;rbs_spacer=None;gc_cont=0.325;conf=100.00;score=76.38;cscore=71.97;sscore=4.42;rscore=0.04;uscore=1.82;tscore=2.56;"
     CDS             2312..>3967
                     /note="ID=64_4;partial=01;start_type=ATG;rbs_motif=None;rbs_spacer=None;gc_cont=0.350;conf=100.00;score=162.35;cscore=160.90;sscore=1.46;rscore=0.04;uscore=-1.14;tscore=2.56;"
//
DEFINITION  seqnum=65;seqlen=2582;seqhdr="k141_391918";version=Prodigal.v2.6.3;run_type=Single;model="Ab initio";gc_cont=36.79;transl_table=11;uses_sd=0
FEATURES             Location/Qualifiers
     CDS             complement(276..668)
                     /note="ID=65_1;partial=00;start_type=ATG;rbs_motif=None;rbs_spacer=None;gc_cont=0.351;conf=99.88;score=29.38;cscore=27.25;sscore=2.13;rscore=0.04;uscore=-0.47;tscore=2.56;"
     CDS             complement(845..1033)
                     /note="ID=65_2;partial=00;start_type=ATG;rbs_motif=None;rbs_spacer=None;gc_cont=0.423;conf=62.13;score=2.15;cscore=1.83;sscore=0.32;rscore=0.03;uscore=-0.96;tscore=1.91;"
     CDS             1587..2039
                     /note="ID=65_3;partial=00;start_type=ATG;rbs_motif=None;rbs_spacer=None;gc_cont=0.411;conf=100.00;score=59.78;cscore=53.97;sscore=5.80;rscore=0.04;uscore=3.20;tscore=2.56;"
     CDS             complement(2080..2223)
                     /note="ID=65_4;partial=00;start_type=ATG;rbs_motif=None;rbs_spacer=None;gc_cont=0.472;conf=50.51;score=0.09;cscore=-2.17;sscore=2.26;rscore=0.02;uscore=-2.07;tscore=1.45;"
     CDS             complement(2220..2384)
                     /note="ID=65_5;partial=00;start_type=ATG;rbs_motif=None;rbs_spacer=None;gc_cont=0.394;conf=55.16;score=0.90;cscore=-1.47;sscore=2.37;rscore=0.02;uscore=1.84;tscore=1.66;"
     CDS             2439..>2582
                     /note="ID=65_6;partial=01;start_type=TTG;rbs_motif=AATT;rbs_spacer=15bp;gc_cont=0.375;conf=77.12;score=5.28;cscore=1.44;sscore=3.84;rscore=3.63;uscore=2.66;tscore=-2.45;"
//
DEFINITION  seqnum=66;seqlen=2632;seqhdr="k141_96981";version=Prodigal.v2.6.3;run_type=Single;model="Ab initio";gc_cont=36.79;transl_table=11;uses_sd=0
FEATURES             Location/Qualifiers
     CDS             complement(<3..224)
                     /note="ID=66_1;partial=10;start_type=ATG;rbs_motif=None;rbs_spacer=None;gc_cont=0.383;conf=99.89;score=29.51;cscore=28.83;sscore=0.68;rscore=0.04;uscore=-1.26;tscore=2.56;"
     CDS             409..1158
                     /note="ID=66_2;partial=00;start_type=ATG;rbs_motif=None;rbs_spacer=None;gc_cont=0.403;conf=100.00;score=72.34;cscore=64.26;sscore=8.09;rscore=0.04;uscore=5.49;tscore=2.56;"
     CDS             complement(1308..2054)
                     /note="ID=66_3;partial=00;start_type=ATG;rbs_motif=None;rbs_spacer=None;gc_cont=0.388;conf=100.00;score=84.56;cscore=76.76;sscore=7.80;rscore=0.04;uscore=5.85;tscore=2.56;"
     CDS             2074..>2631
                     /note="ID=66_4;partial=01;start_type=ATG;rbs_motif=None;rbs_spacer=None;gc_cont=0.396;conf=100.00;score=50.92;cscore=48.05;sscore=2.87;rscore=0.04;uscore=0.27;tscore=2.56;"
//
DEFINITION  seqnum=67;seqlen=4009;seqhdr="k141_221417";version=Prodigal.v2.6.3;run_type=Single;model="Ab initio";gc_cont=36.79;transl_table=11;uses_sd=0
FEATURES             Location/Qualifiers
     CDS             <3..1241
                     /note="ID=67_1;partial=10;start_type=Edge;rbs_motif=None;rbs_spacer=None;gc_cont=0.355;conf=100.00;score=116.57;cscore=113.35;sscore=3.22;rscore=0.00;uscore=3.22;tscore=0.00;"
     CDS             1329..2006
                     /note="ID=67_2;partial=00;start_type=TTG;rbs_motif=None;rbs_spacer=None;gc_cont=0.335;conf=100.00;score=67.16;cscore=66.58;sscore=0.59;rscore=0.04;uscore=3.00;tscore=-2.45;"
     CDS             2125..3102
                     /note="ID=67_3;partial=00;start_type=TTG;rbs_motif=AATT;rbs_spacer=14bp;gc_cont=0.331;conf=100.00;score=85.81;cscore=84.66;sscore=1.15;rscore=3.63;uscore=-0.03;tscore=-2.45;"
     CDS             3162..>4007
                     /note="ID=67_4;partial=01;start_type=ATG;rbs_motif=None;rbs_spacer=None;gc_cont=0.348;conf=100.00;score=93.94;cscore=93.04;sscore=0.90;rscore=0.04;uscore=-1.70;tscore=2.56;"
//
DEFINITION  seqnum=68;seqlen=2995;seqhdr="k141_368802";version=Prodigal.v2.6.3;run_type=Single;model="Ab initio";gc_cont=36.79;transl_table=11;uses_sd=0
FEATURES             Location/Qualifiers
     CDS             complement(<1..1059)
                     /note="ID=68_1;partial=10;start_type=ATG;rbs_motif=None;rbs_spacer=None;gc_cont=0.388;conf=100.00;score=84.90;cscore=85.68;sscore=-0.78;rscore=0.04;uscore=-3.38;tscore=2.56;"
     CDS             complement(1040..1651)
                     /note="ID=68_2;partial=00;start_type=ATG;rbs_motif=None;rbs_spacer=None;gc_cont=0.415;conf=100.00;score=60.04;cscore=54.67;sscore=5.37;rscore=0.04;uscore=2.77;tscore=2.56;"
     CDS             complement(1790..2203)
                     /note="ID=68_3;partial=00;start_type=TTG;rbs_motif=None;rbs_spacer=None;gc_cont=0.367;conf=99.99;score=42.22;cscore=43.85;sscore=-1.63;rscore=0.04;uscore=0.11;tscore=-2.45;"
     CDS             complement(2259..2429)
                     /note="ID=68_4;partial=00;start_type=TTG;rbs_motif=None;rbs_spacer=None;gc_cont=0.386;conf=79.76;score=5.97;cscore=8.24;sscore=-2.27;rscore=0.02;uscore=2.00;tscore=-3.64;"
     CDS             2565..2843
                     /note="ID=68_5;partial=00;start_type=ATG;rbs_motif=None;rbs_spacer=None;gc_cont=0.401;conf=92.55;score=10.96;cscore=11.54;sscore=-0.58;rscore=0.04;uscore=-3.18;tscore=2.56;"
//
DEFINITION  seqnum=69;seqlen=3594;seqhdr="k141_24504";version=Prodigal.v2.6.3;run_type=Single;model="Ab initio";gc_cont=36.79;transl_table=11;uses_sd=0
FEATURES             Location/Qualifiers
     CDS             <1..396
                     /note="ID=69_1;partial=10;start_type=Edge;rbs_motif=None;rbs_spacer=None;gc_cont=0.313;conf=99.97;score=34.82;cscore=31.60;sscore=3.22;rscore=0.00;uscore=0.00;tscore=3.22;"
     CDS             complement(401..892)
                     /note="ID=69_2;partial=00;start_type=TTG;rbs_motif=AATT;rbs_spacer=14bp;gc_cont=0.333;conf=100.00;score=50.40;cscore=51.20;sscore=-0.80;rscore=3.63;uscore=-1.33;tscore=-2.45;"
     CDS             1020..2216
                     /note="ID=69_3;partial=00;start_type=ATG;rbs_motif=None;rbs_spacer=None;gc_cont=0.386;conf=100.00;score=144.73;cscore=141.06;sscore=3.67;rscore=0.04;uscore=1.07;tscore=2.56;"
     CDS             2263..2637
                     /note="ID=69_4;partial=00;start_type=TTG;rbs_motif=None;rbs_spacer=None;gc_cont=0.421;conf=99.15;score=20.69;cscore=17.64;sscore=3.05;rscore=0.04;uscore=4.68;tscore=-2.45;"
     CDS             2702..3217
                     /note="ID=69_5;partial=00;start_type=ATG;rbs_motif=None;rbs_spacer=None;gc_cont=0.395;conf=100.00;score=57.99;cscore=54.79;sscore=3.20;rscore=0.04;uscore=0.60;tscore=2.56;"
     CDS             3447..>3593
                     /note="ID=69_6;partial=01;start_type=ATG;rbs_motif=AATT;rbs_spacer=13bp;gc_cont=0.435;conf=96.60;score=14.56;cscore=7.28;sscore=7.27;rscore=3.63;uscore=1.74;tscore=2.56;"
//
DEFINITION  seqnum=70;seqlen=4553;seqhdr="k141_285158";version=Prodigal.v2.6.3;run_type=Single;model="Ab initio";gc_cont=36.79;transl_table=11;uses_sd=0
FEATURES             Location/Qualifiers
     CDS             complement(<1..1086)
                     /note="ID=70_1;partial=10;start_type=TTG;rbs_motif=None;rbs_spacer=None;gc_cont=0.364;conf=100.00;score=118.23;cscore=120.78;sscore=-2.56;rscore=0.04;uscore=-0.15;tscore=-2.45;"
     CDS             complement(1145..2194)
                     /note="ID=70_2;partial=00;start_type=ATG;rbs_motif=None;rbs_spacer=None;gc_cont=0.338;conf=100.00;score=101.21;cscore=96.20;sscore=5.01;rscore=0.04;uscore=3.06;tscore=2.56;"
     CDS             2313..2468
                     /note="ID=70_3;partial=00;start_type=ATG;rbs_motif=None;rbs_spacer=None;gc_cont=0.288;conf=89.61;score=9.37;cscore=6.59;sscore=2.78;rscore=0.02;uscore=1.19;tscore=1.57;"
     CDS             2539..4458
                     /note="ID=70_4;partial=00;start_type=TTG;rbs_motif=AATT;rbs_spacer=15bp;gc_cont=0.331;conf=99.99;score=221.16;cscore=216.73;sscore=4.43;rscore=3.63;uscore=3.25;tscore=-2.45;"
     CDS             4472..>4552
                     /note="ID=70_5;partial=01;start_type=ATG;rbs_motif=None;rbs_spacer=None;gc_cont=0.309;conf=74.54;score=4.67;cscore=4.23;sscore=0.44;rscore=0.04;uscore=-3.29;tscore=2.56;"
//
DEFINITION  seqnum=71;seqlen=2717;seqhdr="k141_285704";version=Prodigal.v2.6.3;run_type=Single;model="Ab initio";gc_cont=36.79;transl_table=11;uses_sd=0
FEATURES             Location/Qualifiers
     CDS             complement(<1..306)
                     /note="ID=71_1;partial=10;start_type=ATG;rbs_motif=None;rbs_spacer=None;gc_cont=0.428;conf=99.98;score=37.92;cscore=34.53;sscore=3.39;rscore=0.04;uscore=1.45;tscore=2.56;"
     CDS             complement(630..1121)
                     /note="ID=71_2;partial=00;start_type=ATG;rbs_motif=None;rbs_spacer=None;gc_cont=0.443;conf=100.00;score=54.98;cscore=51.73;sscore=3.25;rscore=0.04;uscore=1.31;tscore=2.56;"
     CDS             1766..2467
                     /note="ID=71_3;partial=00;start_type=ATG;rbs_motif=None;rbs_spacer=None;gc_cont=0.393;conf=100.00;score=67.89;cscore=61.32;sscore=6.57;rscore=0.04;uscore=3.97;tscore=2.56;"
//
DEFINITION  seqnum=72;seqlen=2853;seqhdr="k141_285860";version=Prodigal.v2.6.3;run_type=Single;model="Ab initio";gc_cont=36.79;transl_table=11;uses_sd=0
FEATURES             Location/Qualifiers
     CDS             <3..380
                     /note="ID=72_1;partial=10;start_type=Edge;rbs_motif=None;rbs_spacer=None;gc_cont=0.394;conf=100.00;score=47.49;cscore=44.27;sscore=3.22;rscore=0.00;uscore=0.00;tscore=3.22;"
     CDS             552..728
                     /note="ID=72_2;partial=00;start_type=ATG;rbs_motif=None;rbs_spacer=None;gc_cont=0.384;conf=86.31;score=8.01;cscore=6.14;sscore=1.87;rscore=0.03;uscore=0.06;tscore=1.78;"
     CDS             973..2028
                     /note="ID=72_3;partial=00;start_type=GTG;rbs_motif=None;rbs_spacer=None;gc_cont=0.421;conf=100.00;score=117.02;cscore=127.72;sscore=-10.70;rscore=0.04;uscore=-3.28;tscore=-6.80;"
     CDS             2025..>2852
                     /note="ID=72_4;partial=01;start_type=TTG;rbs_motif=None;rbs_spacer=None;gc_cont=0.406;conf=100.00;score=101.65;cscore=102.50;sscore=-0.85;rscore=0.04;uscore=0.26;tscore=-2.45;"
//
DEFINITION  seqnum=73;seqlen=2899;seqhdr="k141_167305";version=Prodigal.v2.6.3;run_type=Single;model="Ab initio";gc_cont=36.79;transl_table=11;uses_sd=0
FEATURES             Location/Qualifiers
     CDS             <2..118
                     /note="ID=73_1;partial=10;start_type=Edge;rbs_motif=None;rbs_spacer=None;gc_cont=0.376;conf=60.46;score=1.85;cscore=-0.87;sscore=2.72;rscore=0.00;uscore=3.22;tscore=0.00;"
     CDS             148..306
                     /note="ID=73_2;partial=00;start_type=TTG;rbs_motif=None;rbs_spacer=None;gc_cont=0.308;conf=71.89;score=4.08;cscore=6.33;sscore=-2.25;rscore=0.02;uscore=0.69;tscore=-3.92;"
     CDS             complement(324..548)
                     /note="ID=73_3;partial=00;start_type=ATG;rbs_motif=None;rbs_spacer=None;gc_cont=0.369;conf=99.48;score=22.87;cscore=20.06;sscore=2.81;rscore=0.03;uscore=1.16;tscore=2.28;"
     CDS             676..879
                     /note="ID=73_4;partial=00;start_type=ATG;rbs_motif=None;rbs_spacer=None;gc_cont=0.387;conf=99.22;score=21.06;cscore=16.64;sscore=4.42;rscore=0.03;uscore=2.33;tscore=2.06;"
     CDS             1001..1369
                     /note="ID=73_5;partial=00;start_type=TTG;rbs_motif=None;rbs_spacer=None;gc_cont=0.377;conf=99.46;score=22.73;cscore=26.08;sscore=-3.35;rscore=0.04;uscore=-0.94;tscore=-2.45;"
     CDS             1473..1739
                     /note="ID=73_6;partial=00;start_type=ATG;rbs_motif=None;rbs_spacer=None;gc_cont=0.307;conf=99.64;score=24.45;cscore=22.22;sscore=2.23;rscore=0.04;uscore=-0.37;tscore=2.56;"
     CDS             complement(2104..2313)
                     /note="ID=73_7;partial=00;start_type=ATG;rbs_motif=None;rbs_spacer=None;gc_cont=0.329;conf=50.81;score=0.14;cscore=0.80;sscore=-0.66;rscore=0.03;uscore=-2.16;tscore=2.12;"
     CDS             2629..>2898
                     /note="ID=73_8;partial=01;start_type=TTG;rbs_motif=None;rbs_spacer=None;gc_cont=0.326;conf=90.85;score=9.98;cscore=15.30;sscore=-5.31;rscore=0.04;uscore=-2.90;tscore=-2.45;"
//
DEFINITION  seqnum=74;seqlen=3114;seqhdr="k141_288541";version=Prodigal.v2.6.3;run_type=Single;model="Ab initio";gc_cont=36.79;transl_table=11;uses_sd=0
FEATURES             Location/Qualifiers
     CDS             complement(<2..166)
                     /note="ID=74_1;partial=10;start_type=ATG;rbs_motif=None;rbs_spacer=None;gc_cont=0.345;conf=99.19;score=20.91;cscore=17.07;sscore=3.84;rscore=0.04;uscore=-0.02;tscore=2.56;"
     CDS             complement(168..1415)
                     /note="ID=74_2;partial=00;start_type=ATG;rbs_motif=None;rbs_spacer=None;gc_cont=0.379;conf=100.00;score=159.40;cscore=152.48;sscore=6.92;rscore=0.04;uscore=3.18;tscore=2.56;"
     CDS             complement(1428..1664)
                     /note="ID=74_3;partial=00;start_type=TTG;rbs_motif=None;rbs_spacer=None;gc_cont=0.371;conf=74.21;score=4.60;cscore=5.85;sscore=-1.25;rscore=0.03;uscore=1.98;tscore=-2.61;"
     CDS             2094..2513
                     /note="ID=74_4;partial=00;start_type=ATG;rbs_motif=AATT;rbs_spacer=15bp;gc_cont=0.317;conf=100.00;score=53.74;cscore=43.31;sscore=10.43;rscore=3.63;uscore=4.24;tscore=2.56;"
     CDS             2554..3099
                     /note="ID=74_5;partial=00;start_type=ATG;rbs_motif=None;rbs_spacer=None;gc_cont=0.315;conf=100.00;score=56.71;cscore=47.37;sscore=9.34;rscore=0.04;uscore=5.90;tscore=2.56;"
//
DEFINITION  seqnum=75;seqlen=3382;seqhdr="k141_122273";version=Prodigal.v2.6.3;run_type=Single;model="Ab initio";gc_cont=36.79;transl_table=11;uses_sd=0
FEATURES             Location/Qualifiers
     CDS             <1..438
                     /note="ID=75_1;partial=10;start_type=Edge;rbs_motif=None;rbs_spacer=None;gc_cont=0.345;conf=99.98;score=37.36;cscore=34.14;sscore=3.22;rscore=0.00;uscore=0.00;tscore=3.22;"
     CDS             446..1045
                     /note="ID=75_2;partial=00;start_type=TTG;rbs_motif=None;rbs_spacer=None;gc_cont=0.377;conf=100.00;score=59.06;cscore=58.62;sscore=0.44;rscore=0.04;uscore=1.66;tscore=-2.45;"
     CDS             1046..1663
                     /note="ID=75_3;partial=00;start_type=ATG;rbs_motif=None;rbs_spacer=None;gc_cont=0.372;conf=100.00;score=59.76;cscore=56.63;sscore=3.13;rscore=0.04;uscore=-0.74;tscore=2.56;"
     CDS             1663..2373
                     /note="ID=75_4;partial=00;start_type=ATG;rbs_motif=AATT;rbs_spacer=15bp;gc_cont=0.374;conf=100.00;score=92.60;cscore=81.76;sscore=10.84;rscore=3.63;uscore=3.37;tscore=2.56;"
     CDS             2373..3173
                     /note="ID=75_5;partial=00;start_type=ATG;rbs_motif=None;rbs_spacer=None;gc_cont=0.385;conf=100.00;score=109.19;cscore=103.79;sscore=5.40;rscore=0.04;uscore=1.52;tscore=2.56;"
     CDS             complement(3245..>3382)
                     /note="ID=75_6;partial=01;start_type=Edge;rbs_motif=None;rbs_spacer=None;gc_cont=0.362;conf=76.46;score=5.12;cscore=1.90;sscore=3.22;rscore=0.00;uscore=0.00;tscore=3.22;"
//
DEFINITION  seqnum=76;seqlen=3642;seqhdr="k141_290836";version=Prodigal.v2.6.3;run_type=Single;model="Ab initio";gc_cont=36.79;transl_table=11;uses_sd=0
FEATURES             Location/Qualifiers
     CDS             complement(35..436)
                     /note="ID=76_1;partial=00;start_type=ATG;rbs_motif=None;rbs_spacer=None;gc_cont=0.391;conf=100.00;score=50.44;cscore=46.56;sscore=3.88;rscore=0.04;uscore=-4.54;tscore=2.56;"
     CDS             complement(436..1935)
                     /note="ID=76_2;partial=00;start_type=ATG;rbs_motif=None;rbs_spacer=None;gc_cont=0.430;conf=100.00;score=168.96;cscore=167.51;sscore=1.45;rscore=0.04;uscore=-0.50;tscore=2.56;"
     CDS             2065..3435
                     /note="ID=76_3;partial=00;start_type=ATG;rbs_motif=None;rbs_spacer=None;gc_cont=0.413;conf=100.00;score=141.65;cscore=135.10;sscore=6.55;rscore=0.04;uscore=3.95;tscore=2.56;"
     CDS             complement(3438..>3641)
                     /note="ID=76_4;partial=01;start_type=Edge;rbs_motif=None;rbs_spacer=None;gc_cont=0.343;conf=87.19;score=8.34;cscore=5.12;sscore=3.22;rscore=0.00;uscore=0.00;tscore=3.22;"
//
DEFINITION  seqnum=77;seqlen=2642;seqhdr="k141_291155";version=Prodigal.v2.6.3;run_type=Single;model="Ab initio";gc_cont=36.79;transl_table=11;uses_sd=0
FEATURES             Location/Qualifiers
     CDS             <2..334
                     /note="ID=77_1;partial=10;start_type=Edge;rbs_motif=None;rbs_spacer=None;gc_cont=0.363;conf=99.81;score=27.29;cscore=24.07;sscore=3.22;rscore=0.00;uscore=0.00;tscore=3.22;"
     CDS             457..1026
                     /note="ID=77_2;partial=00;start_type=TTG;rbs_motif=None;rbs_spacer=None;gc_cont=0.337;conf=99.99;score=39.23;cscore=37.59;sscore=1.64;rscore=0.04;uscore=4.05;tscore=-2.45;"
     CDS             1043..1723
                     /note="ID=77_3;partial=00;start_type=ATG;rbs_motif=None;rbs_spacer=None;gc_cont=0.361;conf=100.00;score=64.87;cscore=61.59;sscore=3.28;rscore=0.04;uscore=-0.42;tscore=2.56;"
     CDS             1710..2447
                     /note="ID=77_4;partial=00;start_type=ATG;rbs_motif=None;rbs_spacer=None;gc_cont=0.358;conf=100.00;score=71.90;cscore=68.24;sscore=3.66;rscore=0.04;uscore=-0.13;tscore=2.56;"
     CDS             2469..>2642
                     /note="ID=77_5;partial=01;start_type=ATG;rbs_motif=None;rbs_spacer=None;gc_cont=0.362;conf=97.14;score=15.34;cscore=15.62;sscore=-0.28;rscore=0.04;uscore=-3.93;tscore=2.56;"
//
