DEFINITION  seqnum=1;seqlen=2861;seqhdr="k141_442196";version=Prodigal.v2.6.3;run_type=Single;model="Ab initio";gc_cont=71.07;transl_table=11;uses_sd=1
FEATURES             Location/Qualifiers
     CDS             complement(<2..148)
                     /note="ID=1_1;partial=10;start_type=GTG;rbs_motif=GGAG/GAGG;rbs_spacer=5-10bp;gc_cont=0.687;conf=97.42;score=15.79;cscore=16.99;sscore=-1.21;rscore=4.89;uscore=-3.44;tscore=-2.00;"
     CDS             complement(329..967)
                     /note="ID=1_2;partial=00;start_type=ATG;rbs_motif=None;rbs_spacer=None;gc_cont=0.723;conf=100.00;score=91.96;cscore=89.45;sscore=2.51;rscore=-2.03;uscore=1.81;tscore=3.39;"
     CDS             complement(1182..1679)
                     /note="ID=1_3;partial=00;start_type=GTG;rbs_motif=AGGAGG;rbs_spacer=3-4bp;gc_cont=0.757;conf=100.00;score=89.85;cscore=76.40;sscore=13.45;rscore=16.17;uscore=-1.89;tscore=-2.00;"
     CDS             complement(1689..2171)
                     /note="ID=1_4;partial=00;start_type=ATG;rbs_motif=None;rbs_spacer=None;gc_cont=0.704;conf=100.00;score=72.65;cscore=67.97;sscore=4.68;rscore=-2.03;uscore=-1.94;tscore=3.39;"
     CDS             complement(2168..>2860)
                     /note="ID=1_5;partial=01;start_type=Edge;rbs_motif=None;rbs_spacer=None;gc_cont=0.716;conf=100.00;score=111.09;cscore=107.87;sscore=3.22;rscore=0.00;uscore=0.00;tscore=3.22;"
//
DEFINITION  seqnum=2;seqlen=2811;seqhdr="k141_242700";version=Prodigal.v2.6.3;run_type=Single;model="Ab initio";gc_cont=71.07;transl_table=11;uses_sd=1
FEATURES             Location/Qualifiers
     CDS             complement(182..835)
                     /note="ID=2_1;partial=00;start_type=ATG;rbs_motif=None;rbs_spacer=None;gc_cont=0.743;conf=100.00;score=79.09;cscore=76.19;sscore=2.90;rscore=-2.03;uscore=2.20;tscore=3.39;"
     CDS             complement(1016..>2809)
                     /note="ID=2_2;partial=01;start_type=Edge;rbs_motif=None;rbs_spacer=None;gc_cont=0.703;conf=99.99;score=259.20;cscore=255.98;sscore=3.22;rscore=0.00;uscore=0.00;tscore=3.22;"
//
DEFINITION  seqnum=3;seqlen=2711;seqhdr="k141_403172";version=Prodigal.v2.6.3;run_type=Single;model="Ab initio";gc_cont=71.07;transl_table=11;uses_sd=1
FEATURES             Location/Qualifiers
     CDS             complement(<2..100)
                     /note="ID=3_1;partial=10;start_type=ATG;rbs_motif=None;rbs_spacer=None;gc_cont=0.717;conf=57.25;score=1.27;cscore=4.19;sscore=-2.92;rscore=-2.03;uscore=-3.62;tscore=3.39;"
     CDS             171..1955
                     /note="ID=3_2;partial=00;start_type=ATG;rbs_motif=None;rbs_spacer=None;gc_cont=0.686;conf=99.99;score=371.56;cscore=365.37;sscore=6.19;rscore=-2.03;uscore=4.83;tscore=3.39;"
     CDS             1952..>2710
                     /note="ID=3_3;partial=01;start_type=GTG;rbs_motif=GGAG/GAGG;rbs_spacer=5-10bp;gc_cont=0.756;conf=100.00;score=159.00;cscore=154.81;sscore=4.18;rscore=4.89;uscore=-0.46;tscore=-2.00;"
//
DEFINITION  seqnum=4;seqlen=4065;seqhdr="k141_604984";version=Prodigal.v2.6.3;run_type=Single;model="Ab initio";gc_cont=71.07;transl_table=11;uses_sd=1
FEATURES             Location/Qualifiers
     CDS             complement(<2..460)
                     /note="ID=4_1;partial=10;start_type=ATG;rbs_motif=GGAG/GAGG;rbs_spacer=5-10bp;gc_cont=0.741;conf=100.00;score=94.21;cscore=86.62;sscore=7.58;rscore=4.89;uscore=-0.05;tscore=3.39;"
     CDS             646..933
                     /note="ID=4_2;partial=00;start_type=GTG;rbs_motif=AGxAGG/AGGxGG;rbs_spacer=5-10bp;gc_cont=0.660;conf=99.99;score=39.78;cscore=37.05;sscore=2.73;rscore=6.79;uscore=-2.05;tscore=-2.00;"
     CDS             complement(1053..2318)
                     /note="ID=4_3;partial=00;start_type=GTG;rbs_motif=AGxAGG/AGGxGG;rbs_spacer=5-10bp;gc_cont=0.688;conf=99.99;score=243.69;cscore=235.92;sscore=7.77;rscore=6.79;uscore=3.64;tscore=-2.00;"
     CDS             2389..3270
                     /note="ID=4_4;partial=00;start_type=ATG;rbs_motif=AGxAGG/AGGxGG;rbs_spacer=5-10bp;gc_cont=0.744;conf=100.00;score=122.83;cscore=110.30;sscore=12.53;rscore=6.79;uscore=2.35;tscore=3.39;"
     CDS             3618..>4064
                     /note="ID=4_5;partial=01;start_type=ATG;rbs_motif=GGAG/GAGG;rbs_spacer=5-10bp;gc_cont=0.651;conf=100.00;score=84.33;cscore=77.19;sscore=7.14;rscore=4.89;uscore=-0.49;tscore=3.39;"
//
DEFINITION  seqnum=5;seqlen=3369;seqhdr="k141_405060";version=Prodigal.v2.6.3;run_type=Single;model="Ab initio";gc_cont=71.07;transl_table=11;uses_sd=1
FEATURES             Location/Qualifiers
     CDS             <2..988
                     /note="ID=5_1;partial=10;start_type=Edge;rbs_motif=None;rbs_spacer=None;gc_cont=0.713;conf=100.00;score=146.34;cscore=143.12;sscore=3.22;rscore=0.00;uscore=0.00;tscore=3.22;"
     CDS             1141..2058
                     /note="ID=5_2;partial=00;start_type=GTG;rbs_motif=None;rbs_spacer=None;gc_cont=0.729;conf=100.00;score=160.43;cscore=164.04;sscore=-3.61;rscore=-2.03;uscore=0.43;tscore=-2.00;"
     CDS             2089..>3369
                     /note="ID=5_3;partial=01;start_type=ATG;rbs_motif=3Base/5BMM;rbs_spacer=13-15bp;gc_cont=0.728;conf=99.99;score=259.81;cscore=254.02;sscore=5.79;rscore=0.47;uscore=0.99;tscore=3.39;"
//
DEFINITION  seqnum=6;seqlen=2888;seqhdr="k141_325710";version=Prodigal.v2.6.3;run_type=Single;model="Ab initio";gc_cont=71.07;transl_table=11;uses_sd=1
FEATURES             Location/Qualifiers
     CDS             <2..1744
                     /note="ID=6_1;partial=10;start_type=Edge;rbs_motif=None;rbs_spacer=None;gc_cont=0.725;conf=99.99;score=211.36;cscore=208.14;sscore=3.22;rscore=0.00;uscore=0.00;tscore=3.22;"
     CDS             complement(2119..2739)
                     /note="ID=6_2;partial=00;start_type=GTG;rbs_motif=None;rbs_spacer=None;gc_cont=0.689;conf=100.00;score=86.84;cscore=94.88;sscore=-8.05;rscore=-2.03;uscore=-4.01;tscore=-2.00;"
//
DEFINITION  seqnum=7;seqlen=3481;seqhdr="k141_486376";version=Prodigal.v2.6.3;run_type=Single;model="Ab initio";gc_cont=71.07;transl_table=11;uses_sd=1
FEATURES             Location/Qualifiers
     CDS             complement(<3..2060)
                     /note="ID=7_1;partial=10;start_type=ATG;rbs_motif=GGAG/GAGG;rbs_spacer=5-10bp;gc_cont=0.702;conf=99.99;score=446.40;cscore=440.38;sscore=6.01;rscore=4.89;uscore=-2.27;tscore=3.39;"
     CDS             complement(2125..2925)
                     /note="ID=7_2;partial=00;start_type=GTG;rbs_motif=GGAG/GAGG;rbs_spacer=5-10bp;gc_cont=0.680;conf=100.00;score=147.28;cscore=143.47;sscore=3.81;rscore=4.89;uscore=0.18;tscore=-2.00;"
     CDS             complement(2975..>3481)
                     /note="ID=7_3;partial=01;start_type=Edge;rbs_motif=None;rbs_spacer=None;gc_cont=0.696;conf=100.00;score=81.81;cscore=78.59;sscore=3.22;rscore=0.00;uscore=0.00;tscore=3.22;"
//
DEFINITION  seqnum=8;seqlen=2534;seqhdr="k141_486433";version=Prodigal.v2.6.3;run_type=Single;model="Ab initio";gc_cont=71.07;transl_table=11;uses_sd=1
FEATURES             Location/Qualifiers
     CDS             <2..1126
                     /note="ID=8_1;partial=10;start_type=Edge;rbs_motif=None;rbs_spacer=None;gc_cont=0.703;conf=99.99;score=245.15;cscore=241.93;sscore=3.22;rscore=0.00;uscore=0.00;tscore=3.22;"
     CDS             1123..>2532
                     /note="ID=8_2;partial=01;start_type=GTG;rbs_motif=None;rbs_spacer=None;gc_cont=0.745;conf=99.99;score=280.23;cscore=280.94;sscore=-0.71;rscore=-2.03;uscore=-0.76;tscore=-2.00;"
//
DEFINITION  seqnum=9;seqlen=2728;seqhdr="k141_46185";version=Prodigal.v2.6.3;run_type=Single;model="Ab initio";gc_cont=71.07;transl_table=11;uses_sd=1
FEATURES             Location/Qualifiers
     CDS             complement(<3..80)
                     /note="ID=9_1;partial=10;start_type=ATG;rbs_motif=None;rbs_spacer=None;gc_cont=0.667;conf=72.71;score=4.26;cscore=3.49;sscore=0.77;rscore=-2.03;uscore=0.07;tscore=3.39;"
     CDS             complement(426..1415)
                     /note="ID=9_2;partial=00;start_type=GTG;rbs_motif=GGAGG;rbs_spacer=5-10bp;gc_cont=0.690;conf=100.00;score=134.99;cscore=124.44;sscore=10.56;rscore=9.80;uscore=2.76;tscore=-2.00;"
     CDS             complement(1574..>2728)
                     /note="ID=9_3;partial=01;start_type=Edge;rbs_motif=None;rbs_spacer=None;gc_cont=0.702;conf=99.99;score=235.07;cscore=231.85;sscore=3.22;rscore=0.00;uscore=0.00;tscore=3.22;"
//
DEFINITION  seqnum=10;seqlen=2908;seqhdr="k141_328400";version=Prodigal.v2.6.3;run_type=Single;model="Ab initio";gc_cont=71.07;transl_table=11;uses_sd=1
FEATURES             Location/Qualifiers
     CDS             <2..181
                     /note="ID=10_1;partial=10;start_type=Edge;rbs_motif=None;rbs_spacer=None;gc_cont=0.672;conf=73.50;score=4.44;cscore=1.22;sscore=3.22;rscore=0.00;uscore=0.00;tscore=3.22;"
     CDS             255..725
                     /note="ID=10_2;partial=00;start_type=ATG;rbs_motif=AGGA;rbs_spacer=5-10bp;gc_cont=0.722;conf=100.00;score=72.13;cscore=62.60;sscore=9.53;rscore=5.45;uscore=0.70;tscore=3.39;"
     CDS             783..1409
                     /note="ID=10_3;partial=00;start_type=ATG;rbs_motif=GGAGG;rbs_spacer=5-10bp;gc_cont=0.694;conf=100.00;score=143.56;cscore=131.61;sscore=11.95;rscore=9.80;uscore=-1.90;tscore=3.39;"
     CDS             1644..2303
                     /note="ID=10_4;partial=00;start_type=ATG;rbs_motif=GGAG/GAGG;rbs_spacer=5-10bp;gc_cont=0.770;conf=100.00;score=67.65;cscore=58.98;sscore=8.67;rscore=4.89;uscore=1.04;tscore=3.39;"
     CDS             2300..>2908
                     /note="ID=10_5;partial=01;start_type=ATG;rbs_motif=3Base/5BMM;rbs_spacer=13-15bp;gc_cont=0.757;conf=100.00;score=75.03;cscore=69.88;sscore=5.15;rscore=0.47;uscore=-0.01;tscore=3.39;"
//
DEFINITION  seqnum=11;seqlen=3041;seqhdr="k141_170330";version=Prodigal.v2.6.3;run_type=Single;model="Ab initio";gc_cont=71.07;transl_table=11;uses_sd=1
FEATURES             Location/Qualifiers
     CDS             <2..1711
                     /note="ID=11_1;partial=10;start_type=Edge;rbs_motif=None;rbs_spacer=None;gc_cont=0.751;conf=99.99;score=179.34;cscore=176.12;sscore=3.22;rscore=0.00;uscore=3.22;tscore=0.00;"
     CDS             complement(1774..>3039)
                     /note="ID=11_2;partial=01;start_type=Edge;rbs_motif=None;rbs_spacer=None;gc_cont=0.720;conf=99.99;score=245.09;cscore=241.87;sscore=3.22;rscore=0.00;uscore=0.00;tscore=3.22;"
//
DEFINITION  seqnum=12;seqlen=3133;seqhdr="k141_372981";version=Prodigal.v2.6.3;run_type=Single;model="Ab initio";gc_cont=71.07;transl_table=11;uses_sd=1
FEATURES             Location/Qualifiers
     CDS             <3..1211
                     /note="ID=12_1;partial=10;start_type=Edge;rbs_motif=None;rbs_spacer=None;gc_cont=0.743;conf=100.00;score=171.16;cscore=167.94;sscore=3.22;rscore=0.00;uscore=0.00;tscore=3.22;"
     CDS             1208..2368
                     /note="ID=12_2;partial=00;start_type=ATG;rbs_motif=None;rbs_spacer=None;gc_cont=0.736;conf=99.99;score=188.68;cscore=184.00;sscore=4.68;rscore=-2.03;uscore=-1.31;tscore=3.39;"
     CDS             2394..>3131
                     /note="ID=12_3;partial=01;start_type=ATG;rbs_motif=None;rbs_spacer=None;gc_cont=0.743;conf=100.00;score=128.81;cscore=127.26;sscore=1.55;rscore=-2.03;uscore=-0.81;tscore=3.39;"
//
DEFINITION  seqnum=13;seqlen=2647;seqhdr="k141_211942";version=Prodigal.v2.6.3;run_type=Single;model="Ab initio";gc_cont=71.07;transl_table=11;uses_sd=1
FEATURES             Location/Qualifiers
     CDS             118..1326
                     /note="ID=13_1;partial=00;start_type=ATG;rbs_motif=None;rbs_spacer=None;gc_cont=0.744;conf=99.99;score=193.25;cscore=191.71;sscore=1.54;rscore=-2.03;uscore=0.19;tscore=3.39;"
     CDS             complement(1340..>2647)
                     /note="ID=13_2;partial=01;start_type=Edge;rbs_motif=None;rbs_spacer=None;gc_cont=0.739;conf=99.99;score=249.43;cscore=246.21;sscore=3.22;rscore=0.00;uscore=0.00;tscore=3.22;"
//
DEFINITION  seqnum=14;seqlen=2517;seqhdr="k141_293268";version=Prodigal.v2.6.3;run_type=Single;model="Ab initio";gc_cont=71.07;transl_table=11;uses_sd=1
FEATURES             Location/Qualifiers
     CDS             complement(<3..137)
                     /note="ID=14_1;partial=10;start_type=ATG;rbs_motif=GGAGG;rbs_spacer=5-10bp;gc_cont=0.793;conf=96.12;score=13.96;cscore=3.77;sscore=10.19;rscore=9.80;uscore=-2.35;tscore=3.39;"
     CDS             389..1597
                     /note="ID=14_2;partial=00;start_type=ATG;rbs_motif=None;rbs_spacer=None;gc_cont=0.720;conf=100.00;score=150.02;cscore=150.22;sscore=-0.19;rscore=-2.03;uscore=-1.55;tscore=3.39;"
     CDS             1677..>2516
                     /note="ID=14_3;partial=01;start_type=ATG;rbs_motif=GGAGG;rbs_spacer=3-4bp;gc_cont=0.701;conf=100.00;score=150.08;cscore=135.22;sscore=14.86;rscore=11.91;uscore=-0.43;tscore=3.39;"
//
DEFINITION  seqnum=15;seqlen=3569;seqhdr="k141_93253";version=Prodigal.v2.6.3;run_type=Single;model="Ab initio";gc_cont=71.07;transl_table=11;uses_sd=1
FEATURES             Location/Qualifiers
     CDS             complement(3..116)
                     /note="ID=15_1;partial=00;start_type=ATG;rbs_motif=None;rbs_spacer=None;gc_cont=0.667;conf=78.44;score=5.62;cscore=5.96;sscore=-0.34;rscore=-4.58;uscore=1.82;tscore=1.50;"
     CDS             complement(150..497)
                     /note="ID=15_2;partial=00;start_type=GTG;rbs_motif=3Base/5BMM;rbs_spacer=13-15bp;gc_cont=0.753;conf=100.00;score=47.23;cscore=44.81;sscore=2.42;rscore=0.47;uscore=2.66;tscore=-2.00;"
     CDS             complement(494..1336)
                     /note="ID=15_3;partial=00;start_type=ATG;rbs_motif=AGGAGG;rbs_spacer=5-10bp;gc_cont=0.663;conf=99.99;score=186.68;cscore=168.87;sscore=17.81;rscore=12.44;uscore=0.69;tscore=3.39;"
     CDS             complement(1333..1788)
                     /note="ID=15_4;partial=00;start_type=ATG;rbs_motif=AGxAGG/AGGxGG;rbs_spacer=5-10bp;gc_cont=0.693;conf=100.00;score=52.86;cscore=40.53;sscore=12.33;rscore=6.79;uscore=2.81;tscore=3.39;"
     CDS             complement(2226..2630)
                     /note="ID=15_5;partial=00;start_type=GTG;rbs_motif=GGAG/GAGG;rbs_spacer=5-10bp;gc_cont=0.711;conf=98.82;score=19.27;cscore=16.39;sscore=2.88;rscore=4.89;uscore=-0.01;tscore=-2.00;"
     CDS             complement(2792..3514)
                     /note="ID=15_6;partial=00;start_type=ATG;rbs_motif=None;rbs_spacer=None;gc_cont=0.710;conf=100.00;score=67.81;cscore=69.94;sscore=-2.14;rscore=-2.03;uscore=-3.49;tscore=3.39;"
//
DEFINITION  seqnum=16;seqlen=2537;seqhdr="k141_132657";version=Prodigal.v2.6.3;run_type=Single;model="Ab initio";gc_cont=71.07;transl_table=11;uses_sd=1
FEATURES             Location/Qualifiers
     CDS             209..>2536
                     /note="ID=16_1;partial=01;start_type=GTG;rbs_motif=AGGA;rbs_spacer=5-10bp;gc_cont=0.747;conf=99.99;score=340.35;cscore=339.05;sscore=1.30;rscore=5.45;uscore=-2.15;tscore=-2.00;"
//
DEFINITION  seqnum=17;seqlen=2682;seqhdr="k141_253840";version=Prodigal.v2.6.3;run_type=Single;model="Ab initio";gc_cont=71.07;transl_table=11;uses_sd=1
FEATURES             Location/Qualifiers
     CDS             <1..519
                     /note="ID=17_1;partial=10;start_type=Edge;rbs_motif=None;rbs_spacer=None;gc_cont=0.715;conf=100.00;score=108.87;cscore=105.65;sscore=3.22;rscore=0.00;uscore=0.00;tscore=3.22;"
     CDS             516..1331
                     /note="ID=17_2;partial=00;start_type=ATG;rbs_motif=GGAG/GAGG;rbs_spacer=5-10bp;gc_cont=0.684;conf=99.99;score=190.54;cscore=179.39;sscore=11.15;rscore=4.89;uscore=1.57;tscore=3.39;"
     CDS             complement(1328..1786)
                     /note="ID=17_3;partial=00;start_type=ATG;rbs_motif=GGAGG;rbs_spacer=5-10bp;gc_cont=0.723;conf=100.00;score=92.99;cscore=81.88;sscore=11.11;rscore=9.80;uscore=-1.43;tscore=3.39;"
     CDS             1952..>2680
                     /note="ID=17_4;partial=01;start_type=ATG;rbs_motif=GGAGG;rbs_spacer=3-4bp;gc_cont=0.680;conf=100.00;score=157.29;cscore=143.67;sscore=13.62;rscore=11.91;uscore=-1.67;tscore=3.39;"
//
DEFINITION  seqnum=18;seqlen=3944;seqhdr="k141_455615";version=Prodigal.v2.6.3;run_type=Single;model="Ab initio";gc_cont=71.07;transl_table=11;uses_sd=1
FEATURES             Location/Qualifiers
     CDS             complement(37..1494)
                     /note="ID=18_1;partial=00;start_type=GTG;rbs_motif=None;rbs_spacer=None;gc_cont=0.727;conf=99.99;score=236.10;cscore=240.30;sscore=-4.19;rscore=-2.03;uscore=0.50;tscore=-2.00;"
     CDS             1655..2662
                     /note="ID=18_2;partial=00;start_type=ATG;rbs_motif=GGAG/GAGG;rbs_spacer=5-10bp;gc_cont=0.668;conf=99.99;score=188.78;cscore=179.90;sscore=8.88;rscore=4.89;uscore=0.60;tscore=3.39;"
     CDS             complement(2706..3872)
                     /note="ID=18_3;partial=00;start_type=ATG;rbs_motif=AGGAG;rbs_spacer=5-10bp;gc_cont=0.720;conf=99.99;score=230.76;cscore=217.88;sscore=12.88;rscore=11.64;uscore=-2.15;tscore=3.39;"
//
DEFINITION  seqnum=19;seqlen=2611;seqhdr="k141_375260";version=Prodigal.v2.6.3;run_type=Single;model="Ab initio";gc_cont=71.07;transl_table=11;uses_sd=1
FEATURES             Location/Qualifiers
     CDS             <2..481
                     /note="ID=19_1;partial=10;start_type=Edge;rbs_motif=None;rbs_spacer=None;gc_cont=0.746;conf=100.00;score=75.45;cscore=72.23;sscore=3.22;rscore=0.00;uscore=0.00;tscore=3.22;"
     CDS             423..818
                     /note="ID=19_2;partial=00;start_type=GTG;rbs_motif=None;rbs_spacer=None;gc_cont=0.755;conf=100.00;score=75.75;cscore=80.35;sscore=-4.60;rscore=-2.03;uscore=-0.56;tscore=-2.00;"
     CDS             971..1381
                     /note="ID=19_3;partial=00;start_type=TTG;rbs_motif=AGxAGG/AGGxGG;rbs_spacer=5-10bp;gc_cont=0.645;conf=100.00;score=52.74;cscore=54.23;sscore=-1.50;rscore=6.79;uscore=-0.53;tscore=-7.75;"
     CDS             1498..2529
                     /note="ID=19_4;partial=00;start_type=ATG;rbs_motif=3Base/5BMM;rbs_spacer=13-15bp;gc_cont=0.677;conf=99.99;score=207.78;cscore=200.68;sscore=7.10;rscore=0.47;uscore=3.24;tscore=3.39;"
//
DEFINITION  seqnum=20;seqlen=3466;seqhdr="k141_416565";version=Prodigal.v2.6.3;run_type=Single;model="Ab initio";gc_cont=71.07;transl_table=11;uses_sd=1
FEATURES             Location/Qualifiers
     CDS             complement(<3..635)
                     /note="ID=20_1;partial=10;start_type=GTG;rbs_motif=GGAG/GAGG;rbs_spacer=5-10bp;gc_cont=0.750;conf=100.00;score=116.37;cscore=112.19;sscore=4.18;rscore=4.89;uscore=-1.24;tscore=-2.00;"
     CDS             complement(632..1729)
                     /note="ID=20_2;partial=00;start_type=ATG;rbs_motif=None;rbs_spacer=None;gc_cont=0.719;conf=99.99;score=191.88;cscore=190.79;sscore=1.09;rscore=-2.03;uscore=-1.43;tscore=3.39;"
     CDS             complement(1740..3299)
                     /note="ID=20_3;partial=00;start_type=ATG;rbs_motif=GGAGG;rbs_spacer=5-10bp;gc_cont=0.673;conf=99.99;score=343.13;cscore=330.03;sscore=13.10;rscore=9.80;uscore=-0.10;tscore=3.39;"
//
DEFINITION  seqnum=21;seqlen=2571;seqhdr="k141_496245";version=Prodigal.v2.6.3;run_type=Single;model="Ab initio";gc_cont=71.07;transl_table=11;uses_sd=1
FEATURES             Location/Qualifiers
     CDS             complement(<3..713)
                     /note="ID=21_1;partial=10;start_type=TTG;rbs_motif=GGAGG;rbs_spacer=5-10bp;gc_cont=0.733;conf=100.00;score=97.13;cscore=95.57;sscore=1.55;rscore=9.80;uscore=0.15;tscore=-7.75;"
     CDS             complement(912..1271)
                     /note="ID=21_2;partial=00;start_type=ATG;rbs_motif=None;rbs_spacer=None;gc_cont=0.700;conf=100.00;score=56.25;cscore=57.61;sscore=-1.36;rscore=-2.03;uscore=-2.06;tscore=3.39;"
     CDS             1400..2083
                     /note="ID=21_3;partial=00;start_type=ATG;rbs_motif=GGAG/GAGG;rbs_spacer=5-10bp;gc_cont=0.724;conf=100.00;score=109.13;cscore=98.20;sscore=10.93;rscore=4.89;uscore=2.65;tscore=3.39;"
     CDS             2155..>2571
                     /note="ID=21_4;partial=01;start_type=ATG;rbs_motif=3Base/5BMM;rbs_spacer=13-15bp;gc_cont=0.700;conf=100.00;score=70.16;cscore=66.08;sscore=4.08;rscore=0.47;uscore=0.22;tscore=3.39;"
//
DEFINITION  seqnum=22;seqlen=2537;seqhdr="k141_296892";version=Prodigal.v2.6.3;run_type=Single;model="Ab initio";gc_cont=71.07;transl_table=11;uses_sd=1
FEATURES             Location/Qualifiers
     CDS             complement(<1..1068)
                     /note="ID=22_1;partial=10;start_type=GTG;rbs_motif=GGAGG;rbs_spacer=5-10bp;gc_cont=0.736;conf=99.99;score=184.76;cscore=180.64;sscore=4.13;rscore=9.80;uscore=-3.02;tscore=-2.00;"
     CDS             1257..2000
                     /note="ID=22_2;partial=00;start_type=ATG;rbs_motif=3Base/5BMM;rbs_spacer=13-15bp;gc_cont=0.696;conf=100.00;score=138.81;cscore=134.35;sscore=4.46;rscore=0.47;uscore=0.61;tscore=3.39;"
     CDS             2212..>2535
                     /note="ID=22_3;partial=01;start_type=GTG;rbs_motif=GGAG/GAGG;rbs_spacer=5-10bp;gc_cont=0.701;conf=99.97;score=35.86;cscore=37.29;sscore=-1.43;rscore=4.89;uscore=-3.67;tscore=-2.00;"
//
DEFINITION  seqnum=23;seqlen=2592;seqhdr="k141_15597";version=Prodigal.v2.6.3;run_type=Single;model="Ab initio";gc_cont=71.07;transl_table=11;uses_sd=1
FEATURES             Location/Qualifiers
     CDS             <1..840
                     /note="ID=23_1;partial=10;start_type=Edge;rbs_motif=None;rbs_spacer=None;gc_cont=0.758;conf=100.00;score=139.54;cscore=136.32;sscore=3.22;rscore=0.00;uscore=0.00;tscore=3.22;"
     CDS             984..>2591
                     /note="ID=23_2;partial=01;start_type=GTG;rbs_motif=AGGAG;rbs_spacer=5-10bp;gc_cont=0.726;conf=99.99;score=360.40;cscore=351.99;sscore=8.41;rscore=11.64;uscore=-1.23;tscore=-2.00;"
//
DEFINITION  seqnum=24;seqlen=2548;seqhdr="k141_98015";version=Prodigal.v2.6.3;run_type=Single;model="Ab initio";gc_cont=71.07;transl_table=11;uses_sd=1
FEATURES             Location/Qualifiers
     CDS             complement(<2..292)
                     /note="ID=24_1;partial=10;start_type=GTG;rbs_motif=None;rbs_spacer=None;gc_cont=0.784;conf=100.00;score=44.52;cscore=45.23;sscore=-0.71;rscore=-2.03;uscore=-2.11;tscore=-2.00;"
     CDS             complement(289..1227)
                     /note="ID=24_2;partial=00;start_type=ATG;rbs_motif=GGAGG;rbs_spacer=5-10bp;gc_cont=0.681;conf=99.99;score=212.28;cscore=196.26;sscore=16.02;rscore=9.80;uscore=2.82;tscore=3.39;"
     CDS             complement(1348..2217)
                     /note="ID=24_3;partial=00;start_type=GTG;rbs_motif=None;rbs_spacer=None;gc_cont=0.737;conf=100.00;score=132.71;cscore=140.44;sscore=-7.73;rscore=-2.03;uscore=-3.04;tscore=-2.00;"
     CDS             2265..>2546
                     /note="ID=24_4;partial=01;start_type=ATG;rbs_motif=3Base/5BMM;rbs_spacer=13-15bp;gc_cont=0.677;conf=100.00;score=69.11;cscore=65.66;sscore=3.45;rscore=0.47;uscore=-0.41;tscore=3.39;"
//
DEFINITION  seqnum=25;seqlen=2771;seqhdr="k141_337388";version=Prodigal.v2.6.3;run_type=Single;model="Ab initio";gc_cont=71.07;transl_table=11;uses_sd=1
FEATURES             Location/Qualifiers
     CDS             complement(<2..241)
                     /note="ID=25_1;partial=10;start_type=ATG;rbs_motif=GGAG/GAGG;rbs_spacer=5-10bp;gc_cont=0.750;conf=99.83;score=27.67;cscore=21.68;sscore=5.98;rscore=4.89;uscore=-1.65;tscore=3.39;"
     CDS             570..1394
                     /note="ID=25_2;partial=00;start_type=ATG;rbs_motif=AGGA;rbs_spacer=5-10bp;gc_cont=0.733;conf=100.00;score=149.80;cscore=141.48;sscore=8.32;rscore=5.45;uscore=-0.52;tscore=3.39;"
     CDS             complement(1458..2063)
                     /note="ID=25_3;partial=00;start_type=ATG;rbs_motif=GGAGG;rbs_spacer=5-10bp;gc_cont=0.698;conf=100.00;score=58.72;cscore=46.87;sscore=11.85;rscore=9.80;uscore=-1.35;tscore=3.39;"
//
DEFINITION  seqnum=26;seqlen=2620;seqhdr="k141_498554";version=Prodigal.v2.6.3;run_type=Single;model="Ab initio";gc_cont=71.07;transl_table=11;uses_sd=1
FEATURES             Location/Qualifiers
     CDS             215..814
                     /note="ID=26_1;partial=00;start_type=ATG;rbs_motif=None;rbs_spacer=None;gc_cont=0.745;conf=100.00;score=89.01;cscore=87.98;sscore=1.03;rscore=-2.03;uscore=-0.33;tscore=3.39;"
     CDS             complement(829..1221)
                     /note="ID=26_2;partial=00;start_type=GTG;rbs_motif=None;rbs_spacer=None;gc_cont=0.700;conf=99.98;score=38.23;cscore=44.72;sscore=-6.49;rscore=-2.03;uscore=-2.45;tscore=-2.00;"
     CDS             complement(1348..2115)
                     /note="ID=26_3;partial=00;start_type=GTG;rbs_motif=GGAG/GAGG;rbs_spacer=5-10bp;gc_cont=0.729;conf=100.00;score=96.50;cscore=92.54;sscore=3.95;rscore=4.89;uscore=0.33;tscore=-2.00;"
     CDS             complement(2165..>2620)
                     /note="ID=26_4;partial=01;start_type=Edge;rbs_motif=None;rbs_spacer=None;gc_cont=0.721;conf=100.00;score=76.58;cscore=73.36;sscore=3.22;rscore=0.00;uscore=0.00;tscore=3.22;"
//
DEFINITION  seqnum=27;seqlen=2716;seqhdr="k141_257949";version=Prodigal.v2.6.3;run_type=Single;model="Ab initio";gc_cont=71.07;transl_table=11;uses_sd=1
FEATURES             Location/Qualifiers
     CDS             <2..>2716
                     /note="ID=27_1;partial=11;start_type=Edge;rbs_motif=None;rbs_spacer=None;gc_cont=0.748;conf=99.99;score=463.20;cscore=461.59;sscore=1.61;rscore=0.00;uscore=0.00;tscore=1.61;"
//
DEFINITION  seqnum=28;seqlen=2771;seqhdr="k141_299153";version=Prodigal.v2.6.3;run_type=Single;model="Ab initio";gc_cont=71.07;transl_table=11;uses_sd=1
FEATURES             Location/Qualifiers
     CDS             <2..121
                     /note="ID=28_1;partial=10;start_type=Edge;rbs_motif=None;rbs_spacer=None;gc_cont=0.775;conf=95.86;score=13.67;cscore=10.45;sscore=3.22;rscore=0.00;uscore=0.00;tscore=3.22;"
     CDS             complement(170..1336)
                     /note="ID=28_2;partial=00;start_type=GTG;rbs_motif=None;rbs_spacer=None;gc_cont=0.660;conf=99.99;score=220.70;cscore=223.60;sscore=-2.89;rscore=-2.03;uscore=1.80;tscore=-2.00;"
     CDS             complement(1518..2360)
                     /note="ID=28_3;partial=00;start_type=ATG;rbs_motif=AGGAGG;rbs_spacer=3-4bp;gc_cont=0.741;conf=100.00;score=159.22;cscore=138.36;sscore=20.86;rscore=16.17;uscore=-2.70;tscore=3.39;"
     CDS             complement(2357..>2770)
                     /note="ID=28_4;partial=01;start_type=Edge;rbs_motif=None;rbs_spacer=None;gc_cont=0.739;conf=100.00;score=73.29;cscore=70.07;sscore=3.22;rscore=0.00;uscore=0.00;tscore=3.22;"
//
DEFINITION  seqnum=29;seqlen=3274;seqhdr="k141_259006";version=Prodigal.v2.6.3;run_type=Single;model="Ab initio";gc_cont=71.07;transl_table=11;uses_sd=1
FEATURES             Location/Qualifiers
     CDS             complement(<2..181)
                     /note="ID=29_1;partial=10;start_type=GTG;rbs_motif=None;rbs_spacer=None;gc_cont=0.739;conf=99.75;score=26.04;cscore=33.95;sscore=-7.91;rscore=-2.03;uscore=-4.68;tscore=-2.00;"
     CDS             complement(225..509)
                     /note="ID=29_2;partial=00;start_type=ATG;rbs_motif=GGAGG;rbs_spacer=5-10bp;gc_cont=0.632;conf=100.00;score=49.33;cscore=34.84;sscore=14.49;rscore=9.80;uscore=-0.06;tscore=3.39;"
     CDS             complement(506..1093)
                     /note="ID=29_3;partial=00;start_type=GTG;rbs_motif=3Base/5BMM;rbs_spacer=13-15bp;gc_cont=0.663;conf=100.00;score=88.46;cscore=89.58;sscore=-1.12;rscore=0.47;uscore=1.07;tscore=-2.00;"
     CDS             1497..2381
                     /note="ID=29_4;partial=00;start_type=GTG;rbs_motif=GGAG/GAGG;rbs_spacer=5-10bp;gc_cont=0.750;conf=100.00;score=103.47;cscore=103.22;sscore=0.25;rscore=4.89;uscore=-2.64;tscore=-2.00;"
     CDS             complement(2422..2769)
                     /note="ID=29_5;partial=00;start_type=GTG;rbs_motif=AGGAGG;rbs_spacer=3-4bp;gc_cont=0.690;conf=100.00;score=45.70;cscore=30.74;sscore=14.96;rscore=16.17;uscore=0.79;tscore=-2.00;"
     CDS             complement(2839..2973)
                     /note="ID=29_6;partial=00;start_type=ATG;rbs_motif=None;rbs_spacer=None;gc_cont=0.726;conf=58.04;score=1.41;cscore=-1.88;sscore=3.29;rscore=-3.85;uscore=0.71;tscore=1.79;"
     CDS             complement(2970..>3272)
                     /note="ID=29_7;partial=01;start_type=Edge;rbs_motif=None;rbs_spacer=None;gc_cont=0.683;conf=99.99;score=39.71;cscore=36.49;sscore=3.22;rscore=0.00;uscore=0.00;tscore=3.22;"
//
DEFINITION  seqnum=30;seqlen=2956;seqhdr="k141_301697";version=Prodigal.v2.6.3;run_type=Single;model="Ab initio";gc_cont=71.07;transl_table=11;uses_sd=1
FEATURES             Location/Qualifiers
     CDS             <1..141
                     /note="ID=30_1;partial=10;start_type=Edge;rbs_motif=None;rbs_spacer=None;gc_cont=0.702;conf=96.27;score=14.14;cscore=10.92;sscore=3.22;rscore=0.00;uscore=3.22;tscore=0.00;"
     CDS             212..1090
                     /note="ID=30_2;partial=00;start_type=ATG;rbs_motif=GGAGG;rbs_spacer=5-10bp;gc_cont=0.726;conf=100.00;score=147.41;cscore=137.30;sscore=10.11;rscore=9.80;uscore=-3.08;tscore=3.39;"
     CDS             1119..2294
                     /note="ID=30_3;partial=00;start_type=ATG;rbs_motif=AGGAGG;rbs_spacer=5-10bp;gc_cont=0.695;conf=99.99;score=270.34;cscore=253.51;sscore=16.83;rscore=12.44;uscore=0.04;tscore=3.39;"
     CDS             complement(2338..2931)
                     /note="ID=30_4;partial=00;start_type=ATG;rbs_motif=GGAGG;rbs_spacer=3-4bp;gc_cont=0.721;conf=100.00;score=97.03;cscore=84.92;sscore=12.10;rscore=11.91;uscore=-3.19;tscore=3.39;"
//
DEFINITION  seqnum=31;seqlen=4157;seqhdr="k141_620295";version=Prodigal.v2.6.3;run_type=Single;model="Ab initio";gc_cont=71.07;transl_table=11;uses_sd=1
FEATURES             Location/Qualifiers
     CDS             <2..742
                     /note="ID=31_1;partial=10;start_type=Edge;rbs_motif=None;rbs_spacer=None;gc_cont=0.761;conf=100.00;score=94.81;cscore=91.59;sscore=3.22;rscore=0.00;uscore=0.00;tscore=3.22;"
     CDS             complement(788..2356)
                     /note="ID=31_2;partial=00;start_type=ATG;rbs_motif=GGAG/GAGG;rbs_spacer=5-10bp;gc_cont=0.704;conf=99.99;score=342.26;cscore=335.84;sscore=6.42;rscore=4.89;uscore=-1.86;tscore=3.39;"
     CDS             complement(2459..3175)
                     /note="ID=31_3;partial=00;start_type=ATG;rbs_motif=AGxAG;rbs_spacer=5-10bp;gc_cont=0.755;conf=100.00;score=111.34;cscore=106.00;sscore=5.34;rscore=1.96;uscore=0.64;tscore=3.39;"
     CDS             complement(3404..4048)
                     /note="ID=31_4;partial=00;start_type=GTG;rbs_motif=None;rbs_spacer=None;gc_cont=0.704;conf=100.00;score=123.67;cscore=131.34;sscore=-7.68;rscore=-2.03;uscore=-3.64;tscore=-2.00;"
     CDS             complement(4012..>4155)
                     /note="ID=31_5;partial=01;start_type=Edge;rbs_motif=None;rbs_spacer=None;gc_cont=0.660;conf=93.51;score=11.60;cscore=8.39;sscore=3.22;rscore=0.00;uscore=0.00;tscore=3.22;"
//
DEFINITION  seqnum=32;seqlen=3917;seqhdr="k141_141190";version=Prodigal.v2.6.3;run_type=Single;model="Ab initio";gc_cont=71.07;transl_table=11;uses_sd=1
FEATURES             Location/Qualifiers
     CDS             complement(<2..832)
                     /note="ID=32_1;partial=10;start_type=GTG;rbs_motif=3Base/5BMM;rbs_spacer=13-15bp;gc_cont=0.727;conf=100.00;score=153.66;cscore=157.48;sscore=-3.82;rscore=0.47;uscore=-3.54;tscore=-2.00;"
     CDS             complement(825..1736)
                     /note="ID=32_2;partial=00;start_type=ATG;rbs_motif=None;rbs_spacer=None;gc_cont=0.679;conf=99.99;score=204.60;cscore=199.92;sscore=4.67;rscore=-2.03;uscore=-0.41;tscore=3.39;"
     CDS             complement(1736..1999)
                     /note="ID=32_3;partial=00;start_type=ATG;rbs_motif=GGAGG;rbs_spacer=5-10bp;gc_cont=0.712;conf=99.99;score=42.28;cscore=28.85;sscore=13.43;rscore=9.80;uscore=0.23;tscore=3.39;"
     CDS             complement(2164..2556)
                     /note="ID=32_4;partial=00;start_type=GTG;rbs_motif=3Base/5BMM;rbs_spacer=13-15bp;gc_cont=0.707;conf=99.99;score=42.23;cscore=45.94;sscore=-3.71;rscore=0.47;uscore=-1.52;tscore=-2.00;"
     CDS             2809..3219
                     /note="ID=32_5;partial=00;start_type=ATG;rbs_motif=AGGA/GGAG/GAGG;rbs_spacer=11-12bp;gc_cont=0.698;conf=99.99;score=41.93;cscore=36.51;sscore=5.42;rscore=-1.09;uscore=3.12;tscore=3.39;"
     CDS             complement(3269..3694)
                     /note="ID=32_6;partial=00;start_type=ATG;rbs_motif=GGAGG;rbs_spacer=5-10bp;gc_cont=0.676;conf=100.00;score=58.54;cscore=46.80;sscore=11.73;rscore=9.80;uscore=-1.46;tscore=3.39;"
//
DEFINITION  seqnum=33;seqlen=2722;seqhdr="k141_181619";version=Prodigal.v2.6.3;run_type=Single;model="Ab initio";gc_cont=71.07;transl_table=11;uses_sd=1
FEATURES             Location/Qualifiers
     CDS             51..1379
                     /note="ID=33_1;partial=00;start_type=GTG;rbs_motif=AGxAGG/AGGxGG;rbs_spacer=5-10bp;gc_cont=0.695;conf=99.99;score=288.70;cscore=288.41;sscore=0.30;rscore=6.79;uscore=-4.48;tscore=-2.00;"
     CDS             1408..2091
                     /note="ID=33_2;partial=00;start_type=ATG;rbs_motif=AGGAG/GGAGG;rbs_spacer=11-12bp;gc_cont=0.719;conf=100.00;score=129.11;cscore=121.87;sscore=7.25;rscore=2.47;uscore=0.42;tscore=3.39;"
     CDS             2088..>2720
                     /note="ID=33_3;partial=01;start_type=GTG;rbs_motif=AGxAGG/AGGxGG;rbs_spacer=5-10bp;gc_cont=0.692;conf=100.00;score=155.03;cscore=148.95;sscore=6.08;rscore=6.79;uscore=-3.45;tscore=-2.00;"
//
DEFINITION  seqnum=34;seqlen=2991;seqhdr="k141_142909";version=Prodigal.v2.6.3;run_type=Single;model="Ab initio";gc_cont=71.07;transl_table=11;uses_sd=1
FEATURES             Location/Qualifiers
     CDS             complement(<1..1584)
                     /note="ID=34_1;partial=10;start_type=ATG;rbs_motif=AGGA;rbs_spacer=5-10bp;gc_cont=0.729;conf=99.99;score=339.72;cscore=334.40;sscore=5.32;rscore=5.45;uscore=-2.87;tscore=3.39;"
     CDS             1657..1836
                     /note="ID=34_2;partial=00;start_type=ATG;rbs_motif=3Base/5BMM;rbs_spacer=13-15bp;gc_cont=0.717;conf=80.86;score=6.27;cscore=9.50;sscore=-3.23;rscore=0.33;uscore=-5.96;tscore=2.40;"
     CDS             1821..2312
                     /note="ID=34_3;partial=00;start_type=ATG;rbs_motif=3Base/5BMM;rbs_spacer=13-15bp;gc_cont=0.697;conf=100.00;score=93.71;cscore=88.62;sscore=5.09;rscore=0.47;uscore=0.06;tscore=3.39;"
     CDS             2380..>2991
                     /note="ID=34_4;partial=01;start_type=ATG;rbs_motif=None;rbs_spacer=None;gc_cont=0.743;conf=100.00;score=108.48;cscore=110.33;sscore=-1.86;rscore=-2.03;uscore=-3.21;tscore=3.39;"
//
DEFINITION  seqnum=35;seqlen=3166;seqhdr="k141_580697";version=Prodigal.v2.6.3;run_type=Single;model="Ab initio";gc_cont=71.07;transl_table=11;uses_sd=1
FEATURES             Location/Qualifiers
     CDS             <3..1349
                     /note="ID=35_1;partial=10;start_type=Edge;rbs_motif=None;rbs_spacer=None;gc_cont=0.709;conf=99.99;score=248.05;cscore=244.83;sscore=3.22;rscore=0.00;uscore=0.00;tscore=3.22;"
     CDS             1601..2461
                     /note="ID=35_2;partial=00;start_type=ATG;rbs_motif=AGxAGG/AGGxGG;rbs_spacer=5-10bp;gc_cont=0.717;conf=100.00;score=96.31;cscore=85.84;sscore=10.47;rscore=6.79;uscore=0.94;tscore=3.39;"
     CDS             2488..3036
                     /note="ID=35_3;partial=00;start_type=GTG;rbs_motif=AGxAGG/AGGxGG;rbs_spacer=5-10bp;gc_cont=0.638;conf=99.75;score=26.09;cscore=20.75;sscore=5.33;rscore=6.79;uscore=-0.44;tscore=-2.00;"
//
DEFINITION  seqnum=36;seqlen=2629;seqhdr="k141_581199";version=Prodigal.v2.6.3;run_type=Single;model="Ab initio";gc_cont=71.07;transl_table=11;uses_sd=1
FEATURES             Location/Qualifiers
     CDS             complement(97..1308)
                     /note="ID=36_1;partial=00;start_type=ATG;rbs_motif=None;rbs_spacer=None;gc_cont=0.699;conf=99.99;score=213.27;cscore=211.12;sscore=2.15;rscore=-2.03;uscore=-0.24;tscore=3.39;"
     CDS             complement(1331..1744)
                     /note="ID=36_2;partial=00;start_type=ATG;rbs_motif=AGGAG;rbs_spacer=3-4bp;gc_cont=0.703;conf=100.00;score=77.83;cscore=61.21;sscore=16.62;rscore=12.19;uscore=-0.14;tscore=3.39;"
     CDS             complement(1753..>2628)
                     /note="ID=36_3;partial=01;start_type=Edge;rbs_motif=None;rbs_spacer=None;gc_cont=0.735;conf=100.00;score=84.96;cscore=81.74;sscore=3.22;rscore=0.00;uscore=0.00;tscore=3.22;"
//
DEFINITION  seqnum=37;seqlen=2783;seqhdr="k141_544035";version=Prodigal.v2.6.3;run_type=Single;model="Ab initio";gc_cont=71.07;transl_table=11;uses_sd=1
FEATURES             Location/Qualifiers
     CDS             complement(<3..1448)
                     /note="ID=37_1;partial=10;start_type=ATG;rbs_motif=None;rbs_spacer=None;gc_cont=0.725;conf=100.00;score=144.89;cscore=143.19;sscore=1.70;rscore=-2.03;uscore=1.00;tscore=3.39;"
     CDS             1707..>2783
                     /note="ID=37_2;partial=01;start_type=ATG;rbs_motif=None;rbs_spacer=None;gc_cont=0.684;conf=99.99;score=243.74;cscore=241.48;sscore=2.25;rscore=-2.03;uscore=0.90;tscore=3.39;"
//
DEFINITION  seqnum=38;seqlen=3103;seqhdr="k141_265313";version=Prodigal.v2.6.3;run_type=Single;model="Ab initio";gc_cont=71.07;transl_table=11;uses_sd=1
FEATURES             Location/Qualifiers
     CDS             complement(<1..324)
                     /note="ID=38_1;partial=10;start_type=ATG;rbs_motif=None;rbs_spacer=None;gc_cont=0.682;conf=100.00;score=69.85;cscore=68.54;sscore=1.31;rscore=-2.03;uscore=-0.04;tscore=3.39;"
     CDS             complement(422..1837)
                     /note="ID=38_2;partial=00;start_type=GTG;rbs_motif=GGAG/GAGG;rbs_spacer=5-10bp;gc_cont=0.727;conf=100.00;score=156.44;cscore=154.87;sscore=1.57;rscore=4.89;uscore=-0.67;tscore=-2.00;"
     CDS             1855..>3102
                     /note="ID=38_3;partial=01;start_type=ATG;rbs_motif=None;rbs_spacer=None;gc_cont=0.742;conf=99.99;score=181.60;cscore=181.48;sscore=0.11;rscore=-2.03;uscore=-1.24;tscore=3.39;"
//
DEFINITION  seqnum=39;seqlen=3874;seqhdr="k141_224979";version=Prodigal.v2.6.3;run_type=Single;model="Ab initio";gc_cont=71.07;transl_table=11;uses_sd=1
FEATURES             Location/Qualifiers
     CDS             267..1985
                     /note="ID=39_1;partial=00;start_type=ATG;rbs_motif=3Base/5BMM;rbs_spacer=13-15bp;gc_cont=0.704;conf=99.99;score=274.12;cscore=268.64;sscore=5.48;rscore=0.47;uscore=1.62;tscore=3.39;"
     CDS             complement(2051..>3874)
                     /note="ID=39_2;partial=01;start_type=Edge;rbs_motif=None;rbs_spacer=None;gc_cont=0.698;conf=99.99;score=361.07;cscore=357.85;sscore=3.22;rscore=0.00;uscore=0.00;tscore=3.22;"
//
DEFINITION  seqnum=40;seqlen=3016;seqhdr="k141_581778";version=Prodigal.v2.6.3;run_type=Single;model="Ab initio";gc_cont=71.07;transl_table=11;uses_sd=1
FEATURES             Location/Qualifiers
     CDS             90..1967
                     /note="ID=40_1;partial=00;start_type=ATG;rbs_motif=None;rbs_spacer=None;gc_cont=0.722;conf=99.99;score=319.54;cscore=320.49;sscore=-0.95;rscore=-2.03;uscore=-2.30;tscore=3.39;"
     CDS             1973..2641
                     /note="ID=40_2;partial=00;start_type=GTG;rbs_motif=None;rbs_spacer=None;gc_cont=0.689;conf=100.00;score=105.93;cscore=108.13;sscore=-2.20;rscore=-2.03;uscore=0.62;tscore=-2.00;"
     CDS             complement(2659..>3015)
                     /note="ID=40_3;partial=01;start_type=Edge;rbs_motif=None;rbs_spacer=None;gc_cont=0.678;conf=100.00;score=75.41;cscore=72.19;sscore=3.22;rscore=0.00;uscore=0.00;tscore=3.22;"
//
DEFINITION  seqnum=41;seqlen=2724;seqhdr="k141_622871";version=Prodigal.v2.6.3;run_type=Single;model="Ab initio";gc_cont=71.07;transl_table=11;uses_sd=1
FEATURES             Location/Qualifiers
     CDS             <3..440
                     /note="ID=41_1;partial=10;start_type=Edge;rbs_motif=None;rbs_spacer=None;gc_cont=0.712;conf=100.00;score=70.85;cscore=67.63;sscore=3.22;rscore=0.00;uscore=0.00;tscore=3.22;"
     CDS             494..1096
                     /note="ID=41_2;partial=00;start_type=GTG;rbs_motif=GGAG/GAGG;rbs_spacer=5-10bp;gc_cont=0.750;conf=100.00;score=43.23;cscore=39.38;sscore=3.85;rscore=4.89;uscore=0.96;tscore=-2.00;"
     CDS             1210..1728
                     /note="ID=41_3;partial=00;start_type=GTG;rbs_motif=None;rbs_spacer=None;gc_cont=0.709;conf=100.00;score=55.46;cscore=58.14;sscore=-2.67;rscore=-2.03;uscore=1.36;tscore=-2.00;"
     CDS             complement(1775..1948)
                     /note="ID=41_4;partial=00;start_type=ATG;rbs_motif=AGGAG;rbs_spacer=5-10bp;gc_cont=0.632;conf=99.99;score=38.77;cscore=29.82;sscore=8.95;rscore=7.96;uscore=-0.68;tscore=2.32;"
     CDS             2276..>2722
                     /note="ID=41_5;partial=01;start_type=ATG;rbs_motif=AGGAG;rbs_spacer=5-10bp;gc_cont=0.655;conf=100.00;score=88.74;cscore=74.69;sscore=14.06;rscore=11.64;uscore=-0.98;tscore=3.39;"
//
DEFINITION  seqnum=42;seqlen=3702;seqhdr="k141_423909";version=Prodigal.v2.6.3;run_type=Single;model="Ab initio";gc_cont=71.07;transl_table=11;uses_sd=1
FEATURES             Location/Qualifiers
     CDS             423..716
                     /note="ID=42_1;partial=00;start_type=GTG;rbs_motif=None;rbs_spacer=None;gc_cont=0.721;conf=99.95;score=33.24;cscore=38.24;sscore=-5.00;rscore=-2.03;uscore=-0.96;tscore=-2.00;"
     CDS             865..1095
                     /note="ID=42_2;partial=00;start_type=ATG;rbs_motif=AGGA;rbs_spacer=5-10bp;gc_cont=0.723;conf=99.52;score=23.23;cscore=14.79;sscore=8.44;rscore=4.97;uscore=0.38;tscore=3.09;"
     CDS             1125..1904
                     /note="ID=42_3;partial=00;start_type=ATG;rbs_motif=GGAGG;rbs_spacer=5-10bp;gc_cont=0.701;conf=100.00;score=148.64;cscore=134.49;sscore=14.15;rscore=9.80;uscore=0.00;tscore=3.39;"
     CDS             2018..2431
                     /note="ID=42_4;partial=00;start_type=ATG;rbs_motif=None;rbs_spacer=None;gc_cont=0.722;conf=100.00;score=61.92;cscore=57.02;sscore=4.91;rscore=-2.03;uscore=3.55;tscore=3.39;"
     CDS             2591..>3700
                     /note="ID=42_5;partial=01;start_type=ATG;rbs_motif=None;rbs_spacer=None;gc_cont=0.749;conf=99.99;score=183.60;cscore=183.36;sscore=0.24;rscore=-2.03;uscore=-1.11;tscore=3.39;"
//
DEFINITION  seqnum=43;seqlen=3225;seqhdr="k141_346736";version=Prodigal.v2.6.3;run_type=Single;model="Ab initio";gc_cont=71.07;transl_table=11;uses_sd=1
FEATURES             Location/Qualifiers
     CDS             <2..406
                     /note="ID=43_1;partial=10;start_type=Edge;rbs_motif=None;rbs_spacer=None;gc_cont=0.723;conf=100.00;score=56.20;cscore=52.98;sscore=3.22;rscore=0.00;uscore=0.00;tscore=3.22;"
     CDS             553..1488
                     /note="ID=43_2;partial=00;start_type=GTG;rbs_motif=AGGAGG;rbs_spacer=5-10bp;gc_cont=0.725;conf=100.00;score=139.77;cscore=134.39;sscore=5.39;rscore=12.44;uscore=-5.05;tscore=-2.00;"
     CDS             1485..2312
                     /note="ID=43_3;partial=00;start_type=GTG;rbs_motif=None;rbs_spacer=None;gc_cont=0.725;conf=100.00;score=144.74;cscore=145.45;sscore=-0.71;rscore=-2.03;uscore=-0.52;tscore=-2.00;"
     CDS             2328..>3224
                     /note="ID=43_4;partial=01;start_type=ATG;rbs_motif=3Base/5BMM;rbs_spacer=13-15bp;gc_cont=0.730;conf=100.00;score=169.92;cscore=167.23;sscore=2.70;rscore=0.47;uscore=-2.27;tscore=3.39;"
//
DEFINITION  seqnum=44;seqlen=4024;seqhdr="k141_226571";version=Prodigal.v2.6.3;run_type=Single;model="Ab initio";gc_cont=71.07;transl_table=11;uses_sd=1
FEATURES             Location/Qualifiers
     CDS             complement(<2..220)
                     /note="ID=44_1;partial=10;start_type=ATG;rbs_motif=None;rbs_spacer=None;gc_cont=0.795;conf=96.68;score=14.67;cscore=18.78;sscore=-4.12;rscore=-2.03;uscore=-6.19;tscore=3.39;"
     CDS             complement(272..1483)
                     /note="ID=44_2;partial=00;start_type=GTG;rbs_motif=GGAGG;rbs_spacer=5-10bp;gc_cont=0.727;conf=99.99;score=200.49;cscore=191.10;sscore=9.39;rscore=9.80;uscore=2.24;tscore=-2.00;"
     CDS             complement(1726..3138)
                     /note="ID=44_3;partial=00;start_type=ATG;rbs_motif=None;rbs_spacer=None;gc_cont=0.728;conf=99.99;score=256.21;cscore=254.52;sscore=1.70;rscore=-2.03;uscore=0.99;tscore=3.39;"
     CDS             3512..>4024
                     /note="ID=44_4;partial=01;start_type=ATG;rbs_motif=AGGAG;rbs_spacer=5-10bp;gc_cont=0.704;conf=100.00;score=82.27;cscore=67.52;sscore=14.75;rscore=11.64;uscore=-0.28;tscore=3.39;"
//
DEFINITION  seqnum=45;seqlen=3224;seqhdr="k141_467753";version=Prodigal.v2.6.3;run_type=Single;model="Ab initio";gc_cont=71.07;transl_table=11;uses_sd=1
FEATURES             Location/Qualifiers
     CDS             complement(<3..1256)
                     /note="ID=45_1;partial=10;start_type=ATG;rbs_motif=3Base/5BMM;rbs_spacer=13-15bp;gc_cont=0.739;conf=99.99;score=185.78;cscore=182.25;sscore=3.53;rscore=0.47;uscore=0.32;tscore=3.39;"
     CDS             1337..2518
                     /note="ID=45_2;partial=00;start_type=GTG;rbs_motif=AGGAGG;rbs_spacer=3-4bp;gc_cont=0.728;conf=99.99;score=209.85;cscore=191.11;sscore=18.75;rscore=16.17;uscore=4.58;tscore=-2.00;"
     CDS             2537..>3223
                     /note="ID=45_3;partial=01;start_type=ATG;rbs_motif=None;rbs_spacer=None;gc_cont=0.731;conf=100.00;score=122.42;cscore=121.64;sscore=0.78;rscore=-2.03;uscore=-1.65;tscore=3.39;"
//
DEFINITION  seqnum=46;seqlen=3430;seqhdr="k141_66233";version=Prodigal.v2.6.3;run_type=Single;model="Ab initio";gc_cont=71.07;transl_table=11;uses_sd=1
FEATURES             Location/Qualifiers
     CDS             complement(<2..1450)
                     /note="ID=46_1;partial=10;start_type=ATG;rbs_motif=AGxAGG/AGGxGG;rbs_spacer=5-10bp;gc_cont=0.700;conf=99.99;score=334.96;cscore=326.63;sscore=8.33;rscore=6.79;uscore=-1.19;tscore=3.39;"
     CDS             1660..2106
                     /note="ID=46_2;partial=00;start_type=ATG;rbs_motif=None;rbs_spacer=None;gc_cont=0.685;conf=100.00;score=65.86;cscore=61.27;sscore=4.59;rscore=-2.03;uscore=3.23;tscore=3.39;"
     CDS             complement(2111..>3430)
                     /note="ID=46_3;partial=01;start_type=Edge;rbs_motif=None;rbs_spacer=None;gc_cont=0.697;conf=99.99;score=218.20;cscore=214.98;sscore=3.22;rscore=0.00;uscore=3.22;tscore=0.00;"
//
DEFINITION  seqnum=47;seqlen=2801;seqhdr="k141_310043";version=Prodigal.v2.6.3;run_type=Single;model="Ab initio";gc_cont=71.07;transl_table=11;uses_sd=1
FEATURES             Location/Qualifiers
     CDS             complement(78..1364)
                     /note="ID=47_1;partial=00;start_type=ATG;rbs_motif=GGAG/GAGG;rbs_spacer=5-10bp;gc_cont=0.727;conf=99.99;score=242.45;cscore=230.80;sscore=11.65;rscore=4.89;uscore=2.11;tscore=3.39;"
     CDS             complement(1367..2398)
                     /note="ID=47_2;partial=00;start_type=GTG;rbs_motif=3Base/5BMM;rbs_spacer=13-15bp;gc_cont=0.736;conf=99.99;score=194.88;cscore=196.17;sscore=-1.29;rscore=0.47;uscore=0.90;tscore=-2.00;"
     CDS             2548..>2799
                     /note="ID=47_3;partial=01;start_type=ATG;rbs_motif=None;rbs_spacer=None;gc_cont=0.655;conf=100.00;score=56.67;cscore=56.19;sscore=0.49;rscore=-2.03;uscore=-0.87;tscore=3.39;"
//
DEFINITION  seqnum=48;seqlen=2927;seqhdr="k141_229627";version=Prodigal.v2.6.3;run_type=Single;model="Ab initio";gc_cont=71.07;transl_table=11;uses_sd=1
FEATURES             Location/Qualifiers
     CDS             complement(<2..2836)
                     /note="ID=48_1;partial=10;start_type=ATG;rbs_motif=3Base/5BMM;rbs_spacer=13-15bp;gc_cont=0.703;conf=99.99;score=438.87;cscore=435.80;sscore=3.07;rscore=0.47;uscore=-0.79;tscore=3.39;"
//
DEFINITION  seqnum=49;seqlen=2872;seqhdr="k141_29548";version=Prodigal.v2.6.3;run_type=Single;model="Ab initio";gc_cont=71.07;transl_table=11;uses_sd=1
FEATURES             Location/Qualifiers
     CDS             complement(28..1239)
                     /note="ID=49_1;partial=00;start_type=ATG;rbs_motif=None;rbs_spacer=None;gc_cont=0.704;conf=99.99;score=198.02;cscore=197.05;sscore=0.97;rscore=-2.03;uscore=0.27;tscore=3.39;"
     CDS             1418..2182
                     /note="ID=49_2;partial=00;start_type=ATG;rbs_motif=GGAG/GAGG;rbs_spacer=5-10bp;gc_cont=0.731;conf=100.00;score=92.37;cscore=85.52;sscore=6.84;rscore=4.89;uscore=-1.44;tscore=3.39;"
     CDS             2291..2740
                     /note="ID=49_3;partial=00;start_type=ATG;rbs_motif=None;rbs_spacer=None;gc_cont=0.731;conf=100.00;score=49.50;cscore=49.77;sscore=-0.27;rscore=-2.03;uscore=-1.63;tscore=3.39;"
     CDS             2802..>2870
                     /note="ID=49_4;partial=01;start_type=GTG;rbs_motif=AGGA;rbs_spacer=5-10bp;gc_cont=0.696;conf=87.28;score=8.38;cscore=6.51;sscore=1.87;rscore=5.45;uscore=-1.58;tscore=-2.00;"
//
DEFINITION  seqnum=50;seqlen=2682;seqhdr="k141_548793";version=Prodigal.v2.6.3;run_type=Single;model="Ab initio";gc_cont=71.07;transl_table=11;uses_sd=1
FEATURES             Location/Qualifiers
     CDS             226..2133
                     /note="ID=50_1;partial=00;start_type=ATG;rbs_motif=GGAGG;rbs_spacer=3-4bp;gc_cont=0.723;conf=99.99;score=364.96;cscore=350.52;sscore=14.44;rscore=11.91;uscore=-0.85;tscore=3.39;"
     CDS             2133..>2681
                     /note="ID=50_2;partial=01;start_type=GTG;rbs_motif=None;rbs_spacer=None;gc_cont=0.754;conf=100.00;score=98.88;cscore=99.60;sscore=-0.72;rscore=-2.03;uscore=-2.75;tscore=-2.00;"
//
DEFINITION  seqnum=51;seqlen=3452;seqhdr="k141_587630";version=Prodigal.v2.6.3;run_type=Single;model="Ab initio";gc_cont=71.07;transl_table=11;uses_sd=1
FEATURES             Location/Qualifiers
     CDS             complement(<2..655)
                     /note="ID=51_1;partial=10;start_type=ATG;rbs_motif=AGGAGG;rbs_spacer=3-4bp;gc_cont=0.743;conf=100.00;score=123.71;cscore=101.83;sscore=21.88;rscore=16.17;uscore=2.97;tscore=3.39;"
     CDS             729..1229
                     /note="ID=51_2;partial=00;start_type=ATG;rbs_motif=AGGA;rbs_spacer=5-10bp;gc_cont=0.749;conf=100.00;score=65.19;cscore=51.83;sscore=13.36;rscore=5.45;uscore=4.52;tscore=3.39;"
     CDS             complement(1242..2627)
                     /note="ID=51_3;partial=00;start_type=ATG;rbs_motif=AGGAGG;rbs_spacer=5-10bp;gc_cont=0.768;conf=99.99;score=220.16;cscore=204.49;sscore=15.67;rscore=12.44;uscore=0.50;tscore=3.39;"
     CDS             3049..>3450
                     /note="ID=51_4;partial=01;start_type=ATG;rbs_motif=None;rbs_spacer=None;gc_cont=0.632;conf=100.00;score=50.75;cscore=51.18;sscore=-0.43;rscore=-2.03;uscore=-1.78;tscore=3.39;"
//
DEFINITION  seqnum=52;seqlen=4062;seqhdr="k141_191601";version=Prodigal.v2.6.3;run_type=Single;model="Ab initio";gc_cont=71.07;transl_table=11;uses_sd=1
FEATURES             Location/Qualifiers
     CDS             complement(<1..132)
                     /note="ID=52_1;partial=10;start_type=ATG;rbs_motif=None;rbs_spacer=None;gc_cont=0.682;conf=99.47;score=22.80;cscore=19.53;sscore=3.27;rscore=-2.03;uscore=1.01;tscore=3.39;"
     CDS             complement(167..703)
                     /note="ID=52_2;partial=00;start_type=ATG;rbs_motif=None;rbs_spacer=None;gc_cont=0.704;conf=100.00;score=68.77;cscore=70.05;sscore=-1.28;rscore=-2.03;uscore=-2.64;tscore=3.39;"
     CDS             complement(784..1872)
                     /note="ID=52_3;partial=00;start_type=ATG;rbs_motif=None;rbs_spacer=None;gc_cont=0.693;conf=100.00;score=169.36;cscore=167.44;sscore=1.92;rscore=-2.03;uscore=-0.50;tscore=3.39;"
     CDS             complement(1892..2155)
                     /note="ID=52_4;partial=00;start_type=ATG;rbs_motif=GGAG/GAGG;rbs_spacer=5-10bp;gc_cont=0.670;conf=99.79;score=26.80;cscore=18.86;sscore=7.94;rscore=4.89;uscore=0.31;tscore=3.39;"
     CDS             2424..2552
                     /note="ID=52_5;partial=00;start_type=GTG;rbs_motif=None;rbs_spacer=None;gc_cont=0.667;conf=66.44;score=2.97;cscore=10.67;sscore=-7.70;rscore=-4.04;uscore=0.32;tscore=-3.98;"
     CDS             complement(2608..3054)
                     /note="ID=52_6;partial=00;start_type=ATG;rbs_motif=AGGAG;rbs_spacer=5-10bp;gc_cont=0.691;conf=100.00;score=85.54;cscore=71.02;sscore=14.53;rscore=11.64;uscore=0.15;tscore=3.39;"
     CDS             3261..>4061
                     /note="ID=52_7;partial=01;start_type=GTG;rbs_motif=AGGAG;rbs_spacer=5-10bp;gc_cont=0.730;conf=100.00;score=120.96;cscore=112.54;sscore=8.42;rscore=11.64;uscore=-1.22;tscore=-2.00;"
//
DEFINITION  seqnum=53;seqlen=2684;seqhdr="k141_473148";version=Prodigal.v2.6.3;run_type=Single;model="Ab initio";gc_cont=71.07;transl_table=11;uses_sd=1
FEATURES             Location/Qualifiers
     CDS             complement(<1..462)
                     /note="ID=53_1;partial=10;start_type=ATG;rbs_motif=AGxAGG/AGGxGG;rbs_spacer=5-10bp;gc_cont=0.723;conf=100.00;score=60.23;cscore=51.59;sscore=8.64;rscore=6.79;uscore=-0.88;tscore=3.39;"
     CDS             592..771
                     /note="ID=53_2;partial=00;start_type=GTG;rbs_motif=3Base/5BMM;rbs_spacer=13-15bp;gc_cont=0.756;conf=67.67;score=3.21;cscore=3.33;sscore=-0.12;rscore=0.33;uscore=2.38;tscore=-2.83;"
     CDS             1105..1491
                     /note="ID=53_3;partial=00;start_type=TTG;rbs_motif=None;rbs_spacer=None;gc_cont=0.734;conf=99.98;score=37.71;cscore=49.05;sscore=-11.34;rscore=-2.03;uscore=-0.90;tscore=-7.75;"
     CDS             complement(1551..2342)
                     /note="ID=53_4;partial=00;start_type=ATG;rbs_motif=None;rbs_spacer=None;gc_cont=0.672;conf=100.00;score=113.22;cscore=110.45;sscore=2.77;rscore=-2.03;uscore=0.26;tscore=3.39;"
     CDS             complement(2354..>2683)
                     /note="ID=53_5;partial=01;start_type=Edge;rbs_motif=None;rbs_spacer=None;gc_cont=0.664;conf=99.87;score=29.07;cscore=25.85;sscore=3.22;rscore=0.00;uscore=0.00;tscore=3.22;"
//
DEFINITION  seqnum=54;seqlen=3616;seqhdr="k141_71215";version=Prodigal.v2.6.3;run_type=Single;model="Ab initio";gc_cont=71.07;transl_table=11;uses_sd=1
FEATURES             Location/Qualifiers
     CDS             complement(80..691)
                     /note="ID=54_1;partial=00;start_type=ATG;rbs_motif=None;rbs_spacer=None;gc_cont=0.711;conf=100.00;score=58.51;cscore=57.03;sscore=1.48;rscore=-2.03;uscore=0.78;tscore=3.39;"
     CDS             889..1314
                     /note="ID=54_2;partial=00;start_type=ATG;rbs_motif=None;rbs_spacer=None;gc_cont=0.695;conf=99.95;score=32.95;cscore=30.29;sscore=2.67;rscore=-2.03;uscore=1.31;tscore=3.39;"
     CDS             complement(1386..2591)
                     /note="ID=54_3;partial=00;start_type=GTG;rbs_motif=GGAG/GAGG;rbs_spacer=5-10bp;gc_cont=0.724;conf=100.00;score=132.31;cscore=129.01;sscore=3.30;rscore=4.89;uscore=1.06;tscore=-2.00;"
     CDS             2840..>3616
                     /note="ID=54_4;partial=01;start_type=GTG;rbs_motif=AGxAGG/AGGxGG;rbs_spacer=5-10bp;gc_cont=0.695;conf=100.00;score=127.62;cscore=122.93;sscore=4.68;rscore=6.79;uscore=-0.10;tscore=-2.00;"
//
DEFINITION  seqnum=55;seqlen=2679;seqhdr="k141_313750";version=Prodigal.v2.6.3;run_type=Single;model="Ab initio";gc_cont=71.07;transl_table=11;uses_sd=1
FEATURES             Location/Qualifiers
     CDS             71..907
                     /note="ID=55_1;partial=00;start_type=GTG;rbs_motif=None;rbs_spacer=None;gc_cont=0.724;conf=100.00;score=50.72;cscore=54.47;sscore=-3.74;rscore=-2.03;uscore=0.29;tscore=-2.00;"
     CDS             complement(826..1779)
                     /note="ID=55_2;partial=00;start_type=ATG;rbs_motif=None;rbs_spacer=None;gc_cont=0.711;conf=100.00;score=156.53;cscore=154.56;sscore=1.97;rscore=-2.03;uscore=1.27;tscore=3.39;"
     CDS             1925..>2677
                     /note="ID=55_3;partial=01;start_type=GTG;rbs_motif=None;rbs_spacer=None;gc_cont=0.721;conf=100.00;score=115.58;cscore=121.53;sscore=-5.95;rscore=-2.03;uscore=-1.91;tscore=-2.00;"
//
DEFINITION  seqnum=56;seqlen=2849;seqhdr="k141_114058";version=Prodigal.v2.6.3;run_type=Single;model="Ab initio";gc_cont=71.07;transl_table=11;uses_sd=1
FEATURES             Location/Qualifiers
     CDS             <3..1589
                     /note="ID=56_1;partial=10;start_type=Edge;rbs_motif=None;rbs_spacer=None;gc_cont=0.705;conf=99.99;score=274.80;cscore=271.58;sscore=3.22;rscore=0.00;uscore=0.00;tscore=3.22;"
     CDS             1695..2618
                     /note="ID=56_2;partial=00;start_type=ATG;rbs_motif=AGGAGG;rbs_spacer=5-10bp;gc_cont=0.709;conf=100.00;score=177.39;cscore=160.81;sscore=16.59;rscore=12.44;uscore=0.76;tscore=3.39;"
     CDS             2742..>2849
                     /note="ID=56_3;partial=01;start_type=ATG;rbs_motif=None;rbs_spacer=None;gc_cont=0.731;conf=94.87;score=12.69;cscore=11.14;sscore=1.55;rscore=-2.03;uscore=0.19;tscore=3.39;"
//
DEFINITION  seqnum=57;seqlen=3131;seqhdr="k141_589562";version=Prodigal.v2.6.3;run_type=Single;model="Ab initio";gc_cont=71.07;transl_table=11;uses_sd=1
FEATURES             Location/Qualifiers
     CDS             <1..300
                     /note="ID=57_1;partial=10;start_type=Edge;rbs_motif=None;rbs_spacer=None;gc_cont=0.753;conf=100.00;score=52.57;cscore=49.35;sscore=3.22;rscore=0.00;uscore=0.00;tscore=3.22;"
     CDS             313..555
                     /note="ID=57_2;partial=00;start_type=ATG;rbs_motif=None;rbs_spacer=None;gc_cont=0.737;conf=100.00;score=49.33;cscore=49.14;sscore=0.19;rscore=-2.12;uscore=-2.08;tscore=3.25;"
     CDS             complement(566..2251)
                     /note="ID=57_3;partial=00;start_type=GTG;rbs_motif=GGAGG;rbs_spacer=5-10bp;gc_cont=0.736;conf=99.99;score=220.78;cscore=214.18;sscore=6.61;rscore=9.80;uscore=-1.19;tscore=-2.00;"
     CDS             complement(2413..>3129)
                     /note="ID=57_4;partial=01;start_type=Edge;rbs_motif=None;rbs_spacer=None;gc_cont=0.702;conf=100.00;score=89.10;cscore=85.88;sscore=3.22;rscore=0.00;uscore=0.00;tscore=3.22;"
//
DEFINITION  seqnum=58;seqlen=2766;seqhdr="k141_590346";version=Prodigal.v2.6.3;run_type=Single;model="Ab initio";gc_cont=71.07;transl_table=11;uses_sd=1
FEATURES             Location/Qualifiers
     CDS             complement(201..806)
                     /note="ID=58_1;partial=00;start_type=ATG;rbs_motif=GGAG/GAGG;rbs_spacer=5-10bp;gc_cont=0.723;conf=100.00;score=108.81;cscore=99.71;sscore=9.10;rscore=4.89;uscore=1.47;tscore=3.39;"
     CDS             906..2714
                     /note="ID=58_2;partial=00;start_type=ATG;rbs_motif=GGAG/GAGG;rbs_spacer=5-10bp;gc_cont=0.710;conf=99.99;score=313.42;cscore=300.78;sscore=12.64;rscore=4.89;uscore=4.36;tscore=3.39;"
//
DEFINITION  seqnum=59;seqlen=2719;seqhdr="k141_316214";version=Prodigal.v2.6.3;run_type=Single;model="Ab initio";gc_cont=71.07;transl_table=11;uses_sd=1
FEATURES             Location/Qualifiers
     CDS             <2..211
                     /note="ID=59_1;partial=10;start_type=Edge;rbs_motif=None;rbs_spacer=None;gc_cont=0.695;conf=99.61;score=24.10;cscore=20.88;sscore=3.22;rscore=0.00;uscore=0.00;tscore=3.22;"
     CDS             211..1461
                     /note="ID=59_2;partial=00;start_type=ATG;rbs_motif=AGGAG;rbs_spacer=5-10bp;gc_cont=0.698;conf=99.99;score=291.01;cscore=271.72;sscore=19.29;rscore=11.64;uscore=2.97;tscore=3.39;"
     CDS             1590..>2717
                     /note="ID=59_3;partial=01;start_type=ATG;rbs_motif=None;rbs_spacer=None;gc_cont=0.699;conf=99.99;score=237.87;cscore=238.63;sscore=-0.77;rscore=-2.03;uscore=-2.12;tscore=3.39;"
//
DEFINITION  seqnum=60;seqlen=2684;seqhdr="k141_275816";version=Prodigal.v2.6.3;run_type=Single;model="Ab initio";gc_cont=71.07;transl_table=11;uses_sd=1
FEATURES             Location/Qualifiers
     CDS             268..879
                     /note="ID=60_1;partial=00;start_type=ATG;rbs_motif=None;rbs_spacer=None;gc_cont=0.696;conf=100.00;score=81.05;cscore=79.66;sscore=1.38;rscore=-2.03;uscore=0.03;tscore=3.39;"
     CDS             882..1157
                     /note="ID=60_2;partial=00;start_type=ATG;rbs_motif=AGxAG;rbs_spacer=5-10bp;gc_cont=0.714;conf=99.78;score=26.54;cscore=18.34;sscore=8.20;rscore=1.96;uscore=1.60;tscore=3.39;"
     CDS             1272..2651
                     /note="ID=60_3;partial=00;start_type=GTG;rbs_motif=AGGA;rbs_spacer=5-10bp;gc_cont=0.741;conf=99.99;score=218.95;cscore=217.71;sscore=1.24;rscore=5.45;uscore=-2.20;tscore=-2.00;"
//
DEFINITION  seqnum=61;seqlen=4399;seqhdr="k141_317537";version=Prodigal.v2.6.3;run_type=Single;model="Ab initio";gc_cont=71.07;transl_table=11;uses_sd=1
FEATURES             Location/Qualifiers
     CDS             <3..1988
                     /note="ID=61_1;partial=10;start_type=Edge;rbs_motif=None;rbs_spacer=None;gc_cont=0.684;conf=99.99;score=457.91;cscore=454.69;sscore=3.22;rscore=0.00;uscore=0.00;tscore=3.22;"
     CDS             2171..3079
                     /note="ID=61_2;partial=00;start_type=ATG;rbs_motif=3Base/5BMM;rbs_spacer=13-15bp;gc_cont=0.722;conf=100.00;score=123.28;cscore=118.74;sscore=4.54;rscore=0.47;uscore=1.33;tscore=3.39;"
     CDS             3348..>4397
                     /note="ID=61_3;partial=01;start_type=ATG;rbs_motif=None;rbs_spacer=None;gc_cont=0.690;conf=99.99;score=238.87;cscore=240.24;sscore=-1.37;rscore=-2.03;uscore=-2.07;tscore=3.39;"
//
DEFINITION  seqnum=62;seqlen=2625;seqhdr="k141_355608";version=Prodigal.v2.6.3;run_type=Single;model="Ab initio";gc_cont=71.07;transl_table=11;uses_sd=1
FEATURES             Location/Qualifiers
     CDS             165..395
                     /note="ID=62_1;partial=00;start_type=ATG;rbs_motif=GGAGG;rbs_spacer=5-10bp;gc_cont=0.662;conf=99.86;score=28.60;cscore=19.74;sscore=8.86;rscore=8.94;uscore=-3.18;tscore=3.09;"
     CDS             428..2167
                     /note="ID=62_2;partial=00;start_type=GTG;rbs_motif=None;rbs_spacer=None;gc_cont=0.679;conf=99.99;score=298.12;cscore=300.59;sscore=-2.46;rscore=-2.03;uscore=0.65;tscore=-2.00;"
     CDS             2174..>2623
                     /note="ID=62_3;partial=01;start_type=ATG;rbs_motif=None;rbs_spacer=None;gc_cont=0.656;conf=100.00;score=85.45;cscore=85.58;sscore=-0.14;rscore=-2.03;uscore=-2.70;tscore=3.39;"
//
DEFINITION  seqnum=63;seqlen=2697;seqhdr="k141_236211";version=Prodigal.v2.6.3;run_type=Single;model="Ab initio";gc_cont=71.07;transl_table=11;uses_sd=1
FEATURES             Location/Qualifiers
     CDS             <1..984
                     /note="ID=63_1;partial=10;start_type=Edge;rbs_motif=None;rbs_spacer=None;gc_cont=0.686;conf=99.99;score=234.10;cscore=230.88;sscore=3.22;rscore=0.00;uscore=0.00;tscore=3.22;"
     CDS             989..2557
                     /note="ID=63_2;partial=00;start_type=ATG;rbs_motif=None;rbs_spacer=None;gc_cont=0.723;conf=99.99;score=312.87;cscore=312.94;sscore=-0.07;rscore=-2.03;uscore=-2.66;tscore=3.39;"
     CDS             complement(2602..>2697)
                     /note="ID=63_3;partial=01;start_type=Edge;rbs_motif=None;rbs_spacer=None;gc_cont=0.688;conf=89.36;score=9.26;cscore=6.04;sscore=3.22;rscore=0.00;uscore=0.00;tscore=3.22;"
//
DEFINITION  seqnum=64;seqlen=3057;seqhdr="k141_593599";version=Prodigal.v2.6.3;run_type=Single;model="Ab initio";gc_cont=71.07;transl_table=11;uses_sd=1
FEATURES             Location/Qualifiers
     CDS             complement(251..721)
                     /note="ID=64_1;partial=00;start_type=ATG;rbs_motif=AGGAGG;rbs_spacer=5-10bp;gc_cont=0.732;conf=100.00;score=85.80;cscore=68.86;sscore=16.94;rscore=12.44;uscore=-0.04;tscore=3.39;"
     CDS             complement(733..1575)
                     /note="ID=64_2;partial=00;start_type=ATG;rbs_motif=GGAG/GAGG;rbs_spacer=5-10bp;gc_cont=0.732;conf=100.00;score=115.50;cscore=106.45;sscore=9.05;rscore=4.89;uscore=1.42;tscore=3.39;"
     CDS             complement(1788..2441)
                     /note="ID=64_3;partial=00;start_type=GTG;rbs_motif=3Base/5BMM;rbs_spacer=13-15bp;gc_cont=0.688;conf=100.00;score=117.23;cscore=117.48;sscore=-0.25;rscore=0.47;uscore=-1.94;tscore=-2.00;"
     CDS             complement(2441..>3055)
                     /note="ID=64_4;partial=01;start_type=Edge;rbs_motif=None;rbs_spacer=None;gc_cont=0.626;conf=100.00;score=138.23;cscore=135.01;sscore=3.22;rscore=0.00;uscore=0.00;tscore=3.22;"
//
DEFINITION  seqnum=65;seqlen=3063;seqhdr="k141_76669";version=Prodigal.v2.6.3;run_type=Single;model="Ab initio";gc_cont=71.07;transl_table=11;uses_sd=1
FEATURES             Location/Qualifiers
     CDS             <1..198
                     /note="ID=65_1;partial=10;start_type=Edge;rbs_motif=None;rbs_spacer=None;gc_cont=0.763;conf=99.86;score=28.48;cscore=25.26;sscore=3.22;rscore=0.00;uscore=0.00;tscore=3.22;"
     CDS             complement(235..900)
                     /note="ID=65_2;partial=00;start_type=ATG;rbs_motif=None;rbs_spacer=None;gc_cont=0.743;conf=100.00;score=110.60;cscore=109.96;sscore=0.64;rscore=-2.03;uscore=-1.88;tscore=3.39;"
     CDS             complement(911..2425)
                     /note="ID=65_3;partial=00;start_type=GTG;rbs_motif=AGGAG;rbs_spacer=5-10bp;gc_cont=0.750;conf=99.99;score=300.79;cscore=287.26;sscore=13.54;rscore=11.64;uscore=3.12;tscore=-2.00;"
     CDS             complement(2471..>3061)
                     /note="ID=65_4;partial=01;start_type=Edge;rbs_motif=None;rbs_spacer=None;gc_cont=0.745;conf=100.00;score=110.63;cscore=107.41;sscore=3.22;rscore=0.00;uscore=0.00;tscore=3.22;"
//
DEFINITION  seqnum=66;seqlen=2506;seqhdr="k141_77671";version=Prodigal.v2.6.3;run_type=Single;model="Ab initio";gc_cont=71.07;transl_table=11;uses_sd=1
FEATURES             Location/Qualifiers
     CDS             <1..183
                     /note="ID=66_1;partial=10;start_type=Edge;rbs_motif=None;rbs_spacer=None;gc_cont=0.705;conf=97.60;score=16.12;cscore=12.90;sscore=3.22;rscore=0.00;uscore=0.00;tscore=3.22;"
     CDS             331..1140
                     /note="ID=66_2;partial=00;start_type=GTG;rbs_motif=None;rbs_spacer=None;gc_cont=0.694;conf=68.40;score=3.36;cscore=5.54;sscore=-2.18;rscore=-2.03;uscore=1.86;tscore=-2.00;"
     CDS             complement(948..1976)
                     /note="ID=66_3;partial=00;start_type=ATG;rbs_motif=None;rbs_spacer=None;gc_cont=0.725;conf=100.00;score=140.41;cscore=132.29;sscore=8.12;rscore=-2.03;uscore=3.43;tscore=3.39;"
     CDS             complement(1973..>2506)
                     /note="ID=66_4;partial=01;start_type=Edge;rbs_motif=None;rbs_spacer=None;gc_cont=0.730;conf=100.00;score=99.01;cscore=95.79;sscore=3.22;rscore=0.00;uscore=0.00;tscore=3.22;"
//
DEFINITION  seqnum=67;seqlen=2770;seqhdr="k141_37983";version=Prodigal.v2.6.3;run_type=Single;model="Ab initio";gc_cont=71.07;transl_table=11;uses_sd=1
FEATURES             Location/Qualifiers
     CDS             complement(<3..263)
                     /note="ID=67_1;partial=10;start_type=GTG;rbs_motif=AGGAGG;rbs_spacer=5-10bp;gc_cont=0.739;conf=99.06;score=20.25;cscore=14.48;sscore=5.77;rscore=12.44;uscore=-4.66;tscore=-2.00;"
     CDS             complement(335..2044)
                     /note="ID=67_2;partial=00;start_type=GTG;rbs_motif=None;rbs_spacer=None;gc_cont=0.709;conf=99.99;score=253.58;cscore=254.07;sscore=-0.49;rscore=-2.03;uscore=4.20;tscore=-2.00;"
     CDS             complement(2311..>2769)
                     /note="ID=67_3;partial=01;start_type=Edge;rbs_motif=None;rbs_spacer=None;gc_cont=0.721;conf=100.00;score=83.60;cscore=80.38;sscore=3.22;rscore=0.00;uscore=0.00;tscore=3.22;"
//
DEFINITION  seqnum=68;seqlen=2636;seqhdr="k141_158263";version=Prodigal.v2.6.3;run_type=Single;model="Ab initio";gc_cont=71.07;transl_table=11;uses_sd=1
FEATURES             Location/Qualifiers
     CDS             complement(127..2061)
                     /note="ID=68_1;partial=00;start_type=TTG;rbs_motif=AGGAGG;rbs_spacer=5-10bp;gc_cont=0.674;conf=99.99;score=432.96;cscore=427.89;sscore=5.07;rscore=12.44;uscore=0.39;tscore=-7.75;"
     CDS             complement(2168..>2635)
                     /note="ID=68_2;partial=01;start_type=Edge;rbs_motif=None;rbs_spacer=None;gc_cont=0.752;conf=99.74;score=25.90;cscore=22.68;sscore=3.22;rscore=0.00;uscore=0.00;tscore=3.22;"
//
DEFINITION  seqnum=69;seqlen=2931;seqhdr="k141_78189";version=Prodigal.v2.6.3;run_type=Single;model="Ab initio";gc_cont=71.07;transl_table=11;uses_sd=1
FEATURES             Location/Qualifiers
     CDS             complement(<2..199)
                     /note="ID=69_1;partial=10;start_type=ATG;rbs_motif=None;rbs_spacer=None;gc_cont=0.657;conf=99.94;score=32.40;cscore=35.02;sscore=-2.62;rscore=-2.03;uscore=-3.33;tscore=3.39;"
     CDS             919..1812
                     /note="ID=69_2;partial=00;start_type=ATG;rbs_motif=None;rbs_spacer=None;gc_cont=0.686;conf=100.00;score=92.18;cscore=90.70;sscore=1.47;rscore=-2.03;uscore=0.12;tscore=3.39;"
     CDS             complement(2424..>2930)
                     /note="ID=69_3;partial=01;start_type=Edge;rbs_motif=None;rbs_spacer=None;gc_cont=0.694;conf=100.00;score=61.11;cscore=57.89;sscore=3.22;rscore=0.00;uscore=0.00;tscore=3.22;"
//
DEFINITION  seqnum=70;seqlen=2645;seqhdr="k141_359294";version=Prodigal.v2.6.3;run_type=Single;model="Ab initio";gc_cont=71.07;transl_table=11;uses_sd=1
FEATURES             Location/Qualifiers
     CDS             <2..325
                     /note="ID=70_1;partial=10;start_type=Edge;rbs_motif=None;rbs_spacer=None;gc_cont=0.722;conf=100.00;score=53.31;cscore=50.09;sscore=3.22;rscore=0.00;uscore=0.00;tscore=3.22;"
     CDS             325..2013
                     /note="ID=70_2;partial=00;start_type=ATG;rbs_motif=AGGA;rbs_spacer=5-10bp;gc_cont=0.716;conf=99.99;score=294.05;cscore=283.93;sscore=10.12;rscore=5.45;uscore=-1.95;tscore=3.39;"
     CDS             1997..>2644
                     /note="ID=70_3;partial=01;start_type=ATG;rbs_motif=None;rbs_spacer=None;gc_cont=0.759;conf=100.00;score=98.30;cscore=98.95;sscore=-0.65;rscore=-2.03;uscore=-3.16;tscore=3.39;"
//
DEFINITION  seqnum=71;seqlen=2958;seqhdr="k141_280357";version=Prodigal.v2.6.3;run_type=Single;model="Ab initio";gc_cont=71.07;transl_table=11;uses_sd=1
FEATURES             Location/Qualifiers
     CDS             <2..133
                     /note="ID=71_1;partial=10;start_type=Edge;rbs_motif=None;rbs_spacer=None;gc_cont=0.765;conf=78.58;score=5.65;cscore=2.43;sscore=3.22;rscore=0.00;uscore=0.00;tscore=3.22;"
     CDS             167..547
                     /note="ID=71_2;partial=00;start_type=GTG;rbs_motif=GGAG/GAGG;rbs_spacer=5-10bp;gc_cont=0.703;conf=100.00;score=57.48;cscore=53.38;sscore=4.10;rscore=4.89;uscore=0.29;tscore=-2.00;"
     CDS             complement(700..1212)
                     /note="ID=71_3;partial=00;start_type=ATG;rbs_motif=AGGAG;rbs_spacer=5-10bp;gc_cont=0.684;conf=100.00;score=79.94;cscore=67.22;sscore=12.71;rscore=11.64;uscore=-2.32;tscore=3.39;"
     CDS             complement(1169..2047)
                     /note="ID=71_4;partial=00;start_type=GTG;rbs_motif=None;rbs_spacer=None;gc_cont=0.743;conf=100.00;score=111.45;cscore=116.15;sscore=-4.70;rscore=-2.03;uscore=-0.01;tscore=-2.00;"
     CDS             2456..>2956
                     /note="ID=71_5;partial=01;start_type=GTG;rbs_motif=None;rbs_spacer=None;gc_cont=0.703;conf=100.00;score=66.90;cscore=70.52;sscore=-3.62;rscore=-2.03;uscore=0.42;tscore=-2.00;"
//
DEFINITION  seqnum=72;seqlen=3193;seqhdr="k141_39219";version=Prodigal.v2.6.3;run_type=Single;model="Ab initio";gc_cont=71.07;transl_table=11;uses_sd=1
FEATURES             Location/Qualifiers
     CDS             complement(<2..448)
                     /note="ID=72_1;partial=10;start_type=GTG;rbs_motif=None;rbs_spacer=None;gc_cont=0.754;conf=99.45;score=22.57;cscore=30.22;sscore=-7.65;rscore=-2.03;uscore=-3.61;tscore=-2.00;"
     CDS             complement(577..1605)
                     /note="ID=72_2;partial=00;start_type=ATG;rbs_motif=GGAGG;rbs_spacer=5-10bp;gc_cont=0.761;conf=99.99;score=186.83;cscore=172.35;sscore=14.49;rscore=9.80;uscore=-2.25;tscore=3.39;"
     CDS             complement(1602..2600)
                     /note="ID=72_3;partial=00;start_type=GTG;rbs_motif=GGAGG;rbs_spacer=3-4bp;gc_cont=0.741;conf=100.00;score=159.40;cscore=146.14;sscore=13.26;rscore=11.91;uscore=2.21;tscore=-2.00;"
     CDS             complement(2612..>3193)
                     /note="ID=72_4;partial=01;start_type=Edge;rbs_motif=None;rbs_spacer=None;gc_cont=0.716;conf=100.00;score=101.34;cscore=98.12;sscore=3.22;rscore=0.00;uscore=0.00;tscore=3.22;"
//
DEFINITION  seqnum=73;seqlen=3016;seqhdr="k141_559346";version=Prodigal.v2.6.3;run_type=Single;model="Ab initio";gc_cont=71.07;transl_table=11;uses_sd=1
FEATURES             Location/Qualifiers
     CDS             complement(<2..73)
                     /note="ID=73_1;partial=10;start_type=GTG;rbs_motif=AGGAGG;rbs_spacer=5-10bp;gc_cont=0.708;conf=87.96;score=8.65;cscore=0.60;sscore=8.05;rscore=12.44;uscore=-1.73;tscore=-2.00;"
     CDS             204..935
                     /note="ID=73_2;partial=00;start_type=ATG;rbs_motif=None;rbs_spacer=None;gc_cont=0.732;conf=100.00;score=113.80;cscore=112.62;sscore=1.18;rscore=-2.03;uscore=-0.17;tscore=3.39;"
     CDS             complement(943..2265)
                     /note="ID=73_3;partial=00;start_type=ATG;rbs_motif=GGAG/GAGG;rbs_spacer=5-10bp;gc_cont=0.723;conf=99.99;score=257.73;cscore=248.46;sscore=9.27;rscore=4.89;uscore=0.99;tscore=3.39;"
     CDS             complement(2334..>3014)
                     /note="ID=73_4;partial=01;start_type=Edge;rbs_motif=None;rbs_spacer=None;gc_cont=0.698;conf=100.00;score=110.51;cscore=107.29;sscore=3.22;rscore=0.00;uscore=0.00;tscore=3.22;"
//
