DEFINITION  seqnum=1;seqlen=3104;seqhdr="k141_311546";version=Prodigal.v2.6.3;run_type=Single;model="Ab initio";gc_cont=69.04;transl_table=11;uses_sd=0
FEATURES             Location/Qualifiers
     CDS             <2..349
                     /note="ID=1_1;partial=10;start_type=Edge;rbs_motif=None;rbs_spacer=None;gc_cont=0.684;conf=100.00;score=45.73;cscore=42.51;sscore=3.22;rscore=0.00;uscore=0.00;tscore=3.22;"
     CDS             complement(353..1051)
                     /note="ID=1_2;partial=00;start_type=GTG;rbs_motif=AGG;rbs_spacer=8bp;gc_cont=0.701;conf=100.00;score=107.44;cscore=101.93;sscore=5.51;rscore=5.04;uscore=1.12;tscore=-1.34;"
     CDS             complement(1105..1917)
                     /note="ID=1_3;partial=00;start_type=GTG;rbs_motif=AGG;rbs_spacer=6bp;gc_cont=0.731;conf=100.00;score=106.93;cscore=103.57;sscore=3.36;rscore=5.04;uscore=0.32;tscore=-1.34;"
     CDS             2010..>3104
                     /note="ID=1_4;partial=01;start_type=GTG;rbs_motif=None;rbs_spacer=None;gc_cont=0.722;conf=100.00;score=102.29;cscore=103.87;sscore=-1.58;rscore=-0.79;uscore=0.55;tscore=-1.34;"
//
DEFINITION  seqnum=2;seqlen=2729;seqhdr="k141_113357";version=Prodigal.v2.6.3;run_type=Single;model="Ab initio";gc_cont=69.04;transl_table=11;uses_sd=0
FEATURES             Location/Qualifiers
     CDS             <1..285
                     /note="ID=2_1;partial=10;start_type=Edge;rbs_motif=None;rbs_spacer=None;gc_cont=0.705;conf=100.00;score=54.00;cscore=50.78;sscore=3.22;rscore=0.00;uscore=0.00;tscore=3.22;"
     CDS             282..1196
                     /note="ID=2_2;partial=00;start_type=ATG;rbs_motif=None;rbs_spacer=None;gc_cont=0.710;conf=100.00;score=157.36;cscore=153.20;sscore=4.16;rscore=-0.79;uscore=-3.09;tscore=2.87;"
     CDS             1193..2104
                     /note="ID=2_3;partial=00;start_type=GTG;rbs_motif=AGG;rbs_spacer=7bp;gc_cont=0.707;conf=100.00;score=153.65;cscore=147.00;sscore=6.65;rscore=5.04;uscore=1.66;tscore=-1.34;"
     CDS             complement(2101..2562)
                     /note="ID=2_4;partial=00;start_type=ATG;rbs_motif=None;rbs_spacer=None;gc_cont=0.673;conf=100.00;score=89.94;cscore=86.43;sscore=3.51;rscore=-0.79;uscore=0.22;tscore=2.87;"
     CDS             complement(2569..>2727)
                     /note="ID=2_5;partial=01;start_type=Edge;rbs_motif=None;rbs_spacer=None;gc_cont=0.679;conf=97.01;score=15.13;cscore=11.91;sscore=3.22;rscore=0.00;uscore=0.00;tscore=3.22;"
//
DEFINITION  seqnum=3;seqlen=2550;seqhdr="k141_425064";version=Prodigal.v2.6.3;run_type=Single;model="Ab initio";gc_cont=69.04;transl_table=11;uses_sd=0
FEATURES             Location/Qualifiers
     CDS             <3..572
                     /note="ID=3_1;partial=10;start_type=Edge;rbs_motif=None;rbs_spacer=None;gc_cont=0.712;conf=100.00;score=92.01;cscore=88.79;sscore=3.22;rscore=0.00;uscore=0.00;tscore=3.22;"
     CDS             569..1267
                     /note="ID=3_2;partial=00;start_type=ATG;rbs_motif=AGG;rbs_spacer=10bp;gc_cont=0.707;conf=100.00;score=129.97;cscore=120.77;sscore=9.20;rscore=5.04;uscore=-3.45;tscore=2.87;"
     CDS             1270..1788
                     /note="ID=3_3;partial=00;start_type=GTG;rbs_motif=None;rbs_spacer=None;gc_cont=0.744;conf=100.00;score=85.71;cscore=85.76;sscore=-0.05;rscore=-0.79;uscore=0.83;tscore=-1.34;"
     CDS             1778..>2548
                     /note="ID=3_4;partial=01;start_type=TTG;rbs_motif=None;rbs_spacer=None;gc_cont=0.772;conf=100.00;score=120.60;cscore=127.95;sscore=-7.35;rscore=-0.79;uscore=-2.98;tscore=-4.80;"
//
DEFINITION  seqnum=4;seqlen=3269;seqhdr="k141_340446";version=Prodigal.v2.6.3;run_type=Single;model="Ab initio";gc_cont=69.04;transl_table=11;uses_sd=0
FEATURES             Location/Qualifiers
     CDS             complement(<1..228)
                     /note="ID=4_1;partial=10;start_type=ATG;rbs_motif=None;rbs_spacer=None;gc_cont=0.711;conf=99.99;score=39.00;cscore=33.75;sscore=5.26;rscore=-0.79;uscore=2.14;tscore=2.87;"
     CDS             complement(251..1174)
                     /note="ID=4_2;partial=00;start_type=ATG;rbs_motif=AGG;rbs_spacer=7bp;gc_cont=0.697;conf=99.99;score=205.86;cscore=198.31;sscore=7.55;rscore=5.04;uscore=0.30;tscore=2.87;"
     CDS             1294..2484
                     /note="ID=4_3;partial=00;start_type=ATG;rbs_motif=AGG;rbs_spacer=9bp;gc_cont=0.721;conf=99.99;score=204.93;cscore=195.63;sscore=9.30;rscore=5.04;uscore=1.40;tscore=2.87;"
     CDS             2553..>3269
                     /note="ID=4_4;partial=01;start_type=ATG;rbs_motif=None;rbs_spacer=None;gc_cont=0.720;conf=100.00;score=113.88;cscore=112.28;sscore=1.60;rscore=-0.79;uscore=-0.48;tscore=2.87;"
//
DEFINITION  seqnum=5;seqlen=3746;seqhdr="k141_114700";version=Prodigal.v2.6.3;run_type=Single;model="Ab initio";gc_cont=69.04;transl_table=11;uses_sd=0
FEATURES             Location/Qualifiers
     CDS             complement(18..959)
                     /note="ID=5_1;partial=00;start_type=ATG;rbs_motif=None;rbs_spacer=None;gc_cont=0.672;conf=100.00;score=174.13;cscore=173.30;sscore=0.83;rscore=-0.79;uscore=-2.36;tscore=2.87;"
     CDS             complement(975..1400)
                     /note="ID=5_2;partial=00;start_type=TTG;rbs_motif=None;rbs_spacer=None;gc_cont=0.688;conf=100.00;score=56.08;cscore=60.71;sscore=-4.63;rscore=-0.79;uscore=1.61;tscore=-4.80;"
     CDS             1564..3318
                     /note="ID=5_3;partial=00;start_type=ATG;rbs_motif=AGG;rbs_spacer=9bp;gc_cont=0.720;conf=99.99;score=182.74;cscore=172.26;sscore=10.48;rscore=5.04;uscore=2.57;tscore=2.87;"
     CDS             complement(3372..>3746)
                     /note="ID=5_4;partial=01;start_type=Edge;rbs_motif=None;rbs_spacer=None;gc_cont=0.696;conf=100.00;score=47.87;cscore=44.65;sscore=3.22;rscore=0.00;uscore=0.00;tscore=3.22;"
//
DEFINITION  seqnum=6;seqlen=3814;seqhdr="k141_256459";version=Prodigal.v2.6.3;run_type=Single;model="Ab initio";gc_cont=69.04;transl_table=11;uses_sd=0
FEATURES             Location/Qualifiers
     CDS             <1..84
                     /note="ID=6_1;partial=10;start_type=Edge;rbs_motif=None;rbs_spacer=None;gc_cont=0.714;conf=79.16;score=5.81;cscore=2.59;sscore=3.22;rscore=0.00;uscore=0.00;tscore=3.22;"
     CDS             103..2061
                     /note="ID=6_2;partial=00;start_type=GTG;rbs_motif=AGG;rbs_spacer=8bp;gc_cont=0.695;conf=99.99;score=399.83;cscore=396.00;sscore=3.83;rscore=5.04;uscore=-0.94;tscore=-1.34;"
     CDS             2065..3327
                     /note="ID=6_3;partial=00;start_type=ATG;rbs_motif=None;rbs_spacer=None;gc_cont=0.686;conf=99.99;score=219.76;cscore=215.81;sscore=3.95;rscore=-0.79;uscore=0.62;tscore=2.87;"
     CDS             3324..>3812
                     /note="ID=6_4;partial=01;start_type=GTG;rbs_motif=AGG;rbs_spacer=10bp;gc_cont=0.681;conf=100.00;score=103.58;cscore=98.59;sscore=4.99;rscore=5.04;uscore=-0.02;tscore=-1.34;"
//
DEFINITION  seqnum=7;seqlen=2534;seqhdr="k141_115817";version=Prodigal.v2.6.3;run_type=Single;model="Ab initio";gc_cont=69.04;transl_table=11;uses_sd=0
FEATURES             Location/Qualifiers
     CDS             <3..362
                     /note="ID=7_1;partial=10;start_type=Edge;rbs_motif=None;rbs_spacer=None;gc_cont=0.700;conf=100.00;score=47.22;cscore=44.00;sscore=3.22;rscore=0.00;uscore=0.00;tscore=3.22;"
     CDS             359..1147
                     /note="ID=7_2;partial=00;start_type=GTG;rbs_motif=None;rbs_spacer=None;gc_cont=0.707;conf=100.00;score=74.38;cscore=74.43;sscore=-0.05;rscore=-0.79;uscore=-2.15;tscore=-1.34;"
     CDS             complement(1117..1632)
                     /note="ID=7_3;partial=00;start_type=ATG;rbs_motif=None;rbs_spacer=None;gc_cont=0.678;conf=99.99;score=42.85;cscore=43.97;sscore=-1.12;rscore=-0.79;uscore=-2.55;tscore=2.87;"
     CDS             1824..>2534
                     /note="ID=7_4;partial=01;start_type=ATG;rbs_motif=None;rbs_spacer=None;gc_cont=0.689;conf=100.00;score=64.99;cscore=63.97;sscore=1.02;rscore=-0.79;uscore=-1.06;tscore=2.87;"
//
DEFINITION  seqnum=8;seqlen=3224;seqhdr="k141_427481";version=Prodigal.v2.6.3;run_type=Single;model="Ab initio";gc_cont=69.04;transl_table=11;uses_sd=0
FEATURES             Location/Qualifiers
     CDS             <2..460
                     /note="ID=8_1;partial=10;start_type=Edge;rbs_motif=None;rbs_spacer=None;gc_cont=0.723;conf=99.98;score=36.82;cscore=33.60;sscore=3.22;rscore=0.00;uscore=0.00;tscore=3.22;"
     CDS             540..1097
                     /note="ID=8_2;partial=00;start_type=ATG;rbs_motif=None;rbs_spacer=None;gc_cont=0.683;conf=100.00;score=94.11;cscore=90.71;sscore=3.40;rscore=-0.79;uscore=1.32;tscore=2.87;"
     CDS             1141..1842
                     /note="ID=8_3;partial=00;start_type=ATG;rbs_motif=None;rbs_spacer=None;gc_cont=0.697;conf=100.00;score=102.58;cscore=99.98;sscore=2.60;rscore=-0.79;uscore=-0.29;tscore=2.87;"
     CDS             1871..2947
                     /note="ID=8_4;partial=00;start_type=ATG;rbs_motif=None;rbs_spacer=None;gc_cont=0.700;conf=100.00;score=161.24;cscore=155.99;sscore=5.25;rscore=-0.79;uscore=2.20;tscore=2.87;"
     CDS             complement(2973..>3224)
                     /note="ID=8_5;partial=01;start_type=Edge;rbs_motif=None;rbs_spacer=None;gc_cont=0.671;conf=99.62;score=24.25;cscore=21.03;sscore=3.22;rscore=0.00;uscore=0.00;tscore=3.22;"
//
DEFINITION  seqnum=9;seqlen=3488;seqhdr="k141_31340";version=Prodigal.v2.6.3;run_type=Single;model="Ab initio";gc_cont=69.04;transl_table=11;uses_sd=0
FEATURES             Location/Qualifiers
     CDS             <1..246
                     /note="ID=9_1;partial=10;start_type=Edge;rbs_motif=None;rbs_spacer=None;gc_cont=0.711;conf=99.99;score=40.97;cscore=37.75;sscore=3.22;rscore=0.00;uscore=0.00;tscore=3.22;"
     CDS             248..1279
                     /note="ID=9_2;partial=00;start_type=ATG;rbs_motif=None;rbs_spacer=None;gc_cont=0.674;conf=99.99;score=221.13;cscore=218.18;sscore=2.96;rscore=-0.79;uscore=-0.39;tscore=2.87;"
     CDS             1289..1555
                     /note="ID=9_3;partial=00;start_type=ATG;rbs_motif=None;rbs_spacer=None;gc_cont=0.663;conf=99.79;score=26.73;cscore=26.45;sscore=0.27;rscore=-0.79;uscore=-2.98;tscore=2.87;"
     CDS             complement(1571..1894)
                     /note="ID=9_4;partial=00;start_type=ATG;rbs_motif=AGG;rbs_spacer=7bp;gc_cont=0.660;conf=100.00;score=69.42;cscore=58.05;sscore=11.37;rscore=5.04;uscore=2.31;tscore=2.87;"
     CDS             complement(1906..2565)
                     /note="ID=9_5;partial=00;start_type=GTG;rbs_motif=None;rbs_spacer=None;gc_cont=0.665;conf=100.00;score=112.43;cscore=112.07;sscore=0.36;rscore=-0.79;uscore=1.30;tscore=-1.34;"
     CDS             complement(2552..3313)
                     /note="ID=9_6;partial=00;start_type=ATG;rbs_motif=None;rbs_spacer=None;gc_cont=0.703;conf=100.00;score=138.67;cscore=137.11;sscore=1.56;rscore=-0.79;uscore=0.13;tscore=2.87;"
     CDS             3423..>3488
                     /note="ID=9_7;partial=01;start_type=ATG;rbs_motif=None;rbs_spacer=None;gc_cont=0.621;conf=63.24;score=2.36;cscore=3.58;sscore=-1.22;rscore=-0.79;uscore=-3.31;tscore=2.87;"
//
DEFINITION  seqnum=10;seqlen=2570;seqhdr="k141_3318";version=Prodigal.v2.6.3;run_type=Single;model="Ab initio";gc_cont=69.04;transl_table=11;uses_sd=0
FEATURES             Location/Qualifiers
     CDS             complement(<2..364)
                     /note="ID=10_1;partial=10;start_type=GTG;rbs_motif=AGG;rbs_spacer=7bp;gc_cont=0.711;conf=100.00;score=65.68;cscore=60.69;sscore=4.99;rscore=5.04;uscore=-0.55;tscore=-1.34;"
     CDS             complement(361..1203)
                     /note="ID=10_2;partial=00;start_type=GTG;rbs_motif=None;rbs_spacer=None;gc_cont=0.721;conf=100.00;score=123.35;cscore=126.64;sscore=-3.29;rscore=-0.79;uscore=-0.50;tscore=-1.34;"
     CDS             1251..1451
                     /note="ID=10_3;partial=00;start_type=ATG;rbs_motif=None;rbs_spacer=None;gc_cont=0.647;conf=98.75;score=19.00;cscore=17.74;sscore=1.25;rscore=-0.99;uscore=-0.03;tscore=2.27;"
     CDS             1651..2490
                     /note="ID=10_4;partial=00;start_type=GTG;rbs_motif=AGG;rbs_spacer=5bp;gc_cont=0.712;conf=100.00;score=107.76;cscore=104.33;sscore=3.43;rscore=5.04;uscore=0.38;tscore=-1.34;"
//
DEFINITION  seqnum=11;seqlen=2617;seqhdr="k141_117052";version=Prodigal.v2.6.3;run_type=Single;model="Ab initio";gc_cont=69.04;transl_table=11;uses_sd=0
FEATURES             Location/Qualifiers
     CDS             <1..1206
                     /note="ID=11_1;partial=10;start_type=Edge;rbs_motif=None;rbs_spacer=None;gc_cont=0.692;conf=99.99;score=264.97;cscore=261.75;sscore=3.22;rscore=0.00;uscore=0.00;tscore=3.22;"
     CDS             1251..2219
                     /note="ID=11_2;partial=00;start_type=ATG;rbs_motif=AGG;rbs_spacer=8bp;gc_cont=0.642;conf=99.99;score=192.96;cscore=183.83;sscore=9.13;rscore=5.04;uscore=0.43;tscore=2.87;"
     CDS             2306..>2617
                     /note="ID=11_3;partial=01;start_type=ATG;rbs_motif=None;rbs_spacer=None;gc_cont=0.686;conf=100.00;score=56.68;cscore=54.63;sscore=2.06;rscore=-0.79;uscore=-0.03;tscore=2.87;"
//
DEFINITION  seqnum=12;seqlen=2779;seqhdr="k141_117894";version=Prodigal.v2.6.3;run_type=Single;model="Ab initio";gc_cont=69.04;transl_table=11;uses_sd=0
FEATURES             Location/Qualifiers
     CDS             <3..734
                     /note="ID=12_1;partial=10;start_type=Edge;rbs_motif=None;rbs_spacer=None;gc_cont=0.712;conf=100.00;score=89.59;cscore=86.37;sscore=3.22;rscore=0.00;uscore=3.22;tscore=0.00;"
     CDS             685..1719
                     /note="ID=12_2;partial=00;start_type=GTG;rbs_motif=None;rbs_spacer=None;gc_cont=0.708;conf=100.00;score=100.91;cscore=103.45;sscore=-2.54;rscore=-0.79;uscore=-0.41;tscore=-1.34;"
     CDS             1712..2737
                     /note="ID=12_3;partial=00;start_type=GTG;rbs_motif=AGG;rbs_spacer=7bp;gc_cont=0.712;conf=99.99;score=179.21;cscore=174.21;sscore=5.00;rscore=5.04;uscore=0.05;tscore=-1.34;"
//
DEFINITION  seqnum=13;seqlen=3004;seqhdr="k141_203665";version=Prodigal.v2.6.3;run_type=Single;model="Ab initio";gc_cont=69.04;transl_table=11;uses_sd=0
FEATURES             Location/Qualifiers
     CDS             <1..153
                     /note="ID=13_1;partial=10;start_type=Edge;rbs_motif=None;rbs_spacer=None;gc_cont=0.706;conf=99.86;score=28.69;cscore=25.47;sscore=3.22;rscore=0.00;uscore=0.00;tscore=3.22;"
     CDS             complement(163..963)
                     /note="ID=13_2;partial=00;start_type=GTG;rbs_motif=None;rbs_spacer=None;gc_cont=0.734;conf=100.00;score=101.96;cscore=100.75;sscore=1.21;rscore=-0.79;uscore=2.13;tscore=-1.34;"
     CDS             complement(970..2769)
                     /note="ID=13_3;partial=00;start_type=GTG;rbs_motif=AGG;rbs_spacer=8bp;gc_cont=0.719;conf=99.99;score=350.38;cscore=345.06;sscore=5.32;rscore=5.04;uscore=2.28;tscore=-1.34;"
     CDS             2815..>3003
                     /note="ID=13_4;partial=01;start_type=ATG;rbs_motif=None;rbs_spacer=None;gc_cont=0.714;conf=95.60;score=13.39;cscore=13.13;sscore=0.26;rscore=-0.79;uscore=-1.82;tscore=2.87;"
//
DEFINITION  seqnum=14;seqlen=2632;seqhdr="k141_260235";version=Prodigal.v2.6.3;run_type=Single;model="Ab initio";gc_cont=69.04;transl_table=11;uses_sd=0
FEATURES             Location/Qualifiers
     CDS             <2..889
                     /note="ID=14_1;partial=10;start_type=Edge;rbs_motif=None;rbs_spacer=None;gc_cont=0.679;conf=99.99;score=198.26;cscore=195.04;sscore=3.22;rscore=0.00;uscore=0.00;tscore=3.22;"
     CDS             complement(902..1498)
                     /note="ID=14_2;partial=00;start_type=ATG;rbs_motif=None;rbs_spacer=None;gc_cont=0.693;conf=100.00;score=60.61;cscore=60.29;sscore=0.32;rscore=-0.79;uscore=-1.11;tscore=2.87;"
     CDS             1566..2603
                     /note="ID=14_3;partial=00;start_type=GTG;rbs_motif=None;rbs_spacer=None;gc_cont=0.689;conf=99.99;score=186.18;cscore=189.72;sscore=-3.54;rscore=-0.79;uscore=-1.41;tscore=-1.34;"
//
DEFINITION  seqnum=15;seqlen=2532;seqhdr="k141_203712";version=Prodigal.v2.6.3;run_type=Single;model="Ab initio";gc_cont=69.04;transl_table=11;uses_sd=0
FEATURES             Location/Qualifiers
     CDS             complement(<3..1586)
                     /note="ID=15_1;partial=10;start_type=ATG;rbs_motif=None;rbs_spacer=None;gc_cont=0.717;conf=99.99;score=284.73;cscore=279.59;sscore=5.15;rscore=-0.79;uscore=0.98;tscore=2.87;"
     CDS             complement(1583..>2530)
                     /note="ID=15_2;partial=01;start_type=Edge;rbs_motif=None;rbs_spacer=None;gc_cont=0.690;conf=100.00;score=161.48;cscore=158.26;sscore=3.22;rscore=0.00;uscore=0.00;tscore=3.22;"
//
DEFINITION  seqnum=16;seqlen=2525;seqhdr="k141_345493";version=Prodigal.v2.6.3;run_type=Single;model="Ab initio";gc_cont=69.04;transl_table=11;uses_sd=0
FEATURES             Location/Qualifiers
     CDS             <2..196
                     /note="ID=16_1;partial=10;start_type=Edge;rbs_motif=None;rbs_spacer=None;gc_cont=0.759;conf=97.24;score=15.49;cscore=12.27;sscore=3.22;rscore=0.00;uscore=0.00;tscore=3.22;"
     CDS             221..493
                     /note="ID=16_2;partial=00;start_type=ATG;rbs_motif=None;rbs_spacer=None;gc_cont=0.667;conf=99.90;score=29.93;cscore=26.97;sscore=2.95;rscore=-0.79;uscore=-0.14;tscore=2.87;"
     CDS             complement(617..1681)
                     /note="ID=16_3;partial=00;start_type=ATG;rbs_motif=None;rbs_spacer=None;gc_cont=0.668;conf=100.00;score=160.38;cscore=158.13;sscore=2.24;rscore=-0.79;uscore=0.16;tscore=2.87;"
     CDS             complement(1765..2397)
                     /note="ID=16_4;partial=00;start_type=ATG;rbs_motif=AGG;rbs_spacer=6bp;gc_cont=0.689;conf=100.00;score=74.57;cscore=66.52;sscore=8.05;rscore=5.04;uscore=0.14;tscore=2.87;"
//
DEFINITION  seqnum=17;seqlen=3453;seqhdr="k141_6034";version=Prodigal.v2.6.3;run_type=Single;model="Ab initio";gc_cont=69.04;transl_table=11;uses_sd=0
FEATURES             Location/Qualifiers
     CDS             complement(<2..553)
                     /note="ID=17_1;partial=10;start_type=ATG;rbs_motif=None;rbs_spacer=None;gc_cont=0.690;conf=100.00;score=90.99;cscore=90.18;sscore=0.81;rscore=-0.79;uscore=-0.61;tscore=2.87;"
     CDS             630..2810
                     /note="ID=17_2;partial=00;start_type=GTG;rbs_motif=None;rbs_spacer=None;gc_cont=0.681;conf=99.99;score=450.13;cscore=452.07;sscore=-1.94;rscore=-0.79;uscore=0.18;tscore=-1.34;"
     CDS             complement(2820..>3452)
                     /note="ID=17_3;partial=01;start_type=Edge;rbs_motif=None;rbs_spacer=None;gc_cont=0.708;conf=100.00;score=63.69;cscore=60.47;sscore=3.22;rscore=0.00;uscore=0.00;tscore=3.22;"
//
DEFINITION  seqnum=18;seqlen=2540;seqhdr="k141_346055";version=Prodigal.v2.6.3;run_type=Single;model="Ab initio";gc_cont=69.04;transl_table=11;uses_sd=0
FEATURES             Location/Qualifiers
     CDS             <2..388
                     /note="ID=18_1;partial=10;start_type=Edge;rbs_motif=None;rbs_spacer=None;gc_cont=0.693;conf=100.00;score=51.34;cscore=48.12;sscore=3.22;rscore=0.00;uscore=0.00;tscore=3.22;"
     CDS             603..1688
                     /note="ID=18_2;partial=00;start_type=ATG;rbs_motif=None;rbs_spacer=None;gc_cont=0.694;conf=100.00;score=155.26;cscore=152.62;sscore=2.65;rscore=-0.79;uscore=1.22;tscore=2.87;"
     CDS             1673..2068
                     /note="ID=18_3;partial=00;start_type=GTG;rbs_motif=AGG;rbs_spacer=7bp;gc_cont=0.631;conf=99.95;score=33.44;cscore=28.66;sscore=4.78;rscore=5.04;uscore=-0.08;tscore=-1.34;"
     CDS             2084..>2539
                     /note="ID=18_4;partial=01;start_type=GTG;rbs_motif=None;rbs_spacer=None;gc_cont=0.686;conf=100.00;score=77.27;cscore=82.23;sscore=-4.96;rscore=-0.79;uscore=-3.94;tscore=-1.34;"
//
DEFINITION  seqnum=19;seqlen=3052;seqhdr="k141_403211";version=Prodigal.v2.6.3;run_type=Single;model="Ab initio";gc_cont=69.04;transl_table=11;uses_sd=0
FEATURES             Location/Qualifiers
     CDS             complement(<2..253)
                     /note="ID=19_1;partial=10;start_type=ATG;rbs_motif=None;rbs_spacer=None;gc_cont=0.698;conf=99.97;score=35.68;cscore=31.52;sscore=4.16;rscore=-0.79;uscore=-0.25;tscore=2.87;"
     CDS             complement(250..1857)
                     /note="ID=19_2;partial=00;start_type=ATG;rbs_motif=None;rbs_spacer=None;gc_cont=0.689;conf=99.99;score=290.62;cscore=286.46;sscore=4.16;rscore=-0.79;uscore=-0.47;tscore=2.87;"
     CDS             complement(1854..>3050)
                     /note="ID=19_3;partial=01;start_type=Edge;rbs_motif=None;rbs_spacer=None;gc_cont=0.679;conf=99.99;score=188.37;cscore=185.15;sscore=3.22;rscore=0.00;uscore=0.00;tscore=3.22;"
//
DEFINITION  seqnum=20;seqlen=2546;seqhdr="k141_233801";version=Prodigal.v2.6.3;run_type=Single;model="Ab initio";gc_cont=69.04;transl_table=11;uses_sd=0
FEATURES             Location/Qualifiers
     CDS             <1..549
                     /note="ID=20_1;partial=10;start_type=Edge;rbs_motif=None;rbs_spacer=None;gc_cont=0.654;conf=100.00;score=79.58;cscore=76.36;sscore=3.22;rscore=0.00;uscore=0.00;tscore=3.22;"
     CDS             549..785
                     /note="ID=20_2;partial=00;start_type=ATG;rbs_motif=AGG;rbs_spacer=9bp;gc_cont=0.679;conf=100.00;score=44.14;cscore=35.46;sscore=8.68;rscore=4.72;uscore=-2.38;tscore=2.68;"
     CDS             831..1115
                     /note="ID=20_3;partial=00;start_type=ATG;rbs_motif=None;rbs_spacer=None;gc_cont=0.653;conf=99.57;score=23.64;cscore=19.03;sscore=4.61;rscore=-0.79;uscore=1.75;tscore=2.87;"
     CDS             1179..1388
                     /note="ID=20_4;partial=00;start_type=GTG;rbs_motif=None;rbs_spacer=None;gc_cont=0.600;conf=69.76;score=3.64;cscore=8.21;sscore=-4.57;rscore=-0.95;uscore=-2.00;tscore=-1.62;"
     CDS             complement(1385..1882)
                     /note="ID=20_5;partial=00;start_type=GTG;rbs_motif=None;rbs_spacer=None;gc_cont=0.709;conf=100.00;score=80.65;cscore=80.70;sscore=-0.05;rscore=-0.79;uscore=-7.58;tscore=-1.34;"
     CDS             complement(1879..>2544)
                     /note="ID=20_6;partial=01;start_type=Edge;rbs_motif=None;rbs_spacer=None;gc_cont=0.721;conf=100.00;score=79.15;cscore=75.93;sscore=3.22;rscore=0.00;uscore=0.00;tscore=3.22;"
//
DEFINITION  seqnum=21;seqlen=2671;seqhdr="k141_8152";version=Prodigal.v2.6.3;run_type=Single;model="Ab initio";gc_cont=69.04;transl_table=11;uses_sd=0
FEATURES             Location/Qualifiers
     CDS             <2..1231
                     /note="ID=21_1;partial=10;start_type=Edge;rbs_motif=None;rbs_spacer=None;gc_cont=0.650;conf=99.99;score=246.21;cscore=242.99;sscore=3.22;rscore=0.00;uscore=0.00;tscore=3.22;"
     CDS             1252..1581
                     /note="ID=21_2;partial=00;start_type=ATG;rbs_motif=AGG;rbs_spacer=10bp;gc_cont=0.682;conf=100.00;score=63.17;cscore=53.97;sscore=9.20;rscore=5.04;uscore=0.23;tscore=2.87;"
     CDS             1587..>2669
                     /note="ID=21_3;partial=01;start_type=ATG;rbs_motif=None;rbs_spacer=None;gc_cont=0.717;conf=99.99;score=179.91;cscore=176.80;sscore=3.11;rscore=-0.79;uscore=-0.19;tscore=2.87;"
//
DEFINITION  seqnum=22;seqlen=3408;seqhdr="k141_206510";version=Prodigal.v2.6.3;run_type=Single;model="Ab initio";gc_cont=69.04;transl_table=11;uses_sd=0
FEATURES             Location/Qualifiers
     CDS             complement(<2..241)
                     /note="ID=22_1;partial=10;start_type=ATG;rbs_motif=None;rbs_spacer=None;gc_cont=0.650;conf=100.00;score=56.79;cscore=53.08;sscore=3.70;rscore=-0.79;uscore=0.50;tscore=2.87;"
     CDS             complement(256..684)
                     /note="ID=22_2;partial=00;start_type=GTG;rbs_motif=None;rbs_spacer=None;gc_cont=0.704;conf=100.00;score=60.87;cscore=60.92;sscore=-0.05;rscore=-0.79;uscore=-0.68;tscore=-1.34;"
     CDS             complement(681..1820)
                     /note="ID=22_3;partial=00;start_type=ATG;rbs_motif=None;rbs_spacer=None;gc_cont=0.704;conf=99.99;score=194.81;cscore=190.65;sscore=4.16;rscore=-0.79;uscore=-1.33;tscore=2.87;"
     CDS             complement(1817..>3406)
                     /note="ID=22_4;partial=01;start_type=Edge;rbs_motif=None;rbs_spacer=None;gc_cont=0.740;conf=99.99;score=259.36;cscore=256.14;sscore=3.22;rscore=0.00;uscore=0.00;tscore=3.22;"
//
DEFINITION  seqnum=23;seqlen=3507;seqhdr="k141_377147";version=Prodigal.v2.6.3;run_type=Single;model="Ab initio";gc_cont=69.04;transl_table=11;uses_sd=0
FEATURES             Location/Qualifiers
     CDS             complement(<3..1070)
                     /note="ID=23_1;partial=10;start_type=ATG;rbs_motif=AGG;rbs_spacer=8bp;gc_cont=0.706;conf=99.99;score=213.96;cscore=207.18;sscore=6.78;rscore=5.04;uscore=-2.01;tscore=2.87;"
     CDS             complement(1107..2585)
                     /note="ID=23_2;partial=00;start_type=ATG;rbs_motif=None;rbs_spacer=None;gc_cont=0.689;conf=99.99;score=262.67;cscore=259.41;sscore=3.27;rscore=-0.79;uscore=1.84;tscore=2.87;"
     CDS             2622..3263
                     /note="ID=23_3;partial=00;start_type=ATG;rbs_motif=None;rbs_spacer=None;gc_cont=0.732;conf=100.00;score=79.40;cscore=75.82;sscore=3.57;rscore=-0.79;uscore=1.49;tscore=2.87;"
     CDS             3293..>3505
                     /note="ID=23_4;partial=01;start_type=GTG;rbs_motif=AGG;rbs_spacer=8bp;gc_cont=0.761;conf=99.53;score=23.25;cscore=18.46;sscore=4.79;rscore=5.04;uscore=0.14;tscore=-1.34;"
//
DEFINITION  seqnum=24;seqlen=2614;seqhdr="k141_179191";version=Prodigal.v2.6.3;run_type=Single;model="Ab initio";gc_cont=69.04;transl_table=11;uses_sd=0
FEATURES             Location/Qualifiers
     CDS             <3..755
                     /note="ID=24_1;partial=10;start_type=Edge;rbs_motif=None;rbs_spacer=None;gc_cont=0.667;conf=100.00;score=130.74;cscore=127.52;sscore=3.22;rscore=0.00;uscore=0.00;tscore=3.22;"
     CDS             766..1968
                     /note="ID=24_2;partial=00;start_type=ATG;rbs_motif=AGG;rbs_spacer=8bp;gc_cont=0.682;conf=99.99;score=255.83;cscore=247.74;sscore=8.09;rscore=5.04;uscore=-0.98;tscore=2.87;"
     CDS             1971..2390
                     /note="ID=24_3;partial=00;start_type=ATG;rbs_motif=None;rbs_spacer=None;gc_cont=0.690;conf=100.00;score=61.82;cscore=58.87;sscore=2.95;rscore=-0.79;uscore=-0.39;tscore=2.87;"
     CDS             2430..>2612
                     /note="ID=24_4;partial=01;start_type=ATG;rbs_motif=None;rbs_spacer=None;gc_cont=0.738;conf=99.36;score=21.95;cscore=20.44;sscore=1.50;rscore=-0.79;uscore=-1.43;tscore=2.87;"
//
DEFINITION  seqnum=25;seqlen=2860;seqhdr="k141_207940";version=Prodigal.v2.6.3;run_type=Single;model="Ab initio";gc_cont=69.04;transl_table=11;uses_sd=0
FEATURES             Location/Qualifiers
     CDS             complement(<2..235)
                     /note="ID=25_1;partial=10;start_type=ATG;rbs_motif=AGG;rbs_spacer=8bp;gc_cont=0.718;conf=100.00;score=50.19;cscore=43.01;sscore=7.18;rscore=5.04;uscore=-0.07;tscore=2.87;"
     CDS             complement(486..1685)
                     /note="ID=25_2;partial=00;start_type=GTG;rbs_motif=AGG;rbs_spacer=6bp;gc_cont=0.682;conf=99.99;score=181.70;cscore=182.24;sscore=-0.55;rscore=5.04;uscore=-3.59;tscore=-1.34;"
     CDS             1869..>2858
                     /note="ID=25_3;partial=01;start_type=GTG;rbs_motif=AGG;rbs_spacer=6bp;gc_cont=0.681;conf=99.99;score=202.27;cscore=196.12;sscore=6.15;rscore=5.04;uscore=2.45;tscore=-1.34;"
//
DEFINITION  seqnum=26;seqlen=3050;seqhdr="k141_350281";version=Prodigal.v2.6.3;run_type=Single;model="Ab initio";gc_cont=69.04;transl_table=11;uses_sd=0
FEATURES             Location/Qualifiers
     CDS             complement(<3..884)
                     /note="ID=26_1;partial=10;start_type=GTG;rbs_motif=None;rbs_spacer=None;gc_cont=0.702;conf=100.00;score=105.70;cscore=110.78;sscore=-5.08;rscore=-0.79;uscore=-2.95;tscore=-1.34;"
     CDS             complement(958..2943)
                     /note="ID=26_2;partial=00;start_type=GTG;rbs_motif=None;rbs_spacer=None;gc_cont=0.702;conf=99.99;score=245.85;cscore=245.96;sscore=-0.11;rscore=-0.79;uscore=2.02;tscore=-1.34;"
//
DEFINITION  seqnum=27;seqlen=2644;seqhdr="k141_95561";version=Prodigal.v2.6.3;run_type=Single;model="Ab initio";gc_cont=69.04;transl_table=11;uses_sd=0
FEATURES             Location/Qualifiers
     CDS             complement(<3..596)
                     /note="ID=27_1;partial=10;start_type=ATG;rbs_motif=AGG;rbs_spacer=10bp;gc_cont=0.687;conf=100.00;score=131.25;cscore=122.05;sscore=9.20;rscore=5.04;uscore=-2.31;tscore=2.87;"
     CDS             complement(593..991)
                     /note="ID=27_2;partial=00;start_type=ATG;rbs_motif=None;rbs_spacer=None;gc_cont=0.649;conf=100.00;score=85.83;cscore=83.92;sscore=1.91;rscore=-0.79;uscore=-0.97;tscore=2.87;"
     CDS             complement(1035..2087)
                     /note="ID=27_3;partial=00;start_type=ATG;rbs_motif=None;rbs_spacer=None;gc_cont=0.722;conf=100.00;score=170.80;cscore=168.16;sscore=2.64;rscore=-0.79;uscore=1.21;tscore=2.87;"
     CDS             2202..>2642
                     /note="ID=27_4;partial=01;start_type=GTG;rbs_motif=AGG;rbs_spacer=10bp;gc_cont=0.746;conf=100.00;score=62.19;cscore=57.75;sscore=4.44;rscore=5.04;uscore=0.74;tscore=-1.34;"
//
DEFINITION  seqnum=28;seqlen=2903;seqhdr="k141_379457";version=Prodigal.v2.6.3;run_type=Single;model="Ab initio";gc_cont=69.04;transl_table=11;uses_sd=0
FEATURES             Location/Qualifiers
     CDS             71..910
                     /note="ID=28_1;partial=00;start_type=GTG;rbs_motif=None;rbs_spacer=None;gc_cont=0.715;conf=100.00;score=95.77;cscore=102.09;sscore=-6.32;rscore=-0.79;uscore=-4.19;tscore=-1.34;"
     CDS             920..1753
                     /note="ID=28_2;partial=00;start_type=GTG;rbs_motif=None;rbs_spacer=None;gc_cont=0.713;conf=100.00;score=90.92;cscore=91.77;sscore=-0.86;rscore=-0.79;uscore=0.10;tscore=-1.34;"
     CDS             1977..2408
                     /note="ID=28_3;partial=00;start_type=GTG;rbs_motif=AGG;rbs_spacer=8bp;gc_cont=0.678;conf=100.00;score=53.01;cscore=52.78;sscore=0.23;rscore=5.04;uscore=-2.81;tscore=-1.34;"
     CDS             complement(2413..2556)
                     /note="ID=28_4;partial=00;start_type=GTG;rbs_motif=None;rbs_spacer=None;gc_cont=0.701;conf=97.36;score=15.69;cscore=20.16;sscore=-4.47;rscore=-1.39;uscore=-0.04;tscore=-2.38;"
     CDS             2567..>2902
                     /note="ID=28_5;partial=01;start_type=GTG;rbs_motif=None;rbs_spacer=None;gc_cont=0.676;conf=99.99;score=39.20;cscore=43.52;sscore=-4.32;rscore=-0.79;uscore=-2.19;tscore=-1.34;"
//
DEFINITION  seqnum=29;seqlen=3668;seqhdr="k141_436083";version=Prodigal.v2.6.3;run_type=Single;model="Ab initio";gc_cont=69.04;transl_table=11;uses_sd=0
FEATURES             Location/Qualifiers
     CDS             complement(<3..2972)
                     /note="ID=29_1;partial=10;start_type=ATG;rbs_motif=AGG;rbs_spacer=8bp;gc_cont=0.708;conf=99.99;score=496.52;cscore=485.53;sscore=10.99;rscore=5.04;uscore=2.28;tscore=2.87;"
     CDS             complement(3016..>3666)
                     /note="ID=29_2;partial=01;start_type=Edge;rbs_motif=None;rbs_spacer=None;gc_cont=0.667;conf=100.00;score=131.76;cscore=128.54;sscore=3.22;rscore=0.00;uscore=0.00;tscore=3.22;"
//
DEFINITION  seqnum=30;seqlen=2616;seqhdr="k141_181447";version=Prodigal.v2.6.3;run_type=Single;model="Ab initio";gc_cont=69.04;transl_table=11;uses_sd=0
FEATURES             Location/Qualifiers
     CDS             <3..1016
                     /note="ID=30_1;partial=10;start_type=Edge;rbs_motif=None;rbs_spacer=None;gc_cont=0.669;conf=99.99;score=223.97;cscore=220.75;sscore=3.22;rscore=0.00;uscore=0.00;tscore=3.22;"
     CDS             1009..1788
                     /note="ID=30_2;partial=00;start_type=ATG;rbs_motif=None;rbs_spacer=None;gc_cont=0.668;conf=100.00;score=157.67;cscore=154.01;sscore=3.66;rscore=-0.79;uscore=0.33;tscore=2.87;"
     CDS             1785..2525
                     /note="ID=30_3;partial=00;start_type=ATG;rbs_motif=None;rbs_spacer=None;gc_cont=0.655;conf=100.00;score=159.28;cscore=153.27;sscore=6.00;rscore=-0.79;uscore=1.84;tscore=2.87;"
//
DEFINITION  seqnum=31;seqlen=4245;seqhdr="k141_96917";version=Prodigal.v2.6.3;run_type=Single;model="Ab initio";gc_cont=69.04;transl_table=11;uses_sd=0
FEATURES             Location/Qualifiers
     CDS             <3..611
                     /note="ID=31_1;partial=10;start_type=Edge;rbs_motif=None;rbs_spacer=None;gc_cont=0.744;conf=100.00;score=98.40;cscore=95.18;sscore=3.22;rscore=0.00;uscore=0.00;tscore=3.22;"
     CDS             611..1171
                     /note="ID=31_2;partial=00;start_type=ATG;rbs_motif=None;rbs_spacer=None;gc_cont=0.692;conf=100.00;score=106.17;cscore=102.02;sscore=4.15;rscore=-0.79;uscore=-0.43;tscore=2.87;"
     CDS             1171..2316
                     /note="ID=31_3;partial=00;start_type=ATG;rbs_motif=None;rbs_spacer=None;gc_cont=0.731;conf=99.99;score=200.10;cscore=195.95;sscore=4.15;rscore=-0.79;uscore=-2.64;tscore=2.87;"
     CDS             2325..3194
                     /note="ID=31_4;partial=00;start_type=ATG;rbs_motif=None;rbs_spacer=None;gc_cont=0.741;conf=100.00;score=155.00;cscore=150.63;sscore=4.38;rscore=-0.79;uscore=1.11;tscore=2.87;"
     CDS             3334..4152
                     /note="ID=31_5;partial=00;start_type=ATG;rbs_motif=None;rbs_spacer=None;gc_cont=0.635;conf=99.99;score=188.12;cscore=186.02;sscore=2.10;rscore=-0.79;uscore=0.02;tscore=2.87;"
     CDS             4149..>4244
                     /note="ID=31_6;partial=01;start_type=ATG;rbs_motif=None;rbs_spacer=None;gc_cont=0.667;conf=99.56;score=23.60;cscore=19.44;sscore=4.16;rscore=-0.79;uscore=-4.04;tscore=2.87;"
//
DEFINITION  seqnum=32;seqlen=2797;seqhdr="k141_380565";version=Prodigal.v2.6.3;run_type=Single;model="Ab initio";gc_cont=69.04;transl_table=11;uses_sd=0
FEATURES             Location/Qualifiers
     CDS             complement(<3..515)
                     /note="ID=32_1;partial=10;start_type=ATG;rbs_motif=None;rbs_spacer=None;gc_cont=0.688;conf=100.00;score=105.38;cscore=101.22;sscore=4.16;rscore=-0.79;uscore=-0.00;tscore=2.87;"
     CDS             complement(512..892)
                     /note="ID=32_2;partial=00;start_type=GTG;rbs_motif=AGG;rbs_spacer=8bp;gc_cont=0.688;conf=100.00;score=43.46;cscore=37.95;sscore=5.51;rscore=5.04;uscore=0.65;tscore=-1.34;"
     CDS             complement(903..1862)
                     /note="ID=32_3;partial=00;start_type=GTG;rbs_motif=None;rbs_spacer=None;gc_cont=0.677;conf=99.99;score=180.38;cscore=181.83;sscore=-1.45;rscore=-0.79;uscore=1.33;tscore=-1.34;"
     CDS             1913..2404
                     /note="ID=32_4;partial=00;start_type=ATG;rbs_motif=None;rbs_spacer=None;gc_cont=0.661;conf=100.00;score=56.74;cscore=51.69;sscore=5.04;rscore=-0.79;uscore=2.96;tscore=2.87;"
     CDS             complement(2423..>2797)
                     /note="ID=32_5;partial=01;start_type=Edge;rbs_motif=None;rbs_spacer=None;gc_cont=0.683;conf=100.00;score=62.82;cscore=59.60;sscore=3.22;rscore=0.00;uscore=0.00;tscore=3.22;"
//
DEFINITION  seqnum=33;seqlen=2928;seqhdr="k141_182095";version=Prodigal.v2.6.3;run_type=Single;model="Ab initio";gc_cont=69.04;transl_table=11;uses_sd=0
FEATURES             Location/Qualifiers
     CDS             complement(<1..1050)
                     /note="ID=33_1;partial=10;start_type=ATG;rbs_motif=None;rbs_spacer=None;gc_cont=0.729;conf=100.00;score=133.17;cscore=130.66;sscore=2.51;rscore=-0.79;uscore=0.43;tscore=2.87;"
     CDS             complement(1136..1708)
                     /note="ID=33_2;partial=00;start_type=GTG;rbs_motif=AGG;rbs_spacer=6bp;gc_cont=0.705;conf=100.00;score=52.74;cscore=47.66;sscore=5.09;rscore=5.04;uscore=0.11;tscore=-1.34;"
     CDS             complement(1708..2397)
                     /note="ID=33_3;partial=00;start_type=GTG;rbs_motif=None;rbs_spacer=None;gc_cont=0.681;conf=99.98;score=38.14;cscore=37.87;sscore=0.27;rscore=-0.79;uscore=2.40;tscore=-1.34;"
//
DEFINITION  seqnum=34;seqlen=2900;seqhdr="k141_324036";version=Prodigal.v2.6.3;run_type=Single;model="Ab initio";gc_cont=69.04;transl_table=11;uses_sd=0
FEATURES             Location/Qualifiers
     CDS             complement(<1..87)
                     /note="ID=34_1;partial=10;start_type=ATG;rbs_motif=None;rbs_spacer=None;gc_cont=0.621;conf=90.35;score=9.73;cscore=9.43;sscore=0.30;rscore=-0.79;uscore=-1.13;tscore=2.87;"
     CDS             136..1287
                     /note="ID=34_2;partial=00;start_type=GTG;rbs_motif=None;rbs_spacer=None;gc_cont=0.673;conf=100.00;score=160.81;cscore=162.16;sscore=-1.35;rscore=-0.79;uscore=0.77;tscore=-1.34;"
     CDS             1387..2757
                     /note="ID=34_3;partial=00;start_type=ATG;rbs_motif=None;rbs_spacer=None;gc_cont=0.712;conf=99.99;score=232.17;cscore=229.08;sscore=3.09;rscore=-0.79;uscore=1.01;tscore=2.87;"
     CDS             2775..>2900
                     /note="ID=34_4;partial=01;start_type=ATG;rbs_motif=None;rbs_spacer=None;gc_cont=0.746;conf=98.99;score=19.97;cscore=17.12;sscore=2.84;rscore=-0.79;uscore=-0.33;tscore=2.87;"
//
DEFINITION  seqnum=35;seqlen=2523;seqhdr="k141_211576";version=Prodigal.v2.6.3;run_type=Single;model="Ab initio";gc_cont=69.04;transl_table=11;uses_sd=0
FEATURES             Location/Qualifiers
     CDS             <2..496
                     /note="ID=35_1;partial=10;start_type=Edge;rbs_motif=None;rbs_spacer=None;gc_cont=0.693;conf=100.00;score=74.09;cscore=70.88;sscore=3.22;rscore=0.00;uscore=0.00;tscore=3.22;"
     CDS             complement(500..1825)
                     /note="ID=35_2;partial=00;start_type=ATG;rbs_motif=None;rbs_spacer=None;gc_cont=0.732;conf=99.99;score=217.49;cscore=217.12;sscore=0.37;rscore=-0.79;uscore=-1.06;tscore=2.87;"
     CDS             1928..2329
                     /note="ID=35_3;partial=00;start_type=ATG;rbs_motif=AGG;rbs_spacer=7bp;gc_cont=0.704;conf=100.00;score=72.50;cscore=63.95;sscore=8.54;rscore=5.04;uscore=0.63;tscore=2.87;"
     CDS             2387..>2521
                     /note="ID=35_4;partial=01;start_type=ATG;rbs_motif=None;rbs_spacer=None;gc_cont=0.622;conf=96.93;score=15.02;cscore=13.77;sscore=1.26;rscore=-0.79;uscore=-1.48;tscore=2.87;"
//
DEFINITION  seqnum=36;seqlen=2559;seqhdr="k141_382084";version=Prodigal.v2.6.3;run_type=Single;model="Ab initio";gc_cont=69.04;transl_table=11;uses_sd=0
FEATURES             Location/Qualifiers
     CDS             complement(40..522)
                     /note="ID=36_1;partial=00;start_type=ATG;rbs_motif=None;rbs_spacer=None;gc_cont=0.652;conf=100.00;score=61.83;cscore=56.93;sscore=4.90;rscore=-0.79;uscore=3.47;tscore=2.87;"
     CDS             complement(744..1133)
                     /note="ID=36_2;partial=00;start_type=ATG;rbs_motif=None;rbs_spacer=None;gc_cont=0.662;conf=100.00;score=58.90;cscore=54.10;sscore=4.80;rscore=-0.79;uscore=2.72;tscore=2.87;"
     CDS             complement(1211..2395)
                     /note="ID=36_3;partial=00;start_type=ATG;rbs_motif=None;rbs_spacer=None;gc_cont=0.705;conf=100.00;score=147.22;cscore=148.96;sscore=-1.74;rscore=-0.79;uscore=-3.82;tscore=2.87;"
//
DEFINITION  seqnum=37;seqlen=2912;seqhdr="k141_212306";version=Prodigal.v2.6.3;run_type=Single;model="Ab initio";gc_cont=69.04;transl_table=11;uses_sd=0
FEATURES             Location/Qualifiers
     CDS             complement(<2..814)
                     /note="ID=37_1;partial=10;start_type=GTG;rbs_motif=None;rbs_spacer=None;gc_cont=0.720;conf=100.00;score=102.57;cscore=106.09;sscore=-3.52;rscore=-0.79;uscore=-1.39;tscore=-1.34;"
     CDS             complement(879..1739)
                     /note="ID=37_2;partial=00;start_type=GTG;rbs_motif=AGG;rbs_spacer=8bp;gc_cont=0.690;conf=100.00;score=158.09;cscore=151.87;sscore=6.22;rscore=5.04;uscore=1.23;tscore=-1.34;"
     CDS             complement(1736..2110)
                     /note="ID=37_3;partial=00;start_type=GTG;rbs_motif=None;rbs_spacer=None;gc_cont=0.709;conf=100.00;score=49.55;cscore=49.60;sscore=-0.05;rscore=-0.79;uscore=-0.50;tscore=-1.34;"
     CDS             complement(2107..>2910)
                     /note="ID=37_4;partial=01;start_type=Edge;rbs_motif=None;rbs_spacer=None;gc_cont=0.700;conf=100.00;score=128.24;cscore=125.02;sscore=3.22;rscore=0.00;uscore=0.00;tscore=3.22;"
//
DEFINITION  seqnum=38;seqlen=3076;seqhdr="k141_354294";version=Prodigal.v2.6.3;run_type=Single;model="Ab initio";gc_cont=69.04;transl_table=11;uses_sd=0
FEATURES             Location/Qualifiers
     CDS             complement(<2..370)
                     /note="ID=38_1;partial=10;start_type=ATG;rbs_motif=AGG;rbs_spacer=7bp;gc_cont=0.688;conf=100.00;score=86.12;cscore=76.89;sscore=9.24;rscore=5.04;uscore=1.98;tscore=2.87;"
     CDS             405..1931
                     /note="ID=38_2;partial=00;start_type=GTG;rbs_motif=None;rbs_spacer=None;gc_cont=0.703;conf=99.99;score=206.68;cscore=214.21;sscore=-7.53;rscore=-0.79;uscore=-5.40;tscore=-1.34;"
     CDS             complement(2191..>3075)
                     /note="ID=38_3;partial=01;start_type=Edge;rbs_motif=None;rbs_spacer=None;gc_cont=0.637;conf=99.99;score=184.87;cscore=181.65;sscore=3.22;rscore=0.00;uscore=0.00;tscore=3.22;"
//
DEFINITION  seqnum=39;seqlen=3354;seqhdr="k141_439388";version=Prodigal.v2.6.3;run_type=Single;model="Ab initio";gc_cont=69.04;transl_table=11;uses_sd=0
FEATURES             Location/Qualifiers
     CDS             complement(<3..917)
                     /note="ID=39_1;partial=10;start_type=ATG;rbs_motif=None;rbs_spacer=None;gc_cont=0.679;conf=100.00;score=172.53;cscore=170.11;sscore=2.42;rscore=-0.79;uscore=-0.82;tscore=2.87;"
     CDS             complement(929..1843)
                     /note="ID=39_2;partial=00;start_type=GTG;rbs_motif=AGG;rbs_spacer=10bp;gc_cont=0.729;conf=100.00;score=67.00;cscore=62.01;sscore=4.99;rscore=5.04;uscore=-5.64;tscore=-1.34;"
     CDS             complement(1840..2310)
                     /note="ID=39_3;partial=00;start_type=ATG;rbs_motif=None;rbs_spacer=None;gc_cont=0.703;conf=99.99;score=41.50;cscore=41.47;sscore=0.03;rscore=-0.79;uscore=-1.40;tscore=2.87;"
     CDS             2336..>3352
                     /note="ID=39_4;partial=01;start_type=ATG;rbs_motif=None;rbs_spacer=None;gc_cont=0.681;conf=99.99;score=216.35;cscore=213.69;sscore=2.66;rscore=-0.79;uscore=0.58;tscore=2.87;"
//
DEFINITION  seqnum=40;seqlen=2894;seqhdr="k141_213301";version=Prodigal.v2.6.3;run_type=Single;model="Ab initio";gc_cont=69.04;transl_table=11;uses_sd=0
FEATURES             Location/Qualifiers
     CDS             complement(<2..691)
                     /note="ID=40_1;partial=10;start_type=GTG;rbs_motif=None;rbs_spacer=None;gc_cont=0.680;conf=100.00;score=152.99;cscore=151.14;sscore=1.85;rscore=-0.79;uscore=1.90;tscore=-1.34;"
     CDS             complement(688..1461)
                     /note="ID=40_2;partial=00;start_type=ATG;rbs_motif=AGG;rbs_spacer=7bp;gc_cont=0.678;conf=100.00;score=159.89;cscore=149.59;sscore=10.30;rscore=5.04;uscore=1.10;tscore=2.87;"
     CDS             complement(1458..2435)
                     /note="ID=40_3;partial=00;start_type=GTG;rbs_motif=None;rbs_spacer=None;gc_cont=0.721;conf=100.00;score=176.95;cscore=177.51;sscore=-0.56;rscore=-0.79;uscore=0.69;tscore=-1.34;"
     CDS             complement(2472..>2894)
                     /note="ID=40_4;partial=01;start_type=Edge;rbs_motif=None;rbs_spacer=None;gc_cont=0.697;conf=100.00;score=97.30;cscore=94.08;sscore=3.22;rscore=0.00;uscore=0.00;tscore=3.22;"
//
DEFINITION  seqnum=41;seqlen=3048;seqhdr="k141_157331";version=Prodigal.v2.6.3;run_type=Single;model="Ab initio";gc_cont=69.04;transl_table=11;uses_sd=0
FEATURES             Location/Qualifiers
     CDS             <1..201
                     /note="ID=41_1;partial=10;start_type=Edge;rbs_motif=None;rbs_spacer=None;gc_cont=0.647;conf=99.67;score=24.88;cscore=21.66;sscore=3.22;rscore=0.00;uscore=0.00;tscore=3.22;"
     CDS             260..1222
                     /note="ID=41_2;partial=00;start_type=ATG;rbs_motif=None;rbs_spacer=None;gc_cont=0.699;conf=100.00;score=146.85;cscore=150.05;sscore=-3.20;rscore=-0.79;uscore=-5.28;tscore=2.87;"
     CDS             1219..2217
                     /note="ID=41_3;partial=00;start_type=GTG;rbs_motif=None;rbs_spacer=None;gc_cont=0.712;conf=100.00;score=140.90;cscore=139.12;sscore=1.78;rscore=-0.79;uscore=1.83;tscore=-1.34;"
     CDS             2232..>3047
                     /note="ID=41_4;partial=01;start_type=GTG;rbs_motif=AGG;rbs_spacer=10bp;gc_cont=0.699;conf=100.00;score=171.96;cscore=168.26;sscore=3.69;rscore=5.04;uscore=-1.13;tscore=-1.34;"
//
DEFINITION  seqnum=42;seqlen=2906;seqhdr="k141_72689";version=Prodigal.v2.6.3;run_type=Single;model="Ab initio";gc_cont=69.04;transl_table=11;uses_sd=0
FEATURES             Location/Qualifiers
     CDS             complement(<3..572)
                     /note="ID=42_1;partial=10;start_type=GTG;rbs_motif=AGG;rbs_spacer=9bp;gc_cont=0.700;conf=100.00;score=117.72;cscore=115.05;sscore=2.67;rscore=5.04;uscore=-1.03;tscore=-1.34;"
     CDS             complement(643..1833)
                     /note="ID=42_2;partial=00;start_type=GTG;rbs_motif=AGG;rbs_spacer=6bp;gc_cont=0.686;conf=99.99;score=184.58;cscore=179.54;sscore=5.04;rscore=5.04;uscore=0.25;tscore=-1.34;"
     CDS             complement(1850..>2905)
                     /note="ID=42_3;partial=01;start_type=Edge;rbs_motif=None;rbs_spacer=None;gc_cont=0.668;conf=100.00;score=154.99;cscore=151.77;sscore=3.22;rscore=0.00;uscore=0.00;tscore=3.22;"
//
DEFINITION  seqnum=43;seqlen=3165;seqhdr="k141_356205";version=Prodigal.v2.6.3;run_type=Single;model="Ab initio";gc_cont=69.04;transl_table=11;uses_sd=0
FEATURES             Location/Qualifiers
     CDS             <2..412
                     /note="ID=43_1;partial=10;start_type=Edge;rbs_motif=None;rbs_spacer=None;gc_cont=0.783;conf=99.95;score=33.04;cscore=29.82;sscore=3.22;rscore=0.00;uscore=0.00;tscore=3.22;"
     CDS             complement(434..1105)
                     /note="ID=43_2;partial=00;start_type=ATG;rbs_motif=None;rbs_spacer=None;gc_cont=0.711;conf=100.00;score=112.67;cscore=108.48;sscore=4.19;rscore=-0.79;uscore=2.76;tscore=2.87;"
     CDS             1250..1948
                     /note="ID=43_3;partial=00;start_type=ATG;rbs_motif=None;rbs_spacer=None;gc_cont=0.680;conf=100.00;score=120.51;cscore=117.83;sscore=2.68;rscore=-0.79;uscore=0.60;tscore=2.87;"
     CDS             complement(1970..2776)
                     /note="ID=43_4;partial=00;start_type=GTG;rbs_motif=None;rbs_spacer=None;gc_cont=0.711;conf=100.00;score=84.07;cscore=85.19;sscore=-1.13;rscore=-0.79;uscore=1.65;tscore=-1.34;"
     CDS             2818..>3165
                     /note="ID=43_5;partial=01;start_type=ATG;rbs_motif=None;rbs_spacer=None;gc_cont=0.667;conf=100.00;score=68.69;cscore=66.01;sscore=2.68;rscore=-0.79;uscore=0.60;tscore=2.87;"
//
DEFINITION  seqnum=44;seqlen=3156;seqhdr="k141_441195";version=Prodigal.v2.6.3;run_type=Single;model="Ab initio";gc_cont=69.04;transl_table=11;uses_sd=0
FEATURES             Location/Qualifiers
     CDS             complement(<3..155)
                     /note="ID=44_1;partial=10;start_type=GTG;rbs_motif=None;rbs_spacer=None;gc_cont=0.778;conf=64.26;score=2.55;cscore=2.60;sscore=-0.05;rscore=-0.79;uscore=-4.13;tscore=-1.34;"
     CDS             complement(152..877)
                     /note="ID=44_2;partial=00;start_type=ATG;rbs_motif=AGG;rbs_spacer=5bp;gc_cont=0.676;conf=100.00;score=131.82;cscore=123.79;sscore=8.04;rscore=5.04;uscore=-0.93;tscore=2.87;"
     CDS             complement(898..1302)
                     /note="ID=44_3;partial=00;start_type=GTG;rbs_motif=None;rbs_spacer=None;gc_cont=0.719;conf=100.00;score=68.46;cscore=71.58;sscore=-3.12;rscore=-0.79;uscore=-0.99;tscore=-1.34;"
     CDS             1343..2188
                     /note="ID=44_4;partial=00;start_type=ATG;rbs_motif=None;rbs_spacer=None;gc_cont=0.703;conf=100.00;score=112.83;cscore=109.02;sscore=3.81;rscore=-0.79;uscore=1.73;tscore=2.87;"
     CDS             2175..2837
                     /note="ID=44_5;partial=00;start_type=ATG;rbs_motif=None;rbs_spacer=None;gc_cont=0.685;conf=100.00;score=107.34;cscore=104.61;sscore=2.73;rscore=-0.79;uscore=-0.54;tscore=2.87;"
     CDS             2834..>3154
                     /note="ID=44_6;partial=01;start_type=GTG;rbs_motif=None;rbs_spacer=None;gc_cont=0.720;conf=99.96;score=34.48;cscore=34.53;sscore=-0.05;rscore=-0.79;uscore=-0.93;tscore=-1.34;"
//
DEFINITION  seqnum=45;seqlen=3343;seqhdr="k141_73911";version=Prodigal.v2.6.3;run_type=Single;model="Ab initio";gc_cont=69.04;transl_table=11;uses_sd=0
FEATURES             Location/Qualifiers
     CDS             <1..1161
                     /note="ID=45_1;partial=10;start_type=Edge;rbs_motif=None;rbs_spacer=None;gc_cont=0.693;conf=99.99;score=206.86;cscore=203.64;sscore=3.22;rscore=0.00;uscore=0.00;tscore=3.22;"
     CDS             1220..1693
                     /note="ID=45_2;partial=00;start_type=GTG;rbs_motif=AGG;rbs_spacer=10bp;gc_cont=0.719;conf=100.00;score=82.45;cscore=78.04;sscore=4.41;rscore=5.04;uscore=0.71;tscore=-1.34;"
     CDS             1697..2047
                     /note="ID=45_3;partial=00;start_type=GTG;rbs_motif=AGG;rbs_spacer=8bp;gc_cont=0.667;conf=100.00;score=76.26;cscore=70.59;sscore=5.67;rscore=5.04;uscore=0.73;tscore=-1.34;"
     CDS             2147..2332
                     /note="ID=45_4;partial=00;start_type=GTG;rbs_motif=AGG;rbs_spacer=5bp;gc_cont=0.640;conf=99.99;score=40.58;cscore=37.70;sscore=2.88;rscore=3.69;uscore=1.02;tscore=-1.84;"
     CDS             2522..3109
                     /note="ID=45_5;partial=00;start_type=GTG;rbs_motif=AGG;rbs_spacer=8bp;gc_cont=0.672;conf=100.00;score=85.85;cscore=80.46;sscore=5.39;rscore=5.04;uscore=2.35;tscore=-1.34;"
     CDS             3115..3306
                     /note="ID=45_6;partial=00;start_type=ATG;rbs_motif=None;rbs_spacer=None;gc_cont=0.661;conf=99.93;score=31.73;cscore=28.67;sscore=3.06;rscore=-1.04;uscore=0.72;tscore=2.17;"
//
DEFINITION  seqnum=46;seqlen=2520;seqhdr="k141_74036";version=Prodigal.v2.6.3;run_type=Single;model="Ab initio";gc_cont=69.04;transl_table=11;uses_sd=0
FEATURES             Location/Qualifiers
     CDS             complement(<2..589)
                     /note="ID=46_1;partial=10;start_type=ATG;rbs_motif=None;rbs_spacer=None;gc_cont=0.684;conf=100.00;score=117.71;cscore=117.29;sscore=0.42;rscore=-0.79;uscore=-1.67;tscore=2.87;"
     CDS             complement(649..1773)
                     /note="ID=46_2;partial=00;start_type=ATG;rbs_motif=None;rbs_spacer=None;gc_cont=0.704;conf=99.99;score=211.76;cscore=208.36;sscore=3.40;rscore=-0.79;uscore=1.31;tscore=2.87;"
     CDS             complement(1848..>2519)
                     /note="ID=46_3;partial=01;start_type=Edge;rbs_motif=None;rbs_spacer=None;gc_cont=0.695;conf=100.00;score=83.65;cscore=80.43;sscore=3.22;rscore=0.00;uscore=0.00;tscore=3.22;"
//
DEFINITION  seqnum=47;seqlen=2548;seqhdr="k141_301228";version=Prodigal.v2.6.3;run_type=Single;model="Ab initio";gc_cont=69.04;transl_table=11;uses_sd=0
FEATURES             Location/Qualifiers
     CDS             complement(<3..104)
                     /note="ID=47_1;partial=10;start_type=GTG;rbs_motif=None;rbs_spacer=None;gc_cont=0.745;conf=81.65;score=6.49;cscore=7.02;sscore=-0.53;rscore=-0.79;uscore=1.60;tscore=-1.34;"
     CDS             complement(77..985)
                     /note="ID=47_2;partial=00;start_type=GTG;rbs_motif=None;rbs_spacer=None;gc_cont=0.686;conf=100.00;score=141.83;cscore=140.90;sscore=0.93;rscore=-0.79;uscore=2.21;tscore=-1.34;"
     CDS             complement(1025..1426)
                     /note="ID=47_3;partial=00;start_type=GTG;rbs_motif=AGG;rbs_spacer=10bp;gc_cont=0.719;conf=100.00;score=68.60;cscore=60.60;sscore=8.00;rscore=5.04;uscore=3.05;tscore=-1.34;"
     CDS             complement(1429..>2547)
                     /note="ID=47_4;partial=01;start_type=Edge;rbs_motif=None;rbs_spacer=None;gc_cont=0.671;conf=99.99;score=256.14;cscore=252.92;sscore=3.22;rscore=0.00;uscore=0.00;tscore=3.22;"
//
DEFINITION  seqnum=48;seqlen=3416;seqhdr="k141_18079";version=Prodigal.v2.6.3;run_type=Single;model="Ab initio";gc_cont=69.04;transl_table=11;uses_sd=0
FEATURES             Location/Qualifiers
     CDS             <3..674
                     /note="ID=48_1;partial=10;start_type=Edge;rbs_motif=None;rbs_spacer=None;gc_cont=0.728;conf=100.00;score=97.89;cscore=94.68;sscore=3.22;rscore=0.00;uscore=3.22;tscore=0.00;"
     CDS             819..1355
                     /note="ID=48_2;partial=00;start_type=TTG;rbs_motif=AGG;rbs_spacer=8bp;gc_cont=0.613;conf=100.00;score=125.51;cscore=123.45;sscore=2.06;rscore=5.04;uscore=1.82;tscore=-4.80;"
     CDS             1352..2017
                     /note="ID=48_3;partial=00;start_type=GTG;rbs_motif=None;rbs_spacer=None;gc_cont=0.730;conf=100.00;score=83.99;cscore=82.97;sscore=1.01;rscore=-0.79;uscore=1.06;tscore=-1.34;"
     CDS             2014..2835
                     /note="ID=48_4;partial=00;start_type=GTG;rbs_motif=None;rbs_spacer=None;gc_cont=0.678;conf=100.00;score=125.95;cscore=125.36;sscore=0.59;rscore=-0.79;uscore=0.64;tscore=-1.34;"
     CDS             2832..3314
                     /note="ID=48_5;partial=00;start_type=ATG;rbs_motif=AGG;rbs_spacer=10bp;gc_cont=0.758;conf=100.00;score=84.03;cscore=73.55;sscore=10.48;rscore=5.04;uscore=1.28;tscore=2.87;"
     CDS             complement(3348..>3416)
                     /note="ID=48_6;partial=01;start_type=Edge;rbs_motif=None;rbs_spacer=None;gc_cont=0.594;conf=92.75;score=11.09;cscore=7.87;sscore=3.22;rscore=0.00;uscore=0.00;tscore=3.22;"
//
DEFINITION  seqnum=49;seqlen=3518;seqhdr="k141_160427";version=Prodigal.v2.6.3;run_type=Single;model="Ab initio";gc_cont=69.04;transl_table=11;uses_sd=0
FEATURES             Location/Qualifiers
     CDS             <2..2215
                     /note="ID=49_1;partial=10;start_type=Edge;rbs_motif=None;rbs_spacer=None;gc_cont=0.678;conf=99.99;score=497.23;cscore=494.01;sscore=3.22;rscore=0.00;uscore=0.00;tscore=3.22;"
     CDS             2238..>3518
                     /note="ID=49_2;partial=01;start_type=GTG;rbs_motif=None;rbs_spacer=None;gc_cont=0.701;conf=100.00;score=162.53;cscore=163.04;sscore=-0.51;rscore=-0.79;uscore=0.59;tscore=-1.34;"
//
DEFINITION  seqnum=50;seqlen=2594;seqhdr="k141_387121";version=Prodigal.v2.6.3;run_type=Single;model="Ab initio";gc_cont=69.04;transl_table=11;uses_sd=0
FEATURES             Location/Qualifiers
     CDS             complement(<3..1667)
                     /note="ID=50_1;partial=10;start_type=GTG;rbs_motif=None;rbs_spacer=None;gc_cont=0.683;conf=99.99;score=262.85;cscore=265.18;sscore=-2.34;rscore=-0.79;uscore=-1.17;tscore=-1.34;"
     CDS             complement(1697..2233)
                     /note="ID=50_2;partial=00;start_type=GTG;rbs_motif=None;rbs_spacer=None;gc_cont=0.695;conf=100.00;score=68.98;cscore=70.78;sscore=-1.80;rscore=-0.79;uscore=0.98;tscore=-1.34;"
     CDS             2354..>2593
                     /note="ID=50_3;partial=01;start_type=ATG;rbs_motif=AGG;rbs_spacer=9bp;gc_cont=0.762;conf=99.07;score=20.31;cscore=14.30;sscore=6.01;rscore=5.04;uscore=-1.90;tscore=2.87;"
//
DEFINITION  seqnum=51;seqlen=2855;seqhdr="k141_274012";version=Prodigal.v2.6.3;run_type=Single;model="Ab initio";gc_cont=69.04;transl_table=11;uses_sd=0
FEATURES             Location/Qualifiers
     CDS             complement(461..613)
                     /note="ID=51_1;partial=00;start_type=ATG;rbs_motif=AGG;rbs_spacer=10bp;gc_cont=0.667;conf=99.26;score=21.30;cscore=16.52;sscore=4.78;rscore=3.02;uscore=0.69;tscore=1.72;"
     CDS             676..1440
                     /note="ID=51_2;partial=00;start_type=TTG;rbs_motif=None;rbs_spacer=None;gc_cont=0.718;conf=100.00;score=91.97;cscore=98.19;sscore=-6.22;rscore=-0.79;uscore=-0.64;tscore=-4.80;"
     CDS             1606..2073
                     /note="ID=51_3;partial=00;start_type=ATG;rbs_motif=AGG;rbs_spacer=8bp;gc_cont=0.662;conf=100.00;score=59.90;cscore=52.44;sscore=7.45;rscore=5.04;uscore=-0.46;tscore=2.87;"
//
DEFINITION  seqnum=52;seqlen=2773;seqhdr="k141_246288";version=Prodigal.v2.6.3;run_type=Single;model="Ab initio";gc_cont=69.04;transl_table=11;uses_sd=0
FEATURES             Location/Qualifiers
     CDS             complement(<3..179)
                     /note="ID=52_1;partial=10;start_type=GTG;rbs_motif=AGG;rbs_spacer=10bp;gc_cont=0.633;conf=99.92;score=31.19;cscore=26.20;sscore=4.99;rscore=5.04;uscore=-1.70;tscore=-1.34;"
     CDS             complement(176..1090)
                     /note="ID=52_2;partial=00;start_type=GTG;rbs_motif=None;rbs_spacer=None;gc_cont=0.663;conf=99.99;score=196.95;cscore=196.78;sscore=0.17;rscore=-0.79;uscore=1.03;tscore=-1.34;"
     CDS             complement(1091..2488)
                     /note="ID=52_3;partial=00;start_type=ATG;rbs_motif=AGG;rbs_spacer=8bp;gc_cont=0.653;conf=99.99;score=261.92;cscore=251.06;sscore=10.87;rscore=5.04;uscore=1.66;tscore=2.87;"
     CDS             complement(2485..>2772)
                     /note="ID=52_4;partial=01;start_type=Edge;rbs_motif=None;rbs_spacer=None;gc_cont=0.667;conf=99.15;score=20.68;cscore=17.47;sscore=3.22;rscore=0.00;uscore=0.00;tscore=3.22;"
//
DEFINITION  seqnum=53;seqlen=2563;seqhdr="k141_444332";version=Prodigal.v2.6.3;run_type=Single;model="Ab initio";gc_cont=69.04;transl_table=11;uses_sd=0
FEATURES             Location/Qualifiers
     CDS             <3..131
                     /note="ID=53_1;partial=10;start_type=Edge;rbs_motif=None;rbs_spacer=None;gc_cont=0.721;conf=94.64;score=12.49;cscore=9.27;sscore=3.22;rscore=0.00;uscore=3.22;tscore=0.00;"
     CDS             complement(139..2430)
                     /note="ID=53_2;partial=00;start_type=GTG;rbs_motif=None;rbs_spacer=None;gc_cont=0.679;conf=99.99;score=450.66;cscore=450.72;sscore=-0.06;rscore=-0.79;uscore=-4.54;tscore=-1.34;"
     CDS             complement(2430..>2561)
                     /note="ID=53_3;partial=01;start_type=Edge;rbs_motif=None;rbs_spacer=None;gc_cont=0.652;conf=99.57;score=23.72;cscore=20.50;sscore=3.22;rscore=0.00;uscore=0.00;tscore=3.22;"
//
DEFINITION  seqnum=54;seqlen=2764;seqhdr="k141_189744";version=Prodigal.v2.6.3;run_type=Single;model="Ab initio";gc_cont=69.04;transl_table=11;uses_sd=0
FEATURES             Location/Qualifiers
     CDS             complement(16..1071)
                     /note="ID=54_1;partial=00;start_type=GTG;rbs_motif=None;rbs_spacer=None;gc_cont=0.744;conf=100.00;score=132.01;cscore=133.84;sscore=-1.83;rscore=-0.79;uscore=-0.76;tscore=-1.34;"
     CDS             complement(1091..2473)
                     /note="ID=54_2;partial=00;start_type=ATG;rbs_motif=None;rbs_spacer=None;gc_cont=0.709;conf=99.99;score=247.05;cscore=239.47;sscore=7.58;rscore=-0.79;uscore=3.42;tscore=2.87;"
     CDS             complement(2470..>2763)
                     /note="ID=54_3;partial=01;start_type=Edge;rbs_motif=None;rbs_spacer=None;gc_cont=0.714;conf=99.94;score=31.97;cscore=28.75;sscore=3.22;rscore=0.00;uscore=0.00;tscore=3.22;"
//
DEFINITION  seqnum=55;seqlen=2527;seqhdr="k141_49084";version=Prodigal.v2.6.3;run_type=Single;model="Ab initio";gc_cont=69.04;transl_table=11;uses_sd=0
FEATURES             Location/Qualifiers
     CDS             <1..321
                     /note="ID=55_1;partial=10;start_type=Edge;rbs_motif=None;rbs_spacer=None;gc_cont=0.726;conf=100.00;score=47.70;cscore=44.48;sscore=3.22;rscore=0.00;uscore=0.00;tscore=3.22;"
     CDS             450..>2525
                     /note="ID=55_2;partial=01;start_type=ATG;rbs_motif=AGG;rbs_spacer=7bp;gc_cont=0.663;conf=99.99;score=397.32;cscore=391.50;sscore=5.82;rscore=5.04;uscore=-2.09;tscore=2.87;"
//
DEFINITION  seqnum=56;seqlen=3800;seqhdr="k141_134000";version=Prodigal.v2.6.3;run_type=Single;model="Ab initio";gc_cont=69.04;transl_table=11;uses_sd=0
FEATURES             Location/Qualifiers
     CDS             <1..396
                     /note="ID=56_1;partial=10;start_type=Edge;rbs_motif=None;rbs_spacer=None;gc_cont=0.720;conf=97.34;score=15.66;cscore=12.44;sscore=3.22;rscore=0.00;uscore=0.00;tscore=3.22;"
     CDS             440..2830
                     /note="ID=56_2;partial=00;start_type=ATG;rbs_motif=AGG;rbs_spacer=9bp;gc_cont=0.663;conf=99.99;score=512.64;cscore=498.79;sscore=13.84;rscore=5.04;uscore=5.13;tscore=2.87;"
     CDS             2827..>3798
                     /note="ID=56_3;partial=01;start_type=ATG;rbs_motif=None;rbs_spacer=None;gc_cont=0.689;conf=99.99;score=214.70;cscore=210.53;sscore=4.16;rscore=-0.79;uscore=-0.82;tscore=2.87;"
//
DEFINITION  seqnum=57;seqlen=2836;seqhdr="k141_389522";version=Prodigal.v2.6.3;run_type=Single;model="Ab initio";gc_cont=69.04;transl_table=11;uses_sd=0
FEATURES             Location/Qualifiers
     CDS             <3..968
                     /note="ID=57_1;partial=10;start_type=Edge;rbs_motif=None;rbs_spacer=None;gc_cont=0.723;conf=100.00;score=137.81;cscore=134.59;sscore=3.22;rscore=0.00;uscore=3.22;tscore=0.00;"
     CDS             965..2080
                     /note="ID=57_2;partial=00;start_type=GTG;rbs_motif=None;rbs_spacer=None;gc_cont=0.660;conf=100.00;score=72.45;cscore=72.50;sscore=-0.05;rscore=-0.79;uscore=-4.30;tscore=-1.34;"
     CDS             2139..>2834
                     /note="ID=57_3;partial=01;start_type=ATG;rbs_motif=None;rbs_spacer=None;gc_cont=0.615;conf=100.00;score=46.56;cscore=44.00;sscore=2.57;rscore=-0.79;uscore=0.48;tscore=2.87;"
//
DEFINITION  seqnum=58;seqlen=4019;seqhdr="k141_105992";version=Prodigal.v2.6.3;run_type=Single;model="Ab initio";gc_cont=69.04;transl_table=11;uses_sd=0
FEATURES             Location/Qualifiers
     CDS             <2..79
                     /note="ID=58_1;partial=10;start_type=Edge;rbs_motif=None;rbs_spacer=None;gc_cont=0.667;conf=83.14;score=6.94;cscore=3.72;sscore=3.22;rscore=0.00;uscore=0.00;tscore=3.22;"
     CDS             90..1088
                     /note="ID=58_2;partial=00;start_type=GTG;rbs_motif=AGG;rbs_spacer=9bp;gc_cont=0.684;conf=100.00;score=170.76;cscore=169.67;sscore=1.09;rscore=5.04;uscore=-3.77;tscore=-1.34;"
     CDS             1161..>4019
                     /note="ID=58_3;partial=01;start_type=ATG;rbs_motif=None;rbs_spacer=None;gc_cont=0.708;conf=99.99;score=403.19;cscore=399.94;sscore=3.26;rscore=-0.79;uscore=1.18;tscore=2.87;"
//
DEFINITION  seqnum=59;seqlen=2515;seqhdr="k141_191628";version=Prodigal.v2.6.3;run_type=Single;model="Ab initio";gc_cont=69.04;transl_table=11;uses_sd=0
FEATURES             Location/Qualifiers
     CDS             <1..2229
                     /note="ID=59_1;partial=10;start_type=Edge;rbs_motif=None;rbs_spacer=None;gc_cont=0.660;conf=100.00;score=117.65;cscore=114.43;sscore=3.22;rscore=0.00;uscore=0.00;tscore=3.22;"
     CDS             2226..>2513
                     /note="ID=59_2;partial=01;start_type=ATG;rbs_motif=None;rbs_spacer=None;gc_cont=0.691;conf=99.92;score=30.92;cscore=26.76;sscore=4.16;rscore=-0.79;uscore=-0.79;tscore=2.87;"
//
DEFINITION  seqnum=60;seqlen=3225;seqhdr="k141_362176";version=Prodigal.v2.6.3;run_type=Single;model="Ab initio";gc_cont=69.04;transl_table=11;uses_sd=0
FEATURES             Location/Qualifiers
     CDS             complement(<3..1469)
                     /note="ID=60_1;partial=10;start_type=GTG;rbs_motif=None;rbs_spacer=None;gc_cont=0.674;conf=99.99;score=239.89;cscore=238.47;sscore=1.42;rscore=-0.79;uscore=1.47;tscore=-1.34;"
     CDS             complement(1466..2668)
                     /note="ID=60_2;partial=00;start_type=ATG;rbs_motif=None;rbs_spacer=None;gc_cont=0.694;conf=100.00;score=157.72;cscore=153.56;sscore=4.16;rscore=-0.79;uscore=-3.82;tscore=2.87;"
     CDS             complement(2665..>3225)
                     /note="ID=60_3;partial=01;start_type=Edge;rbs_motif=None;rbs_spacer=None;gc_cont=0.708;conf=100.00;score=71.13;cscore=67.92;sscore=3.22;rscore=0.00;uscore=0.00;tscore=3.22;"
//
DEFINITION  seqnum=61;seqlen=2824;seqhdr="k141_164324";version=Prodigal.v2.6.3;run_type=Single;model="Ab initio";gc_cont=69.04;transl_table=11;uses_sd=0
FEATURES             Location/Qualifiers
     CDS             complement(<3..1034)
                     /note="ID=61_1;partial=10;start_type=GTG;rbs_motif=None;rbs_spacer=None;gc_cont=0.661;conf=100.00;score=106.66;cscore=111.90;sscore=-5.24;rscore=-0.79;uscore=-2.46;tscore=-1.34;"
     CDS             1136..1375
                     /note="ID=61_2;partial=00;start_type=GTG;rbs_motif=None;rbs_spacer=None;gc_cont=0.629;conf=78.09;score=5.53;cscore=9.39;sscore=-3.86;rscore=-0.83;uscore=-1.62;tscore=-1.42;"
     CDS             complement(1405..1620)
                     /note="ID=61_3;partial=00;start_type=ATG;rbs_motif=AGG;rbs_spacer=6bp;gc_cont=0.653;conf=56.32;score=1.11;cscore=-3.93;sscore=5.04;rscore=4.29;uscore=-0.55;tscore=2.44;"
     CDS             1764..>2822
                     /note="ID=61_4;partial=01;start_type=ATG;rbs_motif=None;rbs_spacer=None;gc_cont=0.709;conf=100.00;score=168.05;cscore=165.26;sscore=2.79;rscore=-0.79;uscore=0.71;tscore=2.87;"
//
DEFINITION  seqnum=62;seqlen=2520;seqhdr="k141_107546";version=Prodigal.v2.6.3;run_type=Single;model="Ab initio";gc_cont=69.04;transl_table=11;uses_sd=0
FEATURES             Location/Qualifiers
     CDS             <1..345
                     /note="ID=62_1;partial=10;start_type=Edge;rbs_motif=None;rbs_spacer=None;gc_cont=0.681;conf=100.00;score=46.15;cscore=42.93;sscore=3.22;rscore=0.00;uscore=0.00;tscore=3.22;"
     CDS             complement(352..1137)
                     /note="ID=62_2;partial=00;start_type=ATG;rbs_motif=AGG;rbs_spacer=8bp;gc_cont=0.670;conf=100.00;score=165.53;cscore=154.12;sscore=11.41;rscore=5.04;uscore=2.21;tscore=2.87;"
     CDS             complement(1134..>2519)
                     /note="ID=62_3;partial=01;start_type=Edge;rbs_motif=None;rbs_spacer=None;gc_cont=0.691;conf=99.99;score=269.00;cscore=265.78;sscore=3.22;rscore=0.00;uscore=0.00;tscore=3.22;"
//
DEFINITION  seqnum=63;seqlen=3240;seqhdr="k141_362728";version=Prodigal.v2.6.3;run_type=Single;model="Ab initio";gc_cont=69.04;transl_table=11;uses_sd=0
FEATURES             Location/Qualifiers
     CDS             complement(465..641)
                     /note="ID=63_1;partial=00;start_type=ATG;rbs_motif=None;rbs_spacer=None;gc_cont=0.616;conf=82.06;score=6.62;cscore=4.32;sscore=2.29;rscore=-1.13;uscore=1.43;tscore=2.00;"
     CDS             complement(791..955)
                     /note="ID=63_2;partial=00;start_type=GTG;rbs_motif=AGG;rbs_spacer=8bp;gc_cont=0.642;conf=86.22;score=7.98;cscore=9.21;sscore=-1.23;rscore=3.27;uscore=-1.77;tscore=-2.07;"
     CDS             1289..1402
                     /note="ID=63_3;partial=00;start_type=ATG;rbs_motif=None;rbs_spacer=None;gc_cont=0.614;conf=62.28;score=2.18;cscore=2.08;sscore=0.10;rscore=-1.77;uscore=0.60;tscore=1.27;"
     CDS             1939..2211
                     /note="ID=63_4;partial=00;start_type=ATG;rbs_motif=AGG;rbs_spacer=10bp;gc_cont=0.707;conf=99.99;score=38.68;cscore=30.18;sscore=8.50;rscore=5.04;uscore=1.25;tscore=2.87;"
     CDS             2231..2581
                     /note="ID=63_5;partial=00;start_type=GTG;rbs_motif=None;rbs_spacer=None;gc_cont=0.644;conf=99.98;score=36.80;cscore=39.09;sscore=-2.29;rscore=-0.79;uscore=-1.23;tscore=-1.34;"
     CDS             2732..3193
                     /note="ID=63_6;partial=00;start_type=ATG;rbs_motif=AGG;rbs_spacer=7bp;gc_cont=0.660;conf=100.00;score=71.15;cscore=59.58;sscore=11.57;rscore=5.04;uscore=3.66;tscore=2.87;"
//
DEFINITION  seqnum=64;seqlen=2544;seqhdr="k141_51034";version=Prodigal.v2.6.3;run_type=Single;model="Ab initio";gc_cont=69.04;transl_table=11;uses_sd=0
FEATURES             Location/Qualifiers
     CDS             complement(<2..529)
                     /note="ID=64_1;partial=10;start_type=GTG;rbs_motif=AGG;rbs_spacer=10bp;gc_cont=0.701;conf=100.00;score=80.63;cscore=78.45;sscore=2.18;rscore=5.04;uscore=-2.67;tscore=-1.34;"
     CDS             complement(541..1197)
                     /note="ID=64_2;partial=00;start_type=ATG;rbs_motif=None;rbs_spacer=None;gc_cont=0.674;conf=100.00;score=102.95;cscore=98.77;sscore=4.18;rscore=-0.79;uscore=2.75;tscore=2.87;"
     CDS             1214..1903
                     /note="ID=64_3;partial=00;start_type=GTG;rbs_motif=None;rbs_spacer=None;gc_cont=0.672;conf=100.00;score=127.18;cscore=129.15;sscore=-1.97;rscore=-0.79;uscore=0.16;tscore=-1.34;"
     CDS             complement(1916..2518)
                     /note="ID=64_4;partial=00;start_type=ATG;rbs_motif=AGG;rbs_spacer=7bp;gc_cont=0.708;conf=100.00;score=113.34;cscore=109.48;sscore=3.86;rscore=5.04;uscore=-4.05;tscore=2.87;"
//
DEFINITION  seqnum=65;seqlen=2766;seqhdr="k141_192534";version=Prodigal.v2.6.3;run_type=Single;model="Ab initio";gc_cont=69.04;transl_table=11;uses_sd=0
FEATURES             Location/Qualifiers
     CDS             <1..969
                     /note="ID=65_1;partial=10;start_type=Edge;rbs_motif=None;rbs_spacer=None;gc_cont=0.702;conf=100.00;score=169.11;cscore=165.89;sscore=3.22;rscore=0.00;uscore=0.00;tscore=3.22;"
     CDS             complement(974..1594)
                     /note="ID=65_2;partial=00;start_type=GTG;rbs_motif=None;rbs_spacer=None;gc_cont=0.710;conf=100.00;score=78.54;cscore=80.56;sscore=-2.02;rscore=-0.79;uscore=0.11;tscore=-1.34;"
     CDS             complement(1695..2279)
                     /note="ID=65_3;partial=00;start_type=ATG;rbs_motif=None;rbs_spacer=None;gc_cont=0.697;conf=100.00;score=95.76;cscore=93.41;sscore=2.35;rscore=-0.79;uscore=-0.88;tscore=2.87;"
     CDS             complement(2291..2536)
                     /note="ID=65_4;partial=00;start_type=TTG;rbs_motif=None;rbs_spacer=None;gc_cont=0.679;conf=83.15;score=6.94;cscore=12.44;sscore=-5.50;rscore=-0.81;uscore=0.25;tscore=-4.94;"
     CDS             complement(2625..>2765)
                     /note="ID=65_5;partial=01;start_type=Edge;rbs_motif=None;rbs_spacer=None;gc_cont=0.716;conf=88.88;score=9.04;cscore=5.82;sscore=3.22;rscore=0.00;uscore=0.00;tscore=3.22;"
//
DEFINITION  seqnum=66;seqlen=2878;seqhdr="k141_79695";version=Prodigal.v2.6.3;run_type=Single;model="Ab initio";gc_cont=69.04;transl_table=11;uses_sd=0
FEATURES             Location/Qualifiers
     CDS             complement(<1..180)
                     /note="ID=66_1;partial=10;start_type=GTG;rbs_motif=AGG;rbs_spacer=7bp;gc_cont=0.717;conf=99.93;score=31.42;cscore=26.43;sscore=4.99;rscore=5.04;uscore=-2.57;tscore=-1.34;"
     CDS             complement(177..776)
                     /note="ID=66_2;partial=00;start_type=ATG;rbs_motif=None;rbs_spacer=None;gc_cont=0.692;conf=100.00;score=121.49;cscore=118.94;sscore=2.55;rscore=-0.79;uscore=-0.78;tscore=2.87;"
     CDS             complement(769..1470)
                     /note="ID=66_3;partial=00;start_type=TTG;rbs_motif=AGG;rbs_spacer=9bp;gc_cont=0.682;conf=100.00;score=116.90;cscore=116.40;sscore=0.50;rscore=5.04;uscore=0.26;tscore=-4.80;"
     CDS             complement(1442..2230)
                     /note="ID=66_4;partial=00;start_type=ATG;rbs_motif=AGG;rbs_spacer=6bp;gc_cont=0.655;conf=100.00;score=162.28;cscore=156.84;sscore=5.44;rscore=5.04;uscore=-3.65;tscore=2.87;"
     CDS             complement(2217..2804)
                     /note="ID=66_5;partial=00;start_type=ATG;rbs_motif=None;rbs_spacer=None;gc_cont=0.673;conf=100.00;score=126.32;cscore=127.89;sscore=-1.57;rscore=-0.79;uscore=-4.92;tscore=2.87;"
     CDS             complement(2806..>2877)
                     /note="ID=66_6;partial=01;start_type=Edge;rbs_motif=None;rbs_spacer=None;gc_cont=0.736;conf=81.05;score=6.32;cscore=3.10;sscore=3.22;rscore=0.00;uscore=0.00;tscore=3.22;"
//
DEFINITION  seqnum=67;seqlen=2592;seqhdr="k141_363584";version=Prodigal.v2.6.3;run_type=Single;model="Ab initio";gc_cont=69.04;transl_table=11;uses_sd=0
FEATURES             Location/Qualifiers
     CDS             34..294
                     /note="ID=67_1;partial=00;start_type=ATG;rbs_motif=AGG;rbs_spacer=5bp;gc_cont=0.686;conf=98.34;score=17.74;cscore=15.34;sscore=2.41;rscore=5.04;uscore=-5.50;tscore=2.87;"
     CDS             complement(304..1146)
                     /note="ID=67_2;partial=00;start_type=ATG;rbs_motif=AGG;rbs_spacer=8bp;gc_cont=0.715;conf=100.00;score=127.11;cscore=117.01;sscore=10.10;rscore=5.04;uscore=1.50;tscore=2.87;"
     CDS             complement(1201..1881)
                     /note="ID=67_3;partial=00;start_type=ATG;rbs_motif=None;rbs_spacer=None;gc_cont=0.715;conf=100.00;score=120.92;cscore=117.64;sscore=3.28;rscore=-0.79;uscore=1.86;tscore=2.87;"
     CDS             1934..>2590
                     /note="ID=67_4;partial=01;start_type=GTG;rbs_motif=AGG;rbs_spacer=9bp;gc_cont=0.717;conf=100.00;score=113.23;cscore=111.64;sscore=1.59;rscore=5.04;uscore=-2.11;tscore=-1.34;"
//
DEFINITION  seqnum=68;seqlen=2925;seqhdr="k141_51839";version=Prodigal.v2.6.3;run_type=Single;model="Ab initio";gc_cont=69.04;transl_table=11;uses_sd=0
FEATURES             Location/Qualifiers
     CDS             complement(<3..440)
                     /note="ID=68_1;partial=10;start_type=ATG;rbs_motif=None;rbs_spacer=None;gc_cont=0.664;conf=100.00;score=74.19;cscore=70.04;sscore=4.15;rscore=-0.79;uscore=-0.07;tscore=2.87;"
     CDS             complement(440..841)
                     /note="ID=68_2;partial=00;start_type=GTG;rbs_motif=None;rbs_spacer=None;gc_cont=0.679;conf=100.00;score=50.93;cscore=49.39;sscore=1.54;rscore=-0.79;uscore=2.69;tscore=-1.34;"
     CDS             complement(869..1111)
                     /note="ID=68_3;partial=00;start_type=ATG;rbs_motif=None;rbs_spacer=None;gc_cont=0.675;conf=99.92;score=31.02;cscore=28.57;sscore=2.44;rscore=-0.82;uscore=1.16;tscore=2.75;"
     CDS             1143..2027
                     /note="ID=68_4;partial=00;start_type=ATG;rbs_motif=AGG;rbs_spacer=10bp;gc_cont=0.698;conf=100.00;score=146.62;cscore=137.68;sscore=8.94;rscore=5.04;uscore=1.03;tscore=2.87;"
     CDS             complement(1925..>2923)
                     /note="ID=68_5;partial=01;start_type=Edge;rbs_motif=None;rbs_spacer=None;gc_cont=0.722;conf=100.00;score=164.96;cscore=161.74;sscore=3.22;rscore=0.00;uscore=0.00;tscore=3.22;"
//
DEFINITION  seqnum=69;seqlen=3740;seqhdr="k141_108544";version=Prodigal.v2.6.3;run_type=Single;model="Ab initio";gc_cont=69.04;transl_table=11;uses_sd=0
FEATURES             Location/Qualifiers
     CDS             complement(<2..346)
                     /note="ID=69_1;partial=10;start_type=GTG;rbs_motif=None;rbs_spacer=None;gc_cont=0.687;conf=100.00;score=61.31;cscore=60.52;sscore=0.78;rscore=-0.79;uscore=0.83;tscore=-1.34;"
     CDS             complement(343..738)
                     /note="ID=69_2;partial=00;start_type=ATG;rbs_motif=None;rbs_spacer=None;gc_cont=0.705;conf=99.68;score=24.99;cscore=24.89;sscore=0.10;rscore=-0.79;uscore=-1.33;tscore=2.87;"
     CDS             783..1844
                     /note="ID=69_3;partial=00;start_type=GTG;rbs_motif=None;rbs_spacer=None;gc_cont=0.732;conf=100.00;score=139.55;cscore=139.29;sscore=0.26;rscore=-0.79;uscore=2.38;tscore=-1.34;"
     CDS             1851..2897
                     /note="ID=69_4;partial=00;start_type=ATG;rbs_motif=AGG;rbs_spacer=5bp;gc_cont=0.719;conf=100.00;score=173.43;cscore=162.04;sscore=11.39;rscore=5.04;uscore=2.27;tscore=2.87;"
     CDS             complement(2876..>3739)
                     /note="ID=69_5;partial=01;start_type=Edge;rbs_motif=None;rbs_spacer=None;gc_cont=0.697;conf=100.00;score=149.68;cscore=146.46;sscore=3.22;rscore=0.00;uscore=0.00;tscore=3.22;"
//
DEFINITION  seqnum=70;seqlen=2572;seqhdr="k141_307436";version=Prodigal.v2.6.3;run_type=Single;model="Ab initio";gc_cont=69.04;transl_table=11;uses_sd=0
FEATURES             Location/Qualifiers
     CDS             <1..117
                     /note="ID=70_1;partial=10;start_type=Edge;rbs_motif=None;rbs_spacer=None;gc_cont=0.675;conf=59.16;score=1.61;cscore=-1.11;sscore=2.72;rscore=0.00;uscore=3.22;tscore=0.00;"
     CDS             complement(171..2447)
                     /note="ID=70_2;partial=00;start_type=ATG;rbs_motif=None;rbs_spacer=None;gc_cont=0.694;conf=99.99;score=268.68;cscore=270.23;sscore=-1.56;rscore=-0.79;uscore=-3.64;tscore=2.87;"
//
DEFINITION  seqnum=71;seqlen=2746;seqhdr="k141_335945";version=Prodigal.v2.6.3;run_type=Single;model="Ab initio";gc_cont=69.04;transl_table=11;uses_sd=0
FEATURES             Location/Qualifiers
     CDS             <2..490
                     /note="ID=71_1;partial=10;start_type=Edge;rbs_motif=None;rbs_spacer=None;gc_cont=0.652;conf=100.00;score=97.53;cscore=94.31;sscore=3.22;rscore=0.00;uscore=0.00;tscore=3.22;"
     CDS             499..918
                     /note="ID=71_2;partial=00;start_type=GTG;rbs_motif=AGG;rbs_spacer=7bp;gc_cont=0.705;conf=100.00;score=77.89;cscore=74.79;sscore=3.10;rscore=5.04;uscore=-1.79;tscore=-1.34;"
     CDS             923..1960
                     /note="ID=71_3;partial=00;start_type=ATG;rbs_motif=None;rbs_spacer=None;gc_cont=0.717;conf=99.99;score=194.21;cscore=190.06;sscore=4.15;rscore=-0.79;uscore=0.84;tscore=2.87;"
     CDS             1957..2370
                     /note="ID=71_4;partial=00;start_type=GTG;rbs_motif=None;rbs_spacer=None;gc_cont=0.725;conf=100.00;score=52.78;cscore=49.90;sscore=2.89;rscore=-0.79;uscore=2.94;tscore=-1.34;"
     CDS             2367..>2744
                     /note="ID=71_5;partial=01;start_type=ATG;rbs_motif=None;rbs_spacer=None;gc_cont=0.738;conf=100.00;score=62.20;cscore=58.04;sscore=4.16;rscore=-0.79;uscore=-1.03;tscore=2.87;"
//
DEFINITION  seqnum=72;seqlen=2710;seqhdr="k141_421003";version=Prodigal.v2.6.3;run_type=Single;model="Ab initio";gc_cont=69.04;transl_table=11;uses_sd=0
FEATURES             Location/Qualifiers
     CDS             <1..1923
                     /note="ID=72_1;partial=10;start_type=Edge;rbs_motif=None;rbs_spacer=None;gc_cont=0.717;conf=99.99;score=280.29;cscore=277.07;sscore=3.22;rscore=0.00;uscore=3.22;tscore=0.00;"
     CDS             1927..2277
                     /note="ID=72_2;partial=00;start_type=GTG;rbs_motif=None;rbs_spacer=None;gc_cont=0.689;conf=100.00;score=61.54;cscore=61.76;sscore=-0.22;rscore=-0.79;uscore=0.67;tscore=-1.34;"
     CDS             2474..>2710
                     /note="ID=72_3;partial=01;start_type=ATG;rbs_motif=AGG;rbs_spacer=10bp;gc_cont=0.700;conf=99.98;score=37.18;cscore=32.18;sscore=5.00;rscore=5.04;uscore=-2.26;tscore=2.87;"
//
DEFINITION  seqnum=73;seqlen=2649;seqhdr="k141_450241";version=Prodigal.v2.6.3;run_type=Single;model="Ab initio";gc_cont=69.04;transl_table=11;uses_sd=0
FEATURES             Location/Qualifiers
     CDS             complement(510..839)
                     /note="ID=73_1;partial=00;start_type=GTG;rbs_motif=AGG;rbs_spacer=10bp;gc_cont=0.685;conf=99.99;score=41.26;cscore=37.81;sscore=3.45;rscore=5.04;uscore=-1.45;tscore=-1.34;"
     CDS             complement(847..1350)
                     /note="ID=73_2;partial=00;start_type=GTG;rbs_motif=AGG;rbs_spacer=5bp;gc_cont=0.665;conf=100.00;score=72.87;cscore=66.40;sscore=6.47;rscore=5.04;uscore=1.73;tscore=-1.34;"
     CDS             complement(1372..1866)
                     /note="ID=73_3;partial=00;start_type=ATG;rbs_motif=AGG;rbs_spacer=7bp;gc_cont=0.657;conf=100.00;score=99.19;cscore=92.68;sscore=6.52;rscore=5.04;uscore=-0.74;tscore=2.87;"
     CDS             1960..2460
                     /note="ID=73_4;partial=00;start_type=GTG;rbs_motif=None;rbs_spacer=None;gc_cont=0.725;conf=100.00;score=60.14;cscore=59.91;sscore=0.22;rscore=-0.79;uscore=2.35;tscore=-1.34;"
     CDS             2457..>2648
                     /note="ID=73_5;partial=01;start_type=GTG;rbs_motif=None;rbs_spacer=None;gc_cont=0.688;conf=99.82;score=27.42;cscore=27.47;sscore=-0.05;rscore=-0.79;uscore=-4.20;tscore=-1.34;"
//
DEFINITION  seqnum=74;seqlen=3029;seqhdr="k141_26500";version=Prodigal.v2.6.3;run_type=Single;model="Ab initio";gc_cont=69.04;transl_table=11;uses_sd=0
FEATURES             Location/Qualifiers
     CDS             complement(<3..1313)
                     /note="ID=74_1;partial=10;start_type=ATG;rbs_motif=None;rbs_spacer=None;gc_cont=0.723;conf=100.00;score=177.66;cscore=176.12;sscore=1.54;rscore=-0.79;uscore=-0.54;tscore=2.87;"
     CDS             complement(1389..2561)
                     /note="ID=74_2;partial=00;start_type=ATG;rbs_motif=None;rbs_spacer=None;gc_cont=0.696;conf=99.99;score=215.01;cscore=214.46;sscore=0.56;rscore=-0.79;uscore=-2.28;tscore=2.87;"
     CDS             complement(2610..>3029)
                     /note="ID=74_3;partial=01;start_type=Edge;rbs_motif=None;rbs_spacer=None;gc_cont=0.729;conf=100.00;score=49.91;cscore=46.69;sscore=3.22;rscore=0.00;uscore=3.22;tscore=0.00;"
//
DEFINITION  seqnum=75;seqlen=3322;seqhdr="k141_55440";version=Prodigal.v2.6.3;run_type=Single;model="Ab initio";gc_cont=69.04;transl_table=11;uses_sd=0
FEATURES             Location/Qualifiers
     CDS             complement(<3..101)
                     /note="ID=75_1;partial=10;start_type=GTG;rbs_motif=AGG;rbs_spacer=9bp;gc_cont=0.667;conf=86.23;score=7.98;cscore=6.15;sscore=1.83;rscore=5.04;uscore=-3.11;tscore=-1.34;"
     CDS             complement(94..393)
                     /note="ID=75_2;partial=00;start_type=ATG;rbs_motif=None;rbs_spacer=None;gc_cont=0.677;conf=98.67;score=18.75;cscore=15.27;sscore=3.48;rscore=-0.79;uscore=2.05;tscore=2.87;"
     CDS             521..667
                     /note="ID=75_3;partial=00;start_type=GTG;rbs_motif=AGG;rbs_spacer=7bp;gc_cont=0.701;conf=96.46;score=14.38;cscore=13.34;sscore=1.04;rscore=2.90;uscore=0.47;tscore=-2.33;"
     CDS             667..2031
                     /note="ID=75_4;partial=00;start_type=ATG;rbs_motif=None;rbs_spacer=None;gc_cont=0.685;conf=97.58;score=16.08;cscore=11.83;sscore=4.25;rscore=-0.79;uscore=0.10;tscore=2.87;"
     CDS             2028..2237
                     /note="ID=75_5;partial=00;start_type=ATG;rbs_motif=None;rbs_spacer=None;gc_cont=0.648;conf=90.66;score=9.89;cscore=6.22;sscore=3.67;rscore=-0.95;uscore=-0.95;tscore=2.37;"
     CDS             2269..>3321
                     /note="ID=75_6;partial=01;start_type=ATG;rbs_motif=None;rbs_spacer=None;gc_cont=0.649;conf=100.00;score=67.51;cscore=66.58;sscore=0.93;rscore=-0.79;uscore=-2.08;tscore=2.87;"
//
DEFINITION  seqnum=76;seqlen=2777;seqhdr="k141_339048";version=Prodigal.v2.6.3;run_type=Single;model="Ab initio";gc_cont=69.04;transl_table=11;uses_sd=0
FEATURES             Location/Qualifiers
     CDS             complement(<2..667)
                     /note="ID=76_1;partial=10;start_type=ATG;rbs_motif=None;rbs_spacer=None;gc_cont=0.689;conf=100.00;score=136.50;cscore=133.34;sscore=3.17;rscore=-0.79;uscore=1.74;tscore=2.87;"
     CDS             704..1372
                     /note="ID=76_2;partial=00;start_type=GTG;rbs_motif=None;rbs_spacer=None;gc_cont=0.700;conf=100.00;score=95.64;cscore=98.80;sscore=-3.15;rscore=-0.79;uscore=-1.02;tscore=-1.34;"
     CDS             1421..1912
                     /note="ID=76_3;partial=00;start_type=ATG;rbs_motif=AGG;rbs_spacer=8bp;gc_cont=0.681;conf=100.00;score=103.62;cscore=95.67;sscore=7.95;rscore=5.04;uscore=-0.71;tscore=2.87;"
     CDS             complement(1896..>2777)
                     /note="ID=76_4;partial=01;start_type=Edge;rbs_motif=None;rbs_spacer=None;gc_cont=0.714;conf=100.00;score=95.60;cscore=92.38;sscore=3.22;rscore=0.00;uscore=0.00;tscore=3.22;"
//
DEFINITION  seqnum=77;seqlen=3202;seqhdr="k141_226452";version=Prodigal.v2.6.3;run_type=Single;model="Ab initio";gc_cont=69.04;transl_table=11;uses_sd=0
FEATURES             Location/Qualifiers
     CDS             <3..266
                     /note="ID=77_1;partial=10;start_type=Edge;rbs_motif=None;rbs_spacer=None;gc_cont=0.758;conf=98.76;score=19.03;cscore=15.81;sscore=3.22;rscore=0.00;uscore=0.00;tscore=3.22;"
     CDS             571..2094
                     /note="ID=77_2;partial=00;start_type=ATG;rbs_motif=AGG;rbs_spacer=6bp;gc_cont=0.686;conf=99.99;score=354.82;cscore=348.85;sscore=5.96;rscore=5.04;uscore=-1.29;tscore=2.87;"
     CDS             2101..2523
                     /note="ID=77_3;partial=00;start_type=ATG;rbs_motif=None;rbs_spacer=None;gc_cont=0.721;conf=100.00;score=83.66;cscore=79.78;sscore=3.88;rscore=-0.79;uscore=0.59;tscore=2.87;"
     CDS             2553..>3200
                     /note="ID=77_4;partial=01;start_type=ATG;rbs_motif=None;rbs_spacer=None;gc_cont=0.728;conf=100.00;score=107.58;cscore=104.57;sscore=3.01;rscore=-0.79;uscore=-0.03;tscore=2.87;"
//
